#***************************************************************************

#sjplacer

#Version:            1.1

#Build Date:         Apr 29 2016 09:00:55

#File Generated:     Nov 25 2016 17:06:21

#Purpose:            

#Copyright (C) 2010-2011 by Softjin Technologies Pvt Ltd. All rights reserved.

#***************************************************************************

Executing : C:\Program Files (x86)\Cypress\PSoC Creator\4.0\PSoC Creator\bin/sjplacer.exe --proj-name ADC_SAR_PrISM01 --netlist-vh2 ADC_SAR_PrISM01_p.vh2 --arch-file C:\Program Files (x86)\Cypress\PSoC Creator\4.0\PSoC Creator\dev/arch/p35_udb4x6.ark --rrg-file C:\Program Files (x86)\Cypress\PSoC Creator\4.0\PSoC Creator\dev/psoc5/psoc5lp/route_arch-rrg.cydata --irq-file C:\Program Files (x86)\Cypress\PSoC Creator\4.0\PSoC Creator\dev/psoc5/psoc5lp/irqconn.cydata --drq-file C:\Program Files (x86)\Cypress\PSoC Creator\4.0\PSoC Creator\dev/psoc5/psoc5lp/dmaconn.cydata --dsi-conn-file C:\Program Files (x86)\Cypress\PSoC Creator\4.0\PSoC Creator\dev/psoc5/psoc5lp/dsiconn.cydata --pins-file pins_68-QFN.xml --lib-file ADC_SAR_PrISM01_p.lib --sdc-file ADC_SAR_PrISM01.sdc --io-pcf ADC_SAR_PrISM01.pci --outdir .

		Softjin Techologies Placer, Version 1.1

Build Date : Apr 29 2016	08:58:44

D2004: Option and Settings Summary
=============================================================
Netlist vh2 file          - ADC_SAR_PrISM01_p.vh2
Architecture file         - C:\Program Files (x86)\Cypress\PSoC Creator\4.0\PSoC Creator\dev/arch/p35_udb4x6.ark
Package                   - 
Defparam file             - 
SDC file                  - ADC_SAR_PrISM01.sdc
Output directory          - .
Timing library            - ADC_SAR_PrISM01_p.lib
IO Placement file         - ADC_SAR_PrISM01.pci

D2050: Starting reading inputs for placer
=============================================================
D2065: Reading netlist file : "ADC_SAR_PrISM01_p.vh2"
D2065: Reading arch file : "C:\Program Files (x86)\Cypress\PSoC Creator\4.0\PSoC Creator\dev/arch/p35_udb4x6.ark"
D2051: Reading of inputs for placer completed successfully

D2053: Starting placement of the design
=============================================================

Phase 2
Phase 3

Design Statistics after Packing
    Number of Combinational MCs 	:	1
    Number of Sequential MCs    	:	2
    Number of DPs               	:	2
    Number of Controls          	:	1
    Number of Status            	:	0
    Number of SyncCells         	:	0
    Number of count7cells       	:	0

Device Utilization Summary after Packing
    Macrocells                  :	3/192
    UDBS                        :	3/24
    IOs                         :	10/72


D2088: Phase 3, elapsed time : 0.0 (sec)

Phase 4
D2088: Phase 4, elapsed time : 0.0 (sec)

Phase 5
D2088: Phase 5, elapsed time : 0.0 (sec)

Phase 6

######################################################################
Placement Timing Summary

The timing summary is based on estimated routing delays after
placement. For final timing report, please carry out the timing
analysis after routing.
======================================================================

######################################################################
                     Clock Summary 
======================================================================
Number of clocks: 10
Clock: ADC_SAR_1_theACLK    | Frequency: N/A       | Target:  13.3 MHz
Clock: ADC_SAR_1_theACLK(routed) | Frequency: N/A       | Target:  13.3 MHz
Clock: ADC_SAR_2_theACLK    | Frequency: N/A       | Target:   1.1 MHz
Clock: ADC_SAR_2_theACLK(routed) | Frequency: N/A       | Target:   1.1 MHz
Clock: Clock                | Frequency:  98.8 MHz | Target:   1.0 MHz
Clock: CyBUS_CLK            | Frequency: N/A       | Target:  53.0 MHz
Clock: CyILO                | Frequency: N/A       | Target:   0.0 MHz
Clock: CyIMO                | Frequency: N/A       | Target:   3.0 MHz
Clock: CyMASTER_CLK         | Frequency: N/A       | Target:  53.0 MHz
Clock: CyPLL_OUT            | Frequency: N/A       | Target:  53.0 MHz

======================================================================
                     End of Clock Summary
######################################################################

D2088: Phase 6, elapsed time : 0.0 (sec)

Phase 7
######################################################################
                     Clock Summary 
======================================================================
Number of clocks: 10
Clock: ADC_SAR_1_theACLK    | Frequency: N/A       | Target:  13.3 MHz
Clock: ADC_SAR_1_theACLK(routed) | Frequency: N/A       | Target:  13.3 MHz
Clock: ADC_SAR_2_theACLK    | Frequency: N/A       | Target:   1.1 MHz
Clock: ADC_SAR_2_theACLK(routed) | Frequency: N/A       | Target:   1.1 MHz
Clock: Clock                | Frequency:  98.8 MHz | Target:   1.0 MHz
Clock: CyBUS_CLK            | Frequency: N/A       | Target:  53.0 MHz
Clock: CyILO                | Frequency: N/A       | Target:   0.0 MHz
Clock: CyIMO                | Frequency: N/A       | Target:   3.0 MHz
Clock: CyMASTER_CLK         | Frequency: N/A       | Target:  53.0 MHz
Clock: CyPLL_OUT            | Frequency: N/A       | Target:  53.0 MHz

======================================================================
                     End of Clock Summary
######################################################################
D2088: Phase 7, elapsed time : 0.0 (sec)

Final Design Statistics
    Number of Combinational MCs 	:	1
    Number of Sequential MCs    	:	2
    Number of DPs               	:	2
    Number of Controls          	:	1
    Number of Status            	:	0
    Number of SyncCells         	:	0
    Number of count7cells       	:	0
    Number of IOs       	:	10

Device Utilization Summary
    Macrocells                  :	3/192
    IOs                         :	10/72



######################################################################
Placement Timing Summary

The timing summary is based on estimated routing delays after
placement. For final timing report, please carry out the timing
analysis after routing.
======================================================================


######################################################################
                     Clock Summary 
======================================================================
Number of clocks: 10
Clock: ADC_SAR_1_theACLK    | Frequency: N/A       | Target:  13.3 MHz
Clock: ADC_SAR_1_theACLK(routed) | Frequency: N/A       | Target:  13.3 MHz
Clock: ADC_SAR_2_theACLK    | Frequency: N/A       | Target:   1.1 MHz
Clock: ADC_SAR_2_theACLK(routed) | Frequency: N/A       | Target:   1.1 MHz
Clock: Clock                | Frequency:  98.8 MHz | Target:   1.1 MHz
Clock: CyBUS_CLK            | Frequency: N/A       | Target:  53.0 MHz
Clock: CyILO                | Frequency: N/A       | Target:   0.0 MHz
Clock: CyIMO                | Frequency: N/A       | Target:   3.0 MHz
Clock: CyMASTER_CLK         | Frequency: N/A       | Target:  53.0 MHz
Clock: CyPLL_OUT            | Frequency: N/A       | Target:  53.0 MHz

======================================================================
                     End of Clock Summary
######################################################################

Phase 8
D2088: Phase 8, elapsed time : 0.0 (sec)

D2054: Placement of the design completed successfully

I2076: Total run-time: 0.7 sec.

