--------------- Build Started: 11/16/2016 12:46:09 Project: Volume_Control, Configuration: ARM GCC 4.9-2015-q1-update Debug ---------------
cydsfit.exe -.appdatapath "C:\Users\Lukas Creutzburg\AppData\Local\Cypress Semiconductor\PSoC Creator\4.0" -.fdsnotice -.fdswarpdepfile=warp_dependencies.txt -.fdselabdepfile=elab_dependencies.txt -.fdsbldfile=generated_files.txt -.fdsreffile=referenced_files.txt -p "C:\Users\Lukas Creutzburg\Documents\GitHub\freeDSP_6CHamp\PSoC Workspace\Volume_Control.cydsn\Volume_Control.cyprj" -d CY8C5888LTI-LP097 -s "C:\Users\Lukas Creutzburg\Documents\GitHub\freeDSP_6CHamp\PSoC Workspace\Volume_Control.cydsn\Generated_Source\PSoC5" -- -yv2 -q10 -ygs -o2 -v3 -.fftcfgtype=LE
Elaborating Design...
HDL Generation...
Synthesis...
Tech Mapping...
Analog Placement...
Analog Routing...
Analog Code Generation...
Digital Placement...
Digital Routing...
Bitstream Generation...
Bitstream Verification...
Static timing analysis...
API Generation...
Dependency Generation...
Cleanup...
arm-none-eabi-gcc.exe -mcpu=cortex-m3 -mthumb -I. -IGenerated_Source\PSoC5 -Wa,-alh=.\ARM_GCC_493\Debug/main.lst -g -Wall -ffunction-sections -O0 -ffat-lto-objects -c main.c -o .\ARM_GCC_493\Debug\main.o
main.c: In function 'main':
main.c:89:11: warning: variable 'voltageMv' set but not used [-Wunused-but-set-variable]
     int16 voltageMv;
           ^
arm-none-eabi-gcc.exe -mcpu=cortex-m3 -mthumb -I. -IGenerated_Source\PSoC5 -Wa,-alh=.\ARM_GCC_493\Debug/cyfitter_cfg.lst -g -Wall -ffunction-sections -O0 -ffat-lto-objects -c Generated_Source\PSoC5\cyfitter_cfg.c -o .\ARM_GCC_493\Debug\cyfitter_cfg.o
arm-none-eabi-gcc.exe -mcpu=cortex-m3 -mthumb -I. -IGenerated_Source\PSoC5 -Wa,-alh=.\ARM_GCC_493\Debug/cymetadata.lst -g -Wall -ffunction-sections -O0 -ffat-lto-objects -c Generated_Source\PSoC5\cymetadata.c -o .\ARM_GCC_493\Debug\cymetadata.o
arm-none-eabi-gcc.exe -mcpu=cortex-m3 -mthumb -I. -IGenerated_Source\PSoC5 -Wa,-alh=.\ARM_GCC_493\Debug/ADC_Timer.lst -g -Wall -ffunction-sections -O0 -ffat-lto-objects -c Generated_Source\PSoC5\ADC_Timer.c -o .\ARM_GCC_493\Debug\ADC_Timer.o
arm-none-eabi-gcc.exe -mcpu=cortex-m3 -mthumb -I. -IGenerated_Source\PSoC5 -Wa,-alh=.\ARM_GCC_493\Debug/ADC_Timer_PM.lst -g -Wall -ffunction-sections -O0 -ffat-lto-objects -c Generated_Source\PSoC5\ADC_Timer_PM.c -o .\ARM_GCC_493\Debug\ADC_Timer_PM.o
arm-none-eabi-gcc.exe -mcpu=cortex-m3 -mthumb -I. -IGenerated_Source\PSoC5 -Wa,-alh=.\ARM_GCC_493\Debug/ADC_Clock.lst -g -Wall -ffunction-sections -O0 -ffat-lto-objects -c Generated_Source\PSoC5\ADC_Clock.c -o .\ARM_GCC_493\Debug\ADC_Clock.o
arm-none-eabi-gcc.exe -mcpu=cortex-m3 -mthumb -I. -IGenerated_Source\PSoC5 -Wa,-alh=.\ARM_GCC_493\Debug/Volume_ADC.lst -g -Wall -ffunction-sections -O0 -ffat-lto-objects -c Generated_Source\PSoC5\Volume_ADC.c -o .\ARM_GCC_493\Debug\Volume_ADC.o
arm-none-eabi-gcc.exe -mcpu=cortex-m3 -mthumb -I. -IGenerated_Source\PSoC5 -Wa,-alh=.\ARM_GCC_493\Debug/Volume_ADC_PM.lst -g -Wall -ffunction-sections -O0 -ffat-lto-objects -c Generated_Source\PSoC5\Volume_ADC_PM.c -o .\ARM_GCC_493\Debug\Volume_ADC_PM.o
arm-none-eabi-gcc.exe -mcpu=cortex-m3 -mthumb -I. -IGenerated_Source\PSoC5 -Wa,-alh=.\ARM_GCC_493\Debug/Volume_ADC_INT.lst -g -Wall -ffunction-sections -O0 -ffat-lto-objects -c Generated_Source\PSoC5\Volume_ADC_INT.c -o .\ARM_GCC_493\Debug\Volume_ADC_INT.o
arm-none-eabi-gcc.exe -mcpu=cortex-m3 -mthumb -I. -IGenerated_Source\PSoC5 -Wa,-alh=.\ARM_GCC_493\Debug/Volume_Messung1.lst -g -Wall -ffunction-sections -O0 -ffat-lto-objects -c Generated_Source\PSoC5\Volume_Messung1.c -o .\ARM_GCC_493\Debug\Volume_Messung1.o
arm-none-eabi-gcc.exe -mcpu=cortex-m3 -mthumb -I. -IGenerated_Source\PSoC5 -Wa,-alh=.\ARM_GCC_493\Debug/Volume_Control.lst -g -Wall -ffunction-sections -O0 -ffat-lto-objects -c Generated_Source\PSoC5\Volume_Control.c -o .\ARM_GCC_493\Debug\Volume_Control.o
arm-none-eabi-gcc.exe -mcpu=cortex-m3 -mthumb -I. -IGenerated_Source\PSoC5 -Wa,-alh=.\ARM_GCC_493\Debug/Volume_Control_PM.lst -g -Wall -ffunction-sections -O0 -ffat-lto-objects -c Generated_Source\PSoC5\Volume_Control_PM.c -o .\ARM_GCC_493\Debug\Volume_Control_PM.o
arm-none-eabi-gcc.exe -mcpu=cortex-m3 -mthumb -I. -IGenerated_Source\PSoC5 -Wa,-alh=.\ARM_GCC_493\Debug/Volume_1.lst -g -Wall -ffunction-sections -O0 -ffat-lto-objects -c Generated_Source\PSoC5\Volume_1.c -o .\ARM_GCC_493\Debug\Volume_1.o
arm-none-eabi-gcc.exe -mcpu=cortex-m3 -mthumb -I. -IGenerated_Source\PSoC5 -Wa,-alh=.\ARM_GCC_493\Debug/Volume_0.lst -g -Wall -ffunction-sections -O0 -ffat-lto-objects -c Generated_Source\PSoC5\Volume_0.c -o .\ARM_GCC_493\Debug\Volume_0.o
arm-none-eabi-gcc.exe -mcpu=cortex-m3 -mthumb -I. -IGenerated_Source\PSoC5 -Wa,-alh=.\ARM_GCC_493\Debug/Volume_Messung2.lst -g -Wall -ffunction-sections -O0 -ffat-lto-objects -c Generated_Source\PSoC5\Volume_Messung2.c -o .\ARM_GCC_493\Debug\Volume_Messung2.o
arm-none-eabi-gcc.exe -mcpu=cortex-m3 -mthumb -I. -IGenerated_Source\PSoC5 -Wa,-alh=.\ARM_GCC_493\Debug/Volume_ADC_Ext_CP_Clk.lst -g -Wall -ffunction-sections -O0 -ffat-lto-objects -c Generated_Source\PSoC5\Volume_ADC_Ext_CP_Clk.c -o .\ARM_GCC_493\Debug\Volume_ADC_Ext_CP_Clk.o
arm-none-eabi-gcc.exe -mcpu=cortex-m3 -mthumb -I. -IGenerated_Source\PSoC5 -Wa,-alh=.\ARM_GCC_493\Debug/Volume_ADC_IRQ.lst -g -Wall -ffunction-sections -O0 -ffat-lto-objects -c Generated_Source\PSoC5\Volume_ADC_IRQ.c -o .\ARM_GCC_493\Debug\Volume_ADC_IRQ.o
arm-none-eabi-gcc.exe -mcpu=cortex-m3 -mthumb -I. -IGenerated_Source\PSoC5 -Wa,-alh=.\ARM_GCC_493\Debug/Volume_ADC_theACLK.lst -g -Wall -ffunction-sections -O0 -ffat-lto-objects -c Generated_Source\PSoC5\Volume_ADC_theACLK.c -o .\ARM_GCC_493\Debug\Volume_ADC_theACLK.o
arm-none-eabi-gcc.exe -mcpu=cortex-m3 -mthumb -I. -IGenerated_Source\PSoC5 -Wa,-alh=.\ARM_GCC_493\Debug/Cm3Start.lst -g -Wall -ffunction-sections -O0 -ffat-lto-objects -c Generated_Source\PSoC5\Cm3Start.c -o .\ARM_GCC_493\Debug\Cm3Start.o
arm-none-eabi-gcc.exe -mcpu=cortex-m3 -mthumb -I. -IGenerated_Source\PSoC5 -Wa,-alh=.\ARM_GCC_493\Debug/CyDmac.lst -g -Wall -ffunction-sections -O0 -ffat-lto-objects -c Generated_Source\PSoC5\CyDmac.c -o .\ARM_GCC_493\Debug\CyDmac.o
arm-none-eabi-gcc.exe -mcpu=cortex-m3 -mthumb -I. -IGenerated_Source\PSoC5 -Wa,-alh=.\ARM_GCC_493\Debug/CyFlash.lst -g -Wall -ffunction-sections -O0 -ffat-lto-objects -c Generated_Source\PSoC5\CyFlash.c -o .\ARM_GCC_493\Debug\CyFlash.o
arm-none-eabi-gcc.exe -mcpu=cortex-m3 -mthumb -I. -IGenerated_Source\PSoC5 -Wa,-alh=.\ARM_GCC_493\Debug/CyLib.lst -g -Wall -ffunction-sections -O0 -ffat-lto-objects -c Generated_Source\PSoC5\CyLib.c -o .\ARM_GCC_493\Debug\CyLib.o
arm-none-eabi-gcc.exe -mcpu=cortex-m3 -mthumb -I. -IGenerated_Source\PSoC5 -Wa,-alh=.\ARM_GCC_493\Debug/cyPm.lst -g -Wall -ffunction-sections -O0 -ffat-lto-objects -c Generated_Source\PSoC5\cyPm.c -o .\ARM_GCC_493\Debug\cyPm.o
arm-none-eabi-gcc.exe -mcpu=cortex-m3 -mthumb -I. -IGenerated_Source\PSoC5 -Wa,-alh=.\ARM_GCC_493\Debug/CySpc.lst -g -Wall -ffunction-sections -O0 -ffat-lto-objects -c Generated_Source\PSoC5\CySpc.c -o .\ARM_GCC_493\Debug\CySpc.o
arm-none-eabi-gcc.exe -mcpu=cortex-m3 -mthumb -I. -IGenerated_Source\PSoC5 -Wa,-alh=.\ARM_GCC_493\Debug/cyutils.lst -g -Wall -ffunction-sections -O0 -ffat-lto-objects -c Generated_Source\PSoC5\cyutils.c -o .\ARM_GCC_493\Debug\cyutils.o
arm-none-eabi-as.exe -mcpu=cortex-m3 -mthumb -I. -IGenerated_Source\PSoC5 -alh=.\ARM_GCC_493\Debug/CyBootAsmGnu.lst -g -o .\ARM_GCC_493\Debug\CyBootAsmGnu.o Generated_Source\PSoC5\CyBootAsmGnu.s
arm-none-eabi-ar.exe -rs .\ARM_GCC_493\Debug\Volume_Control.a .\ARM_GCC_493\Debug\cyfitter_cfg.o .\ARM_GCC_493\Debug\ADC_Timer.o .\ARM_GCC_493\Debug\ADC_Timer_PM.o .\ARM_GCC_493\Debug\ADC_Clock.o .\ARM_GCC_493\Debug\Volume_ADC.o .\ARM_GCC_493\Debug\Volume_ADC_PM.o .\ARM_GCC_493\Debug\Volume_ADC_INT.o .\ARM_GCC_493\Debug\Volume_Messung1.o .\ARM_GCC_493\Debug\Volume_Control.o .\ARM_GCC_493\Debug\Volume_Control_PM.o .\ARM_GCC_493\Debug\Volume_1.o .\ARM_GCC_493\Debug\Volume_0.o .\ARM_GCC_493\Debug\Volume_Messung2.o .\ARM_GCC_493\Debug\Volume_ADC_Ext_CP_Clk.o .\ARM_GCC_493\Debug\Volume_ADC_IRQ.o .\ARM_GCC_493\Debug\Volume_ADC_theACLK.o .\ARM_GCC_493\Debug\CyDmac.o .\ARM_GCC_493\Debug\CyFlash.o .\ARM_GCC_493\Debug\CyLib.o .\ARM_GCC_493\Debug\cyPm.o .\ARM_GCC_493\Debug\CySpc.o .\ARM_GCC_493\Debug\cyutils.o .\ARM_GCC_493\Debug\CyBootAsmGnu.o
arm-none-eabi-ar.exe: creating .\ARM_GCC_493\Debug\Volume_Control.a
arm-none-eabi-gcc.exe -Wl,--start-group -o .\ARM_GCC_493\Debug\Volume_Control.elf .\ARM_GCC_493\Debug\main.o .\ARM_GCC_493\Debug\cymetadata.o .\ARM_GCC_493\Debug\Cm3Start.o .\ARM_GCC_493\Debug\Volume_Control.a "C:\Program Files (x86)\Cypress\PSoC Creator\4.0\PSoC Creator\psoc\content\cycomponentlibrary\CyComponentLibrary.cylib\CortexM3\ARM_GCC_493\Debug\CyComponentLibrary.a" -mcpu=cortex-m3 -mthumb -g -ffunction-sections -O0 -ffat-lto-objects -L Generated_Source\PSoC5 -Wl,-Map,.\ARM_GCC_493\Debug/Volume_Control.map -T "C:\Users\Lukas Creutzburg\Documents\GitHub\freeDSP_6CHamp\PSoC Workspace\Volume_Control.cydsn\Generated_Source\PSoC5\cm3gcc.ld" -specs=nano.specs -Wl,--gc-sections -Wl,--end-group
cyelftool.exe -C "C:\Users\Lukas Creutzburg\Documents\GitHub\freeDSP_6CHamp\PSoC Workspace\Volume_Control.cydsn\ARM_GCC_493\Debug\Volume_Control.elf" --flash_row_size 256 --flash_size 262144
cyelftool.exe -S "C:\Users\Lukas Creutzburg\Documents\GitHub\freeDSP_6CHamp\PSoC Workspace\Volume_Control.cydsn\ARM_GCC_493\Debug\Volume_Control.elf"
Flash used: 5662 of 262144 bytes (2,2 %).
SRAM used: 2653 of 65536 bytes (4,0 %). Stack: 2048 bytes. Heap: 128 bytes.
--------------- Build Succeeded: 11/16/2016 12:46:31 ---------------
