#***************************************************************************

#sjplacer

#Version:            1.1

#Build Date:         Apr 25 2016 12:55:34

#File Generated:     Jul 10 2016 11:01:01

#Purpose:            

#Copyright (C) 2010-2011 by Softjin Technologies Pvt Ltd. All rights reserved.

#***************************************************************************

Executing : C:\Program Files (x86)\Cypress\PSoC Creator\3.3\PSoC Creator\bin/sjplacer.exe --proj-name Volume_Control --netlist-vh2 Volume_Control_p.vh2 --arch-file C:\Program Files (x86)\Cypress\PSoC Creator\3.3\PSoC Creator\dev/arch/p35_udb4x6.ark --rrg-file C:\Program Files (x86)\Cypress\PSoC Creator\3.3\PSoC Creator\dev/psoc5/psoc5lp/route_arch-rrg.cydata --irq-file C:\Program Files (x86)\Cypress\PSoC Creator\3.3\PSoC Creator\dev/psoc5/psoc5lp/irqconn.cydata --drq-file C:\Program Files (x86)\Cypress\PSoC Creator\3.3\PSoC Creator\dev/psoc5/psoc5lp/dmaconn.cydata --dsi-conn-file C:\Program Files (x86)\Cypress\PSoC Creator\3.3\PSoC Creator\dev/psoc5/psoc5lp/dsiconn.cydata --pins-file pins_68-QFN.xml --lib-file Volume_Control_p.lib --sdc-file Volume_Control.sdc --io-pcf Volume_Control.pci --outdir .

		Softjin Techologies Placer, Version 1.1

Build Date : Apr 25 2016	12:53:53

D2004: Option and Settings Summary
=============================================================
Netlist vh2 file          - Volume_Control_p.vh2
Architecture file         - C:\Program Files (x86)\Cypress\PSoC Creator\3.3\PSoC Creator\dev/arch/p35_udb4x6.ark
Package                   - 
Defparam file             - 
SDC file                  - Volume_Control.sdc
Output directory          - .
Timing library            - Volume_Control_p.lib
IO Placement file         - Volume_Control.pci

D2050: Starting reading inputs for placer
=============================================================
D2065: Reading netlist file : "Volume_Control_p.vh2"
D2065: Reading arch file : "C:\Program Files (x86)\Cypress\PSoC Creator\3.3\PSoC Creator\dev/arch/p35_udb4x6.ark"
D2051: Reading of inputs for placer completed successfully

D2053: Starting placement of the design
=============================================================

Phase 2
Phase 3

Design Statistics after Packing
    Number of Combinational MCs 	:	1
    Number of Sequential MCs    	:	1
    Number of DPs               	:	1
    Number of Controls          	:	2
    Number of Status            	:	1
    Number of SyncCells         	:	0
    Number of count7cells       	:	0

Device Utilization Summary after Packing
    Macrocells                  :	2/192
    UDBS                        :	2/24
    IOs                         :	4/72


D2088: Phase 3, elapsed time : 0.0 (sec)

Phase 4
D2088: Phase 4, elapsed time : 0.0 (sec)

Phase 5
D2088: Phase 5, elapsed time : 0.0 (sec)

Phase 6

######################################################################
Placement Timing Summary

The timing summary is based on estimated routing delays after
placement. For final timing report, please carry out the timing
analysis after routing.
======================================================================

######################################################################
                     Clock Summary 
======================================================================
Number of clocks: 11
Clock: ADC_Clock            | Frequency:  85.3 MHz | Target:   0.0 MHz
Clock: CyBUS_CLK            | Frequency: N/A       | Target:  24.0 MHz
Clock: CyILO                | Frequency: N/A       | Target:   0.0 MHz
Clock: CyIMO                | Frequency: N/A       | Target:   3.0 MHz
Clock: CyMASTER_CLK         | Frequency: N/A       | Target:  24.0 MHz
Clock: CyPLL_OUT            | Frequency: N/A       | Target:  24.0 MHz
Clock: Volume_ADC_Ext_CP_Clk | Frequency: N/A       | Target:  24.0 MHz
Clock: Volume_ADC_Ext_CP_Clk(routed) | Frequency: N/A       | Target:  24.0 MHz
Clock: Volume_ADC_theACLK   | Frequency: N/A       | Target:   1.5 MHz
Clock: Volume_ADC_theACLK(fixed-function) | Frequency: N/A       | Target:   1.5 MHz
Clock: \Volume_ADC:DSM\/dec_clock | Frequency: N/A       | Target:   0.1 MHz

======================================================================
                     End of Clock Summary
######################################################################

D2088: Phase 6, elapsed time : 0.0 (sec)

Phase 7
######################################################################
                     Clock Summary 
======================================================================
Number of clocks: 11
Clock: ADC_Clock            | Frequency:  85.3 MHz | Target:   0.0 MHz
Clock: CyBUS_CLK            | Frequency: N/A       | Target:  24.0 MHz
Clock: CyILO                | Frequency: N/A       | Target:   0.0 MHz
Clock: CyIMO                | Frequency: N/A       | Target:   3.0 MHz
Clock: CyMASTER_CLK         | Frequency: N/A       | Target:  24.0 MHz
Clock: CyPLL_OUT            | Frequency: N/A       | Target:  24.0 MHz
Clock: Volume_ADC_Ext_CP_Clk | Frequency: N/A       | Target:  24.0 MHz
Clock: Volume_ADC_Ext_CP_Clk(routed) | Frequency: N/A       | Target:  24.0 MHz
Clock: Volume_ADC_theACLK   | Frequency: N/A       | Target:   1.5 MHz
Clock: Volume_ADC_theACLK(fixed-function) | Frequency: N/A       | Target:   1.5 MHz
Clock: \Volume_ADC:DSM\/dec_clock | Frequency: N/A       | Target:   0.1 MHz

======================================================================
                     End of Clock Summary
######################################################################
D2088: Phase 7, elapsed time : 0.0 (sec)

Final Design Statistics
    Number of Combinational MCs 	:	1
    Number of Sequential MCs    	:	1
    Number of DPs               	:	1
    Number of Controls          	:	2
    Number of Status            	:	1
    Number of SyncCells         	:	0
    Number of count7cells       	:	0
    Number of IOs       	:	4

Device Utilization Summary
    Macrocells                  :	2/192
    IOs                         :	4/72



######################################################################
Placement Timing Summary

The timing summary is based on estimated routing delays after
placement. For final timing report, please carry out the timing
analysis after routing.
======================================================================


######################################################################
                     Clock Summary 
======================================================================
Number of clocks: 11
Clock: ADC_Clock            | Frequency:  85.3 MHz | Target:   0.0 MHz
Clock: CyBUS_CLK            | Frequency: N/A       | Target:  24.0 MHz
Clock: CyILO                | Frequency: N/A       | Target:   0.0 MHz
Clock: CyIMO                | Frequency: N/A       | Target:   3.0 MHz
Clock: CyMASTER_CLK         | Frequency: N/A       | Target:  24.0 MHz
Clock: CyPLL_OUT            | Frequency: N/A       | Target:  24.0 MHz
Clock: Volume_ADC_Ext_CP_Clk | Frequency: N/A       | Target:  24.0 MHz
Clock: Volume_ADC_Ext_CP_Clk(routed) | Frequency: N/A       | Target:  24.0 MHz
Clock: Volume_ADC_theACLK   | Frequency: N/A       | Target:   1.5 MHz
Clock: Volume_ADC_theACLK(fixed-function) | Frequency: N/A       | Target:   1.5 MHz
Clock: \Volume_ADC:DSM\/dec_clock | Frequency: N/A       | Target:   0.1 MHz

======================================================================
                     End of Clock Summary
######################################################################

Phase 6

######################################################################
Placement Timing Summary

The timing summary is based on estimated routing delays after
placement. For final timing report, please carry out the timing
analysis after routing.
======================================================================

######################################################################
                     Clock Summary 
======================================================================
Number of clocks: 11
Clock: ADC_Clock            | Frequency:  85.3 MHz | Target:   0.0 MHz
Clock: CyBUS_CLK            | Frequency: N/A       | Target:  24.0 MHz
Clock: CyILO                | Frequency: N/A       | Target:   0.0 MHz
Clock: CyIMO                | Frequency: N/A       | Target:   3.0 MHz
Clock: CyMASTER_CLK         | Frequency: N/A       | Target:  24.0 MHz
Clock: CyPLL_OUT            | Frequency: N/A       | Target:  24.0 MHz
Clock: Volume_ADC_Ext_CP_Clk | Frequency: N/A       | Target:  24.0 MHz
Clock: Volume_ADC_Ext_CP_Clk(routed) | Frequency: N/A       | Target:  24.0 MHz
Clock: Volume_ADC_theACLK   | Frequency: N/A       | Target:   1.5 MHz
Clock: Volume_ADC_theACLK(fixed-function) | Frequency: N/A       | Target:   1.5 MHz
Clock: \Volume_ADC:DSM\/dec_clock | Frequency: N/A       | Target:   0.1 MHz

======================================================================
                     End of Clock Summary
######################################################################

D2088: Phase 6, elapsed time : 0.0 (sec)

Phase 7
######################################################################
                     Clock Summary 
======================================================================
Number of clocks: 11
Clock: ADC_Clock            | Frequency:  85.3 MHz | Target:   0.0 MHz
Clock: CyBUS_CLK            | Frequency: N/A       | Target:  24.0 MHz
Clock: CyILO                | Frequency: N/A       | Target:   0.0 MHz
Clock: CyIMO                | Frequency: N/A       | Target:   3.0 MHz
Clock: CyMASTER_CLK         | Frequency: N/A       | Target:  24.0 MHz
Clock: CyPLL_OUT            | Frequency: N/A       | Target:  24.0 MHz
Clock: Volume_ADC_Ext_CP_Clk | Frequency: N/A       | Target:  24.0 MHz
Clock: Volume_ADC_Ext_CP_Clk(routed) | Frequency: N/A       | Target:  24.0 MHz
Clock: Volume_ADC_theACLK   | Frequency: N/A       | Target:   1.5 MHz
Clock: Volume_ADC_theACLK(fixed-function) | Frequency: N/A       | Target:   1.5 MHz
Clock: \Volume_ADC:DSM\/dec_clock | Frequency: N/A       | Target:   0.1 MHz

======================================================================
                     End of Clock Summary
######################################################################
D2088: Phase 7, elapsed time : 0.0 (sec)

Final Design Statistics
    Number of Combinational MCs 	:	1
    Number of Sequential MCs    	:	1
    Number of DPs               	:	1
    Number of Controls          	:	2
    Number of Status            	:	1
    Number of SyncCells         	:	0
    Number of count7cells       	:	0
    Number of IOs       	:	4

Device Utilization Summary
    Macrocells                  :	2/192
    IOs                         :	4/72



######################################################################
Placement Timing Summary

The timing summary is based on estimated routing delays after
placement. For final timing report, please carry out the timing
analysis after routing.
======================================================================


######################################################################
                     Clock Summary 
======================================================================
Number of clocks: 11
Clock: ADC_Clock            | Frequency:  85.3 MHz | Target:   0.0 MHz
Clock: CyBUS_CLK            | Frequency: N/A       | Target:  24.0 MHz
Clock: CyILO                | Frequency: N/A       | Target:   0.0 MHz
Clock: CyIMO                | Frequency: N/A       | Target:   3.0 MHz
Clock: CyMASTER_CLK         | Frequency: N/A       | Target:  24.0 MHz
Clock: CyPLL_OUT            | Frequency: N/A       | Target:  24.0 MHz
Clock: Volume_ADC_Ext_CP_Clk | Frequency: N/A       | Target:  24.0 MHz
Clock: Volume_ADC_Ext_CP_Clk(routed) | Frequency: N/A       | Target:  24.0 MHz
Clock: Volume_ADC_theACLK   | Frequency: N/A       | Target:   1.5 MHz
Clock: Volume_ADC_theACLK(fixed-function) | Frequency: N/A       | Target:   1.5 MHz
Clock: \Volume_ADC:DSM\/dec_clock | Frequency: N/A       | Target:   0.1 MHz

======================================================================
                     End of Clock Summary
######################################################################

Phase 8
D2088: Phase 8, elapsed time : 0.0 (sec)

D2054: Placement of the design completed successfully

I2076: Total run-time: 0.7 sec.

