--------------- Build Started: 11/16/2016 17:42:10 Project: Controls, Configuration: ARM GCC 4.9-2015-q1-update Debug ---------------
cydsfit.exe -.appdatapath "C:\Users\Lukas Creutzburg\AppData\Local\Cypress Semiconductor\PSoC Creator\4.0" -.fdsnotice -.fdswarpdepfile=warp_dependencies.txt -.fdselabdepfile=elab_dependencies.txt -.fdsbldfile=generated_files.txt -.fdsreffile=referenced_files.txt -p "C:\Users\Lukas Creutzburg\Documents\GitHub\freeDSP_6CHamp\PSoC Workspace\Controls.cydsn\Controls.cyprj" -d CY8C5888LTI-LP097 -s "C:\Users\Lukas Creutzburg\Documents\GitHub\freeDSP_6CHamp\PSoC Workspace\Controls.cydsn\Generated_Source\PSoC5" -- -yv2 -q10 -ygs -o2 -v3 -.fftcfgtype=LE
Elaborating Design...
HDL Generation...
Synthesis...
Tech Mapping...
Analog Placement...
Info: apr.M0002: Analog signal "\Volume_ADC:Net_35\" is connected to one terminal only. (App=cydsfit)
Analog Routing...
Analog Code Generation...
Digital Placement...
Digital Routing...
Bitstream Generation...
Bitstream Verification...
Static timing analysis...
API Generation...
Dependency Generation...
Cleanup...
arm-none-eabi-gcc.exe -mcpu=cortex-m3 -mthumb -I. -IGenerated_Source\PSoC5 -Wa,-alh=.\CortexM3\ARM_GCC_493\Debug/main.lst -g -D DEBUG -Wall -ffunction-sections -Og -ffat-lto-objects -c main.c -o .\CortexM3\ARM_GCC_493\Debug\main.o
arm-none-eabi-gcc.exe -mcpu=cortex-m3 -mthumb -I. -IGenerated_Source\PSoC5 -Wa,-alh=.\CortexM3\ARM_GCC_493\Debug/cyfitter_cfg.lst -g -D DEBUG -Wall -ffunction-sections -Og -ffat-lto-objects -c Generated_Source\PSoC5\cyfitter_cfg.c -o .\CortexM3\ARM_GCC_493\Debug\cyfitter_cfg.o
arm-none-eabi-gcc.exe -mcpu=cortex-m3 -mthumb -I. -IGenerated_Source\PSoC5 -Wa,-alh=.\CortexM3\ARM_GCC_493\Debug/cymetadata.lst -g -D DEBUG -Wall -ffunction-sections -Og -ffat-lto-objects -c Generated_Source\PSoC5\cymetadata.c -o .\CortexM3\ARM_GCC_493\Debug\cymetadata.o
arm-none-eabi-gcc.exe -mcpu=cortex-m3 -mthumb -I. -IGenerated_Source\PSoC5 -Wa,-alh=.\CortexM3\ARM_GCC_493\Debug/Enter_SW.lst -g -D DEBUG -Wall -ffunction-sections -Og -ffat-lto-objects -c Generated_Source\PSoC5\Enter_SW.c -o .\CortexM3\ARM_GCC_493\Debug\Enter_SW.o
arm-none-eabi-gcc.exe -mcpu=cortex-m3 -mthumb -I. -IGenerated_Source\PSoC5 -Wa,-alh=.\CortexM3\ARM_GCC_493\Debug/Power_LED.lst -g -D DEBUG -Wall -ffunction-sections -Og -ffat-lto-objects -c Generated_Source\PSoC5\Power_LED.c -o .\CortexM3\ARM_GCC_493\Debug\Power_LED.o
arm-none-eabi-gcc.exe -mcpu=cortex-m3 -mthumb -I. -IGenerated_Source\PSoC5 -Wa,-alh=.\CortexM3\ARM_GCC_493\Debug/D3_LED.lst -g -D DEBUG -Wall -ffunction-sections -Og -ffat-lto-objects -c Generated_Source\PSoC5\D3_LED.c -o .\CortexM3\ARM_GCC_493\Debug\D3_LED.o
arm-none-eabi-gcc.exe -mcpu=cortex-m3 -mthumb -I. -IGenerated_Source\PSoC5 -Wa,-alh=.\CortexM3\ARM_GCC_493\Debug/Power_SW.lst -g -D DEBUG -Wall -ffunction-sections -Og -ffat-lto-objects -c Generated_Source\PSoC5\Power_SW.c -o .\CortexM3\ARM_GCC_493\Debug\Power_SW.o
arm-none-eabi-gcc.exe -mcpu=cortex-m3 -mthumb -I. -IGenerated_Source\PSoC5 -Wa,-alh=.\CortexM3\ARM_GCC_493\Debug/Left_SW.lst -g -D DEBUG -Wall -ffunction-sections -Og -ffat-lto-objects -c Generated_Source\PSoC5\Left_SW.c -o .\CortexM3\ARM_GCC_493\Debug\Left_SW.o
arm-none-eabi-gcc.exe -mcpu=cortex-m3 -mthumb -I. -IGenerated_Source\PSoC5 -Wa,-alh=.\CortexM3\ARM_GCC_493\Debug/Right_SW.lst -g -D DEBUG -Wall -ffunction-sections -Og -ffat-lto-objects -c Generated_Source\PSoC5\Right_SW.c -o .\CortexM3\ARM_GCC_493\Debug\Right_SW.o
arm-none-eabi-gcc.exe -mcpu=cortex-m3 -mthumb -I. -IGenerated_Source\PSoC5 -Wa,-alh=.\CortexM3\ARM_GCC_493\Debug/Down_SW.lst -g -D DEBUG -Wall -ffunction-sections -Og -ffat-lto-objects -c Generated_Source\PSoC5\Down_SW.c -o .\CortexM3\ARM_GCC_493\Debug\Down_SW.o
arm-none-eabi-gcc.exe -mcpu=cortex-m3 -mthumb -I. -IGenerated_Source\PSoC5 -Wa,-alh=.\CortexM3\ARM_GCC_493\Debug/D2_LED.lst -g -D DEBUG -Wall -ffunction-sections -Og -ffat-lto-objects -c Generated_Source\PSoC5\D2_LED.c -o .\CortexM3\ARM_GCC_493\Debug\D2_LED.o
arm-none-eabi-gcc.exe -mcpu=cortex-m3 -mthumb -I. -IGenerated_Source\PSoC5 -Wa,-alh=.\CortexM3\ARM_GCC_493\Debug/Up_SW.lst -g -D DEBUG -Wall -ffunction-sections -Og -ffat-lto-objects -c Generated_Source\PSoC5\Up_SW.c -o .\CortexM3\ARM_GCC_493\Debug\Up_SW.o
arm-none-eabi-gcc.exe -mcpu=cortex-m3 -mthumb -I. -IGenerated_Source\PSoC5 -Wa,-alh=.\CortexM3\ARM_GCC_493\Debug/Input_1_SW.lst -g -D DEBUG -Wall -ffunction-sections -Og -ffat-lto-objects -c Generated_Source\PSoC5\Input_1_SW.c -o .\CortexM3\ARM_GCC_493\Debug\Input_1_SW.o
arm-none-eabi-gcc.exe -mcpu=cortex-m3 -mthumb -I. -IGenerated_Source\PSoC5 -Wa,-alh=.\CortexM3\ARM_GCC_493\Debug/Input_2_SW.lst -g -D DEBUG -Wall -ffunction-sections -Og -ffat-lto-objects -c Generated_Source\PSoC5\Input_2_SW.c -o .\CortexM3\ARM_GCC_493\Debug\Input_2_SW.o
arm-none-eabi-gcc.exe -mcpu=cortex-m3 -mthumb -I. -IGenerated_Source\PSoC5 -Wa,-alh=.\CortexM3\ARM_GCC_493\Debug/D1_LED.lst -g -D DEBUG -Wall -ffunction-sections -Og -ffat-lto-objects -c Generated_Source\PSoC5\D1_LED.c -o .\CortexM3\ARM_GCC_493\Debug\D1_LED.o
arm-none-eabi-gcc.exe -mcpu=cortex-m3 -mthumb -I. -IGenerated_Source\PSoC5 -Wa,-alh=.\CortexM3\ARM_GCC_493\Debug/U1_LED.lst -g -D DEBUG -Wall -ffunction-sections -Og -ffat-lto-objects -c Generated_Source\PSoC5\U1_LED.c -o .\CortexM3\ARM_GCC_493\Debug\U1_LED.o
arm-none-eabi-gcc.exe -mcpu=cortex-m3 -mthumb -I. -IGenerated_Source\PSoC5 -Wa,-alh=.\CortexM3\ARM_GCC_493\Debug/U2_LED.lst -g -D DEBUG -Wall -ffunction-sections -Og -ffat-lto-objects -c Generated_Source\PSoC5\U2_LED.c -o .\CortexM3\ARM_GCC_493\Debug\U2_LED.o
arm-none-eabi-gcc.exe -mcpu=cortex-m3 -mthumb -I. -IGenerated_Source\PSoC5 -Wa,-alh=.\CortexM3\ARM_GCC_493\Debug/U3_LED.lst -g -D DEBUG -Wall -ffunction-sections -Og -ffat-lto-objects -c Generated_Source\PSoC5\U3_LED.c -o .\CortexM3\ARM_GCC_493\Debug\U3_LED.o
arm-none-eabi-gcc.exe -mcpu=cortex-m3 -mthumb -I. -IGenerated_Source\PSoC5 -Wa,-alh=.\CortexM3\ARM_GCC_493\Debug/U4_LED.lst -g -D DEBUG -Wall -ffunction-sections -Og -ffat-lto-objects -c Generated_Source\PSoC5\U4_LED.c -o .\CortexM3\ARM_GCC_493\Debug\U4_LED.o
arm-none-eabi-gcc.exe -mcpu=cortex-m3 -mthumb -I. -IGenerated_Source\PSoC5 -Wa,-alh=.\CortexM3\ARM_GCC_493\Debug/U5_LED.lst -g -D DEBUG -Wall -ffunction-sections -Og -ffat-lto-objects -c Generated_Source\PSoC5\U5_LED.c -o .\CortexM3\ARM_GCC_493\Debug\U5_LED.o
arm-none-eabi-gcc.exe -mcpu=cortex-m3 -mthumb -I. -IGenerated_Source\PSoC5 -Wa,-alh=.\CortexM3\ARM_GCC_493\Debug/U6_LED.lst -g -D DEBUG -Wall -ffunction-sections -Og -ffat-lto-objects -c Generated_Source\PSoC5\U6_LED.c -o .\CortexM3\ARM_GCC_493\Debug\U6_LED.o
arm-none-eabi-gcc.exe -mcpu=cortex-m3 -mthumb -I. -IGenerated_Source\PSoC5 -Wa,-alh=.\CortexM3\ARM_GCC_493\Debug/U7_LED.lst -g -D DEBUG -Wall -ffunction-sections -Og -ffat-lto-objects -c Generated_Source\PSoC5\U7_LED.c -o .\CortexM3\ARM_GCC_493\Debug\U7_LED.o
arm-none-eabi-gcc.exe -mcpu=cortex-m3 -mthumb -I. -IGenerated_Source\PSoC5 -Wa,-alh=.\CortexM3\ARM_GCC_493\Debug/U8_LED.lst -g -D DEBUG -Wall -ffunction-sections -Og -ffat-lto-objects -c Generated_Source\PSoC5\U8_LED.c -o .\CortexM3\ARM_GCC_493\Debug\U8_LED.o
arm-none-eabi-gcc.exe -mcpu=cortex-m3 -mthumb -I. -IGenerated_Source\PSoC5 -Wa,-alh=.\CortexM3\ARM_GCC_493\Debug/Cm3Start.lst -g -D DEBUG -Wall -ffunction-sections -Og -ffat-lto-objects -c Generated_Source\PSoC5\Cm3Start.c -o .\CortexM3\ARM_GCC_493\Debug\Cm3Start.o
arm-none-eabi-gcc.exe -mcpu=cortex-m3 -mthumb -I. -IGenerated_Source\PSoC5 -Wa,-alh=.\CortexM3\ARM_GCC_493\Debug/CyDmac.lst -g -D DEBUG -Wall -ffunction-sections -Og -ffat-lto-objects -c Generated_Source\PSoC5\CyDmac.c -o .\CortexM3\ARM_GCC_493\Debug\CyDmac.o
arm-none-eabi-gcc.exe -mcpu=cortex-m3 -mthumb -I. -IGenerated_Source\PSoC5 -Wa,-alh=.\CortexM3\ARM_GCC_493\Debug/CyFlash.lst -g -D DEBUG -Wall -ffunction-sections -Og -ffat-lto-objects -c Generated_Source\PSoC5\CyFlash.c -o .\CortexM3\ARM_GCC_493\Debug\CyFlash.o
arm-none-eabi-gcc.exe -mcpu=cortex-m3 -mthumb -I. -IGenerated_Source\PSoC5 -Wa,-alh=.\CortexM3\ARM_GCC_493\Debug/CyLib.lst -g -D DEBUG -Wall -ffunction-sections -Og -ffat-lto-objects -c Generated_Source\PSoC5\CyLib.c -o .\CortexM3\ARM_GCC_493\Debug\CyLib.o
arm-none-eabi-gcc.exe -mcpu=cortex-m3 -mthumb -I. -IGenerated_Source\PSoC5 -Wa,-alh=.\CortexM3\ARM_GCC_493\Debug/cyPm.lst -g -D DEBUG -Wall -ffunction-sections -Og -ffat-lto-objects -c Generated_Source\PSoC5\cyPm.c -o .\CortexM3\ARM_GCC_493\Debug\cyPm.o
arm-none-eabi-gcc.exe -mcpu=cortex-m3 -mthumb -I. -IGenerated_Source\PSoC5 -Wa,-alh=.\CortexM3\ARM_GCC_493\Debug/CySpc.lst -g -D DEBUG -Wall -ffunction-sections -Og -ffat-lto-objects -c Generated_Source\PSoC5\CySpc.c -o .\CortexM3\ARM_GCC_493\Debug\CySpc.o
arm-none-eabi-gcc.exe -mcpu=cortex-m3 -mthumb -I. -IGenerated_Source\PSoC5 -Wa,-alh=.\CortexM3\ARM_GCC_493\Debug/cyutils.lst -g -D DEBUG -Wall -ffunction-sections -Og -ffat-lto-objects -c Generated_Source\PSoC5\cyutils.c -o .\CortexM3\ARM_GCC_493\Debug\cyutils.o
arm-none-eabi-gcc.exe -mcpu=cortex-m3 -mthumb -I. -IGenerated_Source\PSoC5 -Wa,-alh=.\CortexM3\ARM_GCC_493\Debug/Volume_Input.lst -g -D DEBUG -Wall -ffunction-sections -Og -ffat-lto-objects -c Generated_Source\PSoC5\Volume_Input.c -o .\CortexM3\ARM_GCC_493\Debug\Volume_Input.o
arm-none-eabi-gcc.exe -mcpu=cortex-m3 -mthumb -I. -IGenerated_Source\PSoC5 -Wa,-alh=.\CortexM3\ARM_GCC_493\Debug/Volume_2.lst -g -D DEBUG -Wall -ffunction-sections -Og -ffat-lto-objects -c Generated_Source\PSoC5\Volume_2.c -o .\CortexM3\ARM_GCC_493\Debug\Volume_2.o
arm-none-eabi-gcc.exe -mcpu=cortex-m3 -mthumb -I. -IGenerated_Source\PSoC5 -Wa,-alh=.\CortexM3\ARM_GCC_493\Debug/Volume_1.lst -g -D DEBUG -Wall -ffunction-sections -Og -ffat-lto-objects -c Generated_Source\PSoC5\Volume_1.c -o .\CortexM3\ARM_GCC_493\Debug\Volume_1.o
arm-none-eabi-gcc.exe -mcpu=cortex-m3 -mthumb -I. -IGenerated_Source\PSoC5 -Wa,-alh=.\CortexM3\ARM_GCC_493\Debug/Volume_ADC.lst -g -D DEBUG -Wall -ffunction-sections -Og -ffat-lto-objects -c Generated_Source\PSoC5\Volume_ADC.c -o .\CortexM3\ARM_GCC_493\Debug\Volume_ADC.o
arm-none-eabi-gcc.exe -mcpu=cortex-m3 -mthumb -I. -IGenerated_Source\PSoC5 -Wa,-alh=.\CortexM3\ARM_GCC_493\Debug/Volume_ADC_PM.lst -g -D DEBUG -Wall -ffunction-sections -Og -ffat-lto-objects -c Generated_Source\PSoC5\Volume_ADC_PM.c -o .\CortexM3\ARM_GCC_493\Debug\Volume_ADC_PM.o
arm-none-eabi-gcc.exe -mcpu=cortex-m3 -mthumb -I. -IGenerated_Source\PSoC5 -Wa,-alh=.\CortexM3\ARM_GCC_493\Debug/Volume_ADC_INT.lst -g -D DEBUG -Wall -ffunction-sections -Og -ffat-lto-objects -c Generated_Source\PSoC5\Volume_ADC_INT.c -o .\CortexM3\ARM_GCC_493\Debug\Volume_ADC_INT.o
arm-none-eabi-gcc.exe -mcpu=cortex-m3 -mthumb -I. -IGenerated_Source\PSoC5 -Wa,-alh=.\CortexM3\ARM_GCC_493\Debug/Volume_ADC_AMux.lst -g -D DEBUG -Wall -ffunction-sections -Og -ffat-lto-objects -c Generated_Source\PSoC5\Volume_ADC_AMux.c -o .\CortexM3\ARM_GCC_493\Debug\Volume_ADC_AMux.o
arm-none-eabi-gcc.exe -mcpu=cortex-m3 -mthumb -I. -IGenerated_Source\PSoC5 -Wa,-alh=.\CortexM3\ARM_GCC_493\Debug/Volume_ADC_Ext_CP_Clk.lst -g -D DEBUG -Wall -ffunction-sections -Og -ffat-lto-objects -c Generated_Source\PSoC5\Volume_ADC_Ext_CP_Clk.c -o .\CortexM3\ARM_GCC_493\Debug\Volume_ADC_Ext_CP_Clk.o
arm-none-eabi-gcc.exe -mcpu=cortex-m3 -mthumb -I. -IGenerated_Source\PSoC5 -Wa,-alh=.\CortexM3\ARM_GCC_493\Debug/Volume_ADC_IRQ.lst -g -D DEBUG -Wall -ffunction-sections -Og -ffat-lto-objects -c Generated_Source\PSoC5\Volume_ADC_IRQ.c -o .\CortexM3\ARM_GCC_493\Debug\Volume_ADC_IRQ.o
arm-none-eabi-gcc.exe -mcpu=cortex-m3 -mthumb -I. -IGenerated_Source\PSoC5 -Wa,-alh=.\CortexM3\ARM_GCC_493\Debug/Volume_ADC_theACLK.lst -g -D DEBUG -Wall -ffunction-sections -Og -ffat-lto-objects -c Generated_Source\PSoC5\Volume_ADC_theACLK.c -o .\CortexM3\ARM_GCC_493\Debug\Volume_ADC_theACLK.o
arm-none-eabi-gcc.exe -mcpu=cortex-m3 -mthumb -I. -IGenerated_Source\PSoC5 -Wa,-alh=.\CortexM3\ARM_GCC_493\Debug/Mute_SW.lst -g -D DEBUG -Wall -ffunction-sections -Og -ffat-lto-objects -c Generated_Source\PSoC5\Mute_SW.c -o .\CortexM3\ARM_GCC_493\Debug\Mute_SW.o
arm-none-eabi-gcc.exe -mcpu=cortex-m3 -mthumb -I. -IGenerated_Source\PSoC5 -Wa,-alh=.\CortexM3\ARM_GCC_493\Debug/i_Up.lst -g -D DEBUG -Wall -ffunction-sections -Og -ffat-lto-objects -c Generated_Source\PSoC5\i_Up.c -o .\CortexM3\ARM_GCC_493\Debug\i_Up.o
arm-none-eabi-gcc.exe -mcpu=cortex-m3 -mthumb -I. -IGenerated_Source\PSoC5 -Wa,-alh=.\CortexM3\ARM_GCC_493\Debug/i_Left.lst -g -D DEBUG -Wall -ffunction-sections -Og -ffat-lto-objects -c Generated_Source\PSoC5\i_Left.c -o .\CortexM3\ARM_GCC_493\Debug\i_Left.o
arm-none-eabi-gcc.exe -mcpu=cortex-m3 -mthumb -I. -IGenerated_Source\PSoC5 -Wa,-alh=.\CortexM3\ARM_GCC_493\Debug/i_Mute.lst -g -D DEBUG -Wall -ffunction-sections -Og -ffat-lto-objects -c Generated_Source\PSoC5\i_Mute.c -o .\CortexM3\ARM_GCC_493\Debug\i_Mute.o
arm-none-eabi-gcc.exe -mcpu=cortex-m3 -mthumb -I. -IGenerated_Source\PSoC5 -Wa,-alh=.\CortexM3\ARM_GCC_493\Debug/i_Enter.lst -g -D DEBUG -Wall -ffunction-sections -Og -ffat-lto-objects -c Generated_Source\PSoC5\i_Enter.c -o .\CortexM3\ARM_GCC_493\Debug\i_Enter.o
arm-none-eabi-gcc.exe -mcpu=cortex-m3 -mthumb -I. -IGenerated_Source\PSoC5 -Wa,-alh=.\CortexM3\ARM_GCC_493\Debug/i_Down.lst -g -D DEBUG -Wall -ffunction-sections -Og -ffat-lto-objects -c Generated_Source\PSoC5\i_Down.c -o .\CortexM3\ARM_GCC_493\Debug\i_Down.o
arm-none-eabi-gcc.exe -mcpu=cortex-m3 -mthumb -I. -IGenerated_Source\PSoC5 -Wa,-alh=.\CortexM3\ARM_GCC_493\Debug/i_Right.lst -g -D DEBUG -Wall -ffunction-sections -Og -ffat-lto-objects -c Generated_Source\PSoC5\i_Right.c -o .\CortexM3\ARM_GCC_493\Debug\i_Right.o
arm-none-eabi-gcc.exe -mcpu=cortex-m3 -mthumb -I. -IGenerated_Source\PSoC5 -Wa,-alh=.\CortexM3\ARM_GCC_493\Debug/i_Input_1.lst -g -D DEBUG -Wall -ffunction-sections -Og -ffat-lto-objects -c Generated_Source\PSoC5\i_Input_1.c -o .\CortexM3\ARM_GCC_493\Debug\i_Input_1.o
arm-none-eabi-gcc.exe -mcpu=cortex-m3 -mthumb -I. -IGenerated_Source\PSoC5 -Wa,-alh=.\CortexM3\ARM_GCC_493\Debug/i_Power.lst -g -D DEBUG -Wall -ffunction-sections -Og -ffat-lto-objects -c Generated_Source\PSoC5\i_Power.c -o .\CortexM3\ARM_GCC_493\Debug\i_Power.o
arm-none-eabi-gcc.exe -mcpu=cortex-m3 -mthumb -I. -IGenerated_Source\PSoC5 -Wa,-alh=.\CortexM3\ARM_GCC_493\Debug/i_Input_2.lst -g -D DEBUG -Wall -ffunction-sections -Og -ffat-lto-objects -c Generated_Source\PSoC5\i_Input_2.c -o .\CortexM3\ARM_GCC_493\Debug\i_Input_2.o
arm-none-eabi-gcc.exe -mcpu=cortex-m3 -mthumb -I. -IGenerated_Source\PSoC5 -Wa,-alh=.\CortexM3\ARM_GCC_493\Debug/COM.lst -g -D DEBUG -Wall -ffunction-sections -Og -ffat-lto-objects -c Generated_Source\PSoC5\COM.c -o .\CortexM3\ARM_GCC_493\Debug\COM.o
arm-none-eabi-gcc.exe -mcpu=cortex-m3 -mthumb -I. -IGenerated_Source\PSoC5 -Wa,-alh=.\CortexM3\ARM_GCC_493\Debug/COM_audio.lst -g -D DEBUG -Wall -ffunction-sections -Og -ffat-lto-objects -c Generated_Source\PSoC5\COM_audio.c -o .\CortexM3\ARM_GCC_493\Debug\COM_audio.o
arm-none-eabi-gcc.exe -mcpu=cortex-m3 -mthumb -I. -IGenerated_Source\PSoC5 -Wa,-alh=.\CortexM3\ARM_GCC_493\Debug/COM_boot.lst -g -D DEBUG -Wall -ffunction-sections -Og -ffat-lto-objects -c Generated_Source\PSoC5\COM_boot.c -o .\CortexM3\ARM_GCC_493\Debug\COM_boot.o
arm-none-eabi-gcc.exe -mcpu=cortex-m3 -mthumb -I. -IGenerated_Source\PSoC5 -Wa,-alh=.\CortexM3\ARM_GCC_493\Debug/COM_cdc.lst -g -D DEBUG -Wall -ffunction-sections -Og -ffat-lto-objects -c Generated_Source\PSoC5\COM_cdc.c -o .\CortexM3\ARM_GCC_493\Debug\COM_cdc.o
arm-none-eabi-gcc.exe -mcpu=cortex-m3 -mthumb -I. -IGenerated_Source\PSoC5 -Wa,-alh=.\CortexM3\ARM_GCC_493\Debug/COM_cls.lst -g -D DEBUG -Wall -ffunction-sections -Og -ffat-lto-objects -c Generated_Source\PSoC5\COM_cls.c -o .\CortexM3\ARM_GCC_493\Debug\COM_cls.o
arm-none-eabi-gcc.exe -mcpu=cortex-m3 -mthumb -I. -IGenerated_Source\PSoC5 -Wa,-alh=.\CortexM3\ARM_GCC_493\Debug/COM_descr.lst -g -D DEBUG -Wall -ffunction-sections -Og -ffat-lto-objects -c Generated_Source\PSoC5\COM_descr.c -o .\CortexM3\ARM_GCC_493\Debug\COM_descr.o
arm-none-eabi-gcc.exe -mcpu=cortex-m3 -mthumb -I. -IGenerated_Source\PSoC5 -Wa,-alh=.\CortexM3\ARM_GCC_493\Debug/COM_drv.lst -g -D DEBUG -Wall -ffunction-sections -Og -ffat-lto-objects -c Generated_Source\PSoC5\COM_drv.c -o .\CortexM3\ARM_GCC_493\Debug\COM_drv.o
arm-none-eabi-gcc.exe -mcpu=cortex-m3 -mthumb -I. -IGenerated_Source\PSoC5 -Wa,-alh=.\CortexM3\ARM_GCC_493\Debug/COM_episr.lst -g -D DEBUG -Wall -ffunction-sections -Og -ffat-lto-objects -c Generated_Source\PSoC5\COM_episr.c -o .\CortexM3\ARM_GCC_493\Debug\COM_episr.o
arm-none-eabi-gcc.exe -mcpu=cortex-m3 -mthumb -I. -IGenerated_Source\PSoC5 -Wa,-alh=.\CortexM3\ARM_GCC_493\Debug/COM_hid.lst -g -D DEBUG -Wall -ffunction-sections -Og -ffat-lto-objects -c Generated_Source\PSoC5\COM_hid.c -o .\CortexM3\ARM_GCC_493\Debug\COM_hid.o
arm-none-eabi-gcc.exe -mcpu=cortex-m3 -mthumb -I. -IGenerated_Source\PSoC5 -Wa,-alh=.\CortexM3\ARM_GCC_493\Debug/COM_pm.lst -g -D DEBUG -Wall -ffunction-sections -Og -ffat-lto-objects -c Generated_Source\PSoC5\COM_pm.c -o .\CortexM3\ARM_GCC_493\Debug\COM_pm.o
arm-none-eabi-gcc.exe -mcpu=cortex-m3 -mthumb -I. -IGenerated_Source\PSoC5 -Wa,-alh=.\CortexM3\ARM_GCC_493\Debug/COM_std.lst -g -D DEBUG -Wall -ffunction-sections -Og -ffat-lto-objects -c Generated_Source\PSoC5\COM_std.c -o .\CortexM3\ARM_GCC_493\Debug\COM_std.o
arm-none-eabi-gcc.exe -mcpu=cortex-m3 -mthumb -I. -IGenerated_Source\PSoC5 -Wa,-alh=.\CortexM3\ARM_GCC_493\Debug/COM_vnd.lst -g -D DEBUG -Wall -ffunction-sections -Og -ffat-lto-objects -c Generated_Source\PSoC5\COM_vnd.c -o .\CortexM3\ARM_GCC_493\Debug\COM_vnd.o
arm-none-eabi-gcc.exe -mcpu=cortex-m3 -mthumb -I. -IGenerated_Source\PSoC5 -Wa,-alh=.\CortexM3\ARM_GCC_493\Debug/COM_midi.lst -g -D DEBUG -Wall -ffunction-sections -Og -ffat-lto-objects -c Generated_Source\PSoC5\COM_midi.c -o .\CortexM3\ARM_GCC_493\Debug\COM_midi.o
arm-none-eabi-gcc.exe -mcpu=cortex-m3 -mthumb -I. -IGenerated_Source\PSoC5 -Wa,-alh=.\CortexM3\ARM_GCC_493\Debug/COM_msc.lst -g -D DEBUG -Wall -ffunction-sections -Og -ffat-lto-objects -c Generated_Source\PSoC5\COM_msc.c -o .\CortexM3\ARM_GCC_493\Debug\COM_msc.o
arm-none-eabi-gcc.exe -mcpu=cortex-m3 -mthumb -I. -IGenerated_Source\PSoC5 -Wa,-alh=.\CortexM3\ARM_GCC_493\Debug/COM_Dm.lst -g -D DEBUG -Wall -ffunction-sections -Og -ffat-lto-objects -c Generated_Source\PSoC5\COM_Dm.c -o .\CortexM3\ARM_GCC_493\Debug\COM_Dm.o
arm-none-eabi-gcc.exe -mcpu=cortex-m3 -mthumb -I. -IGenerated_Source\PSoC5 -Wa,-alh=.\CortexM3\ARM_GCC_493\Debug/COM_Dp.lst -g -D DEBUG -Wall -ffunction-sections -Og -ffat-lto-objects -c Generated_Source\PSoC5\COM_Dp.c -o .\CortexM3\ARM_GCC_493\Debug\COM_Dp.o
arm-none-eabi-gcc.exe -mcpu=cortex-m3 -mthumb -I. -IGenerated_Source\PSoC5 -Wa,-alh=.\CortexM3\ARM_GCC_493\Debug/Input_Relais_0.lst -g -D DEBUG -Wall -ffunction-sections -Og -ffat-lto-objects -c Generated_Source\PSoC5\Input_Relais_0.c -o .\CortexM3\ARM_GCC_493\Debug\Input_Relais_0.o
arm-none-eabi-gcc.exe -mcpu=cortex-m3 -mthumb -I. -IGenerated_Source\PSoC5 -Wa,-alh=.\CortexM3\ARM_GCC_493\Debug/Input_Relais_1.lst -g -D DEBUG -Wall -ffunction-sections -Og -ffat-lto-objects -c Generated_Source\PSoC5\Input_Relais_1.c -o .\CortexM3\ARM_GCC_493\Debug\Input_Relais_1.o
arm-none-eabi-gcc.exe -mcpu=cortex-m3 -mthumb -I. -IGenerated_Source\PSoC5 -Wa,-alh=.\CortexM3\ARM_GCC_493\Debug/Input_Relais_2.lst -g -D DEBUG -Wall -ffunction-sections -Og -ffat-lto-objects -c Generated_Source\PSoC5\Input_Relais_2.c -o .\CortexM3\ARM_GCC_493\Debug\Input_Relais_2.o
arm-none-eabi-gcc.exe -mcpu=cortex-m3 -mthumb -I. -IGenerated_Source\PSoC5 -Wa,-alh=.\CortexM3\ARM_GCC_493\Debug/Input_Relais_3.lst -g -D DEBUG -Wall -ffunction-sections -Og -ffat-lto-objects -c Generated_Source\PSoC5\Input_Relais_3.c -o .\CortexM3\ARM_GCC_493\Debug\Input_Relais_3.o
arm-none-eabi-gcc.exe -mcpu=cortex-m3 -mthumb -I. -IGenerated_Source\PSoC5 -Wa,-alh=.\CortexM3\ARM_GCC_493\Debug/timer_clock.lst -g -D DEBUG -Wall -ffunction-sections -Og -ffat-lto-objects -c Generated_Source\PSoC5\timer_clock.c -o .\CortexM3\ARM_GCC_493\Debug\timer_clock.o
arm-none-eabi-gcc.exe -mcpu=cortex-m3 -mthumb -I. -IGenerated_Source\PSoC5 -Wa,-alh=.\CortexM3\ARM_GCC_493\Debug/Button_Timer.lst -g -D DEBUG -Wall -ffunction-sections -Og -ffat-lto-objects -c Generated_Source\PSoC5\Button_Timer.c -o .\CortexM3\ARM_GCC_493\Debug\Button_Timer.o
arm-none-eabi-gcc.exe -mcpu=cortex-m3 -mthumb -I. -IGenerated_Source\PSoC5 -Wa,-alh=.\CortexM3\ARM_GCC_493\Debug/Button_Timer_PM.lst -g -D DEBUG -Wall -ffunction-sections -Og -ffat-lto-objects -c Generated_Source\PSoC5\Button_Timer_PM.c -o .\CortexM3\ARM_GCC_493\Debug\Button_Timer_PM.o
arm-none-eabi-gcc.exe -mcpu=cortex-m3 -mthumb -I. -IGenerated_Source\PSoC5 -Wa,-alh=.\CortexM3\ARM_GCC_493\Debug/Button_Timer_Interrupt.lst -g -D DEBUG -Wall -ffunction-sections -Og -ffat-lto-objects -c Generated_Source\PSoC5\Button_Timer_Interrupt.c -o .\CortexM3\ARM_GCC_493\Debug\Button_Timer_Interrupt.o
arm-none-eabi-gcc.exe -mcpu=cortex-m3 -mthumb -I. -IGenerated_Source\PSoC5 -Wa,-alh=.\CortexM3\ARM_GCC_493\Debug/Input_Relais_4.lst -g -D DEBUG -Wall -ffunction-sections -Og -ffat-lto-objects -c Generated_Source\PSoC5\Input_Relais_4.c -o .\CortexM3\ARM_GCC_493\Debug\Input_Relais_4.o
arm-none-eabi-gcc.exe -mcpu=cortex-m3 -mthumb -I. -IGenerated_Source\PSoC5 -Wa,-alh=.\CortexM3\ARM_GCC_493\Debug/Input_Relais_5.lst -g -D DEBUG -Wall -ffunction-sections -Og -ffat-lto-objects -c Generated_Source\PSoC5\Input_Relais_5.c -o .\CortexM3\ARM_GCC_493\Debug\Input_Relais_5.o
arm-none-eabi-gcc.exe -mcpu=cortex-m3 -mthumb -I. -IGenerated_Source\PSoC5 -Wa,-alh=.\CortexM3\ARM_GCC_493\Debug/Input_Relais_6.lst -g -D DEBUG -Wall -ffunction-sections -Og -ffat-lto-objects -c Generated_Source\PSoC5\Input_Relais_6.c -o .\CortexM3\ARM_GCC_493\Debug\Input_Relais_6.o
arm-none-eabi-gcc.exe -mcpu=cortex-m3 -mthumb -I. -IGenerated_Source\PSoC5 -Wa,-alh=.\CortexM3\ARM_GCC_493\Debug/Input_Relais_7.lst -g -D DEBUG -Wall -ffunction-sections -Og -ffat-lto-objects -c Generated_Source\PSoC5\Input_Relais_7.c -o .\CortexM3\ARM_GCC_493\Debug\Input_Relais_7.o
arm-none-eabi-gcc.exe -mcpu=cortex-m3 -mthumb -I. -IGenerated_Source\PSoC5 -Wa,-alh=.\CortexM3\ARM_GCC_493\Debug/Protection_IN.lst -g -D DEBUG -Wall -ffunction-sections -Og -ffat-lto-objects -c Generated_Source\PSoC5\Protection_IN.c -o .\CortexM3\ARM_GCC_493\Debug\Protection_IN.o
arm-none-eabi-gcc.exe -mcpu=cortex-m3 -mthumb -I. -IGenerated_Source\PSoC5 -Wa,-alh=.\CortexM3\ARM_GCC_493\Debug/Protection_CLR.lst -g -D DEBUG -Wall -ffunction-sections -Og -ffat-lto-objects -c Generated_Source\PSoC5\Protection_CLR.c -o .\CortexM3\ARM_GCC_493\Debug\Protection_CLR.o
arm-none-eabi-gcc.exe -mcpu=cortex-m3 -mthumb -I. -IGenerated_Source\PSoC5 -Wa,-alh=.\CortexM3\ARM_GCC_493\Debug/Protection_CLK.lst -g -D DEBUG -Wall -ffunction-sections -Og -ffat-lto-objects -c Generated_Source\PSoC5\Protection_CLK.c -o .\CortexM3\ARM_GCC_493\Debug\Protection_CLK.o
arm-none-eabi-as.exe -mcpu=cortex-m3 -mthumb -I. -IGenerated_Source\PSoC5 -alh=.\CortexM3\ARM_GCC_493\Debug/CyBootAsmGnu.lst -g -W -o .\CortexM3\ARM_GCC_493\Debug\CyBootAsmGnu.o Generated_Source\PSoC5\CyBootAsmGnu.s
arm-none-eabi-ar.exe -rs .\CortexM3\ARM_GCC_493\Debug\Controls.a .\CortexM3\ARM_GCC_493\Debug\cyfitter_cfg.o .\CortexM3\ARM_GCC_493\Debug\Enter_SW.o .\CortexM3\ARM_GCC_493\Debug\Power_LED.o .\CortexM3\ARM_GCC_493\Debug\D3_LED.o .\CortexM3\ARM_GCC_493\Debug\Power_SW.o .\CortexM3\ARM_GCC_493\Debug\Left_SW.o .\CortexM3\ARM_GCC_493\Debug\Right_SW.o .\CortexM3\ARM_GCC_493\Debug\Down_SW.o .\CortexM3\ARM_GCC_493\Debug\D2_LED.o .\CortexM3\ARM_GCC_493\Debug\Up_SW.o .\CortexM3\ARM_GCC_493\Debug\Input_1_SW.o .\CortexM3\ARM_GCC_493\Debug\Input_2_SW.o .\CortexM3\ARM_GCC_493\Debug\D1_LED.o .\CortexM3\ARM_GCC_493\Debug\U1_LED.o .\CortexM3\ARM_GCC_493\Debug\U2_LED.o .\CortexM3\ARM_GCC_493\Debug\U3_LED.o .\CortexM3\ARM_GCC_493\Debug\U4_LED.o .\CortexM3\ARM_GCC_493\Debug\U5_LED.o .\CortexM3\ARM_GCC_493\Debug\U6_LED.o .\CortexM3\ARM_GCC_493\Debug\U7_LED.o .\CortexM3\ARM_GCC_493\Debug\U8_LED.o .\CortexM3\ARM_GCC_493\Debug\CyDmac.o .\CortexM3\ARM_GCC_493\Debug\CyFlash.o .\CortexM3\ARM_GCC_493\Debug\CyLib.o .\CortexM3\ARM_GCC_493\Debug\cyPm.o .\CortexM3\ARM_GCC_493\Debug\CySpc.o .\CortexM3\ARM_GCC_493\Debug\cyutils.o .\CortexM3\ARM_GCC_493\Debug\Volume_Input.o .\CortexM3\ARM_GCC_493\Debug\Volume_2.o .\CortexM3\ARM_GCC_493\Debug\Volume_1.o .\CortexM3\ARM_GCC_493\Debug\Volume_ADC.o .\CortexM3\ARM_GCC_493\Debug\Volume_ADC_PM.o .\CortexM3\ARM_GCC_493\Debug\Volume_ADC_INT.o .\CortexM3\ARM_GCC_493\Debug\Volume_ADC_AMux.o .\CortexM3\ARM_GCC_493\Debug\Volume_ADC_Ext_CP_Clk.o .\CortexM3\ARM_GCC_493\Debug\Volume_ADC_IRQ.o .\CortexM3\ARM_GCC_493\Debug\Volume_ADC_theACLK.o .\CortexM3\ARM_GCC_493\Debug\Mute_SW.o .\CortexM3\ARM_GCC_493\Debug\i_Up.o .\CortexM3\ARM_GCC_493\Debug\i_Left.o .\CortexM3\ARM_GCC_493\Debug\i_Mute.o .\CortexM3\ARM_GCC_493\Debug\i_Enter.o .\CortexM3\ARM_GCC_493\Debug\i_Down.o .\CortexM3\ARM_GCC_493\Debug\i_Right.o .\CortexM3\ARM_GCC_493\Debug\i_Input_1.o .\CortexM3\ARM_GCC_493\Debug\i_Power.o .\CortexM3\ARM_GCC_493\Debug\i_Input_2.o .\CortexM3\ARM_GCC_493\Debug\COM.o .\CortexM3\ARM_GCC_493\Debug\COM_audio.o .\CortexM3\ARM_GCC_493\Debug\COM_boot.o .\CortexM3\ARM_GCC_493\Debug\COM_cdc.o .\CortexM3\ARM_GCC_493\Debug\COM_cls.o .\CortexM3\ARM_GCC_493\Debug\COM_descr.o .\CortexM3\ARM_GCC_493\Debug\COM_drv.o .\CortexM3\ARM_GCC_493\Debug\COM_episr.o .\CortexM3\ARM_GCC_493\Debug\COM_hid.o .\CortexM3\ARM_GCC_493\Debug\COM_pm.o .\CortexM3\ARM_GCC_493\Debug\COM_std.o .\CortexM3\ARM_GCC_493\Debug\COM_vnd.o .\CortexM3\ARM_GCC_493\Debug\COM_midi.o .\CortexM3\ARM_GCC_493\Debug\COM_msc.o .\CortexM3\ARM_GCC_493\Debug\COM_Dm.o .\CortexM3\ARM_GCC_493\Debug\COM_Dp.o .\CortexM3\ARM_GCC_493\Debug\Input_Relais_0.o .\CortexM3\ARM_GCC_493\Debug\Input_Relais_1.o .\CortexM3\ARM_GCC_493\Debug\Input_Relais_2.o .\CortexM3\ARM_GCC_493\Debug\Input_Relais_3.o .\CortexM3\ARM_GCC_493\Debug\timer_clock.o .\CortexM3\ARM_GCC_493\Debug\Button_Timer.o .\CortexM3\ARM_GCC_493\Debug\Button_Timer_PM.o .\CortexM3\ARM_GCC_493\Debug\Button_Timer_Interrupt.o .\CortexM3\ARM_GCC_493\Debug\Input_Relais_4.o .\CortexM3\ARM_GCC_493\Debug\Input_Relais_5.o .\CortexM3\ARM_GCC_493\Debug\Input_Relais_6.o .\CortexM3\ARM_GCC_493\Debug\Input_Relais_7.o .\CortexM3\ARM_GCC_493\Debug\Protection_IN.o .\CortexM3\ARM_GCC_493\Debug\Protection_CLR.o .\CortexM3\ARM_GCC_493\Debug\Protection_CLK.o .\CortexM3\ARM_GCC_493\Debug\CyBootAsmGnu.o
arm-none-eabi-ar.exe: creating .\CortexM3\ARM_GCC_493\Debug\Controls.a
arm-none-eabi-gcc.exe -Wl,--start-group -o .\CortexM3\ARM_GCC_493\Debug\Controls.elf .\CortexM3\ARM_GCC_493\Debug\main.o .\CortexM3\ARM_GCC_493\Debug\cymetadata.o .\CortexM3\ARM_GCC_493\Debug\Cm3Start.o .\CortexM3\ARM_GCC_493\Debug\Controls.a "C:\Program Files (x86)\Cypress\PSoC Creator\4.0\PSoC Creator\psoc\content\cycomponentlibrary\CyComponentLibrary.cylib\CortexM3\ARM_GCC_493\Debug\CyComponentLibrary.a" -mcpu=cortex-m3 -mthumb -g -ffunction-sections -Og -ffat-lto-objects -L Generated_Source\PSoC5 -Wl,-Map,.\CortexM3\ARM_GCC_493\Debug/Controls.map -T "C:\Users\Lukas Creutzburg\Documents\GitHub\freeDSP_6CHamp\PSoC Workspace\Controls.cydsn\Generated_Source\PSoC5\cm3gcc.ld" -specs=nano.specs -Wl,--gc-sections -Wl,--end-group
cyelftool.exe -C "C:\Users\Lukas Creutzburg\Documents\GitHub\freeDSP_6CHamp\PSoC Workspace\Controls.cydsn\CortexM3\ARM_GCC_493\Debug\Controls.elf" --flash_row_size 256 --flash_size 262144
cyelftool.exe -S "C:\Users\Lukas Creutzburg\Documents\GitHub\freeDSP_6CHamp\PSoC Workspace\Controls.cydsn\CortexM3\ARM_GCC_493\Debug\Controls.elf"
Flash used: 4790 of 262144 bytes (1,8 %).
SRAM used: 2597 of 65536 bytes (4,0 %). Stack: 2048 bytes. Heap: 128 bytes.
--------------- Build Succeeded: 11/16/2016 17:43:01 ---------------
