ARM GAS  C:\Users\LUKASC~1\AppData\Local\Temp\ccmB6xe8.s 			page 1


   1              		.syntax unified
   2              		.cpu cortex-m3
   3              		.fpu softvfp
   4              		.eabi_attribute 20, 1
   5              		.eabi_attribute 21, 1
   6              		.eabi_attribute 23, 3
   7              		.eabi_attribute 24, 1
   8              		.eabi_attribute 25, 1
   9              		.eabi_attribute 26, 1
  10              		.eabi_attribute 30, 1
  11              		.eabi_attribute 34, 1
  12              		.eabi_attribute 18, 4
  13              		.thumb
  14              		.file	"COM_descr.c"
  15              		.text
  16              	.Ltext0:
  17              		.cfi_sections	.debug_frame
  18              		.comm	COM_idSerialNumberStringDescriptor,34,4
  19              		.global	COM_TABLE
  20              		.global	COM_DEVICE0_TABLE
  21              		.global	COM_DEVICE0_CONFIGURATION0_TABLE
  22              		.global	COM_DEVICE0_CONFIGURATION0_INTERFACE_CLASS
  23              		.global	COM_DEVICE0_CONFIGURATION0_EP_SETTINGS_TABLE
  24              		.global	COM_SN_STRING_DESCRIPTOR
  25              		.global	COM_STRING_DESCRIPTORS
  26              		.global	COM_DEVICE0_CONFIGURATION0_DESCR
  27              		.global	COM_DEVICE0_DESCR
  28              		.section	.rodata
  29              		.align	2
  30              		.type	COM_TABLE, %object
  31              		.size	COM_TABLE, 8
  32              	COM_TABLE:
  33 0000 01       		.byte	1
  34 0001 000000   		.space	3
  35 0004 00000000 		.word	COM_DEVICE0_TABLE
  36              		.type	COM_DEVICE0_TABLE, %object
  37              		.size	COM_DEVICE0_TABLE, 24
  38              	COM_DEVICE0_TABLE:
  39 0008 01       		.byte	1
  40 0009 000000   		.space	3
  41 000c 00000000 		.word	COM_DEVICE0_DESCR
  42 0010 00       		.byte	0
  43 0011 000000   		.space	3
  44 0014 00000000 		.word	0
  45 0018 01       		.byte	1
  46 0019 000000   		.space	3
  47 001c 00000000 		.word	COM_DEVICE0_CONFIGURATION0_TABLE
  48              		.type	COM_DEVICE0_CONFIGURATION0_TABLE, %object
  49              		.size	COM_DEVICE0_CONFIGURATION0_TABLE, 56
  50              	COM_DEVICE0_CONFIGURATION0_TABLE:
  51 0020 01       		.byte	1
  52 0021 000000   		.space	3
  53 0024 00000000 		.word	COM_DEVICE0_CONFIGURATION0_DESCR
  54 0028 06       		.byte	6
  55 0029 000000   		.space	3
  56 002c 00000000 		.word	COM_DEVICE0_CONFIGURATION0_EP_SETTINGS_TABLE
  57 0030 00       		.byte	0
ARM GAS  C:\Users\LUKASC~1\AppData\Local\Temp\ccmB6xe8.s 			page 2


  58 0031 000000   		.space	3
  59 0034 00000000 		.word	0
  60 0038 00       		.byte	0
  61 0039 000000   		.space	3
  62 003c 00000000 		.word	0
  63 0040 00       		.byte	0
  64 0041 000000   		.space	3
  65 0044 00000000 		.word	0
  66 0048 00       		.byte	0
  67 0049 000000   		.space	3
  68 004c 00000000 		.word	0
  69 0050 00       		.byte	0
  70 0051 000000   		.space	3
  71 0054 00000000 		.word	COM_DEVICE0_CONFIGURATION0_INTERFACE_CLASS
  72              		.type	COM_DEVICE0_CONFIGURATION0_INTERFACE_CLASS, %object
  73              		.size	COM_DEVICE0_CONFIGURATION0_INTERFACE_CLASS, 4
  74              	COM_DEVICE0_CONFIGURATION0_INTERFACE_CLASS:
  75 0058 02       		.byte	2
  76 0059 0A       		.byte	10
  77 005a 02       		.byte	2
  78 005b 0A       		.byte	10
  79              		.type	COM_DEVICE0_CONFIGURATION0_EP_SETTINGS_TABLE, %object
  80              		.size	COM_DEVICE0_CONFIGURATION0_EP_SETTINGS_TABLE, 48
  81              	COM_DEVICE0_CONFIGURATION0_EP_SETTINGS_TABLE:
  82 005c 00       		.byte	0
  83 005d 00       		.byte	0
  84 005e 81       		.byte	-127
  85 005f 03       		.byte	3
  86 0060 0C00     		.short	12
  87 0062 02       		.byte	2
  88 0063 00       		.space	1
  89 0064 01       		.byte	1
  90 0065 00       		.byte	0
  91 0066 82       		.byte	-126
  92 0067 02       		.byte	2
  93 0068 4000     		.short	64
  94 006a 0A       		.byte	10
  95 006b 00       		.space	1
  96 006c 01       		.byte	1
  97 006d 00       		.byte	0
  98 006e 03       		.byte	3
  99 006f 02       		.byte	2
 100 0070 4000     		.short	64
 101 0072 0A       		.byte	10
 102 0073 00       		.space	1
 103 0074 02       		.byte	2
 104 0075 00       		.byte	0
 105 0076 84       		.byte	-124
 106 0077 03       		.byte	3
 107 0078 0C00     		.short	12
 108 007a 02       		.byte	2
 109 007b 00       		.space	1
 110 007c 03       		.byte	3
 111 007d 00       		.byte	0
 112 007e 85       		.byte	-123
 113 007f 02       		.byte	2
 114 0080 4000     		.short	64
ARM GAS  C:\Users\LUKASC~1\AppData\Local\Temp\ccmB6xe8.s 			page 3


 115 0082 0A       		.byte	10
 116 0083 00       		.space	1
 117 0084 03       		.byte	3
 118 0085 00       		.byte	0
 119 0086 06       		.byte	6
 120 0087 02       		.byte	2
 121 0088 4000     		.short	64
 122 008a 0A       		.byte	10
 123 008b 00       		.space	1
 124              		.type	COM_SN_STRING_DESCRIPTOR, %object
 125              		.size	COM_SN_STRING_DESCRIPTOR, 2
 126              	COM_SN_STRING_DESCRIPTOR:
 127 008c 02       		.byte	2
 128 008d 03       		.byte	3
 129 008e 0000     		.space	2
 130              		.type	COM_STRING_DESCRIPTORS, %object
 131              		.size	COM_STRING_DESCRIPTORS, 349
 132              	COM_STRING_DESCRIPTORS:
 133 0090 04       		.byte	4
 134 0091 03       		.byte	3
 135 0092 09       		.byte	9
 136 0093 04       		.byte	4
 137 0094 10       		.byte	16
 138 0095 03       		.byte	3
 139 0096 55       		.byte	85
 140 0097 00       		.byte	0
 141 0098 53       		.byte	83
 142 0099 00       		.byte	0
 143 009a 42       		.byte	66
 144 009b 00       		.byte	0
 145 009c 55       		.byte	85
 146 009d 00       		.byte	0
 147 009e 41       		.byte	65
 148 009f 00       		.byte	0
 149 00a0 52       		.byte	82
 150 00a1 00       		.byte	0
 151 00a2 54       		.byte	84
 152 00a3 00       		.byte	0
 153 00a4 14       		.byte	20
 154 00a5 03       		.byte	3
 155 00a6 55       		.byte	85
 156 00a7 00       		.byte	0
 157 00a8 53       		.byte	83
 158 00a9 00       		.byte	0
 159 00aa 42       		.byte	66
 160 00ab 00       		.byte	0
 161 00ac 55       		.byte	85
 162 00ad 00       		.byte	0
 163 00ae 41       		.byte	65
 164 00af 00       		.byte	0
 165 00b0 52       		.byte	82
 166 00b1 00       		.byte	0
 167 00b2 54       		.byte	84
 168 00b3 00       		.byte	0
 169 00b4 20       		.byte	32
 170 00b5 00       		.byte	0
 171 00b6 31       		.byte	49
ARM GAS  C:\Users\LUKASC~1\AppData\Local\Temp\ccmB6xe8.s 			page 4


 172 00b7 00       		.byte	0
 173 00b8 3C       		.byte	60
 174 00b9 03       		.byte	3
 175 00ba 43       		.byte	67
 176 00bb 00       		.byte	0
 177 00bc 44       		.byte	68
 178 00bd 00       		.byte	0
 179 00be 43       		.byte	67
 180 00bf 00       		.byte	0
 181 00c0 20       		.byte	32
 182 00c1 00       		.byte	0
 183 00c2 43       		.byte	67
 184 00c3 00       		.byte	0
 185 00c4 6F       		.byte	111
 186 00c5 00       		.byte	0
 187 00c6 6D       		.byte	109
 188 00c7 00       		.byte	0
 189 00c8 6D       		.byte	109
 190 00c9 00       		.byte	0
 191 00ca 75       		.byte	117
 192 00cb 00       		.byte	0
 193 00cc 6E       		.byte	110
 194 00cd 00       		.byte	0
 195 00ce 69       		.byte	105
 196 00cf 00       		.byte	0
 197 00d0 63       		.byte	99
 198 00d1 00       		.byte	0
 199 00d2 61       		.byte	97
 200 00d3 00       		.byte	0
 201 00d4 74       		.byte	116
 202 00d5 00       		.byte	0
 203 00d6 69       		.byte	105
 204 00d7 00       		.byte	0
 205 00d8 6F       		.byte	111
 206 00d9 00       		.byte	0
 207 00da 6E       		.byte	110
 208 00db 00       		.byte	0
 209 00dc 20       		.byte	32
 210 00dd 00       		.byte	0
 211 00de 49       		.byte	73
 212 00df 00       		.byte	0
 213 00e0 6E       		.byte	110
 214 00e1 00       		.byte	0
 215 00e2 74       		.byte	116
 216 00e3 00       		.byte	0
 217 00e4 65       		.byte	101
 218 00e5 00       		.byte	0
 219 00e6 72       		.byte	114
 220 00e7 00       		.byte	0
 221 00e8 66       		.byte	102
 222 00e9 00       		.byte	0
 223 00ea 61       		.byte	97
 224 00eb 00       		.byte	0
 225 00ec 63       		.byte	99
 226 00ed 00       		.byte	0
 227 00ee 65       		.byte	101
 228 00ef 00       		.byte	0
ARM GAS  C:\Users\LUKASC~1\AppData\Local\Temp\ccmB6xe8.s 			page 5


 229 00f0 20       		.byte	32
 230 00f1 00       		.byte	0
 231 00f2 30       		.byte	48
 232 00f3 00       		.byte	0
 233 00f4 2A       		.byte	42
 234 00f5 03       		.byte	3
 235 00f6 43       		.byte	67
 236 00f7 00       		.byte	0
 237 00f8 44       		.byte	68
 238 00f9 00       		.byte	0
 239 00fa 43       		.byte	67
 240 00fb 00       		.byte	0
 241 00fc 20       		.byte	32
 242 00fd 00       		.byte	0
 243 00fe 44       		.byte	68
 244 00ff 00       		.byte	0
 245 0100 61       		.byte	97
 246 0101 00       		.byte	0
 247 0102 74       		.byte	116
 248 0103 00       		.byte	0
 249 0104 61       		.byte	97
 250 0105 00       		.byte	0
 251 0106 20       		.byte	32
 252 0107 00       		.byte	0
 253 0108 49       		.byte	73
 254 0109 00       		.byte	0
 255 010a 6E       		.byte	110
 256 010b 00       		.byte	0
 257 010c 74       		.byte	116
 258 010d 00       		.byte	0
 259 010e 65       		.byte	101
 260 010f 00       		.byte	0
 261 0110 72       		.byte	114
 262 0111 00       		.byte	0
 263 0112 66       		.byte	102
 264 0113 00       		.byte	0
 265 0114 61       		.byte	97
 266 0115 00       		.byte	0
 267 0116 63       		.byte	99
 268 0117 00       		.byte	0
 269 0118 65       		.byte	101
 270 0119 00       		.byte	0
 271 011a 20       		.byte	32
 272 011b 00       		.byte	0
 273 011c 30       		.byte	48
 274 011d 00       		.byte	0
 275 011e 14       		.byte	20
 276 011f 03       		.byte	3
 277 0120 55       		.byte	85
 278 0121 00       		.byte	0
 279 0122 53       		.byte	83
 280 0123 00       		.byte	0
 281 0124 42       		.byte	66
 282 0125 00       		.byte	0
 283 0126 55       		.byte	85
 284 0127 00       		.byte	0
 285 0128 41       		.byte	65
ARM GAS  C:\Users\LUKASC~1\AppData\Local\Temp\ccmB6xe8.s 			page 6


 286 0129 00       		.byte	0
 287 012a 52       		.byte	82
 288 012b 00       		.byte	0
 289 012c 54       		.byte	84
 290 012d 00       		.byte	0
 291 012e 20       		.byte	32
 292 012f 00       		.byte	0
 293 0130 32       		.byte	50
 294 0131 00       		.byte	0
 295 0132 3C       		.byte	60
 296 0133 03       		.byte	3
 297 0134 43       		.byte	67
 298 0135 00       		.byte	0
 299 0136 44       		.byte	68
 300 0137 00       		.byte	0
 301 0138 43       		.byte	67
 302 0139 00       		.byte	0
 303 013a 20       		.byte	32
 304 013b 00       		.byte	0
 305 013c 43       		.byte	67
 306 013d 00       		.byte	0
 307 013e 6F       		.byte	111
 308 013f 00       		.byte	0
 309 0140 6D       		.byte	109
 310 0141 00       		.byte	0
 311 0142 6D       		.byte	109
 312 0143 00       		.byte	0
 313 0144 75       		.byte	117
 314 0145 00       		.byte	0
 315 0146 6E       		.byte	110
 316 0147 00       		.byte	0
 317 0148 69       		.byte	105
 318 0149 00       		.byte	0
 319 014a 63       		.byte	99
 320 014b 00       		.byte	0
 321 014c 61       		.byte	97
 322 014d 00       		.byte	0
 323 014e 74       		.byte	116
 324 014f 00       		.byte	0
 325 0150 69       		.byte	105
 326 0151 00       		.byte	0
 327 0152 6F       		.byte	111
 328 0153 00       		.byte	0
 329 0154 6E       		.byte	110
 330 0155 00       		.byte	0
 331 0156 20       		.byte	32
 332 0157 00       		.byte	0
 333 0158 49       		.byte	73
 334 0159 00       		.byte	0
 335 015a 6E       		.byte	110
 336 015b 00       		.byte	0
 337 015c 74       		.byte	116
 338 015d 00       		.byte	0
 339 015e 65       		.byte	101
 340 015f 00       		.byte	0
 341 0160 72       		.byte	114
 342 0161 00       		.byte	0
ARM GAS  C:\Users\LUKASC~1\AppData\Local\Temp\ccmB6xe8.s 			page 7


 343 0162 66       		.byte	102
 344 0163 00       		.byte	0
 345 0164 61       		.byte	97
 346 0165 00       		.byte	0
 347 0166 63       		.byte	99
 348 0167 00       		.byte	0
 349 0168 65       		.byte	101
 350 0169 00       		.byte	0
 351 016a 20       		.byte	32
 352 016b 00       		.byte	0
 353 016c 31       		.byte	49
 354 016d 00       		.byte	0
 355 016e 2A       		.byte	42
 356 016f 03       		.byte	3
 357 0170 43       		.byte	67
 358 0171 00       		.byte	0
 359 0172 44       		.byte	68
 360 0173 00       		.byte	0
 361 0174 43       		.byte	67
 362 0175 00       		.byte	0
 363 0176 20       		.byte	32
 364 0177 00       		.byte	0
 365 0178 44       		.byte	68
 366 0179 00       		.byte	0
 367 017a 61       		.byte	97
 368 017b 00       		.byte	0
 369 017c 74       		.byte	116
 370 017d 00       		.byte	0
 371 017e 61       		.byte	97
 372 017f 00       		.byte	0
 373 0180 20       		.byte	32
 374 0181 00       		.byte	0
 375 0182 49       		.byte	73
 376 0183 00       		.byte	0
 377 0184 6E       		.byte	110
 378 0185 00       		.byte	0
 379 0186 74       		.byte	116
 380 0187 00       		.byte	0
 381 0188 65       		.byte	101
 382 0189 00       		.byte	0
 383 018a 72       		.byte	114
 384 018b 00       		.byte	0
 385 018c 66       		.byte	102
 386 018d 00       		.byte	0
 387 018e 61       		.byte	97
 388 018f 00       		.byte	0
 389 0190 63       		.byte	99
 390 0191 00       		.byte	0
 391 0192 65       		.byte	101
 392 0193 00       		.byte	0
 393 0194 20       		.byte	32
 394 0195 00       		.byte	0
 395 0196 31       		.byte	49
 396 0197 00       		.byte	0
 397 0198 10       		.byte	16
 398 0199 03       		.byte	3
 399 019a 55       		.byte	85
ARM GAS  C:\Users\LUKASC~1\AppData\Local\Temp\ccmB6xe8.s 			page 8


 400 019b 00       		.byte	0
 401 019c 53       		.byte	83
 402 019d 00       		.byte	0
 403 019e 42       		.byte	66
 404 019f 00       		.byte	0
 405 01a0 63       		.byte	99
 406 01a1 00       		.byte	0
 407 01a2 6F       		.byte	111
 408 01a3 00       		.byte	0
 409 01a4 6D       		.byte	109
 410 01a5 00       		.byte	0
 411 01a6 31       		.byte	49
 412 01a7 00       		.byte	0
 413 01a8 10       		.byte	16
 414 01a9 03       		.byte	3
 415 01aa 55       		.byte	85
 416 01ab 00       		.byte	0
 417 01ac 53       		.byte	83
 418 01ad 00       		.byte	0
 419 01ae 42       		.byte	66
 420 01af 00       		.byte	0
 421 01b0 63       		.byte	99
 422 01b1 00       		.byte	0
 423 01b2 6F       		.byte	111
 424 01b3 00       		.byte	0
 425 01b4 6D       		.byte	109
 426 01b5 00       		.byte	0
 427 01b6 32       		.byte	50
 428 01b7 00       		.byte	0
 429 01b8 22       		.byte	34
 430 01b9 03       		.byte	3
 431 01ba 4C       		.byte	76
 432 01bb 00       		.byte	0
 433 01bc 75       		.byte	117
 434 01bd 00       		.byte	0
 435 01be 6B       		.byte	107
 436 01bf 00       		.byte	0
 437 01c0 61       		.byte	97
 438 01c1 00       		.byte	0
 439 01c2 73       		.byte	115
 440 01c3 00       		.byte	0
 441 01c4 20       		.byte	32
 442 01c5 00       		.byte	0
 443 01c6 43       		.byte	67
 444 01c7 00       		.byte	0
 445 01c8 72       		.byte	114
 446 01c9 00       		.byte	0
 447 01ca 65       		.byte	101
 448 01cb 00       		.byte	0
 449 01cc 75       		.byte	117
 450 01cd 00       		.byte	0
 451 01ce 74       		.byte	116
 452 01cf 00       		.byte	0
 453 01d0 7A       		.byte	122
 454 01d1 00       		.byte	0
 455 01d2 62       		.byte	98
 456 01d3 00       		.byte	0
ARM GAS  C:\Users\LUKASC~1\AppData\Local\Temp\ccmB6xe8.s 			page 9


 457 01d4 75       		.byte	117
 458 01d5 00       		.byte	0
 459 01d6 72       		.byte	114
 460 01d7 00       		.byte	0
 461 01d8 67       		.byte	103
 462 01d9 00       		.byte	0
 463 01da 12       		.byte	18
 464 01db 03       		.byte	3
 465 01dc 41       		.byte	65
 466 01dd 00       		.byte	0
 467 01de 4D       		.byte	77
 468 01df 00       		.byte	0
 469 01e0 50       		.byte	80
 470 01e1 00       		.byte	0
 471 01e2 5F       		.byte	95
 472 01e3 00       		.byte	0
 473 01e4 50       		.byte	80
 474 01e5 00       		.byte	0
 475 01e6 73       		.byte	115
 476 01e7 00       		.byte	0
 477 01e8 6F       		.byte	111
 478 01e9 00       		.byte	0
 479 01ea 63       		.byte	99
 480 01eb 00       		.byte	0
 481 01ec 00       		.byte	0
 482 01ed 000000   		.space	3
 483              		.type	COM_DEVICE0_CONFIGURATION0_DESCR, %object
 484              		.size	COM_DEVICE0_CONFIGURATION0_DESCR, 141
 485              	COM_DEVICE0_CONFIGURATION0_DESCR:
 486 01f0 09       		.byte	9
 487 01f1 02       		.byte	2
 488 01f2 8D       		.byte	-115
 489 01f3 00       		.byte	0
 490 01f4 04       		.byte	4
 491 01f5 01       		.byte	1
 492 01f6 00       		.byte	0
 493 01f7 80       		.byte	-128
 494 01f8 C8       		.byte	-56
 495 01f9 08       		.byte	8
 496 01fa 0B       		.byte	11
 497 01fb 00       		.byte	0
 498 01fc 02       		.byte	2
 499 01fd 02       		.byte	2
 500 01fe 02       		.byte	2
 501 01ff 00       		.byte	0
 502 0200 00       		.byte	0
 503 0201 09       		.byte	9
 504 0202 04       		.byte	4
 505 0203 00       		.byte	0
 506 0204 00       		.byte	0
 507 0205 01       		.byte	1
 508 0206 02       		.byte	2
 509 0207 02       		.byte	2
 510 0208 00       		.byte	0
 511 0209 03       		.byte	3
 512 020a 05       		.byte	5
 513 020b 24       		.byte	36
ARM GAS  C:\Users\LUKASC~1\AppData\Local\Temp\ccmB6xe8.s 			page 10


 514 020c 00       		.byte	0
 515 020d 10       		.byte	16
 516 020e 01       		.byte	1
 517 020f 04       		.byte	4
 518 0210 24       		.byte	36
 519 0211 02       		.byte	2
 520 0212 02       		.byte	2
 521 0213 05       		.byte	5
 522 0214 24       		.byte	36
 523 0215 06       		.byte	6
 524 0216 00       		.byte	0
 525 0217 01       		.byte	1
 526 0218 05       		.byte	5
 527 0219 24       		.byte	36
 528 021a 01       		.byte	1
 529 021b 00       		.byte	0
 530 021c 01       		.byte	1
 531 021d 07       		.byte	7
 532 021e 05       		.byte	5
 533 021f 81       		.byte	-127
 534 0220 03       		.byte	3
 535 0221 0C       		.byte	12
 536 0222 00       		.byte	0
 537 0223 0A       		.byte	10
 538 0224 09       		.byte	9
 539 0225 04       		.byte	4
 540 0226 01       		.byte	1
 541 0227 00       		.byte	0
 542 0228 02       		.byte	2
 543 0229 0A       		.byte	10
 544 022a 00       		.byte	0
 545 022b 00       		.byte	0
 546 022c 04       		.byte	4
 547 022d 07       		.byte	7
 548 022e 05       		.byte	5
 549 022f 82       		.byte	-126
 550 0230 02       		.byte	2
 551 0231 40       		.byte	64
 552 0232 00       		.byte	0
 553 0233 00       		.byte	0
 554 0234 07       		.byte	7
 555 0235 05       		.byte	5
 556 0236 03       		.byte	3
 557 0237 02       		.byte	2
 558 0238 40       		.byte	64
 559 0239 00       		.byte	0
 560 023a 00       		.byte	0
 561 023b 08       		.byte	8
 562 023c 0B       		.byte	11
 563 023d 02       		.byte	2
 564 023e 02       		.byte	2
 565 023f 02       		.byte	2
 566 0240 02       		.byte	2
 567 0241 00       		.byte	0
 568 0242 00       		.byte	0
 569 0243 09       		.byte	9
 570 0244 04       		.byte	4
ARM GAS  C:\Users\LUKASC~1\AppData\Local\Temp\ccmB6xe8.s 			page 11


 571 0245 02       		.byte	2
 572 0246 00       		.byte	0
 573 0247 01       		.byte	1
 574 0248 02       		.byte	2
 575 0249 02       		.byte	2
 576 024a 00       		.byte	0
 577 024b 06       		.byte	6
 578 024c 05       		.byte	5
 579 024d 24       		.byte	36
 580 024e 00       		.byte	0
 581 024f 10       		.byte	16
 582 0250 01       		.byte	1
 583 0251 04       		.byte	4
 584 0252 24       		.byte	36
 585 0253 02       		.byte	2
 586 0254 02       		.byte	2
 587 0255 05       		.byte	5
 588 0256 24       		.byte	36
 589 0257 06       		.byte	6
 590 0258 00       		.byte	0
 591 0259 01       		.byte	1
 592 025a 05       		.byte	5
 593 025b 24       		.byte	36
 594 025c 01       		.byte	1
 595 025d 00       		.byte	0
 596 025e 01       		.byte	1
 597 025f 07       		.byte	7
 598 0260 05       		.byte	5
 599 0261 84       		.byte	-124
 600 0262 03       		.byte	3
 601 0263 0C       		.byte	12
 602 0264 00       		.byte	0
 603 0265 0A       		.byte	10
 604 0266 09       		.byte	9
 605 0267 04       		.byte	4
 606 0268 03       		.byte	3
 607 0269 00       		.byte	0
 608 026a 02       		.byte	2
 609 026b 0A       		.byte	10
 610 026c 00       		.byte	0
 611 026d 00       		.byte	0
 612 026e 07       		.byte	7
 613 026f 07       		.byte	7
 614 0270 05       		.byte	5
 615 0271 85       		.byte	-123
 616 0272 02       		.byte	2
 617 0273 40       		.byte	64
 618 0274 00       		.byte	0
 619 0275 00       		.byte	0
 620 0276 07       		.byte	7
 621 0277 05       		.byte	5
 622 0278 06       		.byte	6
 623 0279 02       		.byte	2
 624 027a 40       		.byte	64
 625 027b 00       		.byte	0
 626 027c 00       		.byte	0
 627 027d 000000   		.space	3
ARM GAS  C:\Users\LUKASC~1\AppData\Local\Temp\ccmB6xe8.s 			page 12


 628              		.type	COM_DEVICE0_DESCR, %object
 629              		.size	COM_DEVICE0_DESCR, 18
 630              	COM_DEVICE0_DESCR:
 631 0280 12       		.byte	18
 632 0281 01       		.byte	1
 633 0282 00       		.byte	0
 634 0283 02       		.byte	2
 635 0284 EF       		.byte	-17
 636 0285 02       		.byte	2
 637 0286 01       		.byte	1
 638 0287 08       		.byte	8
 639 0288 B4       		.byte	-76
 640 0289 04       		.byte	4
 641 028a 32       		.byte	50
 642 028b F2       		.byte	-14
 643 028c 01       		.byte	1
 644 028d 00       		.byte	0
 645 028e 0A       		.byte	10
 646 028f 0B       		.byte	11
 647 0290 80       		.byte	-128
 648 0291 01       		.byte	1
 649 0292 0000     		.text
 650              	.Letext0:
 651              		.file 1 "Generated_Source\\PSoC5\\cytypes.h"
 652              		.file 2 "Generated_Source\\PSoC5\\COM.h"
 653              		.file 3 "Generated_Source\\PSoC5\\COM_descr.c"
 654              		.section	.debug_info,"",%progbits
 655              	.Ldebug_info0:
 656 0000 A0020000 		.4byte	0x2a0
 657 0004 0400     		.2byte	0x4
 658 0006 00000000 		.4byte	.Ldebug_abbrev0
 659 000a 04       		.byte	0x4
 660 000b 01       		.uleb128 0x1
 661 000c 3E010000 		.4byte	.LASF34
 662 0010 01       		.byte	0x1
 663 0011 6A020000 		.4byte	.LASF35
 664 0015 21000000 		.4byte	.LASF36
 665 0019 00000000 		.4byte	.Ldebug_line0
 666 001d 02       		.uleb128 0x2
 667 001e 01       		.byte	0x1
 668 001f 06       		.byte	0x6
 669 0020 0A030000 		.4byte	.LASF0
 670 0024 02       		.uleb128 0x2
 671 0025 01       		.byte	0x1
 672 0026 08       		.byte	0x8
 673 0027 CD000000 		.4byte	.LASF1
 674 002b 02       		.uleb128 0x2
 675 002c 02       		.byte	0x2
 676 002d 05       		.byte	0x5
 677 002e 8D020000 		.4byte	.LASF2
 678 0032 02       		.uleb128 0x2
 679 0033 02       		.byte	0x2
 680 0034 07       		.byte	0x7
 681 0035 16030000 		.4byte	.LASF3
 682 0039 02       		.uleb128 0x2
 683 003a 04       		.byte	0x4
 684 003b 05       		.byte	0x5
ARM GAS  C:\Users\LUKASC~1\AppData\Local\Temp\ccmB6xe8.s 			page 13


 685 003c D4020000 		.4byte	.LASF4
 686 0040 02       		.uleb128 0x2
 687 0041 04       		.byte	0x4
 688 0042 07       		.byte	0x7
 689 0043 E6000000 		.4byte	.LASF5
 690 0047 02       		.uleb128 0x2
 691 0048 08       		.byte	0x8
 692 0049 05       		.byte	0x5
 693 004a 33020000 		.4byte	.LASF6
 694 004e 02       		.uleb128 0x2
 695 004f 08       		.byte	0x8
 696 0050 07       		.byte	0x7
 697 0051 D9010000 		.4byte	.LASF7
 698 0055 03       		.uleb128 0x3
 699 0056 04       		.byte	0x4
 700 0057 05       		.byte	0x5
 701 0058 696E7400 		.ascii	"int\000"
 702 005c 02       		.uleb128 0x2
 703 005d 04       		.byte	0x4
 704 005e 07       		.byte	0x7
 705 005f CC010000 		.4byte	.LASF8
 706 0063 04       		.uleb128 0x4
 707 0064 C4020000 		.4byte	.LASF9
 708 0068 01       		.byte	0x1
 709 0069 9201     		.2byte	0x192
 710 006b 24000000 		.4byte	0x24
 711 006f 04       		.uleb128 0x4
 712 0070 37010000 		.4byte	.LASF10
 713 0074 01       		.byte	0x1
 714 0075 9301     		.2byte	0x193
 715 0077 32000000 		.4byte	0x32
 716 007b 02       		.uleb128 0x2
 717 007c 04       		.byte	0x4
 718 007d 04       		.byte	0x4
 719 007e BC000000 		.4byte	.LASF11
 720 0082 02       		.uleb128 0x2
 721 0083 08       		.byte	0x8
 722 0084 04       		.byte	0x4
 723 0085 1E010000 		.4byte	.LASF12
 724 0089 02       		.uleb128 0x2
 725 008a 01       		.byte	0x1
 726 008b 08       		.byte	0x8
 727 008c 41020000 		.4byte	.LASF13
 728 0090 02       		.uleb128 0x2
 729 0091 04       		.byte	0x4
 730 0092 07       		.byte	0x7
 731 0093 2A020000 		.4byte	.LASF14
 732 0097 05       		.uleb128 0x5
 733 0098 08       		.byte	0x8
 734 0099 02       		.byte	0x2
 735 009a 9A       		.byte	0x9a
 736 009b E8000000 		.4byte	0xe8
 737 009f 06       		.uleb128 0x6
 738 00a0 CA020000 		.4byte	.LASF15
 739 00a4 02       		.byte	0x2
 740 00a5 9C       		.byte	0x9c
 741 00a6 63000000 		.4byte	0x63
ARM GAS  C:\Users\LUKASC~1\AppData\Local\Temp\ccmB6xe8.s 			page 14


 742 00aa 00       		.byte	0
 743 00ab 06       		.uleb128 0x6
 744 00ac C2000000 		.4byte	.LASF16
 745 00b0 02       		.byte	0x2
 746 00b1 9D       		.byte	0x9d
 747 00b2 63000000 		.4byte	0x63
 748 00b6 01       		.byte	0x1
 749 00b7 06       		.uleb128 0x6
 750 00b8 F8000000 		.4byte	.LASF17
 751 00bc 02       		.byte	0x2
 752 00bd 9E       		.byte	0x9e
 753 00be 63000000 		.4byte	0x63
 754 00c2 02       		.byte	0x2
 755 00c3 06       		.uleb128 0x6
 756 00c4 DB000000 		.4byte	.LASF18
 757 00c8 02       		.byte	0x2
 758 00c9 9F       		.byte	0x9f
 759 00ca 63000000 		.4byte	0x63
 760 00ce 03       		.byte	0x3
 761 00cf 06       		.uleb128 0x6
 762 00d0 5F020000 		.4byte	.LASF19
 763 00d4 02       		.byte	0x2
 764 00d5 A0       		.byte	0xa0
 765 00d6 6F000000 		.4byte	0x6f
 766 00da 04       		.byte	0x4
 767 00db 06       		.uleb128 0x6
 768 00dc 29030000 		.4byte	.LASF20
 769 00e0 02       		.byte	0x2
 770 00e1 A1       		.byte	0xa1
 771 00e2 63000000 		.4byte	0x63
 772 00e6 06       		.byte	0x6
 773 00e7 00       		.byte	0
 774 00e8 07       		.uleb128 0x7
 775 00e9 A4000000 		.4byte	.LASF21
 776 00ed 02       		.byte	0x2
 777 00ee A2       		.byte	0xa2
 778 00ef 97000000 		.4byte	0x97
 779 00f3 05       		.uleb128 0x5
 780 00f4 08       		.byte	0x8
 781 00f5 02       		.byte	0x2
 782 00f6 B1       		.byte	0xb1
 783 00f7 12010000 		.4byte	0x112
 784 00fb 08       		.uleb128 0x8
 785 00fc 6300     		.ascii	"c\000"
 786 00fe 02       		.byte	0x2
 787 00ff B3       		.byte	0xb3
 788 0100 63000000 		.4byte	0x63
 789 0104 00       		.byte	0
 790 0105 06       		.uleb128 0x6
 791 0106 F0010000 		.4byte	.LASF22
 792 010a 02       		.byte	0x2
 793 010b B4       		.byte	0xb4
 794 010c 12010000 		.4byte	0x112
 795 0110 04       		.byte	0x4
 796 0111 00       		.byte	0
 797 0112 09       		.uleb128 0x9
 798 0113 04       		.byte	0x4
ARM GAS  C:\Users\LUKASC~1\AppData\Local\Temp\ccmB6xe8.s 			page 15


 799 0114 18010000 		.4byte	0x118
 800 0118 0A       		.uleb128 0xa
 801 0119 07       		.uleb128 0x7
 802 011a 00000000 		.4byte	.LASF23
 803 011e 02       		.byte	0x2
 804 011f B5       		.byte	0xb5
 805 0120 F3000000 		.4byte	0xf3
 806 0124 0B       		.uleb128 0xb
 807 0125 63000000 		.4byte	0x63
 808 0129 34010000 		.4byte	0x134
 809 012d 0C       		.uleb128 0xc
 810 012e 90000000 		.4byte	0x90
 811 0132 11       		.byte	0x11
 812 0133 00       		.byte	0
 813 0134 0D       		.uleb128 0xd
 814 0135 18020000 		.4byte	.LASF24
 815 0139 03       		.byte	0x3
 816 013a 24       		.byte	0x24
 817 013b 45010000 		.4byte	0x145
 818 013f 05       		.uleb128 0x5
 819 0140 03       		.byte	0x3
 820 0141 00000000 		.4byte	COM_DEVICE0_DESCR
 821 0145 0E       		.uleb128 0xe
 822 0146 24010000 		.4byte	0x124
 823 014a 0B       		.uleb128 0xb
 824 014b 63000000 		.4byte	0x63
 825 014f 5A010000 		.4byte	0x15a
 826 0153 0C       		.uleb128 0xc
 827 0154 90000000 		.4byte	0x90
 828 0158 8C       		.byte	0x8c
 829 0159 00       		.byte	0
 830 015a 0D       		.uleb128 0xd
 831 015b F7010000 		.4byte	.LASF25
 832 015f 03       		.byte	0x3
 833 0160 37       		.byte	0x37
 834 0161 6B010000 		.4byte	0x16b
 835 0165 05       		.uleb128 0x5
 836 0166 03       		.byte	0x3
 837 0167 00000000 		.4byte	COM_DEVICE0_CONFIGURATION0_DESCR
 838 016b 0E       		.uleb128 0xe
 839 016c 4A010000 		.4byte	0x14a
 840 0170 0B       		.uleb128 0xb
 841 0171 E8000000 		.4byte	0xe8
 842 0175 80010000 		.4byte	0x180
 843 0179 0C       		.uleb128 0xc
 844 017a 90000000 		.4byte	0x90
 845 017e 05       		.byte	0x5
 846 017f 00       		.byte	0
 847 0180 0F       		.uleb128 0xf
 848 0181 DD020000 		.4byte	.LASF26
 849 0185 03       		.byte	0x3
 850 0186 7501     		.2byte	0x175
 851 0188 92010000 		.4byte	0x192
 852 018c 05       		.uleb128 0x5
 853 018d 03       		.byte	0x3
 854 018e 00000000 		.4byte	COM_DEVICE0_CONFIGURATION0_EP_SETTINGS_TABLE
 855 0192 0E       		.uleb128 0xe
ARM GAS  C:\Users\LUKASC~1\AppData\Local\Temp\ccmB6xe8.s 			page 16


 856 0193 70010000 		.4byte	0x170
 857 0197 0B       		.uleb128 0xb
 858 0198 63000000 		.4byte	0x63
 859 019c A7010000 		.4byte	0x1a7
 860 01a0 0C       		.uleb128 0xc
 861 01a1 90000000 		.4byte	0x90
 862 01a5 03       		.byte	0x3
 863 01a6 00       		.byte	0
 864 01a7 0F       		.uleb128 0xf
 865 01a8 79000000 		.4byte	.LASF27
 866 01ac 03       		.byte	0x3
 867 01ad 7E01     		.2byte	0x17e
 868 01af B9010000 		.4byte	0x1b9
 869 01b3 05       		.uleb128 0x5
 870 01b4 03       		.byte	0x3
 871 01b5 00000000 		.4byte	COM_DEVICE0_CONFIGURATION0_INTERFACE_CLASS
 872 01b9 0E       		.uleb128 0xe
 873 01ba 97010000 		.4byte	0x197
 874 01be 0B       		.uleb128 0xb
 875 01bf 19010000 		.4byte	0x119
 876 01c3 CE010000 		.4byte	0x1ce
 877 01c7 0C       		.uleb128 0xc
 878 01c8 90000000 		.4byte	0x90
 879 01cc 06       		.byte	0x6
 880 01cd 00       		.byte	0
 881 01ce 0F       		.uleb128 0xf
 882 01cf FD000000 		.4byte	.LASF28
 883 01d3 03       		.byte	0x3
 884 01d4 8601     		.2byte	0x186
 885 01d6 E0010000 		.4byte	0x1e0
 886 01da 05       		.uleb128 0x5
 887 01db 03       		.byte	0x3
 888 01dc 00000000 		.4byte	COM_DEVICE0_CONFIGURATION0_TABLE
 889 01e0 0E       		.uleb128 0xe
 890 01e1 BE010000 		.4byte	0x1be
 891 01e5 0B       		.uleb128 0xb
 892 01e6 19010000 		.4byte	0x119
 893 01ea F5010000 		.4byte	0x1f5
 894 01ee 0C       		.uleb128 0xc
 895 01ef 90000000 		.4byte	0x90
 896 01f3 02       		.byte	0x2
 897 01f4 00       		.byte	0
 898 01f5 0F       		.uleb128 0xf
 899 01f6 25010000 		.4byte	.LASF29
 900 01fa 03       		.byte	0x3
 901 01fb 9301     		.2byte	0x193
 902 01fd 07020000 		.4byte	0x207
 903 0201 05       		.uleb128 0x5
 904 0202 03       		.byte	0x3
 905 0203 00000000 		.4byte	COM_DEVICE0_TABLE
 906 0207 0E       		.uleb128 0xe
 907 0208 E5010000 		.4byte	0x1e5
 908 020c 0B       		.uleb128 0xb
 909 020d 19010000 		.4byte	0x119
 910 0211 1C020000 		.4byte	0x21c
 911 0215 0C       		.uleb128 0xc
 912 0216 90000000 		.4byte	0x90
ARM GAS  C:\Users\LUKASC~1\AppData\Local\Temp\ccmB6xe8.s 			page 17


 913 021a 00       		.byte	0
 914 021b 00       		.byte	0
 915 021c 0F       		.uleb128 0xf
 916 021d BA020000 		.4byte	.LASF30
 917 0221 03       		.byte	0x3
 918 0222 9B01     		.2byte	0x19b
 919 0224 2E020000 		.4byte	0x22e
 920 0228 05       		.uleb128 0x5
 921 0229 03       		.byte	0x3
 922 022a 00000000 		.4byte	COM_TABLE
 923 022e 0E       		.uleb128 0xe
 924 022f 0C020000 		.4byte	0x20c
 925 0233 0B       		.uleb128 0xb
 926 0234 63000000 		.4byte	0x63
 927 0238 43020000 		.4byte	0x243
 928 023c 0C       		.uleb128 0xc
 929 023d 90000000 		.4byte	0x90
 930 0241 01       		.byte	0x1
 931 0242 00       		.byte	0
 932 0243 0F       		.uleb128 0xf
 933 0244 46020000 		.4byte	.LASF31
 934 0248 03       		.byte	0x3
 935 0249 6601     		.2byte	0x166
 936 024b 55020000 		.4byte	0x255
 937 024f 05       		.uleb128 0x5
 938 0250 03       		.byte	0x3
 939 0251 00000000 		.4byte	COM_SN_STRING_DESCRIPTOR
 940 0255 0E       		.uleb128 0xe
 941 0256 33020000 		.4byte	0x233
 942 025a 0B       		.uleb128 0xb
 943 025b 63000000 		.4byte	0x63
 944 025f 6B020000 		.4byte	0x26b
 945 0263 10       		.uleb128 0x10
 946 0264 90000000 		.4byte	0x90
 947 0268 5C01     		.2byte	0x15c
 948 026a 00       		.byte	0
 949 026b 0D       		.uleb128 0xd
 950 026c 0A000000 		.4byte	.LASF32
 951 0270 03       		.byte	0x3
 952 0271 FD       		.byte	0xfd
 953 0272 7C020000 		.4byte	0x27c
 954 0276 05       		.uleb128 0x5
 955 0277 03       		.byte	0x3
 956 0278 00000000 		.4byte	COM_STRING_DESCRIPTORS
 957 027c 0E       		.uleb128 0xe
 958 027d 5A020000 		.4byte	0x25a
 959 0281 0B       		.uleb128 0xb
 960 0282 63000000 		.4byte	0x63
 961 0286 91020000 		.4byte	0x291
 962 028a 0C       		.uleb128 0xc
 963 028b 90000000 		.4byte	0x90
 964 028f 21       		.byte	0x21
 965 0290 00       		.byte	0
 966 0291 0F       		.uleb128 0xf
 967 0292 97020000 		.4byte	.LASF33
 968 0296 03       		.byte	0x3
 969 0297 C901     		.2byte	0x1c9
ARM GAS  C:\Users\LUKASC~1\AppData\Local\Temp\ccmB6xe8.s 			page 18


 970 0299 81020000 		.4byte	0x281
 971 029d 05       		.uleb128 0x5
 972 029e 03       		.byte	0x3
 973 029f 00000000 		.4byte	COM_idSerialNumberStringDescriptor
 974 02a3 00       		.byte	0
 975              		.section	.debug_abbrev,"",%progbits
 976              	.Ldebug_abbrev0:
 977 0000 01       		.uleb128 0x1
 978 0001 11       		.uleb128 0x11
 979 0002 01       		.byte	0x1
 980 0003 25       		.uleb128 0x25
 981 0004 0E       		.uleb128 0xe
 982 0005 13       		.uleb128 0x13
 983 0006 0B       		.uleb128 0xb
 984 0007 03       		.uleb128 0x3
 985 0008 0E       		.uleb128 0xe
 986 0009 1B       		.uleb128 0x1b
 987 000a 0E       		.uleb128 0xe
 988 000b 10       		.uleb128 0x10
 989 000c 17       		.uleb128 0x17
 990 000d 00       		.byte	0
 991 000e 00       		.byte	0
 992 000f 02       		.uleb128 0x2
 993 0010 24       		.uleb128 0x24
 994 0011 00       		.byte	0
 995 0012 0B       		.uleb128 0xb
 996 0013 0B       		.uleb128 0xb
 997 0014 3E       		.uleb128 0x3e
 998 0015 0B       		.uleb128 0xb
 999 0016 03       		.uleb128 0x3
 1000 0017 0E       		.uleb128 0xe
 1001 0018 00       		.byte	0
 1002 0019 00       		.byte	0
 1003 001a 03       		.uleb128 0x3
 1004 001b 24       		.uleb128 0x24
 1005 001c 00       		.byte	0
 1006 001d 0B       		.uleb128 0xb
 1007 001e 0B       		.uleb128 0xb
 1008 001f 3E       		.uleb128 0x3e
 1009 0020 0B       		.uleb128 0xb
 1010 0021 03       		.uleb128 0x3
 1011 0022 08       		.uleb128 0x8
 1012 0023 00       		.byte	0
 1013 0024 00       		.byte	0
 1014 0025 04       		.uleb128 0x4
 1015 0026 16       		.uleb128 0x16
 1016 0027 00       		.byte	0
 1017 0028 03       		.uleb128 0x3
 1018 0029 0E       		.uleb128 0xe
 1019 002a 3A       		.uleb128 0x3a
 1020 002b 0B       		.uleb128 0xb
 1021 002c 3B       		.uleb128 0x3b
 1022 002d 05       		.uleb128 0x5
 1023 002e 49       		.uleb128 0x49
 1024 002f 13       		.uleb128 0x13
 1025 0030 00       		.byte	0
 1026 0031 00       		.byte	0
ARM GAS  C:\Users\LUKASC~1\AppData\Local\Temp\ccmB6xe8.s 			page 19


 1027 0032 05       		.uleb128 0x5
 1028 0033 13       		.uleb128 0x13
 1029 0034 01       		.byte	0x1
 1030 0035 0B       		.uleb128 0xb
 1031 0036 0B       		.uleb128 0xb
 1032 0037 3A       		.uleb128 0x3a
 1033 0038 0B       		.uleb128 0xb
 1034 0039 3B       		.uleb128 0x3b
 1035 003a 0B       		.uleb128 0xb
 1036 003b 01       		.uleb128 0x1
 1037 003c 13       		.uleb128 0x13
 1038 003d 00       		.byte	0
 1039 003e 00       		.byte	0
 1040 003f 06       		.uleb128 0x6
 1041 0040 0D       		.uleb128 0xd
 1042 0041 00       		.byte	0
 1043 0042 03       		.uleb128 0x3
 1044 0043 0E       		.uleb128 0xe
 1045 0044 3A       		.uleb128 0x3a
 1046 0045 0B       		.uleb128 0xb
 1047 0046 3B       		.uleb128 0x3b
 1048 0047 0B       		.uleb128 0xb
 1049 0048 49       		.uleb128 0x49
 1050 0049 13       		.uleb128 0x13
 1051 004a 38       		.uleb128 0x38
 1052 004b 0B       		.uleb128 0xb
 1053 004c 00       		.byte	0
 1054 004d 00       		.byte	0
 1055 004e 07       		.uleb128 0x7
 1056 004f 16       		.uleb128 0x16
 1057 0050 00       		.byte	0
 1058 0051 03       		.uleb128 0x3
 1059 0052 0E       		.uleb128 0xe
 1060 0053 3A       		.uleb128 0x3a
 1061 0054 0B       		.uleb128 0xb
 1062 0055 3B       		.uleb128 0x3b
 1063 0056 0B       		.uleb128 0xb
 1064 0057 49       		.uleb128 0x49
 1065 0058 13       		.uleb128 0x13
 1066 0059 00       		.byte	0
 1067 005a 00       		.byte	0
 1068 005b 08       		.uleb128 0x8
 1069 005c 0D       		.uleb128 0xd
 1070 005d 00       		.byte	0
 1071 005e 03       		.uleb128 0x3
 1072 005f 08       		.uleb128 0x8
 1073 0060 3A       		.uleb128 0x3a
 1074 0061 0B       		.uleb128 0xb
 1075 0062 3B       		.uleb128 0x3b
 1076 0063 0B       		.uleb128 0xb
 1077 0064 49       		.uleb128 0x49
 1078 0065 13       		.uleb128 0x13
 1079 0066 38       		.uleb128 0x38
 1080 0067 0B       		.uleb128 0xb
 1081 0068 00       		.byte	0
 1082 0069 00       		.byte	0
 1083 006a 09       		.uleb128 0x9
ARM GAS  C:\Users\LUKASC~1\AppData\Local\Temp\ccmB6xe8.s 			page 20


 1084 006b 0F       		.uleb128 0xf
 1085 006c 00       		.byte	0
 1086 006d 0B       		.uleb128 0xb
 1087 006e 0B       		.uleb128 0xb
 1088 006f 49       		.uleb128 0x49
 1089 0070 13       		.uleb128 0x13
 1090 0071 00       		.byte	0
 1091 0072 00       		.byte	0
 1092 0073 0A       		.uleb128 0xa
 1093 0074 26       		.uleb128 0x26
 1094 0075 00       		.byte	0
 1095 0076 00       		.byte	0
 1096 0077 00       		.byte	0
 1097 0078 0B       		.uleb128 0xb
 1098 0079 01       		.uleb128 0x1
 1099 007a 01       		.byte	0x1
 1100 007b 49       		.uleb128 0x49
 1101 007c 13       		.uleb128 0x13
 1102 007d 01       		.uleb128 0x1
 1103 007e 13       		.uleb128 0x13
 1104 007f 00       		.byte	0
 1105 0080 00       		.byte	0
 1106 0081 0C       		.uleb128 0xc
 1107 0082 21       		.uleb128 0x21
 1108 0083 00       		.byte	0
 1109 0084 49       		.uleb128 0x49
 1110 0085 13       		.uleb128 0x13
 1111 0086 2F       		.uleb128 0x2f
 1112 0087 0B       		.uleb128 0xb
 1113 0088 00       		.byte	0
 1114 0089 00       		.byte	0
 1115 008a 0D       		.uleb128 0xd
 1116 008b 34       		.uleb128 0x34
 1117 008c 00       		.byte	0
 1118 008d 03       		.uleb128 0x3
 1119 008e 0E       		.uleb128 0xe
 1120 008f 3A       		.uleb128 0x3a
 1121 0090 0B       		.uleb128 0xb
 1122 0091 3B       		.uleb128 0x3b
 1123 0092 0B       		.uleb128 0xb
 1124 0093 49       		.uleb128 0x49
 1125 0094 13       		.uleb128 0x13
 1126 0095 3F       		.uleb128 0x3f
 1127 0096 19       		.uleb128 0x19
 1128 0097 02       		.uleb128 0x2
 1129 0098 18       		.uleb128 0x18
 1130 0099 00       		.byte	0
 1131 009a 00       		.byte	0
 1132 009b 0E       		.uleb128 0xe
 1133 009c 26       		.uleb128 0x26
 1134 009d 00       		.byte	0
 1135 009e 49       		.uleb128 0x49
 1136 009f 13       		.uleb128 0x13
 1137 00a0 00       		.byte	0
 1138 00a1 00       		.byte	0
 1139 00a2 0F       		.uleb128 0xf
 1140 00a3 34       		.uleb128 0x34
ARM GAS  C:\Users\LUKASC~1\AppData\Local\Temp\ccmB6xe8.s 			page 21


 1141 00a4 00       		.byte	0
 1142 00a5 03       		.uleb128 0x3
 1143 00a6 0E       		.uleb128 0xe
 1144 00a7 3A       		.uleb128 0x3a
 1145 00a8 0B       		.uleb128 0xb
 1146 00a9 3B       		.uleb128 0x3b
 1147 00aa 05       		.uleb128 0x5
 1148 00ab 49       		.uleb128 0x49
 1149 00ac 13       		.uleb128 0x13
 1150 00ad 3F       		.uleb128 0x3f
 1151 00ae 19       		.uleb128 0x19
 1152 00af 02       		.uleb128 0x2
 1153 00b0 18       		.uleb128 0x18
 1154 00b1 00       		.byte	0
 1155 00b2 00       		.byte	0
 1156 00b3 10       		.uleb128 0x10
 1157 00b4 21       		.uleb128 0x21
 1158 00b5 00       		.byte	0
 1159 00b6 49       		.uleb128 0x49
 1160 00b7 13       		.uleb128 0x13
 1161 00b8 2F       		.uleb128 0x2f
 1162 00b9 05       		.uleb128 0x5
 1163 00ba 00       		.byte	0
 1164 00bb 00       		.byte	0
 1165 00bc 00       		.byte	0
 1166              		.section	.debug_aranges,"",%progbits
 1167 0000 14000000 		.4byte	0x14
 1168 0004 0200     		.2byte	0x2
 1169 0006 00000000 		.4byte	.Ldebug_info0
 1170 000a 04       		.byte	0x4
 1171 000b 00       		.byte	0
 1172 000c 0000     		.2byte	0
 1173 000e 0000     		.2byte	0
 1174 0010 00000000 		.4byte	0
 1175 0014 00000000 		.4byte	0
 1176              		.section	.debug_line,"",%progbits
 1177              	.Ldebug_line0:
 1178 0000 55000000 		.section	.debug_str,"MS",%progbits,1
 1178      02004F00 
 1178      00000201 
 1178      FB0E0D00 
 1178      01010101 
 1179              	.LASF23:
 1180 0000 545F434F 		.ascii	"T_COM_LUT\000"
 1180      4D5F4C55 
 1180      5400
 1181              	.LASF32:
 1182 000a 434F4D5F 		.ascii	"COM_STRING_DESCRIPTORS\000"
 1182      53545249 
 1182      4E475F44 
 1182      45534352 
 1182      4950544F 
 1183              	.LASF36:
 1184 0021 433A5C55 		.ascii	"C:\\Users\\Lukas Creutzburg\\Documents\\GitHub\\fre"
 1184      73657273 
 1184      5C4C756B 
 1184      61732043 
ARM GAS  C:\Users\LUKASC~1\AppData\Local\Temp\ccmB6xe8.s 			page 22


 1184      72657574 
 1185 004f 65445350 		.ascii	"eDSP_6CHamp\\PSoC Workspace\\Controls.cydsn\000"
 1185      5F364348 
 1185      616D705C 
 1185      50536F43 
 1185      20576F72 
 1186              	.LASF27:
 1187 0079 434F4D5F 		.ascii	"COM_DEVICE0_CONFIGURATION0_INTERFACE_CLASS\000"
 1187      44455649 
 1187      4345305F 
 1187      434F4E46 
 1187      49475552 
 1188              	.LASF21:
 1189 00a4 545F434F 		.ascii	"T_COM_EP_SETTINGS_BLOCK\000"
 1189      4D5F4550 
 1189      5F534554 
 1189      54494E47 
 1189      535F424C 
 1190              	.LASF11:
 1191 00bc 666C6F61 		.ascii	"float\000"
 1191      7400
 1192              	.LASF16:
 1193 00c2 616C7453 		.ascii	"altSetting\000"
 1193      65747469 
 1193      6E6700
 1194              	.LASF1:
 1195 00cd 756E7369 		.ascii	"unsigned char\000"
 1195      676E6564 
 1195      20636861 
 1195      7200
 1196              	.LASF18:
 1197 00db 61747472 		.ascii	"attributes\000"
 1197      69627574 
 1197      657300
 1198              	.LASF5:
 1199 00e6 6C6F6E67 		.ascii	"long unsigned int\000"
 1199      20756E73 
 1199      69676E65 
 1199      6420696E 
 1199      7400
 1200              	.LASF17:
 1201 00f8 61646472 		.ascii	"addr\000"
 1201      00
 1202              	.LASF28:
 1203 00fd 434F4D5F 		.ascii	"COM_DEVICE0_CONFIGURATION0_TABLE\000"
 1203      44455649 
 1203      4345305F 
 1203      434F4E46 
 1203      49475552 
 1204              	.LASF12:
 1205 011e 646F7562 		.ascii	"double\000"
 1205      6C6500
 1206              	.LASF29:
 1207 0125 434F4D5F 		.ascii	"COM_DEVICE0_TABLE\000"
 1207      44455649 
 1207      4345305F 
 1207      5441424C 
ARM GAS  C:\Users\LUKASC~1\AppData\Local\Temp\ccmB6xe8.s 			page 23


 1207      4500
 1208              	.LASF10:
 1209 0137 75696E74 		.ascii	"uint16\000"
 1209      313600
 1210              	.LASF34:
 1211 013e 474E5520 		.ascii	"GNU C 4.9.3 20150303 (release) [ARM/embedded-4_9-br"
 1211      4320342E 
 1211      392E3320 
 1211      32303135 
 1211      30333033 
 1212 0171 616E6368 		.ascii	"anch revision 221220] -mcpu=cortex-m3 -mthumb -g -O"
 1212      20726576 
 1212      6973696F 
 1212      6E203232 
 1212      31323230 
 1213 01a4 67202D66 		.ascii	"g -ffunction-sections -ffat-lto-objects\000"
 1213      66756E63 
 1213      74696F6E 
 1213      2D736563 
 1213      74696F6E 
 1214              	.LASF8:
 1215 01cc 756E7369 		.ascii	"unsigned int\000"
 1215      676E6564 
 1215      20696E74 
 1215      00
 1216              	.LASF7:
 1217 01d9 6C6F6E67 		.ascii	"long long unsigned int\000"
 1217      206C6F6E 
 1217      6720756E 
 1217      7369676E 
 1217      65642069 
 1218              	.LASF22:
 1219 01f0 705F6C69 		.ascii	"p_list\000"
 1219      737400
 1220              	.LASF25:
 1221 01f7 434F4D5F 		.ascii	"COM_DEVICE0_CONFIGURATION0_DESCR\000"
 1221      44455649 
 1221      4345305F 
 1221      434F4E46 
 1221      49475552 
 1222              	.LASF24:
 1223 0218 434F4D5F 		.ascii	"COM_DEVICE0_DESCR\000"
 1223      44455649 
 1223      4345305F 
 1223      44455343 
 1223      5200
 1224              	.LASF14:
 1225 022a 73697A65 		.ascii	"sizetype\000"
 1225      74797065 
 1225      00
 1226              	.LASF6:
 1227 0233 6C6F6E67 		.ascii	"long long int\000"
 1227      206C6F6E 
 1227      6720696E 
 1227      7400
 1228              	.LASF13:
 1229 0241 63686172 		.ascii	"char\000"
ARM GAS  C:\Users\LUKASC~1\AppData\Local\Temp\ccmB6xe8.s 			page 24


 1229      00
 1230              	.LASF31:
 1231 0246 434F4D5F 		.ascii	"COM_SN_STRING_DESCRIPTOR\000"
 1231      534E5F53 
 1231      5452494E 
 1231      475F4445 
 1231      53435249 
 1232              	.LASF19:
 1233 025f 62756666 		.ascii	"bufferSize\000"
 1233      65725369 
 1233      7A6500
 1234              	.LASF35:
 1235 026a 47656E65 		.ascii	"Generated_Source\\PSoC5\\COM_descr.c\000"
 1235      72617465 
 1235      645F536F 
 1235      75726365 
 1235      5C50536F 
 1236              	.LASF2:
 1237 028d 73686F72 		.ascii	"short int\000"
 1237      7420696E 
 1237      7400
 1238              	.LASF33:
 1239 0297 434F4D5F 		.ascii	"COM_idSerialNumberStringDescriptor\000"
 1239      69645365 
 1239      7269616C 
 1239      4E756D62 
 1239      65725374 
 1240              	.LASF30:
 1241 02ba 434F4D5F 		.ascii	"COM_TABLE\000"
 1241      5441424C 
 1241      4500
 1242              	.LASF9:
 1243 02c4 75696E74 		.ascii	"uint8\000"
 1243      3800
 1244              	.LASF15:
 1245 02ca 696E7465 		.ascii	"interface\000"
 1245      72666163 
 1245      6500
 1246              	.LASF4:
 1247 02d4 6C6F6E67 		.ascii	"long int\000"
 1247      20696E74 
 1247      00
 1248              	.LASF26:
 1249 02dd 434F4D5F 		.ascii	"COM_DEVICE0_CONFIGURATION0_EP_SETTINGS_TABLE\000"
 1249      44455649 
 1249      4345305F 
 1249      434F4E46 
 1249      49475552 
 1250              	.LASF0:
 1251 030a 7369676E 		.ascii	"signed char\000"
 1251      65642063 
 1251      68617200 
 1252              	.LASF3:
 1253 0316 73686F72 		.ascii	"short unsigned int\000"
 1253      7420756E 
 1253      7369676E 
 1253      65642069 
ARM GAS  C:\Users\LUKASC~1\AppData\Local\Temp\ccmB6xe8.s 			page 25


 1253      6E7400
 1254              	.LASF20:
 1255 0329 624D6973 		.ascii	"bMisc\000"
 1255      6300
 1256              		.ident	"GCC: (GNU Tools for ARM Embedded Processors) 4.9.3 20150303 (release) [ARM/embedded-4_9-br
