ARM GAS  C:\Users\LUKASC~1\AppData\Local\Temp\cctXInYh.s 			page 1


   1              		.syntax unified
   2              		.cpu cortex-m3
   3              		.fpu softvfp
   4              		.eabi_attribute 20, 1
   5              		.eabi_attribute 21, 1
   6              		.eabi_attribute 23, 3
   7              		.eabi_attribute 24, 1
   8              		.eabi_attribute 25, 1
   9              		.eabi_attribute 26, 1
  10              		.eabi_attribute 30, 1
  11              		.eabi_attribute 34, 1
  12              		.eabi_attribute 18, 4
  13              		.thumb
  14              		.file	"cymetadata.c"
  15              		.text
  16              	.Ltext0:
  17              		.cfi_sections	.debug_frame
  18              		.global	cy_metadata
  19              		.global	cy_meta_flashprotect
  20              		.global	cy_meta_wonvl
  21              		.global	cy_meta_custnvl
  22              		.global	cy_meta_configecc
  23              		.section	.cyconfigecc,"a",%progbits
  24              		.align	2
  25              		.type	cy_meta_configecc, %object
  26              		.size	cy_meta_configecc, 592
  27              	cy_meta_configecc:
  28 0000 01       		.byte	1
  29 0001 45       		.byte	69
  30 0002 00       		.byte	0
  31 0003 40       		.byte	64
  32 0004 02       		.byte	2
  33 0005 4F       		.byte	79
  34 0006 00       		.byte	0
  35 0007 40       		.byte	64
  36 0008 01       		.byte	1
  37 0009 52       		.byte	82
  38 000a 00       		.byte	0
  39 000b 40       		.byte	64
  40 000c 01       		.byte	1
  41 000d 5B       		.byte	91
  42 000e 00       		.byte	0
  43 000f 40       		.byte	64
  44 0010 01       		.byte	1
  45 0011 64       		.byte	100
  46 0012 00       		.byte	0
  47 0013 40       		.byte	64
  48 0014 01       		.byte	1
  49 0015 01       		.byte	1
  50 0016 01       		.byte	1
  51 0017 40       		.byte	64
  52 0018 03       		.byte	3
  53 0019 03       		.byte	3
  54 001a 01       		.byte	1
  55 001b 40       		.byte	64
  56 001c 02       		.byte	2
  57 001d 05       		.byte	5
ARM GAS  C:\Users\LUKASC~1\AppData\Local\Temp\cctXInYh.s 			page 2


  58 001e 01       		.byte	1
  59 001f 40       		.byte	64
  60 0020 3C       		.byte	60
  61 0021 0A       		.byte	10
  62 0022 01       		.byte	1
  63 0023 40       		.byte	64
  64 0024 1B       		.byte	27
  65 0025 0B       		.byte	11
  66 0026 01       		.byte	1
  67 0027 40       		.byte	64
  68 0028 03       		.byte	3
  69 0029 0D       		.byte	13
  70 002a 01       		.byte	1
  71 002b 40       		.byte	64
  72 002c 04       		.byte	4
  73 002d 0E       		.byte	14
  74 002e 01       		.byte	1
  75 002f 40       		.byte	64
  76 0030 02       		.byte	2
  77 0031 0F       		.byte	15
  78 0032 01       		.byte	1
  79 0033 40       		.byte	64
  80 0034 02       		.byte	2
  81 0035 15       		.byte	21
  82 0036 01       		.byte	1
  83 0037 40       		.byte	64
  84 0038 02       		.byte	2
  85 0039 1B       		.byte	27
  86 003a 01       		.byte	1
  87 003b 40       		.byte	64
  88 003c 08       		.byte	8
  89 003d 40       		.byte	64
  90 003e 01       		.byte	1
  91 003f 40       		.byte	64
  92 0040 14       		.byte	20
  93 0041 41       		.byte	65
  94 0042 01       		.byte	1
  95 0043 40       		.byte	64
  96 0044 15       		.byte	21
  97 0045 42       		.byte	66
  98 0046 01       		.byte	1
  99 0047 40       		.byte	64
 100 0048 01       		.byte	1
 101 0049 43       		.byte	67
 102 004a 01       		.byte	1
 103 004b 40       		.byte	64
 104 004c 01       		.byte	1
 105 004d 44       		.byte	68
 106 004e 01       		.byte	1
 107 004f 40       		.byte	64
 108 0050 0B       		.byte	11
 109 0051 45       		.byte	69
 110 0052 01       		.byte	1
 111 0053 40       		.byte	64
 112 0054 08       		.byte	8
 113 0055 46       		.byte	70
 114 0056 01       		.byte	1
ARM GAS  C:\Users\LUKASC~1\AppData\Local\Temp\cctXInYh.s 			page 3


 115 0057 40       		.byte	64
 116 0058 07       		.byte	7
 117 0059 47       		.byte	71
 118 005a 01       		.byte	1
 119 005b 40       		.byte	64
 120 005c 03       		.byte	3
 121 005d 48       		.byte	72
 122 005e 01       		.byte	1
 123 005f 40       		.byte	64
 124 0060 03       		.byte	3
 125 0061 49       		.byte	73
 126 0062 01       		.byte	1
 127 0063 40       		.byte	64
 128 0064 04       		.byte	4
 129 0065 4C       		.byte	76
 130 0066 01       		.byte	1
 131 0067 40       		.byte	64
 132 0068 03       		.byte	3
 133 0069 4D       		.byte	77
 134 006a 01       		.byte	1
 135 006b 40       		.byte	64
 136 006c 02       		.byte	2
 137 006d 50       		.byte	80
 138 006e 01       		.byte	1
 139 006f 40       		.byte	64
 140 0070 7E       		.byte	126
 141 0071 02       		.byte	2
 142 0072 01       		.byte	1
 143 0073 20       		.byte	32
 144 0074 0A       		.byte	10
 145 0075 4B       		.byte	75
 146 0076 7C       		.byte	124
 147 0077 40       		.byte	64
 148 0078 2F       		.byte	47
 149 0079 84       		.byte	-124
 150 007a 8B       		.byte	-117
 151 007b 0D       		.byte	13
 152 007c E2       		.byte	-30
 153 007d 08       		.byte	8
 154 007e E2       		.byte	-30
 155 007f 0E       		.byte	14
 156 0080 E6       		.byte	-26
 157 0081 02       		.byte	2
 158 0082 EE       		.byte	-18
 159 0083 08       		.byte	8
 160 0084 EA       		.byte	-22
 161 0085 21       		.byte	33
 162 0086 EE       		.byte	-18
 163 0087 0D       		.byte	13
 164 0088 40       		.byte	64
 165 0089 34       		.byte	52
 166 008a 49       		.byte	73
 167 008b FF       		.byte	-1
 168 008c 4A       		.byte	74
 169 008d FF       		.byte	-1
 170 008e 4B       		.byte	75
 171 008f FF       		.byte	-1
ARM GAS  C:\Users\LUKASC~1\AppData\Local\Temp\cctXInYh.s 			page 4


 172 0090 4F       		.byte	79
 173 0091 01       		.byte	1
 174 0092 50       		.byte	80
 175 0093 18       		.byte	24
 176 0094 5A       		.byte	90
 177 0095 04       		.byte	4
 178 0096 5D       		.byte	93
 179 0097 01       		.byte	1
 180 0098 5F       		.byte	95
 181 0099 01       		.byte	1
 182 009a 60       		.byte	96
 183 009b 40       		.byte	64
 184 009c 62       		.byte	98
 185 009d 40       		.byte	64
 186 009e 64       		.byte	100
 187 009f 40       		.byte	64
 188 00a0 65       		.byte	101
 189 00a1 40       		.byte	64
 190 00a2 66       		.byte	102
 191 00a3 80       		.byte	-128
 192 00a4 68       		.byte	104
 193 00a5 80       		.byte	-128
 194 00a6 6A       		.byte	106
 195 00a7 80       		.byte	-128
 196 00a8 6C       		.byte	108
 197 00a9 80       		.byte	-128
 198 00aa 6E       		.byte	110
 199 00ab 80       		.byte	-128
 200 00ac 80       		.byte	-128
 201 00ad 04       		.byte	4
 202 00ae 82       		.byte	-126
 203 00af 28       		.byte	40
 204 00b0 8C       		.byte	-116
 205 00b1 0F       		.byte	15
 206 00b2 94       		.byte	-108
 207 00b3 01       		.byte	1
 208 00b4 96       		.byte	-106
 209 00b5 08       		.byte	8
 210 00b6 98       		.byte	-104
 211 00b7 02       		.byte	2
 212 00b8 9A       		.byte	-102
 213 00b9 28       		.byte	40
 214 00ba AE       		.byte	-82
 215 00bb 17       		.byte	23
 216 00bc B0       		.byte	-80
 217 00bd 08       		.byte	8
 218 00be B2       		.byte	-78
 219 00bf 07       		.byte	7
 220 00c0 B4       		.byte	-76
 221 00c1 10       		.byte	16
 222 00c2 B6       		.byte	-74
 223 00c3 20       		.byte	32
 224 00c4 BA       		.byte	-70
 225 00c5 02       		.byte	2
 226 00c6 BE       		.byte	-66
 227 00c7 40       		.byte	64
 228 00c8 C0       		.byte	-64
ARM GAS  C:\Users\LUKASC~1\AppData\Local\Temp\cctXInYh.s 			page 5


 229 00c9 34       		.byte	52
 230 00ca C5       		.byte	-59
 231 00cb EC       		.byte	-20
 232 00cc C6       		.byte	-58
 233 00cd 02       		.byte	2
 234 00ce C8       		.byte	-56
 235 00cf 07       		.byte	7
 236 00d0 C9       		.byte	-55
 237 00d1 FF       		.byte	-1
 238 00d2 CA       		.byte	-54
 239 00d3 FF       		.byte	-1
 240 00d4 CB       		.byte	-53
 241 00d5 FF       		.byte	-1
 242 00d6 CD       		.byte	-51
 243 00d7 83       		.byte	-125
 244 00d8 CE       		.byte	-50
 245 00d9 03       		.byte	3
 246 00da CF       		.byte	-49
 247 00db 01       		.byte	1
 248 00dc D0       		.byte	-48
 249 00dd 18       		.byte	24
 250 00de D2       		.byte	-46
 251 00df 80       		.byte	-128
 252 00e0 D4       		.byte	-44
 253 00e1 01       		.byte	1
 254 00e2 D8       		.byte	-40
 255 00e3 04       		.byte	4
 256 00e4 DA       		.byte	-38
 257 00e5 04       		.byte	4
 258 00e6 DB       		.byte	-37
 259 00e7 04       		.byte	4
 260 00e8 DC       		.byte	-36
 261 00e9 01       		.byte	1
 262 00ea DD       		.byte	-35
 263 00eb 11       		.byte	17
 264 00ec DF       		.byte	-33
 265 00ed 01       		.byte	1
 266 00ee E0       		.byte	-32
 267 00ef 40       		.byte	64
 268 00f0 E2       		.byte	-30
 269 00f1 40       		.byte	64
 270 00f2 E4       		.byte	-28
 271 00f3 40       		.byte	64
 272 00f4 E5       		.byte	-27
 273 00f5 40       		.byte	64
 274 00f6 E6       		.byte	-26
 275 00f7 80       		.byte	-128
 276 00f8 E8       		.byte	-24
 277 00f9 80       		.byte	-128
 278 00fa EA       		.byte	-22
 279 00fb 80       		.byte	-128
 280 00fc EC       		.byte	-20
 281 00fd 80       		.byte	-128
 282 00fe EE       		.byte	-18
 283 00ff 80       		.byte	-128
 284 0100 04       		.byte	4
 285 0101 40       		.byte	64
ARM GAS  C:\Users\LUKASC~1\AppData\Local\Temp\cctXInYh.s 			page 6


 286 0102 06       		.byte	6
 287 0103 80       		.byte	-128
 288 0104 0D       		.byte	13
 289 0105 08       		.byte	8
 290 0106 0E       		.byte	14
 291 0107 08       		.byte	8
 292 0108 17       		.byte	23
 293 0109 80       		.byte	-128
 294 010a 1C       		.byte	28
 295 010b 50       		.byte	80
 296 010c 1D       		.byte	29
 297 010d 08       		.byte	8
 298 010e 1E       		.byte	30
 299 010f 08       		.byte	8
 300 0110 1F       		.byte	31
 301 0111 40       		.byte	64
 302 0112 40       		.byte	64
 303 0113 10       		.byte	16
 304 0114 42       		.byte	66
 305 0115 80       		.byte	-128
 306 0116 45       		.byte	69
 307 0117 08       		.byte	8
 308 0118 46       		.byte	70
 309 0119 80       		.byte	-128
 310 011a 4B       		.byte	75
 311 011b C0       		.byte	-64
 312 011c 4D       		.byte	77
 313 011d 04       		.byte	4
 314 011e 4F       		.byte	79
 315 011f 01       		.byte	1
 316 0120 56       		.byte	86
 317 0121 80       		.byte	-128
 318 0122 5D       		.byte	93
 319 0123 04       		.byte	4
 320 0124 5F       		.byte	95
 321 0125 41       		.byte	65
 322 0126 77       		.byte	119
 323 0127 80       		.byte	-128
 324 0128 C0       		.byte	-64
 325 0129 90       		.byte	-112
 326 012a C2       		.byte	-62
 327 012b 60       		.byte	96
 328 012c C4       		.byte	-60
 329 012d 80       		.byte	-128
 330 012e D0       		.byte	-48
 331 012f C3       		.byte	-61
 332 0130 D6       		.byte	-42
 333 0131 D0       		.byte	-48
 334 0132 EA       		.byte	-22
 335 0133 21       		.byte	33
 336 0134 EE       		.byte	-18
 337 0135 0D       		.byte	13
 338 0136 AF       		.byte	-81
 339 0137 20       		.byte	32
 340 0138 E2       		.byte	-30
 341 0139 0E       		.byte	14
 342 013a E6       		.byte	-26
ARM GAS  C:\Users\LUKASC~1\AppData\Local\Temp\cctXInYh.s 			page 7


 343 013b 02       		.byte	2
 344 013c B8       		.byte	-72
 345 013d 20       		.byte	32
 346 013e BE       		.byte	-66
 347 013f 10       		.byte	16
 348 0140 D8       		.byte	-40
 349 0141 04       		.byte	4
 350 0142 DF       		.byte	-33
 351 0143 01       		.byte	1
 352 0144 1F       		.byte	31
 353 0145 20       		.byte	32
 354 0146 E2       		.byte	-30
 355 0147 08       		.byte	8
 356 0148 E8       		.byte	-24
 357 0149 10       		.byte	16
 358 014a EE       		.byte	-18
 359 014b 02       		.byte	2
 360 014c E8       		.byte	-24
 361 014d 10       		.byte	16
 362 014e EE       		.byte	-18
 363 014f 02       		.byte	2
 364 0150 32       		.byte	50
 365 0151 82       		.byte	-126
 366 0152 34       		.byte	52
 367 0153 02       		.byte	2
 368 0154 35       		.byte	53
 369 0155 80       		.byte	-128
 370 0156 3B       		.byte	59
 371 0157 40       		.byte	64
 372 0158 85       		.byte	-123
 373 0159 80       		.byte	-128
 374 015a CC       		.byte	-52
 375 015b F0       		.byte	-16
 376 015c CE       		.byte	-50
 377 015d 10       		.byte	16
 378 015e E2       		.byte	-30
 379 015f 10       		.byte	16
 380 0160 03       		.byte	3
 381 0161 04       		.byte	4
 382 0162 07       		.byte	7
 383 0163 08       		.byte	8
 384 0164 33       		.byte	51
 385 0165 88       		.byte	-120
 386 0166 34       		.byte	52
 387 0167 80       		.byte	-128
 388 0168 37       		.byte	55
 389 0169 08       		.byte	8
 390 016a 39       		.byte	57
 391 016b 40       		.byte	64
 392 016c 83       		.byte	-125
 393 016d 10       		.byte	16
 394 016e 86       		.byte	-122
 395 016f 02       		.byte	2
 396 0170 87       		.byte	-121
 397 0171 18       		.byte	24
 398 0172 97       		.byte	-105
 399 0173 40       		.byte	64
ARM GAS  C:\Users\LUKASC~1\AppData\Local\Temp\cctXInYh.s 			page 8


 400 0174 9C       		.byte	-100
 401 0175 02       		.byte	2
 402 0176 A3       		.byte	-93
 403 0177 01       		.byte	1
 404 0178 A6       		.byte	-90
 405 0179 82       		.byte	-126
 406 017a AF       		.byte	-81
 407 017b 01       		.byte	1
 408 017c C0       		.byte	-64
 409 017d C0       		.byte	-64
 410 017e CC       		.byte	-52
 411 017f F0       		.byte	-16
 412 0180 CE       		.byte	-50
 413 0181 10       		.byte	16
 414 0182 E2       		.byte	-30
 415 0183 70       		.byte	112
 416 0184 E6       		.byte	-26
 417 0185 40       		.byte	64
 418 0186 EE       		.byte	-18
 419 0187 10       		.byte	16
 420 0188 12       		.byte	18
 421 0189 80       		.byte	-128
 422 018a 33       		.byte	51
 423 018b 10       		.byte	16
 424 018c 37       		.byte	55
 425 018d 24       		.byte	36
 426 018e 3B       		.byte	59
 427 018f 10       		.byte	16
 428 0190 63       		.byte	99
 429 0191 02       		.byte	2
 430 0192 93       		.byte	-109
 431 0193 10       		.byte	16
 432 0194 97       		.byte	-105
 433 0195 40       		.byte	64
 434 0196 9B       		.byte	-101
 435 0197 34       		.byte	52
 436 0198 A3       		.byte	-93
 437 0199 01       		.byte	1
 438 019a A6       		.byte	-90
 439 019b 80       		.byte	-128
 440 019c A8       		.byte	-88
 441 019d 80       		.byte	-128
 442 019e A9       		.byte	-87
 443 019f 40       		.byte	64
 444 01a0 AB       		.byte	-85
 445 01a1 20       		.byte	32
 446 01a2 AF       		.byte	-81
 447 01a3 80       		.byte	-128
 448 01a4 B0       		.byte	-80
 449 01a5 02       		.byte	2
 450 01a6 C4       		.byte	-60
 451 01a7 10       		.byte	16
 452 01a8 CC       		.byte	-52
 453 01a9 B0       		.byte	-80
 454 01aa CE       		.byte	-50
 455 01ab 10       		.byte	16
 456 01ac D6       		.byte	-42
ARM GAS  C:\Users\LUKASC~1\AppData\Local\Temp\cctXInYh.s 			page 9


 457 01ad 40       		.byte	64
 458 01ae EA       		.byte	-22
 459 01af 80       		.byte	-128
 460 01b0 EE       		.byte	-18
 461 01b1 B0       		.byte	-80
 462 01b2 97       		.byte	-105
 463 01b3 40       		.byte	64
 464 01b4 87       		.byte	-121
 465 01b5 10       		.byte	16
 466 01b6 00       		.byte	0
 467 01b7 48       		.byte	72
 468 01b8 07       		.byte	7
 469 01b9 04       		.byte	4
 470 01ba 08       		.byte	8
 471 01bb 02       		.byte	2
 472 01bc 0A       		.byte	10
 473 01bd 01       		.byte	1
 474 01be 0F       		.byte	15
 475 01bf 82       		.byte	-126
 476 01c0 83       		.byte	-125
 477 01c1 40       		.byte	64
 478 01c2 84       		.byte	-124
 479 01c3 0C       		.byte	12
 480 01c4 86       		.byte	-122
 481 01c5 01       		.byte	1
 482 01c6 97       		.byte	-105
 483 01c7 10       		.byte	16
 484 01c8 C0       		.byte	-64
 485 01c9 0B       		.byte	11
 486 01ca C2       		.byte	-62
 487 01cb 0F       		.byte	15
 488 01cc 97       		.byte	-105
 489 01cd 10       		.byte	16
 490 01ce 9C       		.byte	-100
 491 01cf 80       		.byte	-128
 492 01d0 A4       		.byte	-92
 493 01d1 08       		.byte	8
 494 01d2 A8       		.byte	-88
 495 01d3 42       		.byte	66
 496 01d4 AB       		.byte	-85
 497 01d5 04       		.byte	4
 498 01d6 AF       		.byte	-81
 499 01d7 01       		.byte	1
 500 01d8 B0       		.byte	-80
 501 01d9 80       		.byte	-128
 502 01da EA       		.byte	-22
 503 01db 04       		.byte	4
 504 01dc 08       		.byte	8
 505 01dd 80       		.byte	-128
 506 01de 0B       		.byte	11
 507 01df 10       		.byte	16
 508 01e0 0C       		.byte	12
 509 01e1 08       		.byte	8
 510 01e2 97       		.byte	-105
 511 01e3 10       		.byte	16
 512 01e4 9C       		.byte	-100
 513 01e5 80       		.byte	-128
ARM GAS  C:\Users\LUKASC~1\AppData\Local\Temp\cctXInYh.s 			page 10


 514 01e6 A4       		.byte	-92
 515 01e7 08       		.byte	8
 516 01e8 C2       		.byte	-62
 517 01e9 0E       		.byte	14
 518 01ea 24       		.byte	36
 519 01eb 08       		.byte	8
 520 01ec 97       		.byte	-105
 521 01ed 40       		.byte	64
 522 01ee C8       		.byte	-56
 523 01ef 20       		.byte	32
 524 01f0 AF       		.byte	-81
 525 01f1 40       		.byte	64
 526 01f2 B4       		.byte	-76
 527 01f3 04       		.byte	4
 528 01f4 EE       		.byte	-18
 529 01f5 40       		.byte	64
 530 01f6 1F       		.byte	31
 531 01f7 10       		.byte	16
 532 01f8 34       		.byte	52
 533 01f9 02       		.byte	2
 534 01fa C6       		.byte	-58
 535 01fb 01       		.byte	1
 536 01fc CC       		.byte	-52
 537 01fd 01       		.byte	1
 538 01fe AF       		.byte	-81
 539 01ff 10       		.byte	16
 540 0200 B4       		.byte	-76
 541 0201 02       		.byte	2
 542 0202 E8       		.byte	-24
 543 0203 08       		.byte	8
 544 0204 00       		.byte	0
 545 0205 02       		.byte	2
 546 0206 0C       		.byte	12
 547 0207 02       		.byte	2
 548 0208 AA       		.byte	-86
 549 0209 FF       		.byte	-1
 550 020a FF       		.byte	-1
 551 020b 3C       		.byte	60
 552 020c 00       		.byte	0
 553 020d 00       		.byte	0
 554 020e 00       		.byte	0
 555 020f 00       		.byte	0
 556 0210 0F       		.byte	15
 557 0211 FF       		.byte	-1
 558 0212 F0       		.byte	-16
 559 0213 00       		.byte	0
 560 0214 00       		.byte	0
 561 0215 00       		.byte	0
 562 0216 00       		.byte	0
 563 0217 00       		.byte	0
 564 0218 34       		.byte	52
 565 0219 00       		.byte	0
 566 021a 00       		.byte	0
 567 021b 3C       		.byte	60
 568 021c 3C       		.byte	60
 569 021d 00       		.byte	0
 570 021e 00       		.byte	0
ARM GAS  C:\Users\LUKASC~1\AppData\Local\Temp\cctXInYh.s 			page 11


 571 021f 00       		.byte	0
 572 0220 00       		.byte	0
 573 0221 00       		.byte	0
 574 0222 00       		.byte	0
 575 0223 00       		.byte	0
 576 0224 40       		.byte	64
 577 0225 00       		.byte	0
 578 0226 20       		.byte	32
 579 0227 2F       		.byte	47
 580 0228 0F       		.byte	15
 581 0229 00       		.byte	0
 582 022a 00       		.byte	0
 583 022b 00       		.byte	0
 584 022c C0       		.byte	-64
 585 022d 00       		.byte	0
 586 022e 00       		.byte	0
 587 022f 00       		.byte	0
 588 0230 F4       		.byte	-12
 589 0231 00       		.byte	0
 590 0232 00       		.byte	0
 591 0233 FF       		.byte	-1
 592 0234 FF       		.byte	-1
 593 0235 00       		.byte	0
 594 0236 00       		.byte	0
 595 0237 00       		.byte	0
 596 0238 00       		.byte	0
 597 0239 00       		.byte	0
 598 023a 00       		.byte	0
 599 023b 00       		.byte	0
 600 023c FD       		.byte	-3
 601 023d FD       		.byte	-3
 602 023e 00       		.byte	0
 603 023f 00       		.byte	0
 604 0240 00       		.byte	0
 605 0241 00       		.byte	0
 606 0242 00       		.byte	0
 607 0243 00       		.byte	0
 608 0244 18       		.byte	24
 609 0245 00       		.byte	0
 610 0246 03       		.byte	3
 611 0247 3B       		.byte	59
 612 0248 38       		.byte	56
 613 0249 00       		.byte	0
 614 024a 00       		.byte	0
 615 024b 00       		.byte	0
 616 024c 04       		.byte	4
 617 024d 00       		.byte	0
 618 024e 00       		.byte	0
 619 024f 00       		.byte	0
 620              		.section	.cywolatch,"a",%progbits
 621              		.align	2
 622              		.type	cy_meta_wonvl, %object
 623              		.size	cy_meta_wonvl, 4
 624              	cy_meta_wonvl:
 625 0000 BC       		.byte	-68
 626 0001 90       		.byte	-112
 627 0002 AC       		.byte	-84
ARM GAS  C:\Users\LUKASC~1\AppData\Local\Temp\cctXInYh.s 			page 12


 628 0003 AF       		.byte	-81
 629              		.section	.cycustnvl,"a",%progbits
 630              		.align	2
 631              		.type	cy_meta_custnvl, %object
 632              		.size	cy_meta_custnvl, 4
 633              	cy_meta_custnvl:
 634 0000 00       		.byte	0
 635 0001 00       		.byte	0
 636 0002 40       		.byte	64
 637 0003 05       		.byte	5
 638              		.section	.cymeta,"a",%progbits
 639              		.align	2
 640              		.type	cy_metadata, %object
 641              		.size	cy_metadata, 12
 642              	cy_metadata:
 643 0000 00       		.byte	0
 644 0001 01       		.byte	1
 645 0002 2E       		.byte	46
 646 0003 16       		.byte	22
 647 0004 10       		.byte	16
 648 0005 69       		.byte	105
 649 0006 00       		.byte	0
 650 0007 01       		.byte	1
 651 0008 00       		.byte	0
 652 0009 00       		.byte	0
 653 000a 00       		.byte	0
 654 000b 00       		.byte	0
 655              		.section	.cyflashprotect,"a",%progbits
 656              		.align	2
 657              		.type	cy_meta_flashprotect, %object
 658              		.size	cy_meta_flashprotect, 256
 659              	cy_meta_flashprotect:
 660 0000 00000000 		.space	256
 660      00000000 
 660      00000000 
 660      00000000 
 660      00000000 
 661              		.text
 662              	.Letext0:
 663              		.file 1 "Generated_Source\\PSoC5\\cymetadata.c"
 664              		.file 2 "Generated_Source\\PSoC5\\cytypes.h"
 665              		.section	.debug_info,"",%progbits
 666              	.Ldebug_info0:
 667 0000 37010000 		.4byte	0x137
 668 0004 0400     		.2byte	0x4
 669 0006 00000000 		.4byte	.Ldebug_abbrev0
 670 000a 04       		.byte	0x4
 671 000b 01       		.uleb128 0x1
 672 000c C6000000 		.4byte	.LASF18
 673 0010 01       		.byte	0x1
 674 0011 DC010000 		.4byte	.LASF19
 675 0015 00000000 		.4byte	.LASF20
 676 0019 00000000 		.4byte	.Ldebug_line0
 677 001d 02       		.uleb128 0x2
 678 001e 01       		.byte	0x1
 679 001f 06       		.byte	0x6
 680 0020 D0010000 		.4byte	.LASF0
ARM GAS  C:\Users\LUKASC~1\AppData\Local\Temp\cctXInYh.s 			page 13


 681 0024 02       		.uleb128 0x2
 682 0025 01       		.byte	0x1
 683 0026 08       		.byte	0x8
 684 0027 6A000000 		.4byte	.LASF1
 685 002b 02       		.uleb128 0x2
 686 002c 02       		.byte	0x2
 687 002d 05       		.byte	0x5
 688 002e B7010000 		.4byte	.LASF2
 689 0032 02       		.uleb128 0x2
 690 0033 02       		.byte	0x2
 691 0034 07       		.byte	0x7
 692 0035 8A000000 		.4byte	.LASF3
 693 0039 02       		.uleb128 0x2
 694 003a 04       		.byte	0x4
 695 003b 05       		.byte	0x5
 696 003c C7010000 		.4byte	.LASF4
 697 0040 02       		.uleb128 0x2
 698 0041 04       		.byte	0x4
 699 0042 07       		.byte	0x7
 700 0043 78000000 		.4byte	.LASF5
 701 0047 02       		.uleb128 0x2
 702 0048 08       		.byte	0x8
 703 0049 05       		.byte	0x5
 704 004a A4010000 		.4byte	.LASF6
 705 004e 02       		.uleb128 0x2
 706 004f 08       		.byte	0x8
 707 0050 07       		.byte	0x7
 708 0051 61010000 		.4byte	.LASF7
 709 0055 03       		.uleb128 0x3
 710 0056 04       		.byte	0x4
 711 0057 05       		.byte	0x5
 712 0058 696E7400 		.ascii	"int\000"
 713 005c 02       		.uleb128 0x2
 714 005d 04       		.byte	0x4
 715 005e 07       		.byte	0x7
 716 005f 54010000 		.4byte	.LASF8
 717 0063 04       		.uleb128 0x4
 718 0064 C1010000 		.4byte	.LASF21
 719 0068 02       		.byte	0x2
 720 0069 9201     		.2byte	0x192
 721 006b 24000000 		.4byte	0x24
 722 006f 02       		.uleb128 0x2
 723 0070 04       		.byte	0x4
 724 0071 04       		.byte	0x4
 725 0072 64000000 		.4byte	.LASF9
 726 0076 02       		.uleb128 0x2
 727 0077 08       		.byte	0x8
 728 0078 04       		.byte	0x4
 729 0079 9D000000 		.4byte	.LASF10
 730 007d 02       		.uleb128 0x2
 731 007e 01       		.byte	0x1
 732 007f 08       		.byte	0x8
 733 0080 B2010000 		.4byte	.LASF11
 734 0084 05       		.uleb128 0x5
 735 0085 63000000 		.4byte	0x63
 736 0089 95000000 		.4byte	0x95
 737 008d 06       		.uleb128 0x6
ARM GAS  C:\Users\LUKASC~1\AppData\Local\Temp\cctXInYh.s 			page 14


 738 008e 95000000 		.4byte	0x95
 739 0092 4F02     		.2byte	0x24f
 740 0094 00       		.byte	0
 741 0095 02       		.uleb128 0x2
 742 0096 04       		.byte	0x4
 743 0097 07       		.byte	0x7
 744 0098 9B010000 		.4byte	.LASF12
 745 009c 07       		.uleb128 0x7
 746 009d B4000000 		.4byte	.LASF13
 747 00a1 01       		.byte	0x1
 748 00a2 1F       		.byte	0x1f
 749 00a3 AD000000 		.4byte	0xad
 750 00a7 05       		.uleb128 0x5
 751 00a8 03       		.byte	0x3
 752 00a9 00000000 		.4byte	cy_meta_configecc
 753 00ad 08       		.uleb128 0x8
 754 00ae 84000000 		.4byte	0x84
 755 00b2 05       		.uleb128 0x5
 756 00b3 63000000 		.4byte	0x63
 757 00b7 C2000000 		.4byte	0xc2
 758 00bb 09       		.uleb128 0x9
 759 00bc 95000000 		.4byte	0x95
 760 00c0 03       		.byte	0x3
 761 00c1 00       		.byte	0
 762 00c2 07       		.uleb128 0x7
 763 00c3 A4000000 		.4byte	.LASF14
 764 00c7 01       		.byte	0x1
 765 00c8 76       		.byte	0x76
 766 00c9 D3000000 		.4byte	0xd3
 767 00cd 05       		.uleb128 0x5
 768 00ce 03       		.byte	0x3
 769 00cf 00000000 		.4byte	cy_meta_custnvl
 770 00d3 08       		.uleb128 0x8
 771 00d4 B2000000 		.4byte	0xb2
 772 00d8 07       		.uleb128 0x7
 773 00d9 8D010000 		.4byte	.LASF15
 774 00dd 01       		.byte	0x1
 775 00de 84       		.byte	0x84
 776 00df E9000000 		.4byte	0xe9
 777 00e3 05       		.uleb128 0x5
 778 00e4 03       		.byte	0x3
 779 00e5 00000000 		.4byte	cy_meta_wonvl
 780 00e9 08       		.uleb128 0x8
 781 00ea B2000000 		.4byte	0xb2
 782 00ee 05       		.uleb128 0x5
 783 00ef 63000000 		.4byte	0x63
 784 00f3 FE000000 		.4byte	0xfe
 785 00f7 09       		.uleb128 0x9
 786 00f8 95000000 		.4byte	0x95
 787 00fc FF       		.byte	0xff
 788 00fd 00       		.byte	0
 789 00fe 07       		.uleb128 0x7
 790 00ff 78010000 		.4byte	.LASF16
 791 0103 01       		.byte	0x1
 792 0104 92       		.byte	0x92
 793 0105 0F010000 		.4byte	0x10f
 794 0109 05       		.uleb128 0x5
ARM GAS  C:\Users\LUKASC~1\AppData\Local\Temp\cctXInYh.s 			page 15


 795 010a 03       		.byte	0x3
 796 010b 00000000 		.4byte	cy_meta_flashprotect
 797 010f 08       		.uleb128 0x8
 798 0110 EE000000 		.4byte	0xee
 799 0114 05       		.uleb128 0x5
 800 0115 63000000 		.4byte	0x63
 801 0119 24010000 		.4byte	0x124
 802 011d 09       		.uleb128 0x9
 803 011e 95000000 		.4byte	0x95
 804 0122 0B       		.byte	0xb
 805 0123 00       		.byte	0
 806 0124 07       		.uleb128 0x7
 807 0125 58000000 		.4byte	.LASF17
 808 0129 01       		.byte	0x1
 809 012a BF       		.byte	0xbf
 810 012b 35010000 		.4byte	0x135
 811 012f 05       		.uleb128 0x5
 812 0130 03       		.byte	0x3
 813 0131 00000000 		.4byte	cy_metadata
 814 0135 08       		.uleb128 0x8
 815 0136 14010000 		.4byte	0x114
 816 013a 00       		.byte	0
 817              		.section	.debug_abbrev,"",%progbits
 818              	.Ldebug_abbrev0:
 819 0000 01       		.uleb128 0x1
 820 0001 11       		.uleb128 0x11
 821 0002 01       		.byte	0x1
 822 0003 25       		.uleb128 0x25
 823 0004 0E       		.uleb128 0xe
 824 0005 13       		.uleb128 0x13
 825 0006 0B       		.uleb128 0xb
 826 0007 03       		.uleb128 0x3
 827 0008 0E       		.uleb128 0xe
 828 0009 1B       		.uleb128 0x1b
 829 000a 0E       		.uleb128 0xe
 830 000b 10       		.uleb128 0x10
 831 000c 17       		.uleb128 0x17
 832 000d 00       		.byte	0
 833 000e 00       		.byte	0
 834 000f 02       		.uleb128 0x2
 835 0010 24       		.uleb128 0x24
 836 0011 00       		.byte	0
 837 0012 0B       		.uleb128 0xb
 838 0013 0B       		.uleb128 0xb
 839 0014 3E       		.uleb128 0x3e
 840 0015 0B       		.uleb128 0xb
 841 0016 03       		.uleb128 0x3
 842 0017 0E       		.uleb128 0xe
 843 0018 00       		.byte	0
 844 0019 00       		.byte	0
 845 001a 03       		.uleb128 0x3
 846 001b 24       		.uleb128 0x24
 847 001c 00       		.byte	0
 848 001d 0B       		.uleb128 0xb
 849 001e 0B       		.uleb128 0xb
 850 001f 3E       		.uleb128 0x3e
 851 0020 0B       		.uleb128 0xb
ARM GAS  C:\Users\LUKASC~1\AppData\Local\Temp\cctXInYh.s 			page 16


 852 0021 03       		.uleb128 0x3
 853 0022 08       		.uleb128 0x8
 854 0023 00       		.byte	0
 855 0024 00       		.byte	0
 856 0025 04       		.uleb128 0x4
 857 0026 16       		.uleb128 0x16
 858 0027 00       		.byte	0
 859 0028 03       		.uleb128 0x3
 860 0029 0E       		.uleb128 0xe
 861 002a 3A       		.uleb128 0x3a
 862 002b 0B       		.uleb128 0xb
 863 002c 3B       		.uleb128 0x3b
 864 002d 05       		.uleb128 0x5
 865 002e 49       		.uleb128 0x49
 866 002f 13       		.uleb128 0x13
 867 0030 00       		.byte	0
 868 0031 00       		.byte	0
 869 0032 05       		.uleb128 0x5
 870 0033 01       		.uleb128 0x1
 871 0034 01       		.byte	0x1
 872 0035 49       		.uleb128 0x49
 873 0036 13       		.uleb128 0x13
 874 0037 01       		.uleb128 0x1
 875 0038 13       		.uleb128 0x13
 876 0039 00       		.byte	0
 877 003a 00       		.byte	0
 878 003b 06       		.uleb128 0x6
 879 003c 21       		.uleb128 0x21
 880 003d 00       		.byte	0
 881 003e 49       		.uleb128 0x49
 882 003f 13       		.uleb128 0x13
 883 0040 2F       		.uleb128 0x2f
 884 0041 05       		.uleb128 0x5
 885 0042 00       		.byte	0
 886 0043 00       		.byte	0
 887 0044 07       		.uleb128 0x7
 888 0045 34       		.uleb128 0x34
 889 0046 00       		.byte	0
 890 0047 03       		.uleb128 0x3
 891 0048 0E       		.uleb128 0xe
 892 0049 3A       		.uleb128 0x3a
 893 004a 0B       		.uleb128 0xb
 894 004b 3B       		.uleb128 0x3b
 895 004c 0B       		.uleb128 0xb
 896 004d 49       		.uleb128 0x49
 897 004e 13       		.uleb128 0x13
 898 004f 3F       		.uleb128 0x3f
 899 0050 19       		.uleb128 0x19
 900 0051 02       		.uleb128 0x2
 901 0052 18       		.uleb128 0x18
 902 0053 00       		.byte	0
 903 0054 00       		.byte	0
 904 0055 08       		.uleb128 0x8
 905 0056 26       		.uleb128 0x26
 906 0057 00       		.byte	0
 907 0058 49       		.uleb128 0x49
 908 0059 13       		.uleb128 0x13
ARM GAS  C:\Users\LUKASC~1\AppData\Local\Temp\cctXInYh.s 			page 17


 909 005a 00       		.byte	0
 910 005b 00       		.byte	0
 911 005c 09       		.uleb128 0x9
 912 005d 21       		.uleb128 0x21
 913 005e 00       		.byte	0
 914 005f 49       		.uleb128 0x49
 915 0060 13       		.uleb128 0x13
 916 0061 2F       		.uleb128 0x2f
 917 0062 0B       		.uleb128 0xb
 918 0063 00       		.byte	0
 919 0064 00       		.byte	0
 920 0065 00       		.byte	0
 921              		.section	.debug_aranges,"",%progbits
 922 0000 14000000 		.4byte	0x14
 923 0004 0200     		.2byte	0x2
 924 0006 00000000 		.4byte	.Ldebug_info0
 925 000a 04       		.byte	0x4
 926 000b 00       		.byte	0
 927 000c 0000     		.2byte	0
 928 000e 0000     		.2byte	0
 929 0010 00000000 		.4byte	0
 930 0014 00000000 		.4byte	0
 931              		.section	.debug_line,"",%progbits
 932              	.Ldebug_line0:
 933 0000 4D000000 		.section	.debug_str,"MS",%progbits,1
 933      02004700 
 933      00000201 
 933      FB0E0D00 
 933      01010101 
 934              	.LASF20:
 935 0000 433A5C55 		.ascii	"C:\\Users\\Lukas Creutzburg\\Documents\\GitHub\\fre"
 935      73657273 
 935      5C4C756B 
 935      61732043 
 935      72657574 
 936 002e 65445350 		.ascii	"eDSP_6CHamp\\PSoC Workspace\\Controls.cydsn\000"
 936      5F364348 
 936      616D705C 
 936      50536F43 
 936      20576F72 
 937              	.LASF17:
 938 0058 63795F6D 		.ascii	"cy_metadata\000"
 938      65746164 
 938      61746100 
 939              	.LASF9:
 940 0064 666C6F61 		.ascii	"float\000"
 940      7400
 941              	.LASF1:
 942 006a 756E7369 		.ascii	"unsigned char\000"
 942      676E6564 
 942      20636861 
 942      7200
 943              	.LASF5:
 944 0078 6C6F6E67 		.ascii	"long unsigned int\000"
 944      20756E73 
 944      69676E65 
 944      6420696E 
ARM GAS  C:\Users\LUKASC~1\AppData\Local\Temp\cctXInYh.s 			page 18


 944      7400
 945              	.LASF3:
 946 008a 73686F72 		.ascii	"short unsigned int\000"
 946      7420756E 
 946      7369676E 
 946      65642069 
 946      6E7400
 947              	.LASF10:
 948 009d 646F7562 		.ascii	"double\000"
 948      6C6500
 949              	.LASF14:
 950 00a4 63795F6D 		.ascii	"cy_meta_custnvl\000"
 950      6574615F 
 950      63757374 
 950      6E766C00 
 951              	.LASF13:
 952 00b4 63795F6D 		.ascii	"cy_meta_configecc\000"
 952      6574615F 
 952      636F6E66 
 952      69676563 
 952      6300
 953              	.LASF18:
 954 00c6 474E5520 		.ascii	"GNU C 4.9.3 20150303 (release) [ARM/embedded-4_9-br"
 954      4320342E 
 954      392E3320 
 954      32303135 
 954      30333033 
 955 00f9 616E6368 		.ascii	"anch revision 221220] -mcpu=cortex-m3 -mthumb -g -O"
 955      20726576 
 955      6973696F 
 955      6E203232 
 955      31323230 
 956 012c 67202D66 		.ascii	"g -ffunction-sections -ffat-lto-objects\000"
 956      66756E63 
 956      74696F6E 
 956      2D736563 
 956      74696F6E 
 957              	.LASF8:
 958 0154 756E7369 		.ascii	"unsigned int\000"
 958      676E6564 
 958      20696E74 
 958      00
 959              	.LASF7:
 960 0161 6C6F6E67 		.ascii	"long long unsigned int\000"
 960      206C6F6E 
 960      6720756E 
 960      7369676E 
 960      65642069 
 961              	.LASF16:
 962 0178 63795F6D 		.ascii	"cy_meta_flashprotect\000"
 962      6574615F 
 962      666C6173 
 962      6870726F 
 962      74656374 
 963              	.LASF15:
 964 018d 63795F6D 		.ascii	"cy_meta_wonvl\000"
 964      6574615F 
ARM GAS  C:\Users\LUKASC~1\AppData\Local\Temp\cctXInYh.s 			page 19


 964      776F6E76 
 964      6C00
 965              	.LASF12:
 966 019b 73697A65 		.ascii	"sizetype\000"
 966      74797065 
 966      00
 967              	.LASF6:
 968 01a4 6C6F6E67 		.ascii	"long long int\000"
 968      206C6F6E 
 968      6720696E 
 968      7400
 969              	.LASF11:
 970 01b2 63686172 		.ascii	"char\000"
 970      00
 971              	.LASF2:
 972 01b7 73686F72 		.ascii	"short int\000"
 972      7420696E 
 972      7400
 973              	.LASF21:
 974 01c1 75696E74 		.ascii	"uint8\000"
 974      3800
 975              	.LASF4:
 976 01c7 6C6F6E67 		.ascii	"long int\000"
 976      20696E74 
 976      00
 977              	.LASF0:
 978 01d0 7369676E 		.ascii	"signed char\000"
 978      65642063 
 978      68617200 
 979              	.LASF19:
 980 01dc 47656E65 		.ascii	"Generated_Source\\PSoC5\\cymetadata.c\000"
 980      72617465 
 980      645F536F 
 980      75726365 
 980      5C50536F 
 981              		.ident	"GCC: (GNU Tools for ARM Embedded Processors) 4.9.3 20150303 (release) [ARM/embedded-4_9-br
