ARM GAS  C:\Users\LUKASC~1\AppData\Local\Temp\ccyGZajE.s 			page 1


   1              		.syntax unified
   2              		.cpu cortex-m3
   3              		.fpu softvfp
   4              		.eabi_attribute 20, 1
   5              		.eabi_attribute 21, 1
   6              		.eabi_attribute 23, 3
   7              		.eabi_attribute 24, 1
   8              		.eabi_attribute 25, 1
   9              		.eabi_attribute 26, 1
  10              		.eabi_attribute 30, 6
  11              		.eabi_attribute 34, 1
  12              		.eabi_attribute 18, 4
  13              		.thumb
  14              		.file	"cyfitter_cfg.c"
  15              		.text
  16              	.Ltext0:
  17              		.cfi_sections	.debug_frame
  18              		.section	.text.CYMEMZERO,"ax",%progbits
  19              		.align	2
  20              		.thumb
  21              		.thumb_func
  22              		.type	CYMEMZERO, %function
  23              	CYMEMZERO:
  24              	.LFB0:
  25              		.file 1 ".\\Generated_Source\\PSoC5\\cyfitter_cfg.c"
   1:.\Generated_Source\PSoC5/cyfitter_cfg.c **** /*******************************************************************************
   2:.\Generated_Source\PSoC5/cyfitter_cfg.c **** * File Name: cyfitter_cfg.c
   3:.\Generated_Source\PSoC5/cyfitter_cfg.c **** * 
   4:.\Generated_Source\PSoC5/cyfitter_cfg.c **** * PSoC Creator  3.3 SP2
   5:.\Generated_Source\PSoC5/cyfitter_cfg.c **** *
   6:.\Generated_Source\PSoC5/cyfitter_cfg.c **** * Description:
   7:.\Generated_Source\PSoC5/cyfitter_cfg.c **** * This file contains device initialization code.
   8:.\Generated_Source\PSoC5/cyfitter_cfg.c **** * Except for the user defined sections in CyClockStartupError(), this file should not be modified.
   9:.\Generated_Source\PSoC5/cyfitter_cfg.c **** * This file is automatically generated by PSoC Creator.
  10:.\Generated_Source\PSoC5/cyfitter_cfg.c **** *
  11:.\Generated_Source\PSoC5/cyfitter_cfg.c **** ********************************************************************************
  12:.\Generated_Source\PSoC5/cyfitter_cfg.c **** * Copyright (c) 2007-2016 Cypress Semiconductor.  All rights reserved.
  13:.\Generated_Source\PSoC5/cyfitter_cfg.c **** * You may use this file only in accordance with the license, terms, conditions, 
  14:.\Generated_Source\PSoC5/cyfitter_cfg.c **** * disclaimers, and limitations in the end user license agreement accompanying 
  15:.\Generated_Source\PSoC5/cyfitter_cfg.c **** * the software package with which this file was provided.
  16:.\Generated_Source\PSoC5/cyfitter_cfg.c **** ********************************************************************************/
  17:.\Generated_Source\PSoC5/cyfitter_cfg.c **** 
  18:.\Generated_Source\PSoC5/cyfitter_cfg.c **** #include <string.h>
  19:.\Generated_Source\PSoC5/cyfitter_cfg.c **** #include "cytypes.h"
  20:.\Generated_Source\PSoC5/cyfitter_cfg.c **** #include "cydevice_trm.h"
  21:.\Generated_Source\PSoC5/cyfitter_cfg.c **** #include "cyfitter.h"
  22:.\Generated_Source\PSoC5/cyfitter_cfg.c **** #include "CyLib.h"
  23:.\Generated_Source\PSoC5/cyfitter_cfg.c **** #include "cyfitter_cfg.h"
  24:.\Generated_Source\PSoC5/cyfitter_cfg.c **** 
  25:.\Generated_Source\PSoC5/cyfitter_cfg.c **** #define CY_NEED_CYCLOCKSTARTUPERROR 1
  26:.\Generated_Source\PSoC5/cyfitter_cfg.c **** 
  27:.\Generated_Source\PSoC5/cyfitter_cfg.c **** 
  28:.\Generated_Source\PSoC5/cyfitter_cfg.c **** #if defined(__GNUC__) || defined(__ARMCC_VERSION)
  29:.\Generated_Source\PSoC5/cyfitter_cfg.c ****     #define CYPACKED 
  30:.\Generated_Source\PSoC5/cyfitter_cfg.c ****     #define CYPACKED_ATTR __attribute__ ((packed))
  31:.\Generated_Source\PSoC5/cyfitter_cfg.c ****     #define CYALIGNED __attribute__ ((aligned))
  32:.\Generated_Source\PSoC5/cyfitter_cfg.c ****     #define CY_CFG_UNUSED __attribute__ ((unused))
ARM GAS  C:\Users\LUKASC~1\AppData\Local\Temp\ccyGZajE.s 			page 2


  33:.\Generated_Source\PSoC5/cyfitter_cfg.c ****     #ifndef CY_CFG_SECTION
  34:.\Generated_Source\PSoC5/cyfitter_cfg.c ****         #define CY_CFG_SECTION __attribute__ ((section(".psocinit")))
  35:.\Generated_Source\PSoC5/cyfitter_cfg.c ****     #endif
  36:.\Generated_Source\PSoC5/cyfitter_cfg.c ****     
  37:.\Generated_Source\PSoC5/cyfitter_cfg.c ****     #if defined(__ARMCC_VERSION)
  38:.\Generated_Source\PSoC5/cyfitter_cfg.c ****         #define CY_CFG_MEMORY_BARRIER() __memory_changed()
  39:.\Generated_Source\PSoC5/cyfitter_cfg.c ****     #else
  40:.\Generated_Source\PSoC5/cyfitter_cfg.c ****         #define CY_CFG_MEMORY_BARRIER() __sync_synchronize()
  41:.\Generated_Source\PSoC5/cyfitter_cfg.c ****     #endif
  42:.\Generated_Source\PSoC5/cyfitter_cfg.c ****     
  43:.\Generated_Source\PSoC5/cyfitter_cfg.c **** #elif defined(__ICCARM__)
  44:.\Generated_Source\PSoC5/cyfitter_cfg.c ****     #include <intrinsics.h>
  45:.\Generated_Source\PSoC5/cyfitter_cfg.c **** 
  46:.\Generated_Source\PSoC5/cyfitter_cfg.c ****     #define CYPACKED __packed
  47:.\Generated_Source\PSoC5/cyfitter_cfg.c ****     #define CYPACKED_ATTR 
  48:.\Generated_Source\PSoC5/cyfitter_cfg.c ****     #define CYALIGNED _Pragma("data_alignment=4")
  49:.\Generated_Source\PSoC5/cyfitter_cfg.c ****     #define CY_CFG_UNUSED _Pragma("diag_suppress=Pe177")
  50:.\Generated_Source\PSoC5/cyfitter_cfg.c ****     #define CY_CFG_SECTION _Pragma("location=\".psocinit\"")
  51:.\Generated_Source\PSoC5/cyfitter_cfg.c ****     
  52:.\Generated_Source\PSoC5/cyfitter_cfg.c ****     #define CY_CFG_MEMORY_BARRIER() __DMB()
  53:.\Generated_Source\PSoC5/cyfitter_cfg.c ****     
  54:.\Generated_Source\PSoC5/cyfitter_cfg.c **** #else
  55:.\Generated_Source\PSoC5/cyfitter_cfg.c ****     #error Unsupported toolchain
  56:.\Generated_Source\PSoC5/cyfitter_cfg.c **** #endif
  57:.\Generated_Source\PSoC5/cyfitter_cfg.c **** 
  58:.\Generated_Source\PSoC5/cyfitter_cfg.c **** 
  59:.\Generated_Source\PSoC5/cyfitter_cfg.c **** CY_CFG_UNUSED
  60:.\Generated_Source\PSoC5/cyfitter_cfg.c **** static void CYMEMZERO(void *s, size_t n);
  61:.\Generated_Source\PSoC5/cyfitter_cfg.c **** CY_CFG_UNUSED
  62:.\Generated_Source\PSoC5/cyfitter_cfg.c **** static void CYMEMZERO(void *s, size_t n)
  63:.\Generated_Source\PSoC5/cyfitter_cfg.c **** {
  26              		.loc 1 63 0
  27              		.cfi_startproc
  28              		@ args = 0, pretend = 0, frame = 8
  29              		@ frame_needed = 1, uses_anonymous_args = 0
  30 0000 80B5     		push	{r7, lr}
  31              		.cfi_def_cfa_offset 8
  32              		.cfi_offset 7, -8
  33              		.cfi_offset 14, -4
  34 0002 82B0     		sub	sp, sp, #8
  35              		.cfi_def_cfa_offset 16
  36 0004 00AF     		add	r7, sp, #0
  37              		.cfi_def_cfa_register 7
  38 0006 7860     		str	r0, [r7, #4]
  39 0008 3960     		str	r1, [r7]
  64:.\Generated_Source\PSoC5/cyfitter_cfg.c **** 	(void)memset(s, 0, n);
  40              		.loc 1 64 0
  41 000a 7868     		ldr	r0, [r7, #4]
  42 000c 0021     		movs	r1, #0
  43 000e 3A68     		ldr	r2, [r7]
  44 0010 FFF7FEFF 		bl	memset
  65:.\Generated_Source\PSoC5/cyfitter_cfg.c **** }
  45              		.loc 1 65 0
  46 0014 0837     		adds	r7, r7, #8
  47              		.cfi_def_cfa_offset 8
  48 0016 BD46     		mov	sp, r7
  49              		.cfi_def_cfa_register 13
ARM GAS  C:\Users\LUKASC~1\AppData\Local\Temp\ccyGZajE.s 			page 3


  50              		@ sp needed
  51 0018 80BD     		pop	{r7, pc}
  52              		.cfi_endproc
  53              	.LFE0:
  54              		.size	CYMEMZERO, .-CYMEMZERO
  55 001a 00BF     		.section	.text.CYCONFIGCPY,"ax",%progbits
  56              		.align	2
  57              		.thumb
  58              		.thumb_func
  59              		.type	CYCONFIGCPY, %function
  60              	CYCONFIGCPY:
  61              	.LFB1:
  66:.\Generated_Source\PSoC5/cyfitter_cfg.c **** CY_CFG_UNUSED
  67:.\Generated_Source\PSoC5/cyfitter_cfg.c **** static void CYCONFIGCPY(void *dest, const void *src, size_t n);
  68:.\Generated_Source\PSoC5/cyfitter_cfg.c **** CY_CFG_UNUSED
  69:.\Generated_Source\PSoC5/cyfitter_cfg.c **** static void CYCONFIGCPY(void *dest, const void *src, size_t n)
  70:.\Generated_Source\PSoC5/cyfitter_cfg.c **** {
  62              		.loc 1 70 0
  63              		.cfi_startproc
  64              		@ args = 0, pretend = 0, frame = 16
  65              		@ frame_needed = 1, uses_anonymous_args = 0
  66 0000 80B5     		push	{r7, lr}
  67              		.cfi_def_cfa_offset 8
  68              		.cfi_offset 7, -8
  69              		.cfi_offset 14, -4
  70 0002 84B0     		sub	sp, sp, #16
  71              		.cfi_def_cfa_offset 24
  72 0004 00AF     		add	r7, sp, #0
  73              		.cfi_def_cfa_register 7
  74 0006 F860     		str	r0, [r7, #12]
  75 0008 B960     		str	r1, [r7, #8]
  76 000a 7A60     		str	r2, [r7, #4]
  71:.\Generated_Source\PSoC5/cyfitter_cfg.c **** 	(void)memcpy(dest, src, n);
  77              		.loc 1 71 0
  78 000c F868     		ldr	r0, [r7, #12]
  79 000e B968     		ldr	r1, [r7, #8]
  80 0010 7A68     		ldr	r2, [r7, #4]
  81 0012 FFF7FEFF 		bl	memcpy
  72:.\Generated_Source\PSoC5/cyfitter_cfg.c **** }
  82              		.loc 1 72 0
  83 0016 1037     		adds	r7, r7, #16
  84              		.cfi_def_cfa_offset 8
  85 0018 BD46     		mov	sp, r7
  86              		.cfi_def_cfa_register 13
  87              		@ sp needed
  88 001a 80BD     		pop	{r7, pc}
  89              		.cfi_endproc
  90              	.LFE1:
  91              		.size	CYCONFIGCPY, .-CYCONFIGCPY
  92              		.section	.text.CYCONFIGCPYCODE,"ax",%progbits
  93              		.align	2
  94              		.thumb
  95              		.thumb_func
  96              		.type	CYCONFIGCPYCODE, %function
  97              	CYCONFIGCPYCODE:
  98              	.LFB2:
  73:.\Generated_Source\PSoC5/cyfitter_cfg.c **** CY_CFG_UNUSED
ARM GAS  C:\Users\LUKASC~1\AppData\Local\Temp\ccyGZajE.s 			page 4


  74:.\Generated_Source\PSoC5/cyfitter_cfg.c **** static void CYCONFIGCPYCODE(void *dest, const void *src, size_t n);
  75:.\Generated_Source\PSoC5/cyfitter_cfg.c **** CY_CFG_UNUSED
  76:.\Generated_Source\PSoC5/cyfitter_cfg.c **** static void CYCONFIGCPYCODE(void *dest, const void *src, size_t n)
  77:.\Generated_Source\PSoC5/cyfitter_cfg.c **** {
  99              		.loc 1 77 0
 100              		.cfi_startproc
 101              		@ args = 0, pretend = 0, frame = 16
 102              		@ frame_needed = 1, uses_anonymous_args = 0
 103 0000 80B5     		push	{r7, lr}
 104              		.cfi_def_cfa_offset 8
 105              		.cfi_offset 7, -8
 106              		.cfi_offset 14, -4
 107 0002 84B0     		sub	sp, sp, #16
 108              		.cfi_def_cfa_offset 24
 109 0004 00AF     		add	r7, sp, #0
 110              		.cfi_def_cfa_register 7
 111 0006 F860     		str	r0, [r7, #12]
 112 0008 B960     		str	r1, [r7, #8]
 113 000a 7A60     		str	r2, [r7, #4]
  78:.\Generated_Source\PSoC5/cyfitter_cfg.c **** 	(void)memcpy(dest, src, n);
 114              		.loc 1 78 0
 115 000c F868     		ldr	r0, [r7, #12]
 116 000e B968     		ldr	r1, [r7, #8]
 117 0010 7A68     		ldr	r2, [r7, #4]
 118 0012 FFF7FEFF 		bl	memcpy
  79:.\Generated_Source\PSoC5/cyfitter_cfg.c **** }
 119              		.loc 1 79 0
 120 0016 1037     		adds	r7, r7, #16
 121              		.cfi_def_cfa_offset 8
 122 0018 BD46     		mov	sp, r7
 123              		.cfi_def_cfa_register 13
 124              		@ sp needed
 125 001a 80BD     		pop	{r7, pc}
 126              		.cfi_endproc
 127              	.LFE2:
 128              		.size	CYCONFIGCPYCODE, .-CYCONFIGCPYCODE
 129              		.section	.text.CyClockStartupError,"ax",%progbits
 130              		.align	2
 131              		.thumb
 132              		.thumb_func
 133              		.type	CyClockStartupError, %function
 134              	CyClockStartupError:
 135              	.LFB3:
  80:.\Generated_Source\PSoC5/cyfitter_cfg.c **** 
  81:.\Generated_Source\PSoC5/cyfitter_cfg.c **** 
  82:.\Generated_Source\PSoC5/cyfitter_cfg.c **** 
  83:.\Generated_Source\PSoC5/cyfitter_cfg.c **** /* Clock startup error codes                                                   */
  84:.\Generated_Source\PSoC5/cyfitter_cfg.c **** #define CYCLOCKSTART_NO_ERROR    0u
  85:.\Generated_Source\PSoC5/cyfitter_cfg.c **** #define CYCLOCKSTART_XTAL_ERROR  1u
  86:.\Generated_Source\PSoC5/cyfitter_cfg.c **** #define CYCLOCKSTART_32KHZ_ERROR 2u
  87:.\Generated_Source\PSoC5/cyfitter_cfg.c **** #define CYCLOCKSTART_PLL_ERROR   3u
  88:.\Generated_Source\PSoC5/cyfitter_cfg.c **** 
  89:.\Generated_Source\PSoC5/cyfitter_cfg.c **** #ifdef CY_NEED_CYCLOCKSTARTUPERROR
  90:.\Generated_Source\PSoC5/cyfitter_cfg.c **** /*******************************************************************************
  91:.\Generated_Source\PSoC5/cyfitter_cfg.c **** * Function Name: CyClockStartupError
  92:.\Generated_Source\PSoC5/cyfitter_cfg.c **** ********************************************************************************
  93:.\Generated_Source\PSoC5/cyfitter_cfg.c **** * Summary:
ARM GAS  C:\Users\LUKASC~1\AppData\Local\Temp\ccyGZajE.s 			page 5


  94:.\Generated_Source\PSoC5/cyfitter_cfg.c **** *  If an error is encountered during clock configuration (crystal startup error,
  95:.\Generated_Source\PSoC5/cyfitter_cfg.c **** *  PLL lock error, etc.), the system will end up here.  Unless reimplemented by
  96:.\Generated_Source\PSoC5/cyfitter_cfg.c **** *  the customer, this function will stop in an infinite loop.
  97:.\Generated_Source\PSoC5/cyfitter_cfg.c **** *
  98:.\Generated_Source\PSoC5/cyfitter_cfg.c **** * Parameters:
  99:.\Generated_Source\PSoC5/cyfitter_cfg.c **** *   void
 100:.\Generated_Source\PSoC5/cyfitter_cfg.c **** *
 101:.\Generated_Source\PSoC5/cyfitter_cfg.c **** * Return:
 102:.\Generated_Source\PSoC5/cyfitter_cfg.c **** *   void
 103:.\Generated_Source\PSoC5/cyfitter_cfg.c **** *
 104:.\Generated_Source\PSoC5/cyfitter_cfg.c **** *******************************************************************************/
 105:.\Generated_Source\PSoC5/cyfitter_cfg.c **** CY_CFG_UNUSED
 106:.\Generated_Source\PSoC5/cyfitter_cfg.c **** static void CyClockStartupError(uint8 errorCode);
 107:.\Generated_Source\PSoC5/cyfitter_cfg.c **** CY_CFG_UNUSED
 108:.\Generated_Source\PSoC5/cyfitter_cfg.c **** static void CyClockStartupError(uint8 errorCode)
 109:.\Generated_Source\PSoC5/cyfitter_cfg.c **** {
 136              		.loc 1 109 0
 137              		.cfi_startproc
 138              		@ args = 0, pretend = 0, frame = 8
 139              		@ frame_needed = 1, uses_anonymous_args = 0
 140              		@ link register save eliminated.
 141 0000 80B4     		push	{r7}
 142              		.cfi_def_cfa_offset 4
 143              		.cfi_offset 7, -4
 144 0002 83B0     		sub	sp, sp, #12
 145              		.cfi_def_cfa_offset 16
 146 0004 00AF     		add	r7, sp, #0
 147              		.cfi_def_cfa_register 7
 148 0006 0346     		mov	r3, r0
 149 0008 FB71     		strb	r3, [r7, #7]
 150              	.L5:
 110:.\Generated_Source\PSoC5/cyfitter_cfg.c ****     /* To remove the compiler warning if errorCode not used.                */
 111:.\Generated_Source\PSoC5/cyfitter_cfg.c ****     errorCode = errorCode;
 112:.\Generated_Source\PSoC5/cyfitter_cfg.c **** 
 113:.\Generated_Source\PSoC5/cyfitter_cfg.c ****     /* `#START CyClockStartupError` */
 114:.\Generated_Source\PSoC5/cyfitter_cfg.c **** 
 115:.\Generated_Source\PSoC5/cyfitter_cfg.c ****     /* If we have a clock startup error (bad MHz crystal, PLL lock, etc.),  */
 116:.\Generated_Source\PSoC5/cyfitter_cfg.c ****     /* we will end up here to allow the customer to implement something to  */
 117:.\Generated_Source\PSoC5/cyfitter_cfg.c ****     /* deal with the clock condition.                                       */
 118:.\Generated_Source\PSoC5/cyfitter_cfg.c **** 
 119:.\Generated_Source\PSoC5/cyfitter_cfg.c ****     /* `#END` */
 120:.\Generated_Source\PSoC5/cyfitter_cfg.c **** 
 121:.\Generated_Source\PSoC5/cyfitter_cfg.c ****     /* If nothing else, stop here since the clocks have not started         */
 122:.\Generated_Source\PSoC5/cyfitter_cfg.c ****     /* correctly.                                                           */
 123:.\Generated_Source\PSoC5/cyfitter_cfg.c ****     while(1) {}
 151              		.loc 1 123 0 discriminator 1
 152 000a FEE7     		b	.L5
 153              		.cfi_endproc
 154              	.LFE3:
 155              		.size	CyClockStartupError, .-CyClockStartupError
 156              		.section	.text.ClockSetup,"ax",%progbits
 157              		.align	2
 158              		.thumb
 159              		.thumb_func
 160              		.type	ClockSetup, %function
 161              	ClockSetup:
 162              	.LFB4:
ARM GAS  C:\Users\LUKASC~1\AppData\Local\Temp\ccyGZajE.s 			page 6


 124:.\Generated_Source\PSoC5/cyfitter_cfg.c **** }
 125:.\Generated_Source\PSoC5/cyfitter_cfg.c **** #endif
 126:.\Generated_Source\PSoC5/cyfitter_cfg.c **** 
 127:.\Generated_Source\PSoC5/cyfitter_cfg.c **** 
 128:.\Generated_Source\PSoC5/cyfitter_cfg.c **** /*******************************************************************************
 129:.\Generated_Source\PSoC5/cyfitter_cfg.c **** * Function Name: ClockSetup
 130:.\Generated_Source\PSoC5/cyfitter_cfg.c **** ********************************************************************************
 131:.\Generated_Source\PSoC5/cyfitter_cfg.c **** *
 132:.\Generated_Source\PSoC5/cyfitter_cfg.c **** * Summary:
 133:.\Generated_Source\PSoC5/cyfitter_cfg.c **** *  Performs the initialization of all of the clocks in the device based on the
 134:.\Generated_Source\PSoC5/cyfitter_cfg.c **** *  settings in the Clock tab of the DWR.  This includes enabling the requested
 135:.\Generated_Source\PSoC5/cyfitter_cfg.c **** *  clocks and setting the necessary dividers to produce the desired frequency. 
 136:.\Generated_Source\PSoC5/cyfitter_cfg.c **** *
 137:.\Generated_Source\PSoC5/cyfitter_cfg.c **** * Parameters:
 138:.\Generated_Source\PSoC5/cyfitter_cfg.c **** *  void
 139:.\Generated_Source\PSoC5/cyfitter_cfg.c **** *
 140:.\Generated_Source\PSoC5/cyfitter_cfg.c **** * Return:
 141:.\Generated_Source\PSoC5/cyfitter_cfg.c **** *  void
 142:.\Generated_Source\PSoC5/cyfitter_cfg.c **** *
 143:.\Generated_Source\PSoC5/cyfitter_cfg.c **** *******************************************************************************/
 144:.\Generated_Source\PSoC5/cyfitter_cfg.c **** static void ClockSetup(void);
 145:.\Generated_Source\PSoC5/cyfitter_cfg.c **** static void ClockSetup(void)
 146:.\Generated_Source\PSoC5/cyfitter_cfg.c **** {
 163              		.loc 1 146 0
 164              		.cfi_startproc
 165              		@ args = 0, pretend = 0, frame = 8
 166              		@ frame_needed = 1, uses_anonymous_args = 0
 167 0000 80B5     		push	{r7, lr}
 168              		.cfi_def_cfa_offset 8
 169              		.cfi_offset 7, -8
 170              		.cfi_offset 14, -4
 171 0002 82B0     		sub	sp, sp, #8
 172              		.cfi_def_cfa_offset 16
 173 0004 00AF     		add	r7, sp, #0
 174              		.cfi_def_cfa_register 7
 147:.\Generated_Source\PSoC5/cyfitter_cfg.c **** 	uint32 timeout;
 148:.\Generated_Source\PSoC5/cyfitter_cfg.c **** 	uint8 pllLock;
 149:.\Generated_Source\PSoC5/cyfitter_cfg.c **** 
 150:.\Generated_Source\PSoC5/cyfitter_cfg.c **** 
 151:.\Generated_Source\PSoC5/cyfitter_cfg.c **** 	/* Configure ILO based on settings from Clock DWR */
 152:.\Generated_Source\PSoC5/cyfitter_cfg.c **** 	CY_SET_XTND_REG8((void CYFAR *)(CYREG_SLOWCLK_ILO_CR0), 0x02u);
 175              		.loc 1 152 0
 176 0006 294B     		ldr	r3, .L11
 177 0008 0222     		movs	r2, #2
 178 000a 1A70     		strb	r2, [r3]
 153:.\Generated_Source\PSoC5/cyfitter_cfg.c **** 	CY_SET_XTND_REG8((void CYFAR *)(CYREG_CLKDIST_CR), 0x08u);
 179              		.loc 1 153 0
 180 000c 4FF04023 		mov	r3, #1073758208
 181 0010 0822     		movs	r2, #8
 182 0012 1A70     		strb	r2, [r3]
 154:.\Generated_Source\PSoC5/cyfitter_cfg.c **** 
 155:.\Generated_Source\PSoC5/cyfitter_cfg.c **** 	/* Configure IMO based on settings from Clock DWR */
 156:.\Generated_Source\PSoC5/cyfitter_cfg.c **** 	CY_SET_XTND_REG8((void CYFAR *)(CYREG_FASTCLK_IMO_CR), 0x03u);
 183              		.loc 1 156 0
 184 0014 264B     		ldr	r3, .L11+4
 185 0016 0322     		movs	r2, #3
 186 0018 1A70     		strb	r2, [r3]
ARM GAS  C:\Users\LUKASC~1\AppData\Local\Temp\ccyGZajE.s 			page 7


 157:.\Generated_Source\PSoC5/cyfitter_cfg.c **** 	CY_SET_XTND_REG8((void CYFAR *)(CYREG_IMO_TR1), (CY_GET_XTND_REG8((void CYFAR *)CYREG_FLSHID_CUST_
 187              		.loc 1 157 0
 188 001a 264B     		ldr	r3, .L11+8
 189 001c 264A     		ldr	r2, .L11+12
 190 001e 1278     		ldrb	r2, [r2]
 191 0020 D2B2     		uxtb	r2, r2
 192 0022 1A70     		strb	r2, [r3]
 158:.\Generated_Source\PSoC5/cyfitter_cfg.c **** 
 159:.\Generated_Source\PSoC5/cyfitter_cfg.c **** 	/* Configure PLL based on settings from Clock DWR */
 160:.\Generated_Source\PSoC5/cyfitter_cfg.c **** 	CY_SET_XTND_REG16((void CYFAR *)(CYREG_FASTCLK_PLL_P), 0x0008u);
 193              		.loc 1 160 0
 194 0024 254B     		ldr	r3, .L11+16
 195 0026 0822     		movs	r2, #8
 196 0028 1A80     		strh	r2, [r3]	@ movhi
 161:.\Generated_Source\PSoC5/cyfitter_cfg.c **** 	CY_SET_XTND_REG16((void CYFAR *)(CYREG_FASTCLK_PLL_CFG0), 0x1251u);
 197              		.loc 1 161 0
 198 002a 254B     		ldr	r3, .L11+20
 199 002c 41F25122 		movw	r2, #4689
 200 0030 1A80     		strh	r2, [r3]	@ movhi
 162:.\Generated_Source\PSoC5/cyfitter_cfg.c **** 	/* Wait up to 250us for the PLL to lock */
 163:.\Generated_Source\PSoC5/cyfitter_cfg.c **** 	pllLock = 0u;
 201              		.loc 1 163 0
 202 0032 0023     		movs	r3, #0
 203 0034 FB70     		strb	r3, [r7, #3]
 164:.\Generated_Source\PSoC5/cyfitter_cfg.c **** 	for (timeout = 250u / 10u; (timeout > 0u) && (pllLock != 0x03u); timeout--)
 204              		.loc 1 164 0
 205 0036 1923     		movs	r3, #25
 206 0038 7B60     		str	r3, [r7, #4]
 207 003a 14E0     		b	.L7
 208              	.L9:
 165:.\Generated_Source\PSoC5/cyfitter_cfg.c **** 	{ 
 166:.\Generated_Source\PSoC5/cyfitter_cfg.c **** 		pllLock = 0x03u & ((uint8)((uint8)pllLock << 1) | ((CY_GET_XTND_REG8((void CYFAR *)CYREG_FASTCLK_
 209              		.loc 1 166 0 discriminator 4
 210 003c FB78     		ldrb	r3, [r7, #3]
 211 003e 5B00     		lsls	r3, r3, #1
 212 0040 DAB2     		uxtb	r2, r3
 213 0042 204B     		ldr	r3, .L11+24
 214 0044 1B78     		ldrb	r3, [r3]
 215 0046 DBB2     		uxtb	r3, r3
 216 0048 03F00103 		and	r3, r3, #1
 217 004c DBB2     		uxtb	r3, r3
 218 004e 1343     		orrs	r3, r3, r2
 219 0050 DBB2     		uxtb	r3, r3
 220 0052 03F00303 		and	r3, r3, #3
 221 0056 FB70     		strb	r3, [r7, #3]
 167:.\Generated_Source\PSoC5/cyfitter_cfg.c **** 		CyDelayCycles(10u * 48u); /* Delay 10us based on 48MHz clock */
 222              		.loc 1 167 0 discriminator 4
 223 0058 4FF4F070 		mov	r0, #480
 224 005c FFF7FEFF 		bl	CyDelayCycles
 164:.\Generated_Source\PSoC5/cyfitter_cfg.c **** 	for (timeout = 250u / 10u; (timeout > 0u) && (pllLock != 0x03u); timeout--)
 225              		.loc 1 164 0 discriminator 4
 226 0060 7B68     		ldr	r3, [r7, #4]
 227 0062 013B     		subs	r3, r3, #1
 228 0064 7B60     		str	r3, [r7, #4]
 229              	.L7:
 164:.\Generated_Source\PSoC5/cyfitter_cfg.c **** 	for (timeout = 250u / 10u; (timeout > 0u) && (pllLock != 0x03u); timeout--)
 230              		.loc 1 164 0 is_stmt 0 discriminator 1
ARM GAS  C:\Users\LUKASC~1\AppData\Local\Temp\ccyGZajE.s 			page 8


 231 0066 7B68     		ldr	r3, [r7, #4]
 232 0068 002B     		cmp	r3, #0
 233 006a 02D0     		beq	.L8
 164:.\Generated_Source\PSoC5/cyfitter_cfg.c **** 	for (timeout = 250u / 10u; (timeout > 0u) && (pllLock != 0x03u); timeout--)
 234              		.loc 1 164 0 discriminator 3
 235 006c FB78     		ldrb	r3, [r7, #3]	@ zero_extendqisi2
 236 006e 032B     		cmp	r3, #3
 237 0070 E4D1     		bne	.L9
 238              	.L8:
 168:.\Generated_Source\PSoC5/cyfitter_cfg.c **** 	}
 169:.\Generated_Source\PSoC5/cyfitter_cfg.c **** 	/* If we ran out of time the PLL didn't lock so go to the error function */
 170:.\Generated_Source\PSoC5/cyfitter_cfg.c **** 	if (timeout == 0u)
 239              		.loc 1 170 0 is_stmt 1
 240 0072 7B68     		ldr	r3, [r7, #4]
 241 0074 002B     		cmp	r3, #0
 242 0076 02D1     		bne	.L10
 171:.\Generated_Source\PSoC5/cyfitter_cfg.c **** 	{
 172:.\Generated_Source\PSoC5/cyfitter_cfg.c **** 		CyClockStartupError(CYCLOCKSTART_PLL_ERROR);
 243              		.loc 1 172 0
 244 0078 0320     		movs	r0, #3
 245 007a FFF7FEFF 		bl	CyClockStartupError
 246              	.L10:
 173:.\Generated_Source\PSoC5/cyfitter_cfg.c **** 	}
 174:.\Generated_Source\PSoC5/cyfitter_cfg.c **** 
 175:.\Generated_Source\PSoC5/cyfitter_cfg.c **** 	/* Configure Bus/Master Clock based on settings from Clock DWR */
 176:.\Generated_Source\PSoC5/cyfitter_cfg.c **** 	CY_SET_XTND_REG16((void CYFAR *)(CYREG_CLKDIST_MSTR0), 0x0100u);
 247              		.loc 1 176 0
 248 007e 124B     		ldr	r3, .L11+28
 249 0080 4FF48072 		mov	r2, #256
 250 0084 1A80     		strh	r2, [r3]	@ movhi
 177:.\Generated_Source\PSoC5/cyfitter_cfg.c **** 	CY_SET_XTND_REG8((void CYFAR *)(CYREG_CLKDIST_MSTR0), 0x07u);
 251              		.loc 1 177 0
 252 0086 104B     		ldr	r3, .L11+28
 253 0088 0722     		movs	r2, #7
 254 008a 1A70     		strb	r2, [r3]
 178:.\Generated_Source\PSoC5/cyfitter_cfg.c **** 	CY_SET_XTND_REG8((void CYFAR *)(CYREG_CLKDIST_BCFG0), 0x00u);
 255              		.loc 1 178 0
 256 008c 0F4B     		ldr	r3, .L11+32
 257 008e 0022     		movs	r2, #0
 258 0090 1A70     		strb	r2, [r3]
 179:.\Generated_Source\PSoC5/cyfitter_cfg.c **** 	CY_SET_XTND_REG8((void CYFAR *)(CYREG_CLKDIST_BCFG2), 0x48u);
 259              		.loc 1 179 0
 260 0092 0F4B     		ldr	r3, .L11+36
 261 0094 4822     		movs	r2, #72
 262 0096 1A70     		strb	r2, [r3]
 180:.\Generated_Source\PSoC5/cyfitter_cfg.c **** 	CY_SET_XTND_REG8((void CYFAR *)(CYREG_CLKDIST_MSTR0), 0x00u);
 263              		.loc 1 180 0
 264 0098 0B4B     		ldr	r3, .L11+28
 265 009a 0022     		movs	r2, #0
 266 009c 1A70     		strb	r2, [r3]
 181:.\Generated_Source\PSoC5/cyfitter_cfg.c **** 	CY_SET_XTND_REG8((void CYFAR *)(CYREG_CLKDIST_LD), 0x02u);
 267              		.loc 1 181 0
 268 009e 0D4B     		ldr	r3, .L11+40
 269 00a0 0222     		movs	r2, #2
 270 00a2 1A70     		strb	r2, [r3]
 182:.\Generated_Source\PSoC5/cyfitter_cfg.c **** }
 271              		.loc 1 182 0
ARM GAS  C:\Users\LUKASC~1\AppData\Local\Temp\ccyGZajE.s 			page 9


 272 00a4 0837     		adds	r7, r7, #8
 273              		.cfi_def_cfa_offset 8
 274 00a6 BD46     		mov	sp, r7
 275              		.cfi_def_cfa_register 13
 276              		@ sp needed
 277 00a8 80BD     		pop	{r7, pc}
 278              	.L12:
 279 00aa 00BF     		.align	2
 280              	.L11:
 281 00ac 00430040 		.word	1073758976
 282 00b0 00420040 		.word	1073758720
 283 00b4 A1460040 		.word	1073759905
 284 00b8 08010049 		.word	1224737032
 285 00bc 22420040 		.word	1073758754
 286 00c0 20420040 		.word	1073758752
 287 00c4 25420040 		.word	1073758757
 288 00c8 04400040 		.word	1073758212
 289 00cc 06400040 		.word	1073758214
 290 00d0 08400040 		.word	1073758216
 291 00d4 01400040 		.word	1073758209
 292              		.cfi_endproc
 293              	.LFE4:
 294              		.size	ClockSetup, .-ClockSetup
 295              		.section	.text.AnalogSetDefault,"ax",%progbits
 296              		.align	2
 297              		.thumb
 298              		.thumb_func
 299              		.type	AnalogSetDefault, %function
 300              	AnalogSetDefault:
 301              	.LFB5:
 183:.\Generated_Source\PSoC5/cyfitter_cfg.c **** 
 184:.\Generated_Source\PSoC5/cyfitter_cfg.c **** 
 185:.\Generated_Source\PSoC5/cyfitter_cfg.c **** /* Analog API Functions */
 186:.\Generated_Source\PSoC5/cyfitter_cfg.c **** 
 187:.\Generated_Source\PSoC5/cyfitter_cfg.c **** 
 188:.\Generated_Source\PSoC5/cyfitter_cfg.c **** /*******************************************************************************
 189:.\Generated_Source\PSoC5/cyfitter_cfg.c **** * Function Name: AnalogSetDefault
 190:.\Generated_Source\PSoC5/cyfitter_cfg.c **** ********************************************************************************
 191:.\Generated_Source\PSoC5/cyfitter_cfg.c **** *
 192:.\Generated_Source\PSoC5/cyfitter_cfg.c **** * Summary:
 193:.\Generated_Source\PSoC5/cyfitter_cfg.c **** *  Sets up the analog portions of the chip to default values based on chip
 194:.\Generated_Source\PSoC5/cyfitter_cfg.c **** *  configuration options from the project.
 195:.\Generated_Source\PSoC5/cyfitter_cfg.c **** *
 196:.\Generated_Source\PSoC5/cyfitter_cfg.c **** * Parameters:
 197:.\Generated_Source\PSoC5/cyfitter_cfg.c **** *  void
 198:.\Generated_Source\PSoC5/cyfitter_cfg.c **** *
 199:.\Generated_Source\PSoC5/cyfitter_cfg.c **** * Return:
 200:.\Generated_Source\PSoC5/cyfitter_cfg.c **** *  void
 201:.\Generated_Source\PSoC5/cyfitter_cfg.c **** *
 202:.\Generated_Source\PSoC5/cyfitter_cfg.c **** *******************************************************************************/
 203:.\Generated_Source\PSoC5/cyfitter_cfg.c **** static void AnalogSetDefault(void);
 204:.\Generated_Source\PSoC5/cyfitter_cfg.c **** static void AnalogSetDefault(void)
 205:.\Generated_Source\PSoC5/cyfitter_cfg.c **** {
 302              		.loc 1 205 0
 303              		.cfi_startproc
 304              		@ args = 0, pretend = 0, frame = 8
 305              		@ frame_needed = 1, uses_anonymous_args = 0
ARM GAS  C:\Users\LUKASC~1\AppData\Local\Temp\ccyGZajE.s 			page 10


 306              		@ link register save eliminated.
 307 0000 80B4     		push	{r7}
 308              		.cfi_def_cfa_offset 4
 309              		.cfi_offset 7, -4
 310 0002 83B0     		sub	sp, sp, #12
 311              		.cfi_def_cfa_offset 16
 312 0004 00AF     		add	r7, sp, #0
 313              		.cfi_def_cfa_register 7
 206:.\Generated_Source\PSoC5/cyfitter_cfg.c **** 	uint8 bg_xover_inl_trim = CY_GET_XTND_REG8((void CYFAR *)(CYREG_FLSHID_MFG_CFG_BG_XOVER_INL_TRIM +
 314              		.loc 1 206 0
 315 0006 0B4B     		ldr	r3, .L14
 316 0008 1B78     		ldrb	r3, [r3]
 317 000a FB71     		strb	r3, [r7, #7]
 207:.\Generated_Source\PSoC5/cyfitter_cfg.c **** 	CY_SET_XTND_REG8((void CYFAR *)(CYREG_BG_DFT0), (bg_xover_inl_trim & 0x07u));
 318              		.loc 1 207 0
 319 000c 0A4A     		ldr	r2, .L14+4
 320 000e FB79     		ldrb	r3, [r7, #7]
 321 0010 03F00703 		and	r3, r3, #7
 322 0014 DBB2     		uxtb	r3, r3
 323 0016 1370     		strb	r3, [r2]
 208:.\Generated_Source\PSoC5/cyfitter_cfg.c **** 	CY_SET_XTND_REG8((void CYFAR *)(CYREG_BG_DFT1), ((bg_xover_inl_trim >> 4) & 0x0Fu));
 324              		.loc 1 208 0
 325 0018 084A     		ldr	r2, .L14+8
 326 001a FB79     		ldrb	r3, [r7, #7]	@ zero_extendqisi2
 327 001c 1B09     		lsrs	r3, r3, #4
 328 001e DBB2     		uxtb	r3, r3
 329 0020 1370     		strb	r3, [r2]
 209:.\Generated_Source\PSoC5/cyfitter_cfg.c **** 	CY_SET_XTND_REG8((void CYFAR *)CYREG_PUMP_CR0, 0x44u);
 330              		.loc 1 209 0
 331 0022 074B     		ldr	r3, .L14+12
 332 0024 4422     		movs	r2, #68
 333 0026 1A70     		strb	r2, [r3]
 210:.\Generated_Source\PSoC5/cyfitter_cfg.c **** }
 334              		.loc 1 210 0
 335 0028 0C37     		adds	r7, r7, #12
 336              		.cfi_def_cfa_offset 4
 337 002a BD46     		mov	sp, r7
 338              		.cfi_def_cfa_register 13
 339              		@ sp needed
 340 002c 5DF8047B 		ldr	r7, [sp], #4
 341              		.cfi_restore 7
 342              		.cfi_def_cfa_offset 0
 343 0030 7047     		bx	lr
 344              	.L15:
 345 0032 00BF     		.align	2
 346              	.L14:
 347 0034 CF010049 		.word	1224737231
 348 0038 6E580040 		.word	1073764462
 349 003c 6F580040 		.word	1073764463
 350 0040 76580040 		.word	1073764470
 351              		.cfi_endproc
 352              	.LFE5:
 353              		.size	AnalogSetDefault, .-AnalogSetDefault
 354              		.section	.text.SetAnalogRoutingPumps,"ax",%progbits
 355              		.align	2
 356              		.global	SetAnalogRoutingPumps
 357              		.thumb
ARM GAS  C:\Users\LUKASC~1\AppData\Local\Temp\ccyGZajE.s 			page 11


 358              		.thumb_func
 359              		.type	SetAnalogRoutingPumps, %function
 360              	SetAnalogRoutingPumps:
 361              	.LFB6:
 211:.\Generated_Source\PSoC5/cyfitter_cfg.c **** 
 212:.\Generated_Source\PSoC5/cyfitter_cfg.c **** 
 213:.\Generated_Source\PSoC5/cyfitter_cfg.c **** /*******************************************************************************
 214:.\Generated_Source\PSoC5/cyfitter_cfg.c **** * Function Name: SetAnalogRoutingPumps
 215:.\Generated_Source\PSoC5/cyfitter_cfg.c **** ********************************************************************************
 216:.\Generated_Source\PSoC5/cyfitter_cfg.c **** *
 217:.\Generated_Source\PSoC5/cyfitter_cfg.c **** * Summary:
 218:.\Generated_Source\PSoC5/cyfitter_cfg.c **** * Enables or disables the analog pumps feeding analog routing switches.
 219:.\Generated_Source\PSoC5/cyfitter_cfg.c **** * Intended to be called at startup, based on the Vdda system configuration;
 220:.\Generated_Source\PSoC5/cyfitter_cfg.c **** * may be called during operation when the user informs us that the Vdda voltage
 221:.\Generated_Source\PSoC5/cyfitter_cfg.c **** * crossed the pump threshold.
 222:.\Generated_Source\PSoC5/cyfitter_cfg.c **** *
 223:.\Generated_Source\PSoC5/cyfitter_cfg.c **** * Parameters:
 224:.\Generated_Source\PSoC5/cyfitter_cfg.c **** *  enabled - 1 to enable the pumps, 0 to disable the pumps
 225:.\Generated_Source\PSoC5/cyfitter_cfg.c **** *
 226:.\Generated_Source\PSoC5/cyfitter_cfg.c **** * Return:
 227:.\Generated_Source\PSoC5/cyfitter_cfg.c **** *  void
 228:.\Generated_Source\PSoC5/cyfitter_cfg.c **** *
 229:.\Generated_Source\PSoC5/cyfitter_cfg.c **** *******************************************************************************/
 230:.\Generated_Source\PSoC5/cyfitter_cfg.c **** void SetAnalogRoutingPumps(uint8 enabled)
 231:.\Generated_Source\PSoC5/cyfitter_cfg.c **** {
 362              		.loc 1 231 0
 363              		.cfi_startproc
 364              		@ args = 0, pretend = 0, frame = 16
 365              		@ frame_needed = 1, uses_anonymous_args = 0
 366              		@ link register save eliminated.
 367 0000 80B4     		push	{r7}
 368              		.cfi_def_cfa_offset 4
 369              		.cfi_offset 7, -4
 370 0002 85B0     		sub	sp, sp, #20
 371              		.cfi_def_cfa_offset 24
 372 0004 00AF     		add	r7, sp, #0
 373              		.cfi_def_cfa_register 7
 374 0006 0346     		mov	r3, r0
 375 0008 FB71     		strb	r3, [r7, #7]
 232:.\Generated_Source\PSoC5/cyfitter_cfg.c **** 	uint8 regValue = CY_GET_XTND_REG8((void CYFAR *)CYREG_PUMP_CR0);
 376              		.loc 1 232 0
 377 000a 064B     		ldr	r3, .L19
 378 000c 1B78     		ldrb	r3, [r3]
 379 000e FB73     		strb	r3, [r7, #15]
 233:.\Generated_Source\PSoC5/cyfitter_cfg.c **** 	if (enabled != 0u)
 380              		.loc 1 233 0
 381 0010 FB79     		ldrb	r3, [r7, #7]	@ zero_extendqisi2
 382 0012 002B     		cmp	r3, #0
 234:.\Generated_Source\PSoC5/cyfitter_cfg.c **** 	{
 235:.\Generated_Source\PSoC5/cyfitter_cfg.c **** 		regValue |= 0x00u;
 236:.\Generated_Source\PSoC5/cyfitter_cfg.c **** 	}
 237:.\Generated_Source\PSoC5/cyfitter_cfg.c **** 	else
 238:.\Generated_Source\PSoC5/cyfitter_cfg.c **** 	{
 239:.\Generated_Source\PSoC5/cyfitter_cfg.c **** 		regValue &= (uint8)~0x00u;
 240:.\Generated_Source\PSoC5/cyfitter_cfg.c **** 	}
 241:.\Generated_Source\PSoC5/cyfitter_cfg.c **** 	CY_SET_XTND_REG8((void CYFAR *)CYREG_PUMP_CR0, regValue);
 383              		.loc 1 241 0
ARM GAS  C:\Users\LUKASC~1\AppData\Local\Temp\ccyGZajE.s 			page 12


 384 0014 034A     		ldr	r2, .L19
 385 0016 FB7B     		ldrb	r3, [r7, #15]
 386 0018 1370     		strb	r3, [r2]
 242:.\Generated_Source\PSoC5/cyfitter_cfg.c **** }
 387              		.loc 1 242 0
 388 001a 1437     		adds	r7, r7, #20
 389              		.cfi_def_cfa_offset 4
 390 001c BD46     		mov	sp, r7
 391              		.cfi_def_cfa_register 13
 392              		@ sp needed
 393 001e 5DF8047B 		ldr	r7, [sp], #4
 394              		.cfi_restore 7
 395              		.cfi_def_cfa_offset 0
 396 0022 7047     		bx	lr
 397              	.L20:
 398              		.align	2
 399              	.L19:
 400 0024 76580040 		.word	1073764470
 401              		.cfi_endproc
 402              	.LFE6:
 403              		.size	SetAnalogRoutingPumps, .-SetAnalogRoutingPumps
 404              		.section	.text.cyfitter_cfg,"ax",%progbits
 405              		.align	2
 406              		.global	cyfitter_cfg
 407              		.thumb
 408              		.thumb_func
 409              		.type	cyfitter_cfg, %function
 410              	cyfitter_cfg:
 411              	.LFB7:
 243:.\Generated_Source\PSoC5/cyfitter_cfg.c **** 
 244:.\Generated_Source\PSoC5/cyfitter_cfg.c **** #define CY_AMUX_UNUSED CYREG_BOOST_SR
 245:.\Generated_Source\PSoC5/cyfitter_cfg.c **** 
 246:.\Generated_Source\PSoC5/cyfitter_cfg.c **** 
 247:.\Generated_Source\PSoC5/cyfitter_cfg.c **** /*******************************************************************************
 248:.\Generated_Source\PSoC5/cyfitter_cfg.c **** * Function Name: cyfitter_cfg
 249:.\Generated_Source\PSoC5/cyfitter_cfg.c **** ********************************************************************************
 250:.\Generated_Source\PSoC5/cyfitter_cfg.c **** * Summary:
 251:.\Generated_Source\PSoC5/cyfitter_cfg.c **** *  This function is called by the start-up code for the selected device. It
 252:.\Generated_Source\PSoC5/cyfitter_cfg.c **** *  performs all of the necessary device configuration based on the design
 253:.\Generated_Source\PSoC5/cyfitter_cfg.c **** *  settings.  This includes settings from the Design Wide Resources (DWR) such
 254:.\Generated_Source\PSoC5/cyfitter_cfg.c **** *  as Clocks and Pins as well as any component configuration that is necessary.
 255:.\Generated_Source\PSoC5/cyfitter_cfg.c **** *
 256:.\Generated_Source\PSoC5/cyfitter_cfg.c **** * Parameters:  
 257:.\Generated_Source\PSoC5/cyfitter_cfg.c **** *   void
 258:.\Generated_Source\PSoC5/cyfitter_cfg.c **** *
 259:.\Generated_Source\PSoC5/cyfitter_cfg.c **** * Return:
 260:.\Generated_Source\PSoC5/cyfitter_cfg.c **** *   void
 261:.\Generated_Source\PSoC5/cyfitter_cfg.c **** *
 262:.\Generated_Source\PSoC5/cyfitter_cfg.c **** *******************************************************************************/
 263:.\Generated_Source\PSoC5/cyfitter_cfg.c **** 
 264:.\Generated_Source\PSoC5/cyfitter_cfg.c **** void cyfitter_cfg(void)
 265:.\Generated_Source\PSoC5/cyfitter_cfg.c **** {
 412              		.loc 1 265 0
 413              		.cfi_startproc
 414              		@ args = 0, pretend = 0, frame = 8
 415              		@ frame_needed = 1, uses_anonymous_args = 0
 416 0000 80B5     		push	{r7, lr}
ARM GAS  C:\Users\LUKASC~1\AppData\Local\Temp\ccyGZajE.s 			page 13


 417              		.cfi_def_cfa_offset 8
 418              		.cfi_offset 7, -8
 419              		.cfi_offset 14, -4
 420 0002 82B0     		sub	sp, sp, #8
 421              		.cfi_def_cfa_offset 16
 422 0004 00AF     		add	r7, sp, #0
 423              		.cfi_def_cfa_register 7
 266:.\Generated_Source\PSoC5/cyfitter_cfg.c **** 	/* IOPINS0_0 Address: CYREG_PRT0_DM0 Size (bytes): 8 */
 267:.\Generated_Source\PSoC5/cyfitter_cfg.c **** 	static const uint8 CYCODE BS_IOPINS0_0_VAL[] = {
 268:.\Generated_Source\PSoC5/cyfitter_cfg.c **** 		0x00u, 0x07u, 0x07u, 0x00u, 0x00u, 0x00u, 0x00u, 0x00u};
 269:.\Generated_Source\PSoC5/cyfitter_cfg.c **** 
 270:.\Generated_Source\PSoC5/cyfitter_cfg.c **** #ifdef CYGlobalIntDisable
 271:.\Generated_Source\PSoC5/cyfitter_cfg.c **** 	/* Disable interrupts by default. Let user enable if/when they want. */
 272:.\Generated_Source\PSoC5/cyfitter_cfg.c **** 	CYGlobalIntDisable
 424              		.loc 1 272 0
 425              	@ 272 ".\Generated_Source\PSoC5\cyfitter_cfg.c" 1
 426 0006 72B6     		CPSID   i
 427              	@ 0 "" 2
 273:.\Generated_Source\PSoC5/cyfitter_cfg.c **** #endif
 274:.\Generated_Source\PSoC5/cyfitter_cfg.c **** 
 275:.\Generated_Source\PSoC5/cyfitter_cfg.c **** 	/* Enable/Disable Debug functionality based on settings from System DWR */
 276:.\Generated_Source\PSoC5/cyfitter_cfg.c **** 	CY_SET_XTND_REG8((void CYFAR *)CYREG_MLOGIC_DEBUG, (CY_GET_XTND_REG8((void CYFAR *)CYREG_MLOGIC_DE
 428              		.loc 1 276 0
 429              		.thumb
 430 0008 314A     		ldr	r2, .L24
 431 000a 314B     		ldr	r3, .L24
 432 000c 1B78     		ldrb	r3, [r3]
 433 000e DBB2     		uxtb	r3, r3
 434 0010 43F00403 		orr	r3, r3, #4
 435 0014 DBB2     		uxtb	r3, r3
 436 0016 1370     		strb	r3, [r2]
 437              	.LBB2:
 277:.\Generated_Source\PSoC5/cyfitter_cfg.c **** 
 278:.\Generated_Source\PSoC5/cyfitter_cfg.c **** 	{
 279:.\Generated_Source\PSoC5/cyfitter_cfg.c **** 
 280:.\Generated_Source\PSoC5/cyfitter_cfg.c **** 		CYPACKED typedef struct {
 281:.\Generated_Source\PSoC5/cyfitter_cfg.c **** 			void CYFAR *address;
 282:.\Generated_Source\PSoC5/cyfitter_cfg.c **** 			uint16 size;
 283:.\Generated_Source\PSoC5/cyfitter_cfg.c **** 		} CYPACKED_ATTR cfg_memset_t;
 284:.\Generated_Source\PSoC5/cyfitter_cfg.c **** 
 285:.\Generated_Source\PSoC5/cyfitter_cfg.c **** 		static const cfg_memset_t CYCODE cfg_memset_list [] = {
 286:.\Generated_Source\PSoC5/cyfitter_cfg.c **** 			/* address, size */
 287:.\Generated_Source\PSoC5/cyfitter_cfg.c **** 			{(void CYFAR *)(CYREG_PRT1_DR), 96u},
 288:.\Generated_Source\PSoC5/cyfitter_cfg.c **** 			{(void CYFAR *)(CYREG_PRT12_DR), 16u},
 289:.\Generated_Source\PSoC5/cyfitter_cfg.c **** 			{(void CYFAR *)(CYREG_PRT15_DR), 16u},
 290:.\Generated_Source\PSoC5/cyfitter_cfg.c **** 			{(void CYFAR *)(CYDEV_UCFG_B0_P0_U0_BASE), 4096u},
 291:.\Generated_Source\PSoC5/cyfitter_cfg.c **** 			{(void CYFAR *)(CYDEV_UCFG_B1_P2_U0_BASE), 2048u},
 292:.\Generated_Source\PSoC5/cyfitter_cfg.c **** 			{(void CYFAR *)(CYDEV_UCFG_DSI0_BASE), 2560u},
 293:.\Generated_Source\PSoC5/cyfitter_cfg.c **** 			{(void CYFAR *)(CYDEV_UCFG_DSI12_BASE), 512u},
 294:.\Generated_Source\PSoC5/cyfitter_cfg.c **** 			{(void CYFAR *)(CYREG_BCTL0_MDCLK_EN), 32u},
 295:.\Generated_Source\PSoC5/cyfitter_cfg.c **** 		};
 296:.\Generated_Source\PSoC5/cyfitter_cfg.c **** 
 297:.\Generated_Source\PSoC5/cyfitter_cfg.c **** 		uint8 CYDATA i;
 298:.\Generated_Source\PSoC5/cyfitter_cfg.c **** 
 299:.\Generated_Source\PSoC5/cyfitter_cfg.c **** 		/* Zero out critical memory blocks before beginning configuration */
 300:.\Generated_Source\PSoC5/cyfitter_cfg.c **** 		for (i = 0u; i < (sizeof(cfg_memset_list)/sizeof(cfg_memset_list[0])); i++)
 438              		.loc 1 300 0
ARM GAS  C:\Users\LUKASC~1\AppData\Local\Temp\ccyGZajE.s 			page 14


 439 0018 0023     		movs	r3, #0
 440 001a FB71     		strb	r3, [r7, #7]
 441 001c 13E0     		b	.L22
 442              	.L23:
 443              	.LBB3:
 301:.\Generated_Source\PSoC5/cyfitter_cfg.c **** 		{
 302:.\Generated_Source\PSoC5/cyfitter_cfg.c **** 			const cfg_memset_t CYCODE * CYDATA ms = &cfg_memset_list[i];
 444              		.loc 1 302 0 discriminator 3
 445 001e FA79     		ldrb	r2, [r7, #7]	@ zero_extendqisi2
 446 0020 1346     		mov	r3, r2
 447 0022 5B00     		lsls	r3, r3, #1
 448 0024 1344     		add	r3, r3, r2
 449 0026 5B00     		lsls	r3, r3, #1
 450 0028 2A4A     		ldr	r2, .L24+4
 451 002a 1344     		add	r3, r3, r2
 452 002c 3B60     		str	r3, [r7]
 303:.\Generated_Source\PSoC5/cyfitter_cfg.c **** 			CYMEMZERO(ms->address, (size_t)(uint32)(ms->size));
 453              		.loc 1 303 0 discriminator 3
 454 002e 3B68     		ldr	r3, [r7]
 455 0030 1A68     		ldr	r2, [r3]	@ unaligned
 456 0032 3B68     		ldr	r3, [r7]
 457 0034 9B88     		ldrh	r3, [r3, #4]	@ unaligned
 458 0036 9BB2     		uxth	r3, r3
 459 0038 1046     		mov	r0, r2
 460 003a 1946     		mov	r1, r3
 461 003c FFF7FEFF 		bl	CYMEMZERO
 462              	.LBE3:
 300:.\Generated_Source\PSoC5/cyfitter_cfg.c **** 		{
 463              		.loc 1 300 0 discriminator 3
 464 0040 FB79     		ldrb	r3, [r7, #7]	@ zero_extendqisi2
 465 0042 0133     		adds	r3, r3, #1
 466 0044 FB71     		strb	r3, [r7, #7]
 467              	.L22:
 300:.\Generated_Source\PSoC5/cyfitter_cfg.c **** 		{
 468              		.loc 1 300 0 is_stmt 0 discriminator 1
 469 0046 FB79     		ldrb	r3, [r7, #7]	@ zero_extendqisi2
 470 0048 072B     		cmp	r3, #7
 471 004a E8D9     		bls	.L23
 304:.\Generated_Source\PSoC5/cyfitter_cfg.c **** 		}
 305:.\Generated_Source\PSoC5/cyfitter_cfg.c **** 
 306:.\Generated_Source\PSoC5/cyfitter_cfg.c **** 		/* Enable digital routing */
 307:.\Generated_Source\PSoC5/cyfitter_cfg.c **** 		CY_SET_XTND_REG8((void CYFAR *)CYREG_BCTL0_BANK_CTL, CY_GET_XTND_REG8((void CYFAR *)CYREG_BCTL0_B
 472              		.loc 1 307 0 is_stmt 1
 473 004c 224A     		ldr	r2, .L24+8
 474 004e 224B     		ldr	r3, .L24+8
 475 0050 1B78     		ldrb	r3, [r3]
 476 0052 DBB2     		uxtb	r3, r3
 477 0054 43F00203 		orr	r3, r3, #2
 478 0058 DBB2     		uxtb	r3, r3
 479 005a 1370     		strb	r3, [r2]
 308:.\Generated_Source\PSoC5/cyfitter_cfg.c **** 		CY_SET_XTND_REG8((void CYFAR *)CYREG_BCTL1_BANK_CTL, CY_GET_XTND_REG8((void CYFAR *)CYREG_BCTL1_B
 480              		.loc 1 308 0
 481 005c 1F4A     		ldr	r2, .L24+12
 482 005e 1F4B     		ldr	r3, .L24+12
 483 0060 1B78     		ldrb	r3, [r3]
 484 0062 DBB2     		uxtb	r3, r3
 485 0064 43F00203 		orr	r3, r3, #2
ARM GAS  C:\Users\LUKASC~1\AppData\Local\Temp\ccyGZajE.s 			page 15


 486 0068 DBB2     		uxtb	r3, r3
 487 006a 1370     		strb	r3, [r2]
 309:.\Generated_Source\PSoC5/cyfitter_cfg.c **** 
 310:.\Generated_Source\PSoC5/cyfitter_cfg.c **** 		/* Enable UDB array */
 311:.\Generated_Source\PSoC5/cyfitter_cfg.c **** 		CY_SET_XTND_REG8((void CYFAR *)CYREG_PM_ACT_CFG0, CY_GET_XTND_REG8((void CYFAR *)CYREG_PM_ACT_CFG
 488              		.loc 1 311 0
 489 006c 1C4A     		ldr	r2, .L24+16
 490 006e 1C4B     		ldr	r3, .L24+16
 491 0070 1B78     		ldrb	r3, [r3]
 492 0072 DBB2     		uxtb	r3, r3
 493 0074 43F04003 		orr	r3, r3, #64
 494 0078 DBB2     		uxtb	r3, r3
 495 007a 1370     		strb	r3, [r2]
 312:.\Generated_Source\PSoC5/cyfitter_cfg.c **** 		CY_SET_XTND_REG8((void CYFAR *)CYREG_PM_AVAIL_CR2, CY_GET_XTND_REG8((void CYFAR *)CYREG_PM_AVAIL_
 496              		.loc 1 312 0
 497 007c 194A     		ldr	r2, .L24+20
 498 007e 194B     		ldr	r3, .L24+20
 499 0080 1B78     		ldrb	r3, [r3]
 500 0082 DBB2     		uxtb	r3, r3
 501 0084 43F01003 		orr	r3, r3, #16
 502 0088 DBB2     		uxtb	r3, r3
 503 008a 1370     		strb	r3, [r2]
 504              	.LBE2:
 313:.\Generated_Source\PSoC5/cyfitter_cfg.c **** 	}
 314:.\Generated_Source\PSoC5/cyfitter_cfg.c **** 
 315:.\Generated_Source\PSoC5/cyfitter_cfg.c **** 
 316:.\Generated_Source\PSoC5/cyfitter_cfg.c **** 	/* Perform second pass device configuration. These items must be configured in specific order afte
 317:.\Generated_Source\PSoC5/cyfitter_cfg.c **** 	CYCONFIGCPYCODE((void CYFAR *)(CYREG_PRT0_DM0), (const void CYCODE *)(BS_IOPINS0_0_VAL), 8u);
 505              		.loc 1 317 0
 506 008c 1648     		ldr	r0, .L24+24
 507 008e 1749     		ldr	r1, .L24+28
 508 0090 0822     		movs	r2, #8
 509 0092 FFF7FEFF 		bl	CYCONFIGCPYCODE
 318:.\Generated_Source\PSoC5/cyfitter_cfg.c **** 	/* Switch Boost to the precision bandgap reference from its internal reference */
 319:.\Generated_Source\PSoC5/cyfitter_cfg.c **** 	CY_SET_REG8((void CYXDATA *)CYREG_BOOST_CR2, (CY_GET_REG8((void CYXDATA *)CYREG_BOOST_CR2) | 0x08u
 510              		.loc 1 319 0
 511 0096 164A     		ldr	r2, .L24+32
 512 0098 154B     		ldr	r3, .L24+32
 513 009a 1B78     		ldrb	r3, [r3]
 514 009c DBB2     		uxtb	r3, r3
 515 009e 43F00803 		orr	r3, r3, #8
 516 00a2 DBB2     		uxtb	r3, r3
 517 00a4 1370     		strb	r3, [r2]
 320:.\Generated_Source\PSoC5/cyfitter_cfg.c **** 
 321:.\Generated_Source\PSoC5/cyfitter_cfg.c **** 	/* Set Flash Cycles based on max possible frequency in case a glitch occurs during ClockSetup(). *
 322:.\Generated_Source\PSoC5/cyfitter_cfg.c **** 	CY_SET_XTND_REG8((void CYFAR *)(CYREG_CACHE_CC_CTL), (((CYDEV_INSTRUCT_CACHE_ENABLED) != 0) ? 0x61
 518              		.loc 1 322 0
 519 00a6 134B     		ldr	r3, .L24+36
 520 00a8 6022     		movs	r2, #96
 521 00aa 1A70     		strb	r2, [r3]
 323:.\Generated_Source\PSoC5/cyfitter_cfg.c **** 	/* Setup clocks based on selections from Clock DWR */
 324:.\Generated_Source\PSoC5/cyfitter_cfg.c **** 	ClockSetup();
 522              		.loc 1 324 0
 523 00ac FFF7FEFF 		bl	ClockSetup
 325:.\Generated_Source\PSoC5/cyfitter_cfg.c **** 	/* Set Flash Cycles based on newly configured 24.00MHz Bus Clock. */
 326:.\Generated_Source\PSoC5/cyfitter_cfg.c **** 	CY_SET_XTND_REG8((void CYFAR *)(CYREG_CACHE_CC_CTL), (((CYDEV_INSTRUCT_CACHE_ENABLED) != 0) ? 0x81
 524              		.loc 1 326 0
ARM GAS  C:\Users\LUKASC~1\AppData\Local\Temp\ccyGZajE.s 			page 16


 525 00b0 104B     		ldr	r3, .L24+36
 526 00b2 8022     		movs	r2, #128
 527 00b4 1A70     		strb	r2, [r3]
 327:.\Generated_Source\PSoC5/cyfitter_cfg.c **** 	CY_SET_XTND_REG8((void CYFAR *)(CYREG_PANTHER_WAITPIPE), 0x01u);
 528              		.loc 1 327 0
 529 00b6 104B     		ldr	r3, .L24+40
 530 00b8 0122     		movs	r2, #1
 531 00ba 1A70     		strb	r2, [r3]
 328:.\Generated_Source\PSoC5/cyfitter_cfg.c **** 
 329:.\Generated_Source\PSoC5/cyfitter_cfg.c **** 	/* Perform basic analog initialization to defaults */
 330:.\Generated_Source\PSoC5/cyfitter_cfg.c **** 	AnalogSetDefault();
 532              		.loc 1 330 0
 533 00bc FFF7FEFF 		bl	AnalogSetDefault
 331:.\Generated_Source\PSoC5/cyfitter_cfg.c **** 
 332:.\Generated_Source\PSoC5/cyfitter_cfg.c **** 	/* Configure alternate active mode */
 333:.\Generated_Source\PSoC5/cyfitter_cfg.c **** 	CYCONFIGCPY((void CYFAR *)CYDEV_PM_STBY_BASE, (const void CYFAR *)CYDEV_PM_ACT_BASE, 14u);
 534              		.loc 1 333 0
 535 00c0 0E48     		ldr	r0, .L24+44
 536 00c2 0749     		ldr	r1, .L24+16
 537 00c4 0E22     		movs	r2, #14
 538 00c6 FFF7FEFF 		bl	CYCONFIGCPY
 334:.\Generated_Source\PSoC5/cyfitter_cfg.c **** }
 539              		.loc 1 334 0
 540 00ca 0837     		adds	r7, r7, #8
 541              		.cfi_def_cfa_offset 8
 542 00cc BD46     		mov	sp, r7
 543              		.cfi_def_cfa_register 13
 544              		@ sp needed
 545 00ce 80BD     		pop	{r7, pc}
 546              	.L25:
 547              		.align	2
 548              	.L24:
 549 00d0 E8460040 		.word	1073759976
 550 00d4 00000000 		.word	cfg_memset_list.4864
 551 00d8 03500140 		.word	1073827843
 552 00dc 13500140 		.word	1073827859
 553 00e0 A0430040 		.word	1073759136
 554 00e4 C2430040 		.word	1073759170
 555 00e8 02510040 		.word	1073762562
 556 00ec 30000000 		.word	BS_IOPINS0_0_VAL.4859
 557 00f0 22430040 		.word	1073759010
 558 00f4 00480040 		.word	1073760256
 559 00f8 04000840 		.word	1074266116
 560 00fc B0430040 		.word	1073759152
 561              		.cfi_endproc
 562              	.LFE7:
 563              		.size	cyfitter_cfg, .-cyfitter_cfg
 564              		.section	.rodata
 565              		.align	2
 566              		.type	cfg_memset_list.4864, %object
 567              		.size	cfg_memset_list.4864, 48
 568              	cfg_memset_list.4864:
 569 0000 10510040 		.word	1073762576
 570 0004 6000     		.short	96
 571 0006 C0510040 		.4byte	1073762752
 572 000a 1000     		.short	16
 573 000c F0510040 		.word	1073762800
ARM GAS  C:\Users\LUKASC~1\AppData\Local\Temp\ccyGZajE.s 			page 17


 574 0010 1000     		.short	16
 575 0012 00000140 		.4byte	1073807360
 576 0016 0010     		.short	4096
 577 0018 00140140 		.word	1073812480
 578 001c 0008     		.short	2048
 579 001e 00400140 		.4byte	1073823744
 580 0022 000A     		.short	2560
 581 0024 004C0140 		.word	1073826816
 582 0028 0002     		.short	512
 583 002a 00500140 		.4byte	1073827840
 584 002e 2000     		.short	32
 585              		.align	2
 586              		.type	BS_IOPINS0_0_VAL.4859, %object
 587              		.size	BS_IOPINS0_0_VAL.4859, 8
 588              	BS_IOPINS0_0_VAL.4859:
 589 0030 00       		.byte	0
 590 0031 07       		.byte	7
 591 0032 07       		.byte	7
 592 0033 00       		.byte	0
 593 0034 00       		.byte	0
 594 0035 00       		.byte	0
 595 0036 00       		.byte	0
 596 0037 00       		.byte	0
 597              		.text
 598              	.Letext0:
 599              		.file 2 "c:\\program files (x86)\\cypress\\psoc creator\\3.3\\psoc creator\\import\\gnu\\arm\\4.9.
 600              		.file 3 ".\\Generated_Source\\PSoC5\\cytypes.h"
 601              		.section	.debug_info,"",%progbits
 602              	.Ldebug_info0:
 603 0000 03030000 		.4byte	0x303
 604 0004 0400     		.2byte	0x4
 605 0006 00000000 		.4byte	.Ldebug_abbrev0
 606 000a 04       		.byte	0x4
 607 000b 01       		.uleb128 0x1
 608 000c 43010000 		.4byte	.LASF39
 609 0010 01       		.byte	0x1
 610 0011 5F020000 		.4byte	.LASF40
 611 0015 75000000 		.4byte	.LASF41
 612 0019 00000000 		.4byte	.Ldebug_ranges0+0
 613 001d 00000000 		.4byte	0
 614 0021 00000000 		.4byte	.Ldebug_line0
 615 0025 02       		.uleb128 0x2
 616 0026 04       		.byte	0x4
 617 0027 05       		.byte	0x5
 618 0028 696E7400 		.ascii	"int\000"
 619 002c 03       		.uleb128 0x3
 620 002d 06000000 		.4byte	.LASF11
 621 0031 02       		.byte	0x2
 622 0032 D4       		.byte	0xd4
 623 0033 37000000 		.4byte	0x37
 624 0037 04       		.uleb128 0x4
 625 0038 04       		.byte	0x4
 626 0039 07       		.byte	0x7
 627 003a FD010000 		.4byte	.LASF0
 628 003e 04       		.uleb128 0x4
 629 003f 01       		.byte	0x1
 630 0040 06       		.byte	0x6
ARM GAS  C:\Users\LUKASC~1\AppData\Local\Temp\ccyGZajE.s 			page 18


 631 0041 AF020000 		.4byte	.LASF1
 632 0045 04       		.uleb128 0x4
 633 0046 01       		.byte	0x1
 634 0047 08       		.byte	0x8
 635 0048 35010000 		.4byte	.LASF2
 636 004c 04       		.uleb128 0x4
 637 004d 02       		.byte	0x2
 638 004e 05       		.byte	0x5
 639 004f 55020000 		.4byte	.LASF3
 640 0053 04       		.uleb128 0x4
 641 0054 02       		.byte	0x2
 642 0055 07       		.byte	0x7
 643 0056 5A000000 		.4byte	.LASF4
 644 005a 04       		.uleb128 0x4
 645 005b 04       		.byte	0x4
 646 005c 05       		.byte	0x5
 647 005d 8F020000 		.4byte	.LASF5
 648 0061 04       		.uleb128 0x4
 649 0062 04       		.byte	0x4
 650 0063 07       		.byte	0x7
 651 0064 FD000000 		.4byte	.LASF6
 652 0068 04       		.uleb128 0x4
 653 0069 08       		.byte	0x8
 654 006a 05       		.byte	0x5
 655 006b 3F020000 		.4byte	.LASF7
 656 006f 04       		.uleb128 0x4
 657 0070 08       		.byte	0x8
 658 0071 07       		.byte	0x7
 659 0072 12020000 		.4byte	.LASF8
 660 0076 04       		.uleb128 0x4
 661 0077 04       		.byte	0x4
 662 0078 07       		.byte	0x7
 663 0079 36020000 		.4byte	.LASF9
 664 007d 05       		.uleb128 0x5
 665 007e 04       		.byte	0x4
 666 007f 04       		.uleb128 0x4
 667 0080 01       		.byte	0x1
 668 0081 08       		.byte	0x8
 669 0082 98020000 		.4byte	.LASF10
 670 0086 06       		.uleb128 0x6
 671 0087 0F010000 		.4byte	.LASF12
 672 008b 03       		.byte	0x3
 673 008c 9201     		.2byte	0x192
 674 008e 45000000 		.4byte	0x45
 675 0092 06       		.uleb128 0x6
 676 0093 E5010000 		.4byte	.LASF13
 677 0097 03       		.byte	0x3
 678 0098 9301     		.2byte	0x193
 679 009a 53000000 		.4byte	0x53
 680 009e 06       		.uleb128 0x6
 681 009f F6010000 		.4byte	.LASF14
 682 00a3 03       		.byte	0x3
 683 00a4 9401     		.2byte	0x194
 684 00a6 61000000 		.4byte	0x61
 685 00aa 04       		.uleb128 0x4
 686 00ab 04       		.byte	0x4
 687 00ac 04       		.byte	0x4
ARM GAS  C:\Users\LUKASC~1\AppData\Local\Temp\ccyGZajE.s 			page 19


 688 00ad D4000000 		.4byte	.LASF15
 689 00b1 04       		.uleb128 0x4
 690 00b2 08       		.byte	0x8
 691 00b3 04       		.byte	0x4
 692 00b4 D1010000 		.4byte	.LASF16
 693 00b8 06       		.uleb128 0x6
 694 00b9 F8000000 		.4byte	.LASF17
 695 00bd 03       		.byte	0x3
 696 00be 3C02     		.2byte	0x23c
 697 00c0 C4000000 		.4byte	0xc4
 698 00c4 07       		.uleb128 0x7
 699 00c5 86000000 		.4byte	0x86
 700 00c9 06       		.uleb128 0x6
 701 00ca 00000000 		.4byte	.LASF18
 702 00ce 03       		.byte	0x3
 703 00cf 3D02     		.2byte	0x23d
 704 00d1 D5000000 		.4byte	0xd5
 705 00d5 07       		.uleb128 0x7
 706 00d6 92000000 		.4byte	0x92
 707 00da 08       		.uleb128 0x8
 708 00db 15010000 		.4byte	.LASF19
 709 00df 01       		.byte	0x1
 710 00e0 3E       		.byte	0x3e
 711 00e1 00000000 		.4byte	.LFB0
 712 00e5 1A000000 		.4byte	.LFE0-.LFB0
 713 00e9 01       		.uleb128 0x1
 714 00ea 9C       		.byte	0x9c
 715 00eb 08010000 		.4byte	0x108
 716 00ef 09       		.uleb128 0x9
 717 00f0 7300     		.ascii	"s\000"
 718 00f2 01       		.byte	0x1
 719 00f3 3E       		.byte	0x3e
 720 00f4 7D000000 		.4byte	0x7d
 721 00f8 02       		.uleb128 0x2
 722 00f9 91       		.byte	0x91
 723 00fa 74       		.sleb128 -12
 724 00fb 09       		.uleb128 0x9
 725 00fc 6E00     		.ascii	"n\000"
 726 00fe 01       		.byte	0x1
 727 00ff 3E       		.byte	0x3e
 728 0100 2C000000 		.4byte	0x2c
 729 0104 02       		.uleb128 0x2
 730 0105 91       		.byte	0x91
 731 0106 70       		.sleb128 -16
 732 0107 00       		.byte	0
 733 0108 08       		.uleb128 0x8
 734 0109 C4020000 		.4byte	.LASF20
 735 010d 01       		.byte	0x1
 736 010e 45       		.byte	0x45
 737 010f 00000000 		.4byte	.LFB1
 738 0113 1C000000 		.4byte	.LFE1-.LFB1
 739 0117 01       		.uleb128 0x1
 740 0118 9C       		.byte	0x9c
 741 0119 46010000 		.4byte	0x146
 742 011d 0A       		.uleb128 0xa
 743 011e EE000000 		.4byte	.LASF21
 744 0122 01       		.byte	0x1
ARM GAS  C:\Users\LUKASC~1\AppData\Local\Temp\ccyGZajE.s 			page 20


 745 0123 45       		.byte	0x45
 746 0124 7D000000 		.4byte	0x7d
 747 0128 02       		.uleb128 0x2
 748 0129 91       		.byte	0x91
 749 012a 74       		.sleb128 -12
 750 012b 09       		.uleb128 0x9
 751 012c 73726300 		.ascii	"src\000"
 752 0130 01       		.byte	0x1
 753 0131 45       		.byte	0x45
 754 0132 46010000 		.4byte	0x146
 755 0136 02       		.uleb128 0x2
 756 0137 91       		.byte	0x91
 757 0138 70       		.sleb128 -16
 758 0139 09       		.uleb128 0x9
 759 013a 6E00     		.ascii	"n\000"
 760 013c 01       		.byte	0x1
 761 013d 45       		.byte	0x45
 762 013e 2C000000 		.4byte	0x2c
 763 0142 02       		.uleb128 0x2
 764 0143 91       		.byte	0x91
 765 0144 6C       		.sleb128 -20
 766 0145 00       		.byte	0
 767 0146 0B       		.uleb128 0xb
 768 0147 04       		.byte	0x4
 769 0148 4C010000 		.4byte	0x14c
 770 014c 0C       		.uleb128 0xc
 771 014d 08       		.uleb128 0x8
 772 014e 3F000000 		.4byte	.LASF22
 773 0152 01       		.byte	0x1
 774 0153 4C       		.byte	0x4c
 775 0154 00000000 		.4byte	.LFB2
 776 0158 1C000000 		.4byte	.LFE2-.LFB2
 777 015c 01       		.uleb128 0x1
 778 015d 9C       		.byte	0x9c
 779 015e 8B010000 		.4byte	0x18b
 780 0162 0A       		.uleb128 0xa
 781 0163 EE000000 		.4byte	.LASF21
 782 0167 01       		.byte	0x1
 783 0168 4C       		.byte	0x4c
 784 0169 7D000000 		.4byte	0x7d
 785 016d 02       		.uleb128 0x2
 786 016e 91       		.byte	0x91
 787 016f 74       		.sleb128 -12
 788 0170 09       		.uleb128 0x9
 789 0171 73726300 		.ascii	"src\000"
 790 0175 01       		.byte	0x1
 791 0176 4C       		.byte	0x4c
 792 0177 46010000 		.4byte	0x146
 793 017b 02       		.uleb128 0x2
 794 017c 91       		.byte	0x91
 795 017d 70       		.sleb128 -16
 796 017e 09       		.uleb128 0x9
 797 017f 6E00     		.ascii	"n\000"
 798 0181 01       		.byte	0x1
 799 0182 4C       		.byte	0x4c
 800 0183 2C000000 		.4byte	0x2c
 801 0187 02       		.uleb128 0x2
ARM GAS  C:\Users\LUKASC~1\AppData\Local\Temp\ccyGZajE.s 			page 21


 802 0188 91       		.byte	0x91
 803 0189 6C       		.sleb128 -20
 804 018a 00       		.byte	0
 805 018b 0D       		.uleb128 0xd
 806 018c DA000000 		.4byte	.LASF23
 807 0190 01       		.byte	0x1
 808 0191 6C       		.byte	0x6c
 809 0192 00000000 		.4byte	.LFB3
 810 0196 0C000000 		.4byte	.LFE3-.LFB3
 811 019a 01       		.uleb128 0x1
 812 019b 9C       		.byte	0x9c
 813 019c AF010000 		.4byte	0x1af
 814 01a0 0A       		.uleb128 0xa
 815 01a1 EC010000 		.4byte	.LASF24
 816 01a5 01       		.byte	0x1
 817 01a6 6C       		.byte	0x6c
 818 01a7 86000000 		.4byte	0x86
 819 01ab 02       		.uleb128 0x2
 820 01ac 91       		.byte	0x91
 821 01ad 77       		.sleb128 -9
 822 01ae 00       		.byte	0
 823 01af 08       		.uleb128 0x8
 824 01b0 4F000000 		.4byte	.LASF25
 825 01b4 01       		.byte	0x1
 826 01b5 91       		.byte	0x91
 827 01b6 00000000 		.4byte	.LFB4
 828 01ba D8000000 		.4byte	.LFE4-.LFB4
 829 01be 01       		.uleb128 0x1
 830 01bf 9C       		.byte	0x9c
 831 01c0 E1010000 		.4byte	0x1e1
 832 01c4 0E       		.uleb128 0xe
 833 01c5 4D020000 		.4byte	.LASF26
 834 01c9 01       		.byte	0x1
 835 01ca 93       		.byte	0x93
 836 01cb 9E000000 		.4byte	0x9e
 837 01cf 02       		.uleb128 0x2
 838 01d0 91       		.byte	0x91
 839 01d1 74       		.sleb128 -12
 840 01d2 0E       		.uleb128 0xe
 841 01d3 6D000000 		.4byte	.LASF27
 842 01d7 01       		.byte	0x1
 843 01d8 94       		.byte	0x94
 844 01d9 86000000 		.4byte	0x86
 845 01dd 02       		.uleb128 0x2
 846 01de 91       		.byte	0x91
 847 01df 73       		.sleb128 -13
 848 01e0 00       		.byte	0
 849 01e1 0D       		.uleb128 0xd
 850 01e2 1E000000 		.4byte	.LASF28
 851 01e6 01       		.byte	0x1
 852 01e7 CC       		.byte	0xcc
 853 01e8 00000000 		.4byte	.LFB5
 854 01ec 44000000 		.4byte	.LFE5-.LFB5
 855 01f0 01       		.uleb128 0x1
 856 01f1 9C       		.byte	0x9c
 857 01f2 05020000 		.4byte	0x205
 858 01f6 0E       		.uleb128 0xe
ARM GAS  C:\Users\LUKASC~1\AppData\Local\Temp\ccyGZajE.s 			page 22


 859 01f7 9D020000 		.4byte	.LASF29
 860 01fb 01       		.byte	0x1
 861 01fc CE       		.byte	0xce
 862 01fd 86000000 		.4byte	0x86
 863 0201 02       		.uleb128 0x2
 864 0202 91       		.byte	0x91
 865 0203 77       		.sleb128 -9
 866 0204 00       		.byte	0
 867 0205 0F       		.uleb128 0xf
 868 0206 1F010000 		.4byte	.LASF32
 869 020a 01       		.byte	0x1
 870 020b E6       		.byte	0xe6
 871 020c 00000000 		.4byte	.LFB6
 872 0210 28000000 		.4byte	.LFE6-.LFB6
 873 0214 01       		.uleb128 0x1
 874 0215 9C       		.byte	0x9c
 875 0216 37020000 		.4byte	0x237
 876 021a 0A       		.uleb128 0xa
 877 021b 87020000 		.4byte	.LASF30
 878 021f 01       		.byte	0x1
 879 0220 E6       		.byte	0xe6
 880 0221 86000000 		.4byte	0x86
 881 0225 02       		.uleb128 0x2
 882 0226 91       		.byte	0x91
 883 0227 6F       		.sleb128 -17
 884 0228 0E       		.uleb128 0xe
 885 0229 BB020000 		.4byte	.LASF31
 886 022d 01       		.byte	0x1
 887 022e E8       		.byte	0xe8
 888 022f 86000000 		.4byte	0x86
 889 0233 02       		.uleb128 0x2
 890 0234 91       		.byte	0x91
 891 0235 77       		.sleb128 -9
 892 0236 00       		.byte	0
 893 0237 10       		.uleb128 0x10
 894 0238 D8010000 		.4byte	.LASF33
 895 023c 01       		.byte	0x1
 896 023d 0801     		.2byte	0x108
 897 023f 00000000 		.4byte	.LFB7
 898 0243 00010000 		.4byte	.LFE7-.LFB7
 899 0247 01       		.uleb128 0x1
 900 0248 9C       		.byte	0x9c
 901 0249 F1020000 		.4byte	0x2f1
 902 024d 11       		.uleb128 0x11
 903 024e 0D000000 		.4byte	.LASF34
 904 0252 01       		.byte	0x1
 905 0253 0B01     		.2byte	0x10b
 906 0255 01030000 		.4byte	0x301
 907 0259 05       		.uleb128 0x5
 908 025a 03       		.byte	0x3
 909 025b 30000000 		.4byte	BS_IOPINS0_0_VAL.4859
 910 025f 12       		.uleb128 0x12
 911 0260 18000000 		.4byte	.LBB2
 912 0264 74000000 		.4byte	.LBE2-.LBB2
 913 0268 13       		.uleb128 0x13
 914 0269 06       		.byte	0x6
 915 026a 01       		.byte	0x1
ARM GAS  C:\Users\LUKASC~1\AppData\Local\Temp\ccyGZajE.s 			page 23


 916 026b 1801     		.2byte	0x118
 917 026d 8C020000 		.4byte	0x28c
 918 0271 14       		.uleb128 0x14
 919 0272 0A020000 		.4byte	.LASF35
 920 0276 01       		.byte	0x1
 921 0277 1901     		.2byte	0x119
 922 0279 7D000000 		.4byte	0x7d
 923 027d 00       		.byte	0
 924 027e 14       		.uleb128 0x14
 925 027f F3000000 		.4byte	.LASF36
 926 0283 01       		.byte	0x1
 927 0284 1A01     		.2byte	0x11a
 928 0286 92000000 		.4byte	0x92
 929 028a 04       		.byte	0x4
 930 028b 00       		.byte	0
 931 028c 06       		.uleb128 0x6
 932 028d 29020000 		.4byte	.LASF37
 933 0291 01       		.byte	0x1
 934 0292 1B01     		.2byte	0x11b
 935 0294 68020000 		.4byte	0x268
 936 0298 15       		.uleb128 0x15
 937 0299 8C020000 		.4byte	0x28c
 938 029d A8020000 		.4byte	0x2a8
 939 02a1 16       		.uleb128 0x16
 940 02a2 76000000 		.4byte	0x76
 941 02a6 07       		.byte	0x7
 942 02a7 00       		.byte	0
 943 02a8 11       		.uleb128 0x11
 944 02a9 2F000000 		.4byte	.LASF38
 945 02ad 01       		.byte	0x1
 946 02ae 1D01     		.2byte	0x11d
 947 02b0 BA020000 		.4byte	0x2ba
 948 02b4 05       		.uleb128 0x5
 949 02b5 03       		.byte	0x3
 950 02b6 00000000 		.4byte	cfg_memset_list.4864
 951 02ba 17       		.uleb128 0x17
 952 02bb 98020000 		.4byte	0x298
 953 02bf 18       		.uleb128 0x18
 954 02c0 6900     		.ascii	"i\000"
 955 02c2 01       		.byte	0x1
 956 02c3 2901     		.2byte	0x129
 957 02c5 86000000 		.4byte	0x86
 958 02c9 02       		.uleb128 0x2
 959 02ca 91       		.byte	0x91
 960 02cb 77       		.sleb128 -9
 961 02cc 12       		.uleb128 0x12
 962 02cd 1E000000 		.4byte	.LBB3
 963 02d1 22000000 		.4byte	.LBE3-.LBB3
 964 02d5 18       		.uleb128 0x18
 965 02d6 6D7300   		.ascii	"ms\000"
 966 02d9 01       		.byte	0x1
 967 02da 2E01     		.2byte	0x12e
 968 02dc E3020000 		.4byte	0x2e3
 969 02e0 02       		.uleb128 0x2
 970 02e1 91       		.byte	0x91
 971 02e2 70       		.sleb128 -16
 972 02e3 0B       		.uleb128 0xb
ARM GAS  C:\Users\LUKASC~1\AppData\Local\Temp\ccyGZajE.s 			page 24


 973 02e4 04       		.byte	0x4
 974 02e5 E9020000 		.4byte	0x2e9
 975 02e9 17       		.uleb128 0x17
 976 02ea 8C020000 		.4byte	0x28c
 977 02ee 00       		.byte	0
 978 02ef 00       		.byte	0
 979 02f0 00       		.byte	0
 980 02f1 15       		.uleb128 0x15
 981 02f2 86000000 		.4byte	0x86
 982 02f6 01030000 		.4byte	0x301
 983 02fa 16       		.uleb128 0x16
 984 02fb 76000000 		.4byte	0x76
 985 02ff 07       		.byte	0x7
 986 0300 00       		.byte	0
 987 0301 17       		.uleb128 0x17
 988 0302 F1020000 		.4byte	0x2f1
 989 0306 00       		.byte	0
 990              		.section	.debug_abbrev,"",%progbits
 991              	.Ldebug_abbrev0:
 992 0000 01       		.uleb128 0x1
 993 0001 11       		.uleb128 0x11
 994 0002 01       		.byte	0x1
 995 0003 25       		.uleb128 0x25
 996 0004 0E       		.uleb128 0xe
 997 0005 13       		.uleb128 0x13
 998 0006 0B       		.uleb128 0xb
 999 0007 03       		.uleb128 0x3
 1000 0008 0E       		.uleb128 0xe
 1001 0009 1B       		.uleb128 0x1b
 1002 000a 0E       		.uleb128 0xe
 1003 000b 55       		.uleb128 0x55
 1004 000c 17       		.uleb128 0x17
 1005 000d 11       		.uleb128 0x11
 1006 000e 01       		.uleb128 0x1
 1007 000f 10       		.uleb128 0x10
 1008 0010 17       		.uleb128 0x17
 1009 0011 00       		.byte	0
 1010 0012 00       		.byte	0
 1011 0013 02       		.uleb128 0x2
 1012 0014 24       		.uleb128 0x24
 1013 0015 00       		.byte	0
 1014 0016 0B       		.uleb128 0xb
 1015 0017 0B       		.uleb128 0xb
 1016 0018 3E       		.uleb128 0x3e
 1017 0019 0B       		.uleb128 0xb
 1018 001a 03       		.uleb128 0x3
 1019 001b 08       		.uleb128 0x8
 1020 001c 00       		.byte	0
 1021 001d 00       		.byte	0
 1022 001e 03       		.uleb128 0x3
 1023 001f 16       		.uleb128 0x16
 1024 0020 00       		.byte	0
 1025 0021 03       		.uleb128 0x3
 1026 0022 0E       		.uleb128 0xe
 1027 0023 3A       		.uleb128 0x3a
 1028 0024 0B       		.uleb128 0xb
 1029 0025 3B       		.uleb128 0x3b
ARM GAS  C:\Users\LUKASC~1\AppData\Local\Temp\ccyGZajE.s 			page 25


 1030 0026 0B       		.uleb128 0xb
 1031 0027 49       		.uleb128 0x49
 1032 0028 13       		.uleb128 0x13
 1033 0029 00       		.byte	0
 1034 002a 00       		.byte	0
 1035 002b 04       		.uleb128 0x4
 1036 002c 24       		.uleb128 0x24
 1037 002d 00       		.byte	0
 1038 002e 0B       		.uleb128 0xb
 1039 002f 0B       		.uleb128 0xb
 1040 0030 3E       		.uleb128 0x3e
 1041 0031 0B       		.uleb128 0xb
 1042 0032 03       		.uleb128 0x3
 1043 0033 0E       		.uleb128 0xe
 1044 0034 00       		.byte	0
 1045 0035 00       		.byte	0
 1046 0036 05       		.uleb128 0x5
 1047 0037 0F       		.uleb128 0xf
 1048 0038 00       		.byte	0
 1049 0039 0B       		.uleb128 0xb
 1050 003a 0B       		.uleb128 0xb
 1051 003b 00       		.byte	0
 1052 003c 00       		.byte	0
 1053 003d 06       		.uleb128 0x6
 1054 003e 16       		.uleb128 0x16
 1055 003f 00       		.byte	0
 1056 0040 03       		.uleb128 0x3
 1057 0041 0E       		.uleb128 0xe
 1058 0042 3A       		.uleb128 0x3a
 1059 0043 0B       		.uleb128 0xb
 1060 0044 3B       		.uleb128 0x3b
 1061 0045 05       		.uleb128 0x5
 1062 0046 49       		.uleb128 0x49
 1063 0047 13       		.uleb128 0x13
 1064 0048 00       		.byte	0
 1065 0049 00       		.byte	0
 1066 004a 07       		.uleb128 0x7
 1067 004b 35       		.uleb128 0x35
 1068 004c 00       		.byte	0
 1069 004d 49       		.uleb128 0x49
 1070 004e 13       		.uleb128 0x13
 1071 004f 00       		.byte	0
 1072 0050 00       		.byte	0
 1073 0051 08       		.uleb128 0x8
 1074 0052 2E       		.uleb128 0x2e
 1075 0053 01       		.byte	0x1
 1076 0054 03       		.uleb128 0x3
 1077 0055 0E       		.uleb128 0xe
 1078 0056 3A       		.uleb128 0x3a
 1079 0057 0B       		.uleb128 0xb
 1080 0058 3B       		.uleb128 0x3b
 1081 0059 0B       		.uleb128 0xb
 1082 005a 27       		.uleb128 0x27
 1083 005b 19       		.uleb128 0x19
 1084 005c 11       		.uleb128 0x11
 1085 005d 01       		.uleb128 0x1
 1086 005e 12       		.uleb128 0x12
ARM GAS  C:\Users\LUKASC~1\AppData\Local\Temp\ccyGZajE.s 			page 26


 1087 005f 06       		.uleb128 0x6
 1088 0060 40       		.uleb128 0x40
 1089 0061 18       		.uleb128 0x18
 1090 0062 9642     		.uleb128 0x2116
 1091 0064 19       		.uleb128 0x19
 1092 0065 01       		.uleb128 0x1
 1093 0066 13       		.uleb128 0x13
 1094 0067 00       		.byte	0
 1095 0068 00       		.byte	0
 1096 0069 09       		.uleb128 0x9
 1097 006a 05       		.uleb128 0x5
 1098 006b 00       		.byte	0
 1099 006c 03       		.uleb128 0x3
 1100 006d 08       		.uleb128 0x8
 1101 006e 3A       		.uleb128 0x3a
 1102 006f 0B       		.uleb128 0xb
 1103 0070 3B       		.uleb128 0x3b
 1104 0071 0B       		.uleb128 0xb
 1105 0072 49       		.uleb128 0x49
 1106 0073 13       		.uleb128 0x13
 1107 0074 02       		.uleb128 0x2
 1108 0075 18       		.uleb128 0x18
 1109 0076 00       		.byte	0
 1110 0077 00       		.byte	0
 1111 0078 0A       		.uleb128 0xa
 1112 0079 05       		.uleb128 0x5
 1113 007a 00       		.byte	0
 1114 007b 03       		.uleb128 0x3
 1115 007c 0E       		.uleb128 0xe
 1116 007d 3A       		.uleb128 0x3a
 1117 007e 0B       		.uleb128 0xb
 1118 007f 3B       		.uleb128 0x3b
 1119 0080 0B       		.uleb128 0xb
 1120 0081 49       		.uleb128 0x49
 1121 0082 13       		.uleb128 0x13
 1122 0083 02       		.uleb128 0x2
 1123 0084 18       		.uleb128 0x18
 1124 0085 00       		.byte	0
 1125 0086 00       		.byte	0
 1126 0087 0B       		.uleb128 0xb
 1127 0088 0F       		.uleb128 0xf
 1128 0089 00       		.byte	0
 1129 008a 0B       		.uleb128 0xb
 1130 008b 0B       		.uleb128 0xb
 1131 008c 49       		.uleb128 0x49
 1132 008d 13       		.uleb128 0x13
 1133 008e 00       		.byte	0
 1134 008f 00       		.byte	0
 1135 0090 0C       		.uleb128 0xc
 1136 0091 26       		.uleb128 0x26
 1137 0092 00       		.byte	0
 1138 0093 00       		.byte	0
 1139 0094 00       		.byte	0
 1140 0095 0D       		.uleb128 0xd
 1141 0096 2E       		.uleb128 0x2e
 1142 0097 01       		.byte	0x1
 1143 0098 03       		.uleb128 0x3
ARM GAS  C:\Users\LUKASC~1\AppData\Local\Temp\ccyGZajE.s 			page 27


 1144 0099 0E       		.uleb128 0xe
 1145 009a 3A       		.uleb128 0x3a
 1146 009b 0B       		.uleb128 0xb
 1147 009c 3B       		.uleb128 0x3b
 1148 009d 0B       		.uleb128 0xb
 1149 009e 27       		.uleb128 0x27
 1150 009f 19       		.uleb128 0x19
 1151 00a0 11       		.uleb128 0x11
 1152 00a1 01       		.uleb128 0x1
 1153 00a2 12       		.uleb128 0x12
 1154 00a3 06       		.uleb128 0x6
 1155 00a4 40       		.uleb128 0x40
 1156 00a5 18       		.uleb128 0x18
 1157 00a6 9742     		.uleb128 0x2117
 1158 00a8 19       		.uleb128 0x19
 1159 00a9 01       		.uleb128 0x1
 1160 00aa 13       		.uleb128 0x13
 1161 00ab 00       		.byte	0
 1162 00ac 00       		.byte	0
 1163 00ad 0E       		.uleb128 0xe
 1164 00ae 34       		.uleb128 0x34
 1165 00af 00       		.byte	0
 1166 00b0 03       		.uleb128 0x3
 1167 00b1 0E       		.uleb128 0xe
 1168 00b2 3A       		.uleb128 0x3a
 1169 00b3 0B       		.uleb128 0xb
 1170 00b4 3B       		.uleb128 0x3b
 1171 00b5 0B       		.uleb128 0xb
 1172 00b6 49       		.uleb128 0x49
 1173 00b7 13       		.uleb128 0x13
 1174 00b8 02       		.uleb128 0x2
 1175 00b9 18       		.uleb128 0x18
 1176 00ba 00       		.byte	0
 1177 00bb 00       		.byte	0
 1178 00bc 0F       		.uleb128 0xf
 1179 00bd 2E       		.uleb128 0x2e
 1180 00be 01       		.byte	0x1
 1181 00bf 3F       		.uleb128 0x3f
 1182 00c0 19       		.uleb128 0x19
 1183 00c1 03       		.uleb128 0x3
 1184 00c2 0E       		.uleb128 0xe
 1185 00c3 3A       		.uleb128 0x3a
 1186 00c4 0B       		.uleb128 0xb
 1187 00c5 3B       		.uleb128 0x3b
 1188 00c6 0B       		.uleb128 0xb
 1189 00c7 27       		.uleb128 0x27
 1190 00c8 19       		.uleb128 0x19
 1191 00c9 11       		.uleb128 0x11
 1192 00ca 01       		.uleb128 0x1
 1193 00cb 12       		.uleb128 0x12
 1194 00cc 06       		.uleb128 0x6
 1195 00cd 40       		.uleb128 0x40
 1196 00ce 18       		.uleb128 0x18
 1197 00cf 9742     		.uleb128 0x2117
 1198 00d1 19       		.uleb128 0x19
 1199 00d2 01       		.uleb128 0x1
 1200 00d3 13       		.uleb128 0x13
ARM GAS  C:\Users\LUKASC~1\AppData\Local\Temp\ccyGZajE.s 			page 28


 1201 00d4 00       		.byte	0
 1202 00d5 00       		.byte	0
 1203 00d6 10       		.uleb128 0x10
 1204 00d7 2E       		.uleb128 0x2e
 1205 00d8 01       		.byte	0x1
 1206 00d9 3F       		.uleb128 0x3f
 1207 00da 19       		.uleb128 0x19
 1208 00db 03       		.uleb128 0x3
 1209 00dc 0E       		.uleb128 0xe
 1210 00dd 3A       		.uleb128 0x3a
 1211 00de 0B       		.uleb128 0xb
 1212 00df 3B       		.uleb128 0x3b
 1213 00e0 05       		.uleb128 0x5
 1214 00e1 27       		.uleb128 0x27
 1215 00e2 19       		.uleb128 0x19
 1216 00e3 11       		.uleb128 0x11
 1217 00e4 01       		.uleb128 0x1
 1218 00e5 12       		.uleb128 0x12
 1219 00e6 06       		.uleb128 0x6
 1220 00e7 40       		.uleb128 0x40
 1221 00e8 18       		.uleb128 0x18
 1222 00e9 9642     		.uleb128 0x2116
 1223 00eb 19       		.uleb128 0x19
 1224 00ec 01       		.uleb128 0x1
 1225 00ed 13       		.uleb128 0x13
 1226 00ee 00       		.byte	0
 1227 00ef 00       		.byte	0
 1228 00f0 11       		.uleb128 0x11
 1229 00f1 34       		.uleb128 0x34
 1230 00f2 00       		.byte	0
 1231 00f3 03       		.uleb128 0x3
 1232 00f4 0E       		.uleb128 0xe
 1233 00f5 3A       		.uleb128 0x3a
 1234 00f6 0B       		.uleb128 0xb
 1235 00f7 3B       		.uleb128 0x3b
 1236 00f8 05       		.uleb128 0x5
 1237 00f9 49       		.uleb128 0x49
 1238 00fa 13       		.uleb128 0x13
 1239 00fb 02       		.uleb128 0x2
 1240 00fc 18       		.uleb128 0x18
 1241 00fd 00       		.byte	0
 1242 00fe 00       		.byte	0
 1243 00ff 12       		.uleb128 0x12
 1244 0100 0B       		.uleb128 0xb
 1245 0101 01       		.byte	0x1
 1246 0102 11       		.uleb128 0x11
 1247 0103 01       		.uleb128 0x1
 1248 0104 12       		.uleb128 0x12
 1249 0105 06       		.uleb128 0x6
 1250 0106 00       		.byte	0
 1251 0107 00       		.byte	0
 1252 0108 13       		.uleb128 0x13
 1253 0109 13       		.uleb128 0x13
 1254 010a 01       		.byte	0x1
 1255 010b 0B       		.uleb128 0xb
 1256 010c 0B       		.uleb128 0xb
 1257 010d 3A       		.uleb128 0x3a
ARM GAS  C:\Users\LUKASC~1\AppData\Local\Temp\ccyGZajE.s 			page 29


 1258 010e 0B       		.uleb128 0xb
 1259 010f 3B       		.uleb128 0x3b
 1260 0110 05       		.uleb128 0x5
 1261 0111 01       		.uleb128 0x1
 1262 0112 13       		.uleb128 0x13
 1263 0113 00       		.byte	0
 1264 0114 00       		.byte	0
 1265 0115 14       		.uleb128 0x14
 1266 0116 0D       		.uleb128 0xd
 1267 0117 00       		.byte	0
 1268 0118 03       		.uleb128 0x3
 1269 0119 0E       		.uleb128 0xe
 1270 011a 3A       		.uleb128 0x3a
 1271 011b 0B       		.uleb128 0xb
 1272 011c 3B       		.uleb128 0x3b
 1273 011d 05       		.uleb128 0x5
 1274 011e 49       		.uleb128 0x49
 1275 011f 13       		.uleb128 0x13
 1276 0120 38       		.uleb128 0x38
 1277 0121 0B       		.uleb128 0xb
 1278 0122 00       		.byte	0
 1279 0123 00       		.byte	0
 1280 0124 15       		.uleb128 0x15
 1281 0125 01       		.uleb128 0x1
 1282 0126 01       		.byte	0x1
 1283 0127 49       		.uleb128 0x49
 1284 0128 13       		.uleb128 0x13
 1285 0129 01       		.uleb128 0x1
 1286 012a 13       		.uleb128 0x13
 1287 012b 00       		.byte	0
 1288 012c 00       		.byte	0
 1289 012d 16       		.uleb128 0x16
 1290 012e 21       		.uleb128 0x21
 1291 012f 00       		.byte	0
 1292 0130 49       		.uleb128 0x49
 1293 0131 13       		.uleb128 0x13
 1294 0132 2F       		.uleb128 0x2f
 1295 0133 0B       		.uleb128 0xb
 1296 0134 00       		.byte	0
 1297 0135 00       		.byte	0
 1298 0136 17       		.uleb128 0x17
 1299 0137 26       		.uleb128 0x26
 1300 0138 00       		.byte	0
 1301 0139 49       		.uleb128 0x49
 1302 013a 13       		.uleb128 0x13
 1303 013b 00       		.byte	0
 1304 013c 00       		.byte	0
 1305 013d 18       		.uleb128 0x18
 1306 013e 34       		.uleb128 0x34
 1307 013f 00       		.byte	0
 1308 0140 03       		.uleb128 0x3
 1309 0141 08       		.uleb128 0x8
 1310 0142 3A       		.uleb128 0x3a
 1311 0143 0B       		.uleb128 0xb
 1312 0144 3B       		.uleb128 0x3b
 1313 0145 05       		.uleb128 0x5
 1314 0146 49       		.uleb128 0x49
ARM GAS  C:\Users\LUKASC~1\AppData\Local\Temp\ccyGZajE.s 			page 30


 1315 0147 13       		.uleb128 0x13
 1316 0148 02       		.uleb128 0x2
 1317 0149 18       		.uleb128 0x18
 1318 014a 00       		.byte	0
 1319 014b 00       		.byte	0
 1320 014c 00       		.byte	0
 1321              		.section	.debug_aranges,"",%progbits
 1322 0000 54000000 		.4byte	0x54
 1323 0004 0200     		.2byte	0x2
 1324 0006 00000000 		.4byte	.Ldebug_info0
 1325 000a 04       		.byte	0x4
 1326 000b 00       		.byte	0
 1327 000c 0000     		.2byte	0
 1328 000e 0000     		.2byte	0
 1329 0010 00000000 		.4byte	.LFB0
 1330 0014 1A000000 		.4byte	.LFE0-.LFB0
 1331 0018 00000000 		.4byte	.LFB1
 1332 001c 1C000000 		.4byte	.LFE1-.LFB1
 1333 0020 00000000 		.4byte	.LFB2
 1334 0024 1C000000 		.4byte	.LFE2-.LFB2
 1335 0028 00000000 		.4byte	.LFB3
 1336 002c 0C000000 		.4byte	.LFE3-.LFB3
 1337 0030 00000000 		.4byte	.LFB4
 1338 0034 D8000000 		.4byte	.LFE4-.LFB4
 1339 0038 00000000 		.4byte	.LFB5
 1340 003c 44000000 		.4byte	.LFE5-.LFB5
 1341 0040 00000000 		.4byte	.LFB6
 1342 0044 28000000 		.4byte	.LFE6-.LFB6
 1343 0048 00000000 		.4byte	.LFB7
 1344 004c 00010000 		.4byte	.LFE7-.LFB7
 1345 0050 00000000 		.4byte	0
 1346 0054 00000000 		.4byte	0
 1347              		.section	.debug_ranges,"",%progbits
 1348              	.Ldebug_ranges0:
 1349 0000 00000000 		.4byte	.LFB0
 1350 0004 1A000000 		.4byte	.LFE0
 1351 0008 00000000 		.4byte	.LFB1
 1352 000c 1C000000 		.4byte	.LFE1
 1353 0010 00000000 		.4byte	.LFB2
 1354 0014 1C000000 		.4byte	.LFE2
 1355 0018 00000000 		.4byte	.LFB3
 1356 001c 0C000000 		.4byte	.LFE3
 1357 0020 00000000 		.4byte	.LFB4
 1358 0024 D8000000 		.4byte	.LFE4
 1359 0028 00000000 		.4byte	.LFB5
 1360 002c 44000000 		.4byte	.LFE5
 1361 0030 00000000 		.4byte	.LFB6
 1362 0034 28000000 		.4byte	.LFE6
 1363 0038 00000000 		.4byte	.LFB7
 1364 003c 00010000 		.4byte	.LFE7
 1365 0040 00000000 		.4byte	0
 1366 0044 00000000 		.4byte	0
 1367              		.section	.debug_line,"",%progbits
 1368              	.Ldebug_line0:
 1369 0000 BC010000 		.section	.debug_str,"MS",%progbits,1
 1369      0200CD00 
 1369      00000201 
ARM GAS  C:\Users\LUKASC~1\AppData\Local\Temp\ccyGZajE.s 			page 31


 1369      FB0E0D00 
 1369      01010101 
 1370              	.LASF18:
 1371 0000 72656731 		.ascii	"reg16\000"
 1371      3600
 1372              	.LASF11:
 1373 0006 73697A65 		.ascii	"size_t\000"
 1373      5F7400
 1374              	.LASF34:
 1375 000d 42535F49 		.ascii	"BS_IOPINS0_0_VAL\000"
 1375      4F50494E 
 1375      53305F30 
 1375      5F56414C 
 1375      00
 1376              	.LASF28:
 1377 001e 416E616C 		.ascii	"AnalogSetDefault\000"
 1377      6F675365 
 1377      74446566 
 1377      61756C74 
 1377      00
 1378              	.LASF38:
 1379 002f 6366675F 		.ascii	"cfg_memset_list\000"
 1379      6D656D73 
 1379      65745F6C 
 1379      69737400 
 1380              	.LASF22:
 1381 003f 4359434F 		.ascii	"CYCONFIGCPYCODE\000"
 1381      4E464947 
 1381      43505943 
 1381      4F444500 
 1382              	.LASF25:
 1383 004f 436C6F63 		.ascii	"ClockSetup\000"
 1383      6B536574 
 1383      757000
 1384              	.LASF4:
 1385 005a 73686F72 		.ascii	"short unsigned int\000"
 1385      7420756E 
 1385      7369676E 
 1385      65642069 
 1385      6E7400
 1386              	.LASF27:
 1387 006d 706C6C4C 		.ascii	"pllLock\000"
 1387      6F636B00 
 1388              	.LASF41:
 1389 0075 433A5C55 		.ascii	"C:\\Users\\Lukas Creutzburg\\Documents\\PSoC Creato"
 1389      73657273 
 1389      5C4C756B 
 1389      61732043 
 1389      72657574 
 1390 00a4 725C576F 		.ascii	"r\\Workspace01\\Protection_Register_Control.cydsn\000"
 1390      726B7370 
 1390      61636530 
 1390      315C5072 
 1390      6F746563 
 1391              	.LASF15:
 1392 00d4 666C6F61 		.ascii	"float\000"
 1392      7400
ARM GAS  C:\Users\LUKASC~1\AppData\Local\Temp\ccyGZajE.s 			page 32


 1393              	.LASF23:
 1394 00da 4379436C 		.ascii	"CyClockStartupError\000"
 1394      6F636B53 
 1394      74617274 
 1394      75704572 
 1394      726F7200 
 1395              	.LASF21:
 1396 00ee 64657374 		.ascii	"dest\000"
 1396      00
 1397              	.LASF36:
 1398 00f3 73697A65 		.ascii	"size\000"
 1398      00
 1399              	.LASF17:
 1400 00f8 72656738 		.ascii	"reg8\000"
 1400      00
 1401              	.LASF6:
 1402 00fd 6C6F6E67 		.ascii	"long unsigned int\000"
 1402      20756E73 
 1402      69676E65 
 1402      6420696E 
 1402      7400
 1403              	.LASF12:
 1404 010f 75696E74 		.ascii	"uint8\000"
 1404      3800
 1405              	.LASF19:
 1406 0115 43594D45 		.ascii	"CYMEMZERO\000"
 1406      4D5A4552 
 1406      4F00
 1407              	.LASF32:
 1408 011f 53657441 		.ascii	"SetAnalogRoutingPumps\000"
 1408      6E616C6F 
 1408      67526F75 
 1408      74696E67 
 1408      50756D70 
 1409              	.LASF2:
 1410 0135 756E7369 		.ascii	"unsigned char\000"
 1410      676E6564 
 1410      20636861 
 1410      7200
 1411              	.LASF39:
 1412 0143 474E5520 		.ascii	"GNU C 4.9.3 20150303 (release) [ARM/embedded-4_9-br"
 1412      4320342E 
 1412      392E3320 
 1412      32303135 
 1412      30333033 
 1413 0176 616E6368 		.ascii	"anch revision 221220] -mcpu=cortex-m3 -mthumb -g -O"
 1413      20726576 
 1413      6973696F 
 1413      6E203232 
 1413      31323230 
 1414 01a9 30202D66 		.ascii	"0 -ffunction-sections -ffat-lto-objects\000"
 1414      66756E63 
 1414      74696F6E 
 1414      2D736563 
 1414      74696F6E 
 1415              	.LASF16:
 1416 01d1 646F7562 		.ascii	"double\000"
ARM GAS  C:\Users\LUKASC~1\AppData\Local\Temp\ccyGZajE.s 			page 33


 1416      6C6500
 1417              	.LASF33:
 1418 01d8 63796669 		.ascii	"cyfitter_cfg\000"
 1418      74746572 
 1418      5F636667 
 1418      00
 1419              	.LASF13:
 1420 01e5 75696E74 		.ascii	"uint16\000"
 1420      313600
 1421              	.LASF24:
 1422 01ec 6572726F 		.ascii	"errorCode\000"
 1422      72436F64 
 1422      6500
 1423              	.LASF14:
 1424 01f6 75696E74 		.ascii	"uint32\000"
 1424      333200
 1425              	.LASF0:
 1426 01fd 756E7369 		.ascii	"unsigned int\000"
 1426      676E6564 
 1426      20696E74 
 1426      00
 1427              	.LASF35:
 1428 020a 61646472 		.ascii	"address\000"
 1428      65737300 
 1429              	.LASF8:
 1430 0212 6C6F6E67 		.ascii	"long long unsigned int\000"
 1430      206C6F6E 
 1430      6720756E 
 1430      7369676E 
 1430      65642069 
 1431              	.LASF37:
 1432 0229 6366675F 		.ascii	"cfg_memset_t\000"
 1432      6D656D73 
 1432      65745F74 
 1432      00
 1433              	.LASF9:
 1434 0236 73697A65 		.ascii	"sizetype\000"
 1434      74797065 
 1434      00
 1435              	.LASF7:
 1436 023f 6C6F6E67 		.ascii	"long long int\000"
 1436      206C6F6E 
 1436      6720696E 
 1436      7400
 1437              	.LASF26:
 1438 024d 74696D65 		.ascii	"timeout\000"
 1438      6F757400 
 1439              	.LASF3:
 1440 0255 73686F72 		.ascii	"short int\000"
 1440      7420696E 
 1440      7400
 1441              	.LASF40:
 1442 025f 2E5C4765 		.ascii	".\\Generated_Source\\PSoC5\\cyfitter_cfg.c\000"
 1442      6E657261 
 1442      7465645F 
 1442      536F7572 
 1442      63655C50 
ARM GAS  C:\Users\LUKASC~1\AppData\Local\Temp\ccyGZajE.s 			page 34


 1443              	.LASF30:
 1444 0287 656E6162 		.ascii	"enabled\000"
 1444      6C656400 
 1445              	.LASF5:
 1446 028f 6C6F6E67 		.ascii	"long int\000"
 1446      20696E74 
 1446      00
 1447              	.LASF10:
 1448 0298 63686172 		.ascii	"char\000"
 1448      00
 1449              	.LASF29:
 1450 029d 62675F78 		.ascii	"bg_xover_inl_trim\000"
 1450      6F766572 
 1450      5F696E6C 
 1450      5F747269 
 1450      6D00
 1451              	.LASF1:
 1452 02af 7369676E 		.ascii	"signed char\000"
 1452      65642063 
 1452      68617200 
 1453              	.LASF31:
 1454 02bb 72656756 		.ascii	"regValue\000"
 1454      616C7565 
 1454      00
 1455              	.LASF20:
 1456 02c4 4359434F 		.ascii	"CYCONFIGCPY\000"
 1456      4E464947 
 1456      43505900 
 1457              		.ident	"GCC: (GNU Tools for ARM Embedded Processors) 4.9.3 20150303 (release) [ARM/embedded-4_9-br
