ARM GAS  C:\Users\LUKASC~1\AppData\Local\Temp\ccoLcG4x.s 			page 1


   1              		.syntax unified
   2              		.cpu cortex-m3
   3              		.fpu softvfp
   4              		.eabi_attribute 20, 1
   5              		.eabi_attribute 21, 1
   6              		.eabi_attribute 23, 3
   7              		.eabi_attribute 24, 1
   8              		.eabi_attribute 25, 1
   9              		.eabi_attribute 26, 1
  10              		.eabi_attribute 30, 6
  11              		.eabi_attribute 34, 1
  12              		.eabi_attribute 18, 4
  13              		.thumb
  14              		.file	"main.c"
  15              		.text
  16              	.Ltext0:
  17              		.cfi_sections	.debug_frame
  18              		.section	.text.main,"ax",%progbits
  19              		.align	2
  20              		.global	main
  21              		.thumb
  22              		.thumb_func
  23              		.type	main, %function
  24              	main:
  25              	.LFB63:
  26              		.file 1 ".\\main.c"
   1:.\main.c      **** /*******************************************************************************
   2:.\main.c      **** * File: main.c
   3:.\main.c      **** *
   4:.\main.c      **** * Version: 2.2
   5:.\main.c      **** *
   6:.\main.c      **** * Description:
   7:.\main.c      **** *   This is a basic design source code.
   8:.\main.c      **** *
   9:.\main.c      **** * Note:
  10:.\main.c      **** *  Pin_Vin pin (P0[4]) should be connected to the VR.
  11:.\main.c      **** *  Verify that VR_PWR(J11) is jumpered to ON.
  12:.\main.c      **** *
  13:.\main.c      **** * Hardware Dependency:
  14:.\main.c      **** *  CY8CKIT-001 DVK
  15:.\main.c      **** *
  16:.\main.c      **** ********************************************************************************
  17:.\main.c      **** * Copyright 2013, Cypress Semiconductor Corporation. All rights reserved.
  18:.\main.c      **** * This software is owned by Cypress Semiconductor Corporation and is protected
  19:.\main.c      **** * by and subject to worldwide patent and copyright laws and treaties.
  20:.\main.c      **** * Therefore, you may use this software only as provided in the license agreement
  21:.\main.c      **** * accompanying the software package from which you obtained this software.
  22:.\main.c      **** * CYPRESS AND ITS SUPPLIERS MAKE NO WARRANTY OF ANY KIND, EXPRESS OR IMPLIED,
  23:.\main.c      **** * WITH REGARD TO THIS SOFTWARE, INCLUDING, BUT NOT LIMITED TO, NONINFRINGEMENT,
  24:.\main.c      **** * IMPLIED WARRANTIES OF MERCHANTABILITY AND FITNESS FOR A PARTICULAR PURPOSE.
  25:.\main.c      **** *******************************************************************************/
  26:.\main.c      **** 
  27:.\main.c      **** #include <device.h>
  28:.\main.c      **** 
  29:.\main.c      **** 
  30:.\main.c      **** 
  31:.\main.c      **** 
ARM GAS  C:\Users\LUKASC~1\AppData\Local\Temp\ccoLcG4x.s 			page 2


  32:.\main.c      **** 
  33:.\main.c      **** 
  34:.\main.c      **** /*******************************************************************************
  35:.\main.c      **** * Function Name: main
  36:.\main.c      **** ********************************************************************************/
  37:.\main.c      **** int main()
  38:.\main.c      **** {
  27              		.loc 1 38 0
  28              		.cfi_startproc
  29              		@ args = 0, pretend = 0, frame = 0
  30              		@ frame_needed = 1, uses_anonymous_args = 0
  31 0000 80B5     		push	{r7, lr}
  32              		.cfi_def_cfa_offset 8
  33              		.cfi_offset 7, -8
  34              		.cfi_offset 14, -4
  35 0002 00AF     		add	r7, sp, #0
  36              		.cfi_def_cfa_register 7
  39:.\main.c      ****     
  40:.\main.c      ****     CyGlobalIntEnable;
  37              		.loc 1 40 0
  38              	@ 40 ".\main.c" 1
  39 0004 62B6     		CPSIE   i
  40              	@ 0 "" 2
  41:.\main.c      **** 
  42:.\main.c      ****     
  43:.\main.c      ****     CyDelay(3000);
  41              		.loc 1 43 0
  42              		.thumb
  43 0006 40F6B830 		movw	r0, #3000
  44 000a FFF7FEFF 		bl	CyDelay
  44:.\main.c      ****     //Shutdown everything, init states
  45:.\main.c      ****     Protection_CLR_Write(0u);
  45              		.loc 1 45 0
  46 000e 0020     		movs	r0, #0
  47 0010 FFF7FEFF 		bl	Protection_CLR_Write
  46:.\main.c      ****     Protection_CLK_Write(0u);
  48              		.loc 1 46 0
  49 0014 0020     		movs	r0, #0
  50 0016 FFF7FEFF 		bl	Protection_CLK_Write
  47:.\main.c      ****     Protection_IN_Write(1u);
  51              		.loc 1 47 0
  52 001a 0120     		movs	r0, #1
  53 001c FFF7FEFF 		bl	Protection_IN_Write
  48:.\main.c      ****     //Enable Register
  49:.\main.c      ****     Protection_CLR_Write(1u);
  54              		.loc 1 49 0
  55 0020 0120     		movs	r0, #1
  56 0022 FFF7FEFF 		bl	Protection_CLR_Write
  57              	.L2:
  50:.\main.c      ****     
  51:.\main.c      ****     
  52:.\main.c      ****     for(;;)
  53:.\main.c      ****     {
  54:.\main.c      ****         //Enable Clock
  55:.\main.c      ****         CyDelay(200);
  58              		.loc 1 55 0 discriminator 1
  59 0026 C820     		movs	r0, #200
ARM GAS  C:\Users\LUKASC~1\AppData\Local\Temp\ccoLcG4x.s 			page 3


  60 0028 FFF7FEFF 		bl	CyDelay
  56:.\main.c      ****         Protection_CLK_Write(1u);
  61              		.loc 1 56 0 discriminator 1
  62 002c 0120     		movs	r0, #1
  63 002e FFF7FEFF 		bl	Protection_CLK_Write
  57:.\main.c      ****         CyDelay(200);
  64              		.loc 1 57 0 discriminator 1
  65 0032 C820     		movs	r0, #200
  66 0034 FFF7FEFF 		bl	CyDelay
  58:.\main.c      ****         Protection_CLK_Write(0u);
  67              		.loc 1 58 0 discriminator 1
  68 0038 0020     		movs	r0, #0
  69 003a FFF7FEFF 		bl	Protection_CLK_Write
  59:.\main.c      ****     }
  70              		.loc 1 59 0 discriminator 1
  71 003e F2E7     		b	.L2
  72              		.cfi_endproc
  73              	.LFE63:
  74              		.size	main, .-main
  75              		.text
  76              	.Letext0:
  77              		.file 2 "c:\\program files (x86)\\cypress\\psoc creator\\3.3\\psoc creator\\import\\gnu\\arm\\4.9.
  78              		.file 3 "c:\\program files (x86)\\cypress\\psoc creator\\3.3\\psoc creator\\import\\gnu\\arm\\4.9.
  79              		.file 4 "Generated_Source\\PSoC5/core_cm3.h"
  80              		.section	.debug_info,"",%progbits
  81              	.Ldebug_info0:
  82 0000 C0000000 		.4byte	0xc0
  83 0004 0400     		.2byte	0x4
  84 0006 00000000 		.4byte	.Ldebug_abbrev0
  85 000a 04       		.byte	0x4
  86 000b 01       		.uleb128 0x1
  87 000c 78000000 		.4byte	.LASF15
  88 0010 01       		.byte	0x1
  89 0011 06010000 		.4byte	.LASF16
  90 0015 5A010000 		.4byte	.LASF17
  91 0019 00000000 		.4byte	.Ldebug_ranges0+0
  92 001d 00000000 		.4byte	0
  93 0021 00000000 		.4byte	.Ldebug_line0
  94 0025 02       		.uleb128 0x2
  95 0026 01       		.byte	0x1
  96 0027 06       		.byte	0x6
  97 0028 2C010000 		.4byte	.LASF0
  98 002c 02       		.uleb128 0x2
  99 002d 01       		.byte	0x1
 100 002e 08       		.byte	0x8
 101 002f 5C000000 		.4byte	.LASF1
 102 0033 02       		.uleb128 0x2
 103 0034 02       		.byte	0x2
 104 0035 05       		.byte	0x5
 105 0036 48010000 		.4byte	.LASF2
 106 003a 02       		.uleb128 0x2
 107 003b 02       		.byte	0x2
 108 003c 07       		.byte	0x7
 109 003d 0E000000 		.4byte	.LASF3
 110 0041 03       		.uleb128 0x3
 111 0042 38010000 		.4byte	.LASF9
 112 0046 02       		.byte	0x2
ARM GAS  C:\Users\LUKASC~1\AppData\Local\Temp\ccoLcG4x.s 			page 4


 113 0047 3F       		.byte	0x3f
 114 0048 4C000000 		.4byte	0x4c
 115 004c 02       		.uleb128 0x2
 116 004d 04       		.byte	0x4
 117 004e 05       		.byte	0x5
 118 004f 6F000000 		.4byte	.LASF4
 119 0053 02       		.uleb128 0x2
 120 0054 04       		.byte	0x4
 121 0055 07       		.byte	0x7
 122 0056 33000000 		.4byte	.LASF5
 123 005a 02       		.uleb128 0x2
 124 005b 08       		.byte	0x8
 125 005c 05       		.byte	0x5
 126 005d 00000000 		.4byte	.LASF6
 127 0061 02       		.uleb128 0x2
 128 0062 08       		.byte	0x8
 129 0063 07       		.byte	0x7
 130 0064 45000000 		.4byte	.LASF7
 131 0068 04       		.uleb128 0x4
 132 0069 04       		.byte	0x4
 133 006a 05       		.byte	0x5
 134 006b 696E7400 		.ascii	"int\000"
 135 006f 02       		.uleb128 0x2
 136 0070 04       		.byte	0x4
 137 0071 07       		.byte	0x7
 138 0072 21000000 		.4byte	.LASF8
 139 0076 03       		.uleb128 0x3
 140 0077 52010000 		.4byte	.LASF10
 141 007b 03       		.byte	0x3
 142 007c 2C       		.byte	0x2c
 143 007d 41000000 		.4byte	0x41
 144 0081 02       		.uleb128 0x2
 145 0082 04       		.byte	0x4
 146 0083 04       		.byte	0x4
 147 0084 42010000 		.4byte	.LASF11
 148 0088 02       		.uleb128 0x2
 149 0089 08       		.byte	0x8
 150 008a 04       		.byte	0x4
 151 008b 0F010000 		.4byte	.LASF12
 152 008f 02       		.uleb128 0x2
 153 0090 01       		.byte	0x1
 154 0091 08       		.byte	0x8
 155 0092 6A000000 		.4byte	.LASF13
 156 0096 02       		.uleb128 0x2
 157 0097 04       		.byte	0x4
 158 0098 07       		.byte	0x7
 159 0099 16010000 		.4byte	.LASF14
 160 009d 05       		.uleb128 0x5
 161 009e 2E000000 		.4byte	.LASF18
 162 00a2 01       		.byte	0x1
 163 00a3 25       		.byte	0x25
 164 00a4 68000000 		.4byte	0x68
 165 00a8 00000000 		.4byte	.LFB63
 166 00ac 40000000 		.4byte	.LFE63-.LFB63
 167 00b0 01       		.uleb128 0x1
 168 00b1 9C       		.byte	0x9c
 169 00b2 06       		.uleb128 0x6
ARM GAS  C:\Users\LUKASC~1\AppData\Local\Temp\ccoLcG4x.s 			page 5


 170 00b3 1F010000 		.4byte	.LASF19
 171 00b7 04       		.byte	0x4
 172 00b8 9606     		.2byte	0x696
 173 00ba BE000000 		.4byte	0xbe
 174 00be 07       		.uleb128 0x7
 175 00bf 76000000 		.4byte	0x76
 176 00c3 00       		.byte	0
 177              		.section	.debug_abbrev,"",%progbits
 178              	.Ldebug_abbrev0:
 179 0000 01       		.uleb128 0x1
 180 0001 11       		.uleb128 0x11
 181 0002 01       		.byte	0x1
 182 0003 25       		.uleb128 0x25
 183 0004 0E       		.uleb128 0xe
 184 0005 13       		.uleb128 0x13
 185 0006 0B       		.uleb128 0xb
 186 0007 03       		.uleb128 0x3
 187 0008 0E       		.uleb128 0xe
 188 0009 1B       		.uleb128 0x1b
 189 000a 0E       		.uleb128 0xe
 190 000b 55       		.uleb128 0x55
 191 000c 17       		.uleb128 0x17
 192 000d 11       		.uleb128 0x11
 193 000e 01       		.uleb128 0x1
 194 000f 10       		.uleb128 0x10
 195 0010 17       		.uleb128 0x17
 196 0011 00       		.byte	0
 197 0012 00       		.byte	0
 198 0013 02       		.uleb128 0x2
 199 0014 24       		.uleb128 0x24
 200 0015 00       		.byte	0
 201 0016 0B       		.uleb128 0xb
 202 0017 0B       		.uleb128 0xb
 203 0018 3E       		.uleb128 0x3e
 204 0019 0B       		.uleb128 0xb
 205 001a 03       		.uleb128 0x3
 206 001b 0E       		.uleb128 0xe
 207 001c 00       		.byte	0
 208 001d 00       		.byte	0
 209 001e 03       		.uleb128 0x3
 210 001f 16       		.uleb128 0x16
 211 0020 00       		.byte	0
 212 0021 03       		.uleb128 0x3
 213 0022 0E       		.uleb128 0xe
 214 0023 3A       		.uleb128 0x3a
 215 0024 0B       		.uleb128 0xb
 216 0025 3B       		.uleb128 0x3b
 217 0026 0B       		.uleb128 0xb
 218 0027 49       		.uleb128 0x49
 219 0028 13       		.uleb128 0x13
 220 0029 00       		.byte	0
 221 002a 00       		.byte	0
 222 002b 04       		.uleb128 0x4
 223 002c 24       		.uleb128 0x24
 224 002d 00       		.byte	0
 225 002e 0B       		.uleb128 0xb
 226 002f 0B       		.uleb128 0xb
ARM GAS  C:\Users\LUKASC~1\AppData\Local\Temp\ccoLcG4x.s 			page 6


 227 0030 3E       		.uleb128 0x3e
 228 0031 0B       		.uleb128 0xb
 229 0032 03       		.uleb128 0x3
 230 0033 08       		.uleb128 0x8
 231 0034 00       		.byte	0
 232 0035 00       		.byte	0
 233 0036 05       		.uleb128 0x5
 234 0037 2E       		.uleb128 0x2e
 235 0038 00       		.byte	0
 236 0039 3F       		.uleb128 0x3f
 237 003a 19       		.uleb128 0x19
 238 003b 03       		.uleb128 0x3
 239 003c 0E       		.uleb128 0xe
 240 003d 3A       		.uleb128 0x3a
 241 003e 0B       		.uleb128 0xb
 242 003f 3B       		.uleb128 0x3b
 243 0040 0B       		.uleb128 0xb
 244 0041 49       		.uleb128 0x49
 245 0042 13       		.uleb128 0x13
 246 0043 11       		.uleb128 0x11
 247 0044 01       		.uleb128 0x1
 248 0045 12       		.uleb128 0x12
 249 0046 06       		.uleb128 0x6
 250 0047 40       		.uleb128 0x40
 251 0048 18       		.uleb128 0x18
 252 0049 9642     		.uleb128 0x2116
 253 004b 19       		.uleb128 0x19
 254 004c 00       		.byte	0
 255 004d 00       		.byte	0
 256 004e 06       		.uleb128 0x6
 257 004f 34       		.uleb128 0x34
 258 0050 00       		.byte	0
 259 0051 03       		.uleb128 0x3
 260 0052 0E       		.uleb128 0xe
 261 0053 3A       		.uleb128 0x3a
 262 0054 0B       		.uleb128 0xb
 263 0055 3B       		.uleb128 0x3b
 264 0056 05       		.uleb128 0x5
 265 0057 49       		.uleb128 0x49
 266 0058 13       		.uleb128 0x13
 267 0059 3F       		.uleb128 0x3f
 268 005a 19       		.uleb128 0x19
 269 005b 3C       		.uleb128 0x3c
 270 005c 19       		.uleb128 0x19
 271 005d 00       		.byte	0
 272 005e 00       		.byte	0
 273 005f 07       		.uleb128 0x7
 274 0060 35       		.uleb128 0x35
 275 0061 00       		.byte	0
 276 0062 49       		.uleb128 0x49
 277 0063 13       		.uleb128 0x13
 278 0064 00       		.byte	0
 279 0065 00       		.byte	0
 280 0066 00       		.byte	0
 281              		.section	.debug_aranges,"",%progbits
 282 0000 1C000000 		.4byte	0x1c
 283 0004 0200     		.2byte	0x2
ARM GAS  C:\Users\LUKASC~1\AppData\Local\Temp\ccoLcG4x.s 			page 7


 284 0006 00000000 		.4byte	.Ldebug_info0
 285 000a 04       		.byte	0x4
 286 000b 00       		.byte	0
 287 000c 0000     		.2byte	0
 288 000e 0000     		.2byte	0
 289 0010 00000000 		.4byte	.LFB63
 290 0014 40000000 		.4byte	.LFE63-.LFB63
 291 0018 00000000 		.4byte	0
 292 001c 00000000 		.4byte	0
 293              		.section	.debug_ranges,"",%progbits
 294              	.Ldebug_ranges0:
 295 0000 00000000 		.4byte	.LFB63
 296 0004 40000000 		.4byte	.LFE63
 297 0008 00000000 		.4byte	0
 298 000c 00000000 		.4byte	0
 299              		.section	.debug_line,"",%progbits
 300              	.Ldebug_line0:
 301 0000 70010000 		.section	.debug_str,"MS",%progbits,1
 301      02003C01 
 301      00000201 
 301      FB0E0D00 
 301      01010101 
 302              	.LASF6:
 303 0000 6C6F6E67 		.ascii	"long long int\000"
 303      206C6F6E 
 303      6720696E 
 303      7400
 304              	.LASF3:
 305 000e 73686F72 		.ascii	"short unsigned int\000"
 305      7420756E 
 305      7369676E 
 305      65642069 
 305      6E7400
 306              	.LASF8:
 307 0021 756E7369 		.ascii	"unsigned int\000"
 307      676E6564 
 307      20696E74 
 307      00
 308              	.LASF18:
 309 002e 6D61696E 		.ascii	"main\000"
 309      00
 310              	.LASF5:
 311 0033 6C6F6E67 		.ascii	"long unsigned int\000"
 311      20756E73 
 311      69676E65 
 311      6420696E 
 311      7400
 312              	.LASF7:
 313 0045 6C6F6E67 		.ascii	"long long unsigned int\000"
 313      206C6F6E 
 313      6720756E 
 313      7369676E 
 313      65642069 
 314              	.LASF1:
 315 005c 756E7369 		.ascii	"unsigned char\000"
 315      676E6564 
 315      20636861 
ARM GAS  C:\Users\LUKASC~1\AppData\Local\Temp\ccoLcG4x.s 			page 8


 315      7200
 316              	.LASF13:
 317 006a 63686172 		.ascii	"char\000"
 317      00
 318              	.LASF4:
 319 006f 6C6F6E67 		.ascii	"long int\000"
 319      20696E74 
 319      00
 320              	.LASF15:
 321 0078 474E5520 		.ascii	"GNU C 4.9.3 20150303 (release) [ARM/embedded-4_9-br"
 321      4320342E 
 321      392E3320 
 321      32303135 
 321      30333033 
 322 00ab 616E6368 		.ascii	"anch revision 221220] -mcpu=cortex-m3 -mthumb -g -O"
 322      20726576 
 322      6973696F 
 322      6E203232 
 322      31323230 
 323 00de 30202D66 		.ascii	"0 -ffunction-sections -ffat-lto-objects\000"
 323      66756E63 
 323      74696F6E 
 323      2D736563 
 323      74696F6E 
 324              	.LASF16:
 325 0106 2E5C6D61 		.ascii	".\\main.c\000"
 325      696E2E63 
 325      00
 326              	.LASF12:
 327 010f 646F7562 		.ascii	"double\000"
 327      6C6500
 328              	.LASF14:
 329 0116 73697A65 		.ascii	"sizetype\000"
 329      74797065 
 329      00
 330              	.LASF19:
 331 011f 49544D5F 		.ascii	"ITM_RxBuffer\000"
 331      52784275 
 331      66666572 
 331      00
 332              	.LASF0:
 333 012c 7369676E 		.ascii	"signed char\000"
 333      65642063 
 333      68617200 
 334              	.LASF9:
 335 0138 5F5F696E 		.ascii	"__int32_t\000"
 335      7433325F 
 335      7400
 336              	.LASF11:
 337 0142 666C6F61 		.ascii	"float\000"
 337      7400
 338              	.LASF2:
 339 0148 73686F72 		.ascii	"short int\000"
 339      7420696E 
 339      7400
 340              	.LASF10:
 341 0152 696E7433 		.ascii	"int32_t\000"
ARM GAS  C:\Users\LUKASC~1\AppData\Local\Temp\ccoLcG4x.s 			page 9


 341      325F7400 
 342              	.LASF17:
 343 015a 433A5C55 		.ascii	"C:\\Users\\Lukas Creutzburg\\Documents\\PSoC Creato"
 343      73657273 
 343      5C4C756B 
 343      61732043 
 343      72657574 
 344 0189 725C576F 		.ascii	"r\\Workspace01\\Protection_Register_Control.cydsn\000"
 344      726B7370 
 344      61636530 
 344      315C5072 
 344      6F746563 
 345              		.ident	"GCC: (GNU Tools for ARM Embedded Processors) 4.9.3 20150303 (release) [ARM/embedded-4_9-br
