--------------- Build Started: 11/25/2016 17:06:16 Project: ADC_SAR_PrISM01, Configuration: ARM GCC 4.9-2015-q1-update Debug ---------------
cydsfit.exe -.appdatapath "C:\Users\Lukas Creutzburg\AppData\Local\Cypress Semiconductor\PSoC Creator\4.0" -.fdsnotice -.fdswarpdepfile=warp_dependencies.txt -.fdselabdepfile=elab_dependencies.txt -.fdsbldfile=generated_files.txt -.fdsreffile=referenced_files.txt -p "C:\Users\Lukas Creutzburg\Documents\GitHub\freeDSP_6CHamp\PSoC Workspace\ADC_SAR_PrISM01.cydsn\ADC_SAR_PrISM01.cyprj" -d CY8C5888LTI-LP097 -s "C:\Users\Lukas Creutzburg\Documents\GitHub\freeDSP_6CHamp\PSoC Workspace\ADC_SAR_PrISM01.cydsn\Generated_Source\PSoC5" -- -yv2 -q10 -ygs -o2 -v3 -.fftcfgtype=LE
Elaborating Design...
ADD: pft.M0074: information: A (re)build is required to use the analog device editor. Unable to load the necessary information from the cyfit file. Partial/wrong data will be displayed until this has been resolved.
 * C:\Users\Lukas Creutzburg\Documents\GitHub\freeDSP_6CHamp\PSoC Workspace\ADC_SAR_PrISM01.cydsn\ADC_SAR_PrISM01.cydwr ()
HDL Generation...
Synthesis...
Tech Mapping...
Analog Placement...
Analog Routing...
Analog Code Generation...
Digital Placement...
Digital Routing...
Bitstream Generation...
Bitstream Verification...
Static timing analysis...
API Generation...
DEL: pft.M0074: information: A (re)build is required to use the analog device editor. Unable to load the necessary information from the cyfit file. Partial/wrong data will be displayed until this has been resolved.
 * C:\Users\Lukas Creutzburg\Documents\GitHub\freeDSP_6CHamp\PSoC Workspace\ADC_SAR_PrISM01.cydsn\ADC_SAR_PrISM01.cydwr ()
Dependency Generation...
Cleanup...
arm-none-eabi-gcc.exe -mcpu=cortex-m3 -mthumb -I. -IGenerated_Source\PSoC5 -Wa,-alh=.\ARM_GCC_493\Debug/main.lst -g -ffunction-sections -O0 -ffat-lto-objects -c main.c -o .\ARM_GCC_493\Debug\main.o
arm-none-eabi-gcc.exe -mcpu=cortex-m3 -mthumb -I. -IGenerated_Source\PSoC5 -Wa,-alh=.\ARM_GCC_493\Debug/cyfitter_cfg.lst -g -ffunction-sections -O0 -ffat-lto-objects -c Generated_Source\PSoC5\cyfitter_cfg.c -o .\ARM_GCC_493\Debug\cyfitter_cfg.o
arm-none-eabi-gcc.exe -mcpu=cortex-m3 -mthumb -I. -IGenerated_Source\PSoC5 -Wa,-alh=.\ARM_GCC_493\Debug/cymetadata.lst -g -ffunction-sections -O0 -ffat-lto-objects -c Generated_Source\PSoC5\cymetadata.c -o .\ARM_GCC_493\Debug\cymetadata.o
arm-none-eabi-gcc.exe -mcpu=cortex-m3 -mthumb -I. -IGenerated_Source\PSoC5 -Wa,-alh=.\ARM_GCC_493\Debug/ADC_SAR_1.lst -g -ffunction-sections -O0 -ffat-lto-objects -c Generated_Source\PSoC5\ADC_SAR_1.c -o .\ARM_GCC_493\Debug\ADC_SAR_1.o
arm-none-eabi-gcc.exe -mcpu=cortex-m3 -mthumb -I. -IGenerated_Source\PSoC5 -Wa,-alh=.\ARM_GCC_493\Debug/ADC_SAR_1_INT.lst -g -ffunction-sections -O0 -ffat-lto-objects -c Generated_Source\PSoC5\ADC_SAR_1_INT.c -o .\ARM_GCC_493\Debug\ADC_SAR_1_INT.o
arm-none-eabi-gcc.exe -mcpu=cortex-m3 -mthumb -I. -IGenerated_Source\PSoC5 -Wa,-alh=.\ARM_GCC_493\Debug/ADC_SAR_1_PM.lst -g -ffunction-sections -O0 -ffat-lto-objects -c Generated_Source\PSoC5\ADC_SAR_1_PM.c -o .\ARM_GCC_493\Debug\ADC_SAR_1_PM.o
arm-none-eabi-gcc.exe -mcpu=cortex-m3 -mthumb -I. -IGenerated_Source\PSoC5 -Wa,-alh=.\ARM_GCC_493\Debug/DMA_1_dma.lst -g -ffunction-sections -O0 -ffat-lto-objects -c Generated_Source\PSoC5\DMA_1_dma.c -o .\ARM_GCC_493\Debug\DMA_1_dma.o
arm-none-eabi-gcc.exe -mcpu=cortex-m3 -mthumb -I. -IGenerated_Source\PSoC5 -Wa,-alh=.\ARM_GCC_493\Debug/Pin_LED.lst -g -ffunction-sections -O0 -ffat-lto-objects -c Generated_Source\PSoC5\Pin_LED.c -o .\ARM_GCC_493\Debug\Pin_LED.o
arm-none-eabi-gcc.exe -mcpu=cortex-m3 -mthumb -I. -IGenerated_Source\PSoC5 -Wa,-alh=.\ARM_GCC_493\Debug/LCD.lst -g -ffunction-sections -O0 -ffat-lto-objects -c Generated_Source\PSoC5\LCD.c -o .\ARM_GCC_493\Debug\LCD.o
arm-none-eabi-gcc.exe -mcpu=cortex-m3 -mthumb -I. -IGenerated_Source\PSoC5 -Wa,-alh=.\ARM_GCC_493\Debug/LCD_PM.lst -g -ffunction-sections -O0 -ffat-lto-objects -c Generated_Source\PSoC5\LCD_PM.c -o .\ARM_GCC_493\Debug\LCD_PM.o
arm-none-eabi-gcc.exe -mcpu=cortex-m3 -mthumb -I. -IGenerated_Source\PSoC5 -Wa,-alh=.\ARM_GCC_493\Debug/PrISM.lst -g -ffunction-sections -O0 -ffat-lto-objects -c Generated_Source\PSoC5\PrISM.c -o .\ARM_GCC_493\Debug\PrISM.o
arm-none-eabi-gcc.exe -mcpu=cortex-m3 -mthumb -I. -IGenerated_Source\PSoC5 -Wa,-alh=.\ARM_GCC_493\Debug/PrISM_PM.lst -g -ffunction-sections -O0 -ffat-lto-objects -c Generated_Source\PSoC5\PrISM_PM.c -o .\ARM_GCC_493\Debug\PrISM_PM.o
arm-none-eabi-gcc.exe -mcpu=cortex-m3 -mthumb -I. -IGenerated_Source\PSoC5 -Wa,-alh=.\ARM_GCC_493\Debug/Clock.lst -g -ffunction-sections -O0 -ffat-lto-objects -c Generated_Source\PSoC5\Clock.c -o .\ARM_GCC_493\Debug\Clock.o
arm-none-eabi-gcc.exe -mcpu=cortex-m3 -mthumb -I. -IGenerated_Source\PSoC5 -Wa,-alh=.\ARM_GCC_493\Debug/isr_1.lst -g -ffunction-sections -O0 -ffat-lto-objects -c Generated_Source\PSoC5\isr_1.c -o .\ARM_GCC_493\Debug\isr_1.o
arm-none-eabi-gcc.exe -mcpu=cortex-m3 -mthumb -I. -IGenerated_Source\PSoC5 -Wa,-alh=.\ARM_GCC_493\Debug/ADC_SAR_2.lst -g -ffunction-sections -O0 -ffat-lto-objects -c Generated_Source\PSoC5\ADC_SAR_2.c -o .\ARM_GCC_493\Debug\ADC_SAR_2.o
arm-none-eabi-gcc.exe -mcpu=cortex-m3 -mthumb -I. -IGenerated_Source\PSoC5 -Wa,-alh=.\ARM_GCC_493\Debug/ADC_SAR_2_INT.lst -g -ffunction-sections -O0 -ffat-lto-objects -c Generated_Source\PSoC5\ADC_SAR_2_INT.c -o .\ARM_GCC_493\Debug\ADC_SAR_2_INT.o
arm-none-eabi-gcc.exe -mcpu=cortex-m3 -mthumb -I. -IGenerated_Source\PSoC5 -Wa,-alh=.\ARM_GCC_493\Debug/ADC_SAR_2_PM.lst -g -ffunction-sections -O0 -ffat-lto-objects -c Generated_Source\PSoC5\ADC_SAR_2_PM.c -o .\ARM_GCC_493\Debug\ADC_SAR_2_PM.o
arm-none-eabi-gcc.exe -mcpu=cortex-m3 -mthumb -I. -IGenerated_Source\PSoC5 -Wa,-alh=.\ARM_GCC_493\Debug/ADC_SAR_1_IRQ.lst -g -ffunction-sections -O0 -ffat-lto-objects -c Generated_Source\PSoC5\ADC_SAR_1_IRQ.c -o .\ARM_GCC_493\Debug\ADC_SAR_1_IRQ.o
arm-none-eabi-gcc.exe -mcpu=cortex-m3 -mthumb -I. -IGenerated_Source\PSoC5 -Wa,-alh=.\ARM_GCC_493\Debug/ADC_SAR_1_theACLK.lst -g -ffunction-sections -O0 -ffat-lto-objects -c Generated_Source\PSoC5\ADC_SAR_1_theACLK.c -o .\ARM_GCC_493\Debug\ADC_SAR_1_theACLK.o
arm-none-eabi-gcc.exe -mcpu=cortex-m3 -mthumb -I. -IGenerated_Source\PSoC5 -Wa,-alh=.\ARM_GCC_493\Debug/ADC_SAR_1_Bypass.lst -g -ffunction-sections -O0 -ffat-lto-objects -c Generated_Source\PSoC5\ADC_SAR_1_Bypass.c -o .\ARM_GCC_493\Debug\ADC_SAR_1_Bypass.o
arm-none-eabi-gcc.exe -mcpu=cortex-m3 -mthumb -I. -IGenerated_Source\PSoC5 -Wa,-alh=.\ARM_GCC_493\Debug/LCD_LCDPort.lst -g -ffunction-sections -O0 -ffat-lto-objects -c Generated_Source\PSoC5\LCD_LCDPort.c -o .\ARM_GCC_493\Debug\LCD_LCDPort.o
arm-none-eabi-gcc.exe -mcpu=cortex-m3 -mthumb -I. -IGenerated_Source\PSoC5 -Wa,-alh=.\ARM_GCC_493\Debug/ADC_SAR_2_IRQ.lst -g -ffunction-sections -O0 -ffat-lto-objects -c Generated_Source\PSoC5\ADC_SAR_2_IRQ.c -o .\ARM_GCC_493\Debug\ADC_SAR_2_IRQ.o
arm-none-eabi-gcc.exe -mcpu=cortex-m3 -mthumb -I. -IGenerated_Source\PSoC5 -Wa,-alh=.\ARM_GCC_493\Debug/ADC_SAR_2_theACLK.lst -g -ffunction-sections -O0 -ffat-lto-objects -c Generated_Source\PSoC5\ADC_SAR_2_theACLK.c -o .\ARM_GCC_493\Debug\ADC_SAR_2_theACLK.o
arm-none-eabi-gcc.exe -mcpu=cortex-m3 -mthumb -I. -IGenerated_Source\PSoC5 -Wa,-alh=.\ARM_GCC_493\Debug/Cm3Start.lst -g -ffunction-sections -O0 -ffat-lto-objects -c Generated_Source\PSoC5\Cm3Start.c -o .\ARM_GCC_493\Debug\Cm3Start.o
arm-none-eabi-gcc.exe -mcpu=cortex-m3 -mthumb -I. -IGenerated_Source\PSoC5 -Wa,-alh=.\ARM_GCC_493\Debug/CyDmac.lst -g -ffunction-sections -O0 -ffat-lto-objects -c Generated_Source\PSoC5\CyDmac.c -o .\ARM_GCC_493\Debug\CyDmac.o
--------------- Build Canceled: 11/25/2016 17:06:41 ---------------
