ARM GAS  C:\Users\LUKASC~1\AppData\Local\Temp\ccH3fP8b.s 			page 1


   1              		.syntax unified
   2              		.cpu cortex-m3
   3              		.fpu softvfp
   4              		.eabi_attribute 20, 1
   5              		.eabi_attribute 21, 1
   6              		.eabi_attribute 23, 3
   7              		.eabi_attribute 24, 1
   8              		.eabi_attribute 25, 1
   9              		.eabi_attribute 26, 1
  10              		.eabi_attribute 30, 6
  11              		.eabi_attribute 34, 1
  12              		.eabi_attribute 18, 4
  13              		.thumb
  14              		.file	"cymetadata.c"
  15              		.text
  16              	.Ltext0:
  17              		.cfi_sections	.debug_frame
  18              		.global	cy_meta_configecc
  19              		.section	.cyconfigecc,"a",%progbits
  20              		.align	2
  21              		.type	cy_meta_configecc, %object
  22              		.size	cy_meta_configecc, 1616
  23              	cy_meta_configecc:
  24 0000 01       		.byte	1
  25 0001 00       		.byte	0
  26 0002 00       		.byte	0
  27 0003 00       		.byte	0
  28 0004 00       		.byte	0
  29 0005 00       		.byte	0
  30 0006 00       		.byte	0
  31 0007 00       		.byte	0
  32 0008 00       		.byte	0
  33 0009 8D       		.byte	-115
  34 000a 00       		.byte	0
  35 000b 00       		.byte	0
  36 000c 02       		.byte	2
  37 000d 8D       		.byte	-115
  38 000e 0D       		.byte	13
  39 000f 00       		.byte	0
  40 0010 00       		.byte	0
  41 0011 8D       		.byte	-115
  42 0012 00       		.byte	0
  43 0013 00       		.byte	0
  44 0014 09       		.byte	9
  45 0015 42       		.byte	66
  46 0016 06       		.byte	6
  47 0017 08       		.byte	8
  48 0018 03       		.byte	3
  49 0019 0D       		.byte	13
  50 001a 0C       		.byte	12
  51 001b 80       		.byte	-128
  52 001c 00       		.byte	0
  53 001d 62       		.byte	98
  54 001e 00       		.byte	0
  55 001f 14       		.byte	20
  56 0020 00       		.byte	0
  57 0021 02       		.byte	2
ARM GAS  C:\Users\LUKASC~1\AppData\Local\Temp\ccH3fP8b.s 			page 2


  58 0022 00       		.byte	0
  59 0023 0D       		.byte	13
  60 0024 00       		.byte	0
  61 0025 11       		.byte	17
  62 0026 00       		.byte	0
  63 0027 22       		.byte	34
  64 0028 00       		.byte	0
  65 0029 00       		.byte	0
  66 002a 00       		.byte	0
  67 002b 80       		.byte	-128
  68 002c 00       		.byte	0
  69 002d 40       		.byte	64
  70 002e 00       		.byte	0
  71 002f 00       		.byte	0
  72 0030 05       		.byte	5
  73 0031 00       		.byte	0
  74 0032 0A       		.byte	10
  75 0033 00       		.byte	0
  76 0034 00       		.byte	0
  77 0035 8D       		.byte	-115
  78 0036 00       		.byte	0
  79 0037 00       		.byte	0
  80 0038 00       		.byte	0
  81 0039 70       		.byte	112
  82 003a 00       		.byte	0
  83 003b 80       		.byte	-128
  84 003c 0F       		.byte	15
  85 003d 0F       		.byte	15
  86 003e 00       		.byte	0
  87 003f 70       		.byte	112
  88 0040 00       		.byte	0
  89 0041 00       		.byte	0
  90 0042 20       		.byte	32
  91 0043 A2       		.byte	-94
  92 0044 00       		.byte	0
  93 0045 00       		.byte	0
  94 0046 00       		.byte	0
  95 0047 04       		.byte	4
  96 0048 00       		.byte	0
  97 0049 00       		.byte	0
  98 004a 00       		.byte	0
  99 004b 00       		.byte	0
 100 004c 00       		.byte	0
 101 004d 00       		.byte	0
 102 004e 00       		.byte	0
 103 004f 00       		.byte	0
 104 0050 00       		.byte	0
 105 0051 00       		.byte	0
 106 0052 00       		.byte	0
 107 0053 00       		.byte	0
 108 0054 00       		.byte	0
 109 0055 00       		.byte	0
 110 0056 00       		.byte	0
 111 0057 00       		.byte	0
 112 0058 00       		.byte	0
 113 0059 00       		.byte	0
 114 005a 00       		.byte	0
ARM GAS  C:\Users\LUKASC~1\AppData\Local\Temp\ccH3fP8b.s 			page 3


 115 005b 00       		.byte	0
 116 005c 09       		.byte	9
 117 005d 00       		.byte	0
 118 005e 00       		.byte	0
 119 005f 00       		.byte	0
 120 0060 04       		.byte	4
 121 0061 04       		.byte	4
 122 0062 00       		.byte	0
 123 0063 04       		.byte	4
 124 0064 00       		.byte	0
 125 0065 00       		.byte	0
 126 0066 00       		.byte	0
 127 0067 01       		.byte	1
 128 0068 00       		.byte	0
 129 0069 00       		.byte	0
 130 006a 00       		.byte	0
 131 006b 00       		.byte	0
 132 006c 00       		.byte	0
 133 006d 00       		.byte	0
 134 006e 00       		.byte	0
 135 006f 00       		.byte	0
 136 0070 00       		.byte	0
 137 0071 00       		.byte	0
 138 0072 00       		.byte	0
 139 0073 00       		.byte	0
 140 0074 00       		.byte	0
 141 0075 00       		.byte	0
 142 0076 00       		.byte	0
 143 0077 00       		.byte	0
 144 0078 00       		.byte	0
 145 0079 00       		.byte	0
 146 007a 00       		.byte	0
 147 007b 00       		.byte	0
 148 007c 00       		.byte	0
 149 007d 00       		.byte	0
 150 007e 00       		.byte	0
 151 007f 00       		.byte	0
 152 0080 00       		.byte	0
 153 0081 00       		.byte	0
 154 0082 00       		.byte	0
 155 0083 00       		.byte	0
 156 0084 00       		.byte	0
 157 0085 00       		.byte	0
 158 0086 00       		.byte	0
 159 0087 00       		.byte	0
 160 0088 00       		.byte	0
 161 0089 19       		.byte	25
 162 008a 00       		.byte	0
 163 008b 02       		.byte	2
 164 008c 00       		.byte	0
 165 008d 00       		.byte	0
 166 008e 00       		.byte	0
 167 008f 00       		.byte	0
 168 0090 00       		.byte	0
 169 0091 00       		.byte	0
 170 0092 00       		.byte	0
 171 0093 00       		.byte	0
ARM GAS  C:\Users\LUKASC~1\AppData\Local\Temp\ccH3fP8b.s 			page 4


 172 0094 00       		.byte	0
 173 0095 00       		.byte	0
 174 0096 00       		.byte	0
 175 0097 20       		.byte	32
 176 0098 00       		.byte	0
 177 0099 00       		.byte	0
 178 009a 00       		.byte	0
 179 009b 00       		.byte	0
 180 009c 00       		.byte	0
 181 009d 0A       		.byte	10
 182 009e 00       		.byte	0
 183 009f 35       		.byte	53
 184 00a0 00       		.byte	0
 185 00a1 07       		.byte	7
 186 00a2 00       		.byte	0
 187 00a3 00       		.byte	0
 188 00a4 00       		.byte	0
 189 00a5 02       		.byte	2
 190 00a6 00       		.byte	0
 191 00a7 3C       		.byte	60
 192 00a8 00       		.byte	0
 193 00a9 00       		.byte	0
 194 00aa 00       		.byte	0
 195 00ab 00       		.byte	0
 196 00ac 00       		.byte	0
 197 00ad 00       		.byte	0
 198 00ae 00       		.byte	0
 199 00af 00       		.byte	0
 200 00b0 00       		.byte	0
 201 00b1 00       		.byte	0
 202 00b2 00       		.byte	0
 203 00b3 00       		.byte	0
 204 00b4 00       		.byte	0
 205 00b5 00       		.byte	0
 206 00b6 00       		.byte	0
 207 00b7 00       		.byte	0
 208 00b8 00       		.byte	0
 209 00b9 00       		.byte	0
 210 00ba 00       		.byte	0
 211 00bb 00       		.byte	0
 212 00bc 00       		.byte	0
 213 00bd 0F       		.byte	15
 214 00be 00       		.byte	0
 215 00bf 30       		.byte	48
 216 00c0 00       		.byte	0
 217 00c1 20       		.byte	32
 218 00c2 00       		.byte	0
 219 00c3 00       		.byte	0
 220 00c4 00       		.byte	0
 221 00c5 00       		.byte	0
 222 00c6 00       		.byte	0
 223 00c7 00       		.byte	0
 224 00c8 00       		.byte	0
 225 00c9 00       		.byte	0
 226 00ca 00       		.byte	0
 227 00cb 00       		.byte	0
 228 00cc 00       		.byte	0
ARM GAS  C:\Users\LUKASC~1\AppData\Local\Temp\ccH3fP8b.s 			page 5


 229 00cd 00       		.byte	0
 230 00ce 00       		.byte	0
 231 00cf 00       		.byte	0
 232 00d0 00       		.byte	0
 233 00d1 00       		.byte	0
 234 00d2 00       		.byte	0
 235 00d3 00       		.byte	0
 236 00d4 00       		.byte	0
 237 00d5 00       		.byte	0
 238 00d6 00       		.byte	0
 239 00d7 00       		.byte	0
 240 00d8 00       		.byte	0
 241 00d9 00       		.byte	0
 242 00da 00       		.byte	0
 243 00db 00       		.byte	0
 244 00dc 40       		.byte	64
 245 00dd 00       		.byte	0
 246 00de 00       		.byte	0
 247 00df 00       		.byte	0
 248 00e0 00       		.byte	0
 249 00e1 04       		.byte	4
 250 00e2 00       		.byte	0
 251 00e3 04       		.byte	4
 252 00e4 00       		.byte	0
 253 00e5 00       		.byte	0
 254 00e6 00       		.byte	0
 255 00e7 01       		.byte	1
 256 00e8 00       		.byte	0
 257 00e9 00       		.byte	0
 258 00ea 00       		.byte	0
 259 00eb 00       		.byte	0
 260 00ec 00       		.byte	0
 261 00ed 00       		.byte	0
 262 00ee 00       		.byte	0
 263 00ef 00       		.byte	0
 264 00f0 00       		.byte	0
 265 00f1 00       		.byte	0
 266 00f2 00       		.byte	0
 267 00f3 00       		.byte	0
 268 00f4 00       		.byte	0
 269 00f5 00       		.byte	0
 270 00f6 00       		.byte	0
 271 00f7 00       		.byte	0
 272 00f8 00       		.byte	0
 273 00f9 00       		.byte	0
 274 00fa 00       		.byte	0
 275 00fb 00       		.byte	0
 276 00fc 00       		.byte	0
 277 00fd 00       		.byte	0
 278 00fe 00       		.byte	0
 279 00ff 00       		.byte	0
 280 0100 00       		.byte	0
 281 0101 00       		.byte	0
 282 0102 00       		.byte	0
 283 0103 00       		.byte	0
 284 0104 00       		.byte	0
 285 0105 00       		.byte	0
ARM GAS  C:\Users\LUKASC~1\AppData\Local\Temp\ccH3fP8b.s 			page 6


 286 0106 00       		.byte	0
 287 0107 00       		.byte	0
 288 0108 56       		.byte	86
 289 0109 9A       		.byte	-102
 290 010a 09       		.byte	9
 291 010b 00       		.byte	0
 292 010c 04       		.byte	4
 293 010d 98       		.byte	-104
 294 010e 00       		.byte	0
 295 010f 02       		.byte	2
 296 0110 01       		.byte	1
 297 0111 02       		.byte	2
 298 0112 00       		.byte	0
 299 0113 98       		.byte	-104
 300 0114 04       		.byte	4
 301 0115 FC       		.byte	-4
 302 0116 80       		.byte	-128
 303 0117 03       		.byte	3
 304 0118 07       		.byte	7
 305 0119 98       		.byte	-104
 306 011a 38       		.byte	56
 307 011b 02       		.byte	2
 308 011c 0A       		.byte	10
 309 011d 21       		.byte	33
 310 011e 10       		.byte	16
 311 011f D8       		.byte	-40
 312 0120 00       		.byte	0
 313 0121 38       		.byte	56
 314 0122 00       		.byte	0
 315 0123 C0       		.byte	-64
 316 0124 84       		.byte	-124
 317 0125 13       		.byte	19
 318 0126 00       		.byte	0
 319 0127 64       		.byte	100
 320 0128 84       		.byte	-124
 321 0129 00       		.byte	0
 322 012a 00       		.byte	0
 323 012b 00       		.byte	0
 324 012c 84       		.byte	-124
 325 012d 02       		.byte	2
 326 012e 00       		.byte	0
 327 012f 00       		.byte	0
 328 0130 80       		.byte	-128
 329 0131 00       		.byte	0
 330 0132 04       		.byte	4
 331 0133 00       		.byte	0
 332 0134 60       		.byte	96
 333 0135 9A       		.byte	-102
 334 0136 00       		.byte	0
 335 0137 00       		.byte	0
 336 0138 08       		.byte	8
 337 0139 00       		.byte	0
 338 013a 7F       		.byte	127
 339 013b 0F       		.byte	15
 340 013c 02       		.byte	2
 341 013d E0       		.byte	-32
 342 013e 80       		.byte	-128
ARM GAS  C:\Users\LUKASC~1\AppData\Local\Temp\ccH3fP8b.s 			page 7


 343 013f 13       		.byte	19
 344 0140 08       		.byte	8
 345 0141 00       		.byte	0
 346 0142 00       		.byte	0
 347 0143 28       		.byte	40
 348 0144 00       		.byte	0
 349 0145 00       		.byte	0
 350 0146 51       		.byte	81
 351 0147 00       		.byte	0
 352 0148 34       		.byte	52
 353 0149 05       		.byte	5
 354 014a 10       		.byte	16
 355 014b 00       		.byte	0
 356 014c 02       		.byte	2
 357 014d DE       		.byte	-34
 358 014e F0       		.byte	-16
 359 014f BC       		.byte	-68
 360 0150 3B       		.byte	59
 361 0151 FF       		.byte	-1
 362 0152 FF       		.byte	-1
 363 0153 FF       		.byte	-1
 364 0154 22       		.byte	34
 365 0155 00       		.byte	0
 366 0156 F0       		.byte	-16
 367 0157 08       		.byte	8
 368 0158 04       		.byte	4
 369 0159 00       		.byte	0
 370 015a 00       		.byte	0
 371 015b 00       		.byte	0
 372 015c 00       		.byte	0
 373 015d 00       		.byte	0
 374 015e 02       		.byte	2
 375 015f 24       		.byte	36
 376 0160 04       		.byte	4
 377 0161 04       		.byte	4
 378 0162 04       		.byte	4
 379 0163 04       		.byte	4
 380 0164 00       		.byte	0
 381 0165 00       		.byte	0
 382 0166 00       		.byte	0
 383 0167 01       		.byte	1
 384 0168 00       		.byte	0
 385 0169 00       		.byte	0
 386 016a C0       		.byte	-64
 387 016b 00       		.byte	0
 388 016c 40       		.byte	64
 389 016d 01       		.byte	1
 390 016e 10       		.byte	16
 391 016f 11       		.byte	17
 392 0170 C0       		.byte	-64
 393 0171 01       		.byte	1
 394 0172 00       		.byte	0
 395 0173 11       		.byte	17
 396 0174 40       		.byte	64
 397 0175 01       		.byte	1
 398 0176 40       		.byte	64
 399 0177 01       		.byte	1
ARM GAS  C:\Users\LUKASC~1\AppData\Local\Temp\ccH3fP8b.s 			page 8


 400 0178 00       		.byte	0
 401 0179 00       		.byte	0
 402 017a 00       		.byte	0
 403 017b 00       		.byte	0
 404 017c 00       		.byte	0
 405 017d 00       		.byte	0
 406 017e 00       		.byte	0
 407 017f 00       		.byte	0
 408 0180 00       		.byte	0
 409 0181 00       		.byte	0
 410 0182 00       		.byte	0
 411 0183 00       		.byte	0
 412 0184 00       		.byte	0
 413 0185 00       		.byte	0
 414 0186 00       		.byte	0
 415 0187 00       		.byte	0
 416 0188 00       		.byte	0
 417 0189 00       		.byte	0
 418 018a 00       		.byte	0
 419 018b 00       		.byte	0
 420 018c 00       		.byte	0
 421 018d 00       		.byte	0
 422 018e 00       		.byte	0
 423 018f 00       		.byte	0
 424 0190 00       		.byte	0
 425 0191 00       		.byte	0
 426 0192 00       		.byte	0
 427 0193 00       		.byte	0
 428 0194 00       		.byte	0
 429 0195 00       		.byte	0
 430 0196 00       		.byte	0
 431 0197 00       		.byte	0
 432 0198 00       		.byte	0
 433 0199 00       		.byte	0
 434 019a 00       		.byte	0
 435 019b 00       		.byte	0
 436 019c 00       		.byte	0
 437 019d 00       		.byte	0
 438 019e 00       		.byte	0
 439 019f 0F       		.byte	15
 440 01a0 00       		.byte	0
 441 01a1 00       		.byte	0
 442 01a2 00       		.byte	0
 443 01a3 00       		.byte	0
 444 01a4 00       		.byte	0
 445 01a5 00       		.byte	0
 446 01a6 00       		.byte	0
 447 01a7 00       		.byte	0
 448 01a8 01       		.byte	1
 449 01a9 00       		.byte	0
 450 01aa 00       		.byte	0
 451 01ab 00       		.byte	0
 452 01ac 00       		.byte	0
 453 01ad 00       		.byte	0
 454 01ae 00       		.byte	0
 455 01af 00       		.byte	0
 456 01b0 00       		.byte	0
ARM GAS  C:\Users\LUKASC~1\AppData\Local\Temp\ccH3fP8b.s 			page 9


 457 01b1 00       		.byte	0
 458 01b2 01       		.byte	1
 459 01b3 00       		.byte	0
 460 01b4 00       		.byte	0
 461 01b5 00       		.byte	0
 462 01b6 00       		.byte	0
 463 01b7 00       		.byte	0
 464 01b8 40       		.byte	64
 465 01b9 00       		.byte	0
 466 01ba 00       		.byte	0
 467 01bb 00       		.byte	0
 468 01bc 00       		.byte	0
 469 01bd 00       		.byte	0
 470 01be 00       		.byte	0
 471 01bf 00       		.byte	0
 472 01c0 00       		.byte	0
 473 01c1 00       		.byte	0
 474 01c2 00       		.byte	0
 475 01c3 00       		.byte	0
 476 01c4 00       		.byte	0
 477 01c5 00       		.byte	0
 478 01c6 00       		.byte	0
 479 01c7 00       		.byte	0
 480 01c8 00       		.byte	0
 481 01c9 00       		.byte	0
 482 01ca 00       		.byte	0
 483 01cb 00       		.byte	0
 484 01cc 00       		.byte	0
 485 01cd 00       		.byte	0
 486 01ce 00       		.byte	0
 487 01cf 00       		.byte	0
 488 01d0 00       		.byte	0
 489 01d1 00       		.byte	0
 490 01d2 00       		.byte	0
 491 01d3 00       		.byte	0
 492 01d4 00       		.byte	0
 493 01d5 00       		.byte	0
 494 01d6 00       		.byte	0
 495 01d7 00       		.byte	0
 496 01d8 00       		.byte	0
 497 01d9 00       		.byte	0
 498 01da 00       		.byte	0
 499 01db 00       		.byte	0
 500 01dc 00       		.byte	0
 501 01dd 00       		.byte	0
 502 01de 00       		.byte	0
 503 01df 00       		.byte	0
 504 01e0 00       		.byte	0
 505 01e1 00       		.byte	0
 506 01e2 00       		.byte	0
 507 01e3 00       		.byte	0
 508 01e4 00       		.byte	0
 509 01e5 00       		.byte	0
 510 01e6 00       		.byte	0
 511 01e7 00       		.byte	0
 512 01e8 00       		.byte	0
 513 01e9 00       		.byte	0
ARM GAS  C:\Users\LUKASC~1\AppData\Local\Temp\ccH3fP8b.s 			page 10


 514 01ea 00       		.byte	0
 515 01eb 00       		.byte	0
 516 01ec 00       		.byte	0
 517 01ed 00       		.byte	0
 518 01ee 00       		.byte	0
 519 01ef 00       		.byte	0
 520 01f0 00       		.byte	0
 521 01f1 00       		.byte	0
 522 01f2 00       		.byte	0
 523 01f3 00       		.byte	0
 524 01f4 00       		.byte	0
 525 01f5 00       		.byte	0
 526 01f6 00       		.byte	0
 527 01f7 00       		.byte	0
 528 01f8 00       		.byte	0
 529 01f9 00       		.byte	0
 530 01fa 00       		.byte	0
 531 01fb 00       		.byte	0
 532 01fc 00       		.byte	0
 533 01fd 00       		.byte	0
 534 01fe 00       		.byte	0
 535 01ff 00       		.byte	0
 536 0200 00       		.byte	0
 537 0201 00       		.byte	0
 538 0202 00       		.byte	0
 539 0203 00       		.byte	0
 540 0204 00       		.byte	0
 541 0205 00       		.byte	0
 542 0206 00       		.byte	0
 543 0207 00       		.byte	0
 544 0208 00       		.byte	0
 545 0209 00       		.byte	0
 546 020a 00       		.byte	0
 547 020b 00       		.byte	0
 548 020c 00       		.byte	0
 549 020d 00       		.byte	0
 550 020e 00       		.byte	0
 551 020f 00       		.byte	0
 552 0210 00       		.byte	0
 553 0211 04       		.byte	4
 554 0212 00       		.byte	0
 555 0213 00       		.byte	0
 556 0214 00       		.byte	0
 557 0215 00       		.byte	0
 558 0216 00       		.byte	0
 559 0217 00       		.byte	0
 560 0218 00       		.byte	0
 561 0219 00       		.byte	0
 562 021a 00       		.byte	0
 563 021b 00       		.byte	0
 564 021c 00       		.byte	0
 565 021d 00       		.byte	0
 566 021e 00       		.byte	0
 567 021f 00       		.byte	0
 568 0220 00       		.byte	0
 569 0221 00       		.byte	0
 570 0222 00       		.byte	0
ARM GAS  C:\Users\LUKASC~1\AppData\Local\Temp\ccH3fP8b.s 			page 11


 571 0223 00       		.byte	0
 572 0224 00       		.byte	0
 573 0225 00       		.byte	0
 574 0226 00       		.byte	0
 575 0227 00       		.byte	0
 576 0228 00       		.byte	0
 577 0229 00       		.byte	0
 578 022a 00       		.byte	0
 579 022b 00       		.byte	0
 580 022c 00       		.byte	0
 581 022d 00       		.byte	0
 582 022e 00       		.byte	0
 583 022f 00       		.byte	0
 584 0230 00       		.byte	0
 585 0231 00       		.byte	0
 586 0232 00       		.byte	0
 587 0233 00       		.byte	0
 588 0234 00       		.byte	0
 589 0235 00       		.byte	0
 590 0236 00       		.byte	0
 591 0237 00       		.byte	0
 592 0238 40       		.byte	64
 593 0239 04       		.byte	4
 594 023a 00       		.byte	0
 595 023b 00       		.byte	0
 596 023c 00       		.byte	0
 597 023d 00       		.byte	0
 598 023e 00       		.byte	0
 599 023f 00       		.byte	0
 600 0240 00       		.byte	0
 601 0241 00       		.byte	0
 602 0242 00       		.byte	0
 603 0243 00       		.byte	0
 604 0244 00       		.byte	0
 605 0245 00       		.byte	0
 606 0246 00       		.byte	0
 607 0247 00       		.byte	0
 608 0248 00       		.byte	0
 609 0249 00       		.byte	0
 610 024a 00       		.byte	0
 611 024b 00       		.byte	0
 612 024c 00       		.byte	0
 613 024d 00       		.byte	0
 614 024e 00       		.byte	0
 615 024f 00       		.byte	0
 616 0250 00       		.byte	0
 617 0251 00       		.byte	0
 618 0252 00       		.byte	0
 619 0253 00       		.byte	0
 620 0254 00       		.byte	0
 621 0255 00       		.byte	0
 622 0256 00       		.byte	0
 623 0257 00       		.byte	0
 624 0258 00       		.byte	0
 625 0259 00       		.byte	0
 626 025a 00       		.byte	0
 627 025b 00       		.byte	0
ARM GAS  C:\Users\LUKASC~1\AppData\Local\Temp\ccH3fP8b.s 			page 12


 628 025c 00       		.byte	0
 629 025d 00       		.byte	0
 630 025e 00       		.byte	0
 631 025f 00       		.byte	0
 632 0260 00       		.byte	0
 633 0261 00       		.byte	0
 634 0262 00       		.byte	0
 635 0263 00       		.byte	0
 636 0264 00       		.byte	0
 637 0265 00       		.byte	0
 638 0266 00       		.byte	0
 639 0267 00       		.byte	0
 640 0268 00       		.byte	0
 641 0269 00       		.byte	0
 642 026a 00       		.byte	0
 643 026b 00       		.byte	0
 644 026c 00       		.byte	0
 645 026d 00       		.byte	0
 646 026e 00       		.byte	0
 647 026f 00       		.byte	0
 648 0270 00       		.byte	0
 649 0271 00       		.byte	0
 650 0272 00       		.byte	0
 651 0273 00       		.byte	0
 652 0274 00       		.byte	0
 653 0275 00       		.byte	0
 654 0276 00       		.byte	0
 655 0277 00       		.byte	0
 656 0278 02       		.byte	2
 657 0279 00       		.byte	0
 658 027a 00       		.byte	0
 659 027b 00       		.byte	0
 660 027c 00       		.byte	0
 661 027d 00       		.byte	0
 662 027e 00       		.byte	0
 663 027f 00       		.byte	0
 664 0280 00       		.byte	0
 665 0281 00       		.byte	0
 666 0282 00       		.byte	0
 667 0283 00       		.byte	0
 668 0284 00       		.byte	0
 669 0285 00       		.byte	0
 670 0286 00       		.byte	0
 671 0287 00       		.byte	0
 672 0288 00       		.byte	0
 673 0289 00       		.byte	0
 674 028a 00       		.byte	0
 675 028b 00       		.byte	0
 676 028c 00       		.byte	0
 677 028d 00       		.byte	0
 678 028e 02       		.byte	2
 679 028f 00       		.byte	0
 680 0290 00       		.byte	0
 681 0291 00       		.byte	0
 682 0292 00       		.byte	0
 683 0293 00       		.byte	0
 684 0294 00       		.byte	0
ARM GAS  C:\Users\LUKASC~1\AppData\Local\Temp\ccH3fP8b.s 			page 13


 685 0295 00       		.byte	0
 686 0296 00       		.byte	0
 687 0297 00       		.byte	0
 688 0298 00       		.byte	0
 689 0299 00       		.byte	0
 690 029a 00       		.byte	0
 691 029b 00       		.byte	0
 692 029c 00       		.byte	0
 693 029d 00       		.byte	0
 694 029e 00       		.byte	0
 695 029f 00       		.byte	0
 696 02a0 00       		.byte	0
 697 02a1 00       		.byte	0
 698 02a2 00       		.byte	0
 699 02a3 00       		.byte	0
 700 02a4 00       		.byte	0
 701 02a5 00       		.byte	0
 702 02a6 00       		.byte	0
 703 02a7 00       		.byte	0
 704 02a8 00       		.byte	0
 705 02a9 00       		.byte	0
 706 02aa 00       		.byte	0
 707 02ab 00       		.byte	0
 708 02ac 00       		.byte	0
 709 02ad 00       		.byte	0
 710 02ae 00       		.byte	0
 711 02af 00       		.byte	0
 712 02b0 00       		.byte	0
 713 02b1 00       		.byte	0
 714 02b2 00       		.byte	0
 715 02b3 00       		.byte	0
 716 02b4 00       		.byte	0
 717 02b5 00       		.byte	0
 718 02b6 00       		.byte	0
 719 02b7 00       		.byte	0
 720 02b8 44       		.byte	68
 721 02b9 00       		.byte	0
 722 02ba 00       		.byte	0
 723 02bb 00       		.byte	0
 724 02bc 00       		.byte	0
 725 02bd 00       		.byte	0
 726 02be 00       		.byte	0
 727 02bf 00       		.byte	0
 728 02c0 00       		.byte	0
 729 02c1 00       		.byte	0
 730 02c2 80       		.byte	-128
 731 02c3 00       		.byte	0
 732 02c4 00       		.byte	0
 733 02c5 00       		.byte	0
 734 02c6 00       		.byte	0
 735 02c7 00       		.byte	0
 736 02c8 00       		.byte	0
 737 02c9 00       		.byte	0
 738 02ca 08       		.byte	8
 739 02cb 00       		.byte	0
 740 02cc 00       		.byte	0
 741 02cd 00       		.byte	0
ARM GAS  C:\Users\LUKASC~1\AppData\Local\Temp\ccH3fP8b.s 			page 14


 742 02ce 00       		.byte	0
 743 02cf 00       		.byte	0
 744 02d0 04       		.byte	4
 745 02d1 00       		.byte	0
 746 02d2 00       		.byte	0
 747 02d3 00       		.byte	0
 748 02d4 00       		.byte	0
 749 02d5 00       		.byte	0
 750 02d6 00       		.byte	0
 751 02d7 00       		.byte	0
 752 02d8 40       		.byte	64
 753 02d9 00       		.byte	0
 754 02da 90       		.byte	-112
 755 02db 10       		.byte	16
 756 02dc 00       		.byte	0
 757 02dd 40       		.byte	64
 758 02de 20       		.byte	32
 759 02df 00       		.byte	0
 760 02e0 10       		.byte	16
 761 02e1 41       		.byte	65
 762 02e2 04       		.byte	4
 763 02e3 00       		.byte	0
 764 02e4 00       		.byte	0
 765 02e5 00       		.byte	0
 766 02e6 00       		.byte	0
 767 02e7 00       		.byte	0
 768 02e8 00       		.byte	0
 769 02e9 08       		.byte	8
 770 02ea 50       		.byte	80
 771 02eb 01       		.byte	1
 772 02ec 00       		.byte	0
 773 02ed 00       		.byte	0
 774 02ee A8       		.byte	-88
 775 02ef 00       		.byte	0
 776 02f0 40       		.byte	64
 777 02f1 15       		.byte	21
 778 02f2 00       		.byte	0
 779 02f3 00       		.byte	0
 780 02f4 02       		.byte	2
 781 02f5 80       		.byte	-128
 782 02f6 00       		.byte	0
 783 02f7 00       		.byte	0
 784 02f8 00       		.byte	0
 785 02f9 00       		.byte	0
 786 02fa 00       		.byte	0
 787 02fb 00       		.byte	0
 788 02fc 00       		.byte	0
 789 02fd 00       		.byte	0
 790 02fe 00       		.byte	0
 791 02ff 00       		.byte	0
 792 0300 00       		.byte	0
 793 0301 00       		.byte	0
 794 0302 00       		.byte	0
 795 0303 00       		.byte	0
 796 0304 00       		.byte	0
 797 0305 00       		.byte	0
 798 0306 00       		.byte	0
ARM GAS  C:\Users\LUKASC~1\AppData\Local\Temp\ccH3fP8b.s 			page 15


 799 0307 00       		.byte	0
 800 0308 00       		.byte	0
 801 0309 00       		.byte	0
 802 030a 00       		.byte	0
 803 030b 00       		.byte	0
 804 030c 00       		.byte	0
 805 030d 00       		.byte	0
 806 030e 00       		.byte	0
 807 030f 00       		.byte	0
 808 0310 10       		.byte	16
 809 0311 04       		.byte	4
 810 0312 41       		.byte	65
 811 0313 00       		.byte	0
 812 0314 00       		.byte	0
 813 0315 00       		.byte	0
 814 0316 00       		.byte	0
 815 0317 00       		.byte	0
 816 0318 00       		.byte	0
 817 0319 00       		.byte	0
 818 031a 00       		.byte	0
 819 031b 02       		.byte	2
 820 031c 00       		.byte	0
 821 031d 00       		.byte	0
 822 031e 10       		.byte	16
 823 031f 12       		.byte	18
 824 0320 00       		.byte	0
 825 0321 00       		.byte	0
 826 0322 00       		.byte	0
 827 0323 00       		.byte	0
 828 0324 00       		.byte	0
 829 0325 00       		.byte	0
 830 0326 00       		.byte	0
 831 0327 00       		.byte	0
 832 0328 00       		.byte	0
 833 0329 00       		.byte	0
 834 032a 00       		.byte	0
 835 032b 00       		.byte	0
 836 032c 00       		.byte	0
 837 032d 00       		.byte	0
 838 032e 00       		.byte	0
 839 032f 00       		.byte	0
 840 0330 00       		.byte	0
 841 0331 00       		.byte	0
 842 0332 00       		.byte	0
 843 0333 00       		.byte	0
 844 0334 00       		.byte	0
 845 0335 00       		.byte	0
 846 0336 00       		.byte	0
 847 0337 00       		.byte	0
 848 0338 00       		.byte	0
 849 0339 00       		.byte	0
 850 033a 00       		.byte	0
 851 033b 00       		.byte	0
 852 033c 00       		.byte	0
 853 033d 00       		.byte	0
 854 033e 00       		.byte	0
 855 033f 00       		.byte	0
ARM GAS  C:\Users\LUKASC~1\AppData\Local\Temp\ccH3fP8b.s 			page 16


 856 0340 00       		.byte	0
 857 0341 40       		.byte	64
 858 0342 00       		.byte	0
 859 0343 00       		.byte	0
 860 0344 00       		.byte	0
 861 0345 00       		.byte	0
 862 0346 20       		.byte	32
 863 0347 00       		.byte	0
 864 0348 00       		.byte	0
 865 0349 15       		.byte	21
 866 034a C1       		.byte	-63
 867 034b 02       		.byte	2
 868 034c 44       		.byte	68
 869 034d 00       		.byte	0
 870 034e 00       		.byte	0
 871 034f 00       		.byte	0
 872 0350 00       		.byte	0
 873 0351 45       		.byte	69
 874 0352 14       		.byte	20
 875 0353 01       		.byte	1
 876 0354 00       		.byte	0
 877 0355 00       		.byte	0
 878 0356 00       		.byte	0
 879 0357 00       		.byte	0
 880 0358 01       		.byte	1
 881 0359 08       		.byte	8
 882 035a 08       		.byte	8
 883 035b 01       		.byte	1
 884 035c 00       		.byte	0
 885 035d 00       		.byte	0
 886 035e 80       		.byte	-128
 887 035f 00       		.byte	0
 888 0360 00       		.byte	0
 889 0361 00       		.byte	0
 890 0362 00       		.byte	0
 891 0363 00       		.byte	0
 892 0364 00       		.byte	0
 893 0365 00       		.byte	0
 894 0366 00       		.byte	0
 895 0367 00       		.byte	0
 896 0368 00       		.byte	0
 897 0369 00       		.byte	0
 898 036a 04       		.byte	4
 899 036b 01       		.byte	1
 900 036c 00       		.byte	0
 901 036d 00       		.byte	0
 902 036e 00       		.byte	0
 903 036f 00       		.byte	0
 904 0370 00       		.byte	0
 905 0371 00       		.byte	0
 906 0372 00       		.byte	0
 907 0373 00       		.byte	0
 908 0374 00       		.byte	0
 909 0375 00       		.byte	0
 910 0376 00       		.byte	0
 911 0377 00       		.byte	0
 912 0378 05       		.byte	5
ARM GAS  C:\Users\LUKASC~1\AppData\Local\Temp\ccH3fP8b.s 			page 17


 913 0379 00       		.byte	0
 914 037a 08       		.byte	8
 915 037b 00       		.byte	0
 916 037c 02       		.byte	2
 917 037d 00       		.byte	0
 918 037e 00       		.byte	0
 919 037f 00       		.byte	0
 920 0380 00       		.byte	0
 921 0381 00       		.byte	0
 922 0382 0B       		.byte	11
 923 0383 00       		.byte	0
 924 0384 7F       		.byte	127
 925 0385 00       		.byte	0
 926 0386 9F       		.byte	-97
 927 0387 00       		.byte	0
 928 0388 00       		.byte	0
 929 0389 00       		.byte	0
 930 038a 00       		.byte	0
 931 038b 00       		.byte	0
 932 038c 00       		.byte	0
 933 038d 00       		.byte	0
 934 038e 0F       		.byte	15
 935 038f 00       		.byte	0
 936 0390 78       		.byte	120
 937 0391 00       		.byte	0
 938 0392 00       		.byte	0
 939 0393 00       		.byte	0
 940 0394 00       		.byte	0
 941 0395 00       		.byte	0
 942 0396 00       		.byte	0
 943 0397 00       		.byte	0
 944 0398 00       		.byte	0
 945 0399 00       		.byte	0
 946 039a 10       		.byte	16
 947 039b 00       		.byte	0
 948 039c 00       		.byte	0
 949 039d 00       		.byte	0
 950 039e 20       		.byte	32
 951 039f 00       		.byte	0
 952 03a0 00       		.byte	0
 953 03a1 00       		.byte	0
 954 03a2 00       		.byte	0
 955 03a3 00       		.byte	0
 956 03a4 00       		.byte	0
 957 03a5 00       		.byte	0
 958 03a6 00       		.byte	0
 959 03a7 00       		.byte	0
 960 03a8 00       		.byte	0
 961 03a9 00       		.byte	0
 962 03aa 00       		.byte	0
 963 03ab 00       		.byte	0
 964 03ac 00       		.byte	0
 965 03ad 00       		.byte	0
 966 03ae 00       		.byte	0
 967 03af 00       		.byte	0
 968 03b0 00       		.byte	0
 969 03b1 00       		.byte	0
ARM GAS  C:\Users\LUKASC~1\AppData\Local\Temp\ccH3fP8b.s 			page 18


 970 03b2 00       		.byte	0
 971 03b3 00       		.byte	0
 972 03b4 00       		.byte	0
 973 03b5 00       		.byte	0
 974 03b6 00       		.byte	0
 975 03b7 00       		.byte	0
 976 03b8 00       		.byte	0
 977 03b9 00       		.byte	0
 978 03ba 00       		.byte	0
 979 03bb 00       		.byte	0
 980 03bc 00       		.byte	0
 981 03bd 00       		.byte	0
 982 03be 00       		.byte	0
 983 03bf 00       		.byte	0
 984 03c0 00       		.byte	0
 985 03c1 00       		.byte	0
 986 03c2 00       		.byte	0
 987 03c3 00       		.byte	0
 988 03c4 00       		.byte	0
 989 03c5 00       		.byte	0
 990 03c6 00       		.byte	0
 991 03c7 00       		.byte	0
 992 03c8 00       		.byte	0
 993 03c9 00       		.byte	0
 994 03ca 00       		.byte	0
 995 03cb 00       		.byte	0
 996 03cc 00       		.byte	0
 997 03cd 00       		.byte	0
 998 03ce 00       		.byte	0
 999 03cf 00       		.byte	0
 1000 03d0 00       		.byte	0
 1001 03d1 00       		.byte	0
 1002 03d2 00       		.byte	0
 1003 03d3 00       		.byte	0
 1004 03d4 00       		.byte	0
 1005 03d5 00       		.byte	0
 1006 03d6 00       		.byte	0
 1007 03d7 00       		.byte	0
 1008 03d8 00       		.byte	0
 1009 03d9 00       		.byte	0
 1010 03da 00       		.byte	0
 1011 03db 00       		.byte	0
 1012 03dc 00       		.byte	0
 1013 03dd 00       		.byte	0
 1014 03de 00       		.byte	0
 1015 03df 00       		.byte	0
 1016 03e0 00       		.byte	0
 1017 03e1 00       		.byte	0
 1018 03e2 00       		.byte	0
 1019 03e3 00       		.byte	0
 1020 03e4 00       		.byte	0
 1021 03e5 00       		.byte	0
 1022 03e6 00       		.byte	0
 1023 03e7 00       		.byte	0
 1024 03e8 00       		.byte	0
 1025 03e9 00       		.byte	0
 1026 03ea 00       		.byte	0
ARM GAS  C:\Users\LUKASC~1\AppData\Local\Temp\ccH3fP8b.s 			page 19


 1027 03eb 00       		.byte	0
 1028 03ec 00       		.byte	0
 1029 03ed 00       		.byte	0
 1030 03ee 00       		.byte	0
 1031 03ef 00       		.byte	0
 1032 03f0 00       		.byte	0
 1033 03f1 00       		.byte	0
 1034 03f2 00       		.byte	0
 1035 03f3 00       		.byte	0
 1036 03f4 00       		.byte	0
 1037 03f5 00       		.byte	0
 1038 03f6 00       		.byte	0
 1039 03f7 00       		.byte	0
 1040 03f8 00       		.byte	0
 1041 03f9 00       		.byte	0
 1042 03fa 00       		.byte	0
 1043 03fb 00       		.byte	0
 1044 03fc 00       		.byte	0
 1045 03fd 00       		.byte	0
 1046 03fe 00       		.byte	0
 1047 03ff 00       		.byte	0
 1048 0400 00       		.byte	0
 1049 0401 00       		.byte	0
 1050 0402 00       		.byte	0
 1051 0403 00       		.byte	0
 1052 0404 00       		.byte	0
 1053 0405 00       		.byte	0
 1054 0406 00       		.byte	0
 1055 0407 00       		.byte	0
 1056 0408 00       		.byte	0
 1057 0409 00       		.byte	0
 1058 040a 00       		.byte	0
 1059 040b 00       		.byte	0
 1060 040c 00       		.byte	0
 1061 040d 00       		.byte	0
 1062 040e 00       		.byte	0
 1063 040f 00       		.byte	0
 1064 0410 00       		.byte	0
 1065 0411 00       		.byte	0
 1066 0412 00       		.byte	0
 1067 0413 00       		.byte	0
 1068 0414 00       		.byte	0
 1069 0415 00       		.byte	0
 1070 0416 00       		.byte	0
 1071 0417 00       		.byte	0
 1072 0418 00       		.byte	0
 1073 0419 00       		.byte	0
 1074 041a 00       		.byte	0
 1075 041b 00       		.byte	0
 1076 041c 01       		.byte	1
 1077 041d 00       		.byte	0
 1078 041e 04       		.byte	4
 1079 041f 00       		.byte	0
 1080 0420 00       		.byte	0
 1081 0421 00       		.byte	0
 1082 0422 00       		.byte	0
 1083 0423 00       		.byte	0
ARM GAS  C:\Users\LUKASC~1\AppData\Local\Temp\ccH3fP8b.s 			page 20


 1084 0424 00       		.byte	0
 1085 0425 00       		.byte	0
 1086 0426 00       		.byte	0
 1087 0427 00       		.byte	0
 1088 0428 00       		.byte	0
 1089 0429 00       		.byte	0
 1090 042a 00       		.byte	0
 1091 042b 00       		.byte	0
 1092 042c 00       		.byte	0
 1093 042d 00       		.byte	0
 1094 042e 00       		.byte	0
 1095 042f 00       		.byte	0
 1096 0430 00       		.byte	0
 1097 0431 00       		.byte	0
 1098 0432 00       		.byte	0
 1099 0433 00       		.byte	0
 1100 0434 00       		.byte	0
 1101 0435 00       		.byte	0
 1102 0436 00       		.byte	0
 1103 0437 00       		.byte	0
 1104 0438 18       		.byte	24
 1105 0439 40       		.byte	64
 1106 043a 80       		.byte	-128
 1107 043b 00       		.byte	0
 1108 043c 00       		.byte	0
 1109 043d 00       		.byte	0
 1110 043e 00       		.byte	0
 1111 043f 00       		.byte	0
 1112 0440 00       		.byte	0
 1113 0441 08       		.byte	8
 1114 0442 80       		.byte	-128
 1115 0443 01       		.byte	1
 1116 0444 00       		.byte	0
 1117 0445 00       		.byte	0
 1118 0446 00       		.byte	0
 1119 0447 00       		.byte	0
 1120 0448 28       		.byte	40
 1121 0449 01       		.byte	1
 1122 044a 41       		.byte	65
 1123 044b 00       		.byte	0
 1124 044c 00       		.byte	0
 1125 044d 00       		.byte	0
 1126 044e 00       		.byte	0
 1127 044f 00       		.byte	0
 1128 0450 11       		.byte	17
 1129 0451 00       		.byte	0
 1130 0452 49       		.byte	73
 1131 0453 00       		.byte	0
 1132 0454 00       		.byte	0
 1133 0455 00       		.byte	0
 1134 0456 00       		.byte	0
 1135 0457 00       		.byte	0
 1136 0458 0A       		.byte	10
 1137 0459 08       		.byte	8
 1138 045a 58       		.byte	88
 1139 045b 00       		.byte	0
 1140 045c 00       		.byte	0
ARM GAS  C:\Users\LUKASC~1\AppData\Local\Temp\ccH3fP8b.s 			page 21


 1141 045d 00       		.byte	0
 1142 045e 00       		.byte	0
 1143 045f 00       		.byte	0
 1144 0460 00       		.byte	0
 1145 0461 00       		.byte	0
 1146 0462 44       		.byte	68
 1147 0463 00       		.byte	0
 1148 0464 00       		.byte	0
 1149 0465 00       		.byte	0
 1150 0466 00       		.byte	0
 1151 0467 00       		.byte	0
 1152 0468 00       		.byte	0
 1153 0469 08       		.byte	8
 1154 046a 50       		.byte	80
 1155 046b 01       		.byte	1
 1156 046c 00       		.byte	0
 1157 046d 00       		.byte	0
 1158 046e 00       		.byte	0
 1159 046f 00       		.byte	0
 1160 0470 40       		.byte	64
 1161 0471 14       		.byte	20
 1162 0472 00       		.byte	0
 1163 0473 01       		.byte	1
 1164 0474 00       		.byte	0
 1165 0475 00       		.byte	0
 1166 0476 00       		.byte	0
 1167 0477 00       		.byte	0
 1168 0478 41       		.byte	65
 1169 0479 08       		.byte	8
 1170 047a 00       		.byte	0
 1171 047b 20       		.byte	32
 1172 047c 00       		.byte	0
 1173 047d 00       		.byte	0
 1174 047e 00       		.byte	0
 1175 047f 00       		.byte	0
 1176 0480 01       		.byte	1
 1177 0481 05       		.byte	5
 1178 0482 00       		.byte	0
 1179 0483 02       		.byte	2
 1180 0484 00       		.byte	0
 1181 0485 00       		.byte	0
 1182 0486 00       		.byte	0
 1183 0487 00       		.byte	0
 1184 0488 00       		.byte	0
 1185 0489 00       		.byte	0
 1186 048a 15       		.byte	21
 1187 048b 00       		.byte	0
 1188 048c 00       		.byte	0
 1189 048d 00       		.byte	0
 1190 048e 00       		.byte	0
 1191 048f 00       		.byte	0
 1192 0490 00       		.byte	0
 1193 0491 00       		.byte	0
 1194 0492 00       		.byte	0
 1195 0493 00       		.byte	0
 1196 0494 00       		.byte	0
 1197 0495 00       		.byte	0
ARM GAS  C:\Users\LUKASC~1\AppData\Local\Temp\ccH3fP8b.s 			page 22


 1198 0496 00       		.byte	0
 1199 0497 00       		.byte	0
 1200 0498 04       		.byte	4
 1201 0499 00       		.byte	0
 1202 049a 00       		.byte	0
 1203 049b 00       		.byte	0
 1204 049c 00       		.byte	0
 1205 049d 00       		.byte	0
 1206 049e 00       		.byte	0
 1207 049f 00       		.byte	0
 1208 04a0 28       		.byte	40
 1209 04a1 55       		.byte	85
 1210 04a2 00       		.byte	0
 1211 04a3 01       		.byte	1
 1212 04a4 00       		.byte	0
 1213 04a5 00       		.byte	0
 1214 04a6 00       		.byte	0
 1215 04a7 00       		.byte	0
 1216 04a8 00       		.byte	0
 1217 04a9 40       		.byte	64
 1218 04aa 00       		.byte	0
 1219 04ab 01       		.byte	1
 1220 04ac 00       		.byte	0
 1221 04ad 00       		.byte	0
 1222 04ae 00       		.byte	0
 1223 04af 00       		.byte	0
 1224 04b0 00       		.byte	0
 1225 04b1 00       		.byte	0
 1226 04b2 00       		.byte	0
 1227 04b3 00       		.byte	0
 1228 04b4 00       		.byte	0
 1229 04b5 00       		.byte	0
 1230 04b6 00       		.byte	0
 1231 04b7 00       		.byte	0
 1232 04b8 10       		.byte	16
 1233 04b9 00       		.byte	0
 1234 04ba 00       		.byte	0
 1235 04bb 20       		.byte	32
 1236 04bc 00       		.byte	0
 1237 04bd 00       		.byte	0
 1238 04be 00       		.byte	0
 1239 04bf 00       		.byte	0
 1240 04c0 00       		.byte	0
 1241 04c1 00       		.byte	0
 1242 04c2 00       		.byte	0
 1243 04c3 00       		.byte	0
 1244 04c4 00       		.byte	0
 1245 04c5 00       		.byte	0
 1246 04c6 00       		.byte	0
 1247 04c7 00       		.byte	0
 1248 04c8 00       		.byte	0
 1249 04c9 00       		.byte	0
 1250 04ca 00       		.byte	0
 1251 04cb 00       		.byte	0
 1252 04cc 00       		.byte	0
 1253 04cd 00       		.byte	0
 1254 04ce 00       		.byte	0
ARM GAS  C:\Users\LUKASC~1\AppData\Local\Temp\ccH3fP8b.s 			page 23


 1255 04cf 00       		.byte	0
 1256 04d0 00       		.byte	0
 1257 04d1 00       		.byte	0
 1258 04d2 00       		.byte	0
 1259 04d3 00       		.byte	0
 1260 04d4 00       		.byte	0
 1261 04d5 00       		.byte	0
 1262 04d6 00       		.byte	0
 1263 04d7 00       		.byte	0
 1264 04d8 00       		.byte	0
 1265 04d9 00       		.byte	0
 1266 04da 00       		.byte	0
 1267 04db 00       		.byte	0
 1268 04dc 00       		.byte	0
 1269 04dd 00       		.byte	0
 1270 04de 00       		.byte	0
 1271 04df 00       		.byte	0
 1272 04e0 00       		.byte	0
 1273 04e1 00       		.byte	0
 1274 04e2 00       		.byte	0
 1275 04e3 00       		.byte	0
 1276 04e4 00       		.byte	0
 1277 04e5 00       		.byte	0
 1278 04e6 00       		.byte	0
 1279 04e7 00       		.byte	0
 1280 04e8 00       		.byte	0
 1281 04e9 00       		.byte	0
 1282 04ea 00       		.byte	0
 1283 04eb 00       		.byte	0
 1284 04ec 00       		.byte	0
 1285 04ed 00       		.byte	0
 1286 04ee 00       		.byte	0
 1287 04ef 00       		.byte	0
 1288 04f0 00       		.byte	0
 1289 04f1 00       		.byte	0
 1290 04f2 00       		.byte	0
 1291 04f3 00       		.byte	0
 1292 04f4 00       		.byte	0
 1293 04f5 00       		.byte	0
 1294 04f6 00       		.byte	0
 1295 04f7 00       		.byte	0
 1296 04f8 0F       		.byte	15
 1297 04f9 00       		.byte	0
 1298 04fa 0D       		.byte	13
 1299 04fb 00       		.byte	0
 1300 04fc 0F       		.byte	15
 1301 04fd 00       		.byte	0
 1302 04fe 00       		.byte	0
 1303 04ff 00       		.byte	0
 1304 0500 00       		.byte	0
 1305 0501 00       		.byte	0
 1306 0502 0A       		.byte	10
 1307 0503 00       		.byte	0
 1308 0504 0F       		.byte	15
 1309 0505 00       		.byte	0
 1310 0506 0F       		.byte	15
 1311 0507 00       		.byte	0
ARM GAS  C:\Users\LUKASC~1\AppData\Local\Temp\ccH3fP8b.s 			page 24


 1312 0508 0F       		.byte	15
 1313 0509 00       		.byte	0
 1314 050a 08       		.byte	8
 1315 050b 00       		.byte	0
 1316 050c 00       		.byte	0
 1317 050d 00       		.byte	0
 1318 050e 00       		.byte	0
 1319 050f 00       		.byte	0
 1320 0510 04       		.byte	4
 1321 0511 00       		.byte	0
 1322 0512 00       		.byte	0
 1323 0513 00       		.byte	0
 1324 0514 00       		.byte	0
 1325 0515 00       		.byte	0
 1326 0516 00       		.byte	0
 1327 0517 00       		.byte	0
 1328 0518 00       		.byte	0
 1329 0519 00       		.byte	0
 1330 051a 00       		.byte	0
 1331 051b 00       		.byte	0
 1332 051c 01       		.byte	1
 1333 051d 00       		.byte	0
 1334 051e 04       		.byte	4
 1335 051f 00       		.byte	0
 1336 0520 00       		.byte	0
 1337 0521 00       		.byte	0
 1338 0522 00       		.byte	0
 1339 0523 00       		.byte	0
 1340 0524 00       		.byte	0
 1341 0525 00       		.byte	0
 1342 0526 00       		.byte	0
 1343 0527 00       		.byte	0
 1344 0528 00       		.byte	0
 1345 0529 00       		.byte	0
 1346 052a 00       		.byte	0
 1347 052b 00       		.byte	0
 1348 052c 00       		.byte	0
 1349 052d 00       		.byte	0
 1350 052e 00       		.byte	0
 1351 052f 00       		.byte	0
 1352 0530 00       		.byte	0
 1353 0531 00       		.byte	0
 1354 0532 00       		.byte	0
 1355 0533 00       		.byte	0
 1356 0534 00       		.byte	0
 1357 0535 00       		.byte	0
 1358 0536 00       		.byte	0
 1359 0537 00       		.byte	0
 1360 0538 00       		.byte	0
 1361 0539 00       		.byte	0
 1362 053a 00       		.byte	0
 1363 053b 00       		.byte	0
 1364 053c 00       		.byte	0
 1365 053d 00       		.byte	0
 1366 053e 00       		.byte	0
 1367 053f 00       		.byte	0
 1368 0540 00       		.byte	0
ARM GAS  C:\Users\LUKASC~1\AppData\Local\Temp\ccH3fP8b.s 			page 25


 1369 0541 00       		.byte	0
 1370 0542 00       		.byte	0
 1371 0543 00       		.byte	0
 1372 0544 00       		.byte	0
 1373 0545 00       		.byte	0
 1374 0546 00       		.byte	0
 1375 0547 00       		.byte	0
 1376 0548 00       		.byte	0
 1377 0549 00       		.byte	0
 1378 054a 00       		.byte	0
 1379 054b 00       		.byte	0
 1380 054c 00       		.byte	0
 1381 054d 00       		.byte	0
 1382 054e 00       		.byte	0
 1383 054f 00       		.byte	0
 1384 0550 00       		.byte	0
 1385 0551 00       		.byte	0
 1386 0552 00       		.byte	0
 1387 0553 00       		.byte	0
 1388 0554 00       		.byte	0
 1389 0555 00       		.byte	0
 1390 0556 00       		.byte	0
 1391 0557 00       		.byte	0
 1392 0558 00       		.byte	0
 1393 0559 00       		.byte	0
 1394 055a 00       		.byte	0
 1395 055b 00       		.byte	0
 1396 055c 00       		.byte	0
 1397 055d 00       		.byte	0
 1398 055e 00       		.byte	0
 1399 055f 00       		.byte	0
 1400 0560 00       		.byte	0
 1401 0561 00       		.byte	0
 1402 0562 00       		.byte	0
 1403 0563 00       		.byte	0
 1404 0564 00       		.byte	0
 1405 0565 00       		.byte	0
 1406 0566 00       		.byte	0
 1407 0567 00       		.byte	0
 1408 0568 00       		.byte	0
 1409 0569 00       		.byte	0
 1410 056a 00       		.byte	0
 1411 056b 00       		.byte	0
 1412 056c 00       		.byte	0
 1413 056d 00       		.byte	0
 1414 056e 00       		.byte	0
 1415 056f 00       		.byte	0
 1416 0570 00       		.byte	0
 1417 0571 00       		.byte	0
 1418 0572 00       		.byte	0
 1419 0573 00       		.byte	0
 1420 0574 00       		.byte	0
 1421 0575 00       		.byte	0
 1422 0576 00       		.byte	0
 1423 0577 00       		.byte	0
 1424 0578 00       		.byte	0
 1425 0579 00       		.byte	0
ARM GAS  C:\Users\LUKASC~1\AppData\Local\Temp\ccH3fP8b.s 			page 26


 1426 057a 00       		.byte	0
 1427 057b 00       		.byte	0
 1428 057c 00       		.byte	0
 1429 057d 00       		.byte	0
 1430 057e 00       		.byte	0
 1431 057f 00       		.byte	0
 1432 0580 00       		.byte	0
 1433 0581 00       		.byte	0
 1434 0582 00       		.byte	0
 1435 0583 00       		.byte	0
 1436 0584 00       		.byte	0
 1437 0585 00       		.byte	0
 1438 0586 00       		.byte	0
 1439 0587 00       		.byte	0
 1440 0588 00       		.byte	0
 1441 0589 00       		.byte	0
 1442 058a 00       		.byte	0
 1443 058b 00       		.byte	0
 1444 058c 00       		.byte	0
 1445 058d 00       		.byte	0
 1446 058e 00       		.byte	0
 1447 058f 00       		.byte	0
 1448 0590 00       		.byte	0
 1449 0591 00       		.byte	0
 1450 0592 00       		.byte	0
 1451 0593 00       		.byte	0
 1452 0594 00       		.byte	0
 1453 0595 00       		.byte	0
 1454 0596 00       		.byte	0
 1455 0597 00       		.byte	0
 1456 0598 00       		.byte	0
 1457 0599 00       		.byte	0
 1458 059a 00       		.byte	0
 1459 059b 00       		.byte	0
 1460 059c 00       		.byte	0
 1461 059d 00       		.byte	0
 1462 059e 00       		.byte	0
 1463 059f 00       		.byte	0
 1464 05a0 00       		.byte	0
 1465 05a1 00       		.byte	0
 1466 05a2 00       		.byte	0
 1467 05a3 00       		.byte	0
 1468 05a4 00       		.byte	0
 1469 05a5 00       		.byte	0
 1470 05a6 00       		.byte	0
 1471 05a7 00       		.byte	0
 1472 05a8 04       		.byte	4
 1473 05a9 00       		.byte	0
 1474 05aa 00       		.byte	0
 1475 05ab 00       		.byte	0
 1476 05ac 08       		.byte	8
 1477 05ad 00       		.byte	0
 1478 05ae 00       		.byte	0
 1479 05af 00       		.byte	0
 1480 05b0 00       		.byte	0
 1481 05b1 00       		.byte	0
 1482 05b2 00       		.byte	0
ARM GAS  C:\Users\LUKASC~1\AppData\Local\Temp\ccH3fP8b.s 			page 27


 1483 05b3 00       		.byte	0
 1484 05b4 00       		.byte	0
 1485 05b5 00       		.byte	0
 1486 05b6 00       		.byte	0
 1487 05b7 00       		.byte	0
 1488 05b8 00       		.byte	0
 1489 05b9 00       		.byte	0
 1490 05ba 00       		.byte	0
 1491 05bb 00       		.byte	0
 1492 05bc 00       		.byte	0
 1493 05bd 00       		.byte	0
 1494 05be 00       		.byte	0
 1495 05bf 00       		.byte	0
 1496 05c0 08       		.byte	8
 1497 05c1 00       		.byte	0
 1498 05c2 00       		.byte	0
 1499 05c3 00       		.byte	0
 1500 05c4 04       		.byte	4
 1501 05c5 00       		.byte	0
 1502 05c6 00       		.byte	0
 1503 05c7 00       		.byte	0
 1504 05c8 00       		.byte	0
 1505 05c9 00       		.byte	0
 1506 05ca 00       		.byte	0
 1507 05cb 00       		.byte	0
 1508 05cc 00       		.byte	0
 1509 05cd 00       		.byte	0
 1510 05ce 00       		.byte	0
 1511 05cf 00       		.byte	0
 1512 05d0 00       		.byte	0
 1513 05d1 00       		.byte	0
 1514 05d2 00       		.byte	0
 1515 05d3 00       		.byte	0
 1516 05d4 00       		.byte	0
 1517 05d5 00       		.byte	0
 1518 05d6 00       		.byte	0
 1519 05d7 00       		.byte	0
 1520 05d8 00       		.byte	0
 1521 05d9 00       		.byte	0
 1522 05da 00       		.byte	0
 1523 05db 00       		.byte	0
 1524 05dc 00       		.byte	0
 1525 05dd 00       		.byte	0
 1526 05de 00       		.byte	0
 1527 05df 00       		.byte	0
 1528 05e0 00       		.byte	0
 1529 05e1 00       		.byte	0
 1530 05e2 00       		.byte	0
 1531 05e3 00       		.byte	0
 1532 05e4 00       		.byte	0
 1533 05e5 00       		.byte	0
 1534 05e6 00       		.byte	0
 1535 05e7 00       		.byte	0
 1536 05e8 00       		.byte	0
 1537 05e9 00       		.byte	0
 1538 05ea 00       		.byte	0
 1539 05eb 00       		.byte	0
ARM GAS  C:\Users\LUKASC~1\AppData\Local\Temp\ccH3fP8b.s 			page 28


 1540 05ec 00       		.byte	0
 1541 05ed 00       		.byte	0
 1542 05ee 00       		.byte	0
 1543 05ef 00       		.byte	0
 1544 05f0 00       		.byte	0
 1545 05f1 00       		.byte	0
 1546 05f2 00       		.byte	0
 1547 05f3 00       		.byte	0
 1548 05f4 00       		.byte	0
 1549 05f5 00       		.byte	0
 1550 05f6 00       		.byte	0
 1551 05f7 00       		.byte	0
 1552 05f8 00       		.byte	0
 1553 05f9 00       		.byte	0
 1554 05fa 00       		.byte	0
 1555 05fb 00       		.byte	0
 1556 05fc 00       		.byte	0
 1557 05fd 00       		.byte	0
 1558 05fe 00       		.byte	0
 1559 05ff 00       		.byte	0
 1560 0600 00       		.byte	0
 1561 0601 00       		.byte	0
 1562 0602 00       		.byte	0
 1563 0603 00       		.byte	0
 1564 0604 00       		.byte	0
 1565 0605 00       		.byte	0
 1566 0606 00       		.byte	0
 1567 0607 00       		.byte	0
 1568 0608 00       		.byte	0
 1569 0609 00       		.byte	0
 1570 060a 00       		.byte	0
 1571 060b 00       		.byte	0
 1572 060c 00       		.byte	0
 1573 060d 00       		.byte	0
 1574 060e 00       		.byte	0
 1575 060f 00       		.byte	0
 1576 0610 00       		.byte	0
 1577 0611 00       		.byte	0
 1578 0612 00       		.byte	0
 1579 0613 00       		.byte	0
 1580 0614 80       		.byte	-128
 1581 0615 00       		.byte	0
 1582 0616 20       		.byte	32
 1583 0617 00       		.byte	0
 1584 0618 00       		.byte	0
 1585 0619 00       		.byte	0
 1586 061a 00       		.byte	0
 1587 061b 00       		.byte	0
 1588 061c 00       		.byte	0
 1589 061d 00       		.byte	0
 1590 061e 00       		.byte	0
 1591 061f 00       		.byte	0
 1592 0620 00       		.byte	0
 1593 0621 00       		.byte	0
 1594 0622 00       		.byte	0
 1595 0623 00       		.byte	0
 1596 0624 00       		.byte	0
ARM GAS  C:\Users\LUKASC~1\AppData\Local\Temp\ccH3fP8b.s 			page 29


 1597 0625 00       		.byte	0
 1598 0626 00       		.byte	0
 1599 0627 00       		.byte	0
 1600 0628 00       		.byte	0
 1601 0629 00       		.byte	0
 1602 062a 00       		.byte	0
 1603 062b 00       		.byte	0
 1604 062c 00       		.byte	0
 1605 062d 00       		.byte	0
 1606 062e 00       		.byte	0
 1607 062f 00       		.byte	0
 1608 0630 00       		.byte	0
 1609 0631 00       		.byte	0
 1610 0632 00       		.byte	0
 1611 0633 00       		.byte	0
 1612 0634 00       		.byte	0
 1613 0635 00       		.byte	0
 1614 0636 00       		.byte	0
 1615 0637 00       		.byte	0
 1616 0638 00       		.byte	0
 1617 0639 C0       		.byte	-64
 1618 063a C0       		.byte	-64
 1619 063b 00       		.byte	0
 1620 063c 00       		.byte	0
 1621 063d 00       		.byte	0
 1622 063e 00       		.byte	0
 1623 063f 00       		.byte	0
 1624 0640 00       		.byte	0
 1625 0641 03       		.byte	3
 1626 0642 03       		.byte	3
 1627 0643 00       		.byte	0
 1628 0644 03       		.byte	3
 1629 0645 00       		.byte	0
 1630 0646 00       		.byte	0
 1631 0647 00       		.byte	0
 1632 0648 04       		.byte	4
 1633 0649 C0       		.byte	-64
 1634 064a C0       		.byte	-64
 1635 064b 00       		.byte	0
 1636 064c 40       		.byte	64
 1637 064d 00       		.byte	0
 1638 064e 00       		.byte	0
 1639 064f 00       		.byte	0
 1640              		.global	cy_meta_custnvl
 1641              		.section	.cycustnvl,"a",%progbits
 1642              		.align	2
 1643              		.type	cy_meta_custnvl, %object
 1644              		.size	cy_meta_custnvl, 4
 1645              	cy_meta_custnvl:
 1646 0000 00       		.byte	0
 1647 0001 00       		.byte	0
 1648 0002 40       		.byte	64
 1649 0003 04       		.byte	4
 1650              		.global	cy_meta_wonvl
 1651              		.section	.cywolatch,"a",%progbits
 1652              		.align	2
 1653              		.type	cy_meta_wonvl, %object
ARM GAS  C:\Users\LUKASC~1\AppData\Local\Temp\ccH3fP8b.s 			page 30


 1654              		.size	cy_meta_wonvl, 4
 1655              	cy_meta_wonvl:
 1656 0000 BC       		.byte	-68
 1657 0001 90       		.byte	-112
 1658 0002 AC       		.byte	-84
 1659 0003 AF       		.byte	-81
 1660              		.global	cy_meta_flashprotect
 1661              		.section	.cyflashprotect,"a",%progbits
 1662              		.align	2
 1663              		.type	cy_meta_flashprotect, %object
 1664              		.size	cy_meta_flashprotect, 256
 1665              	cy_meta_flashprotect:
 1666 0000 00000000 		.space	256
 1666      00000000 
 1666      00000000 
 1666      00000000 
 1666      00000000 
 1667              		.global	cy_metadata
 1668              		.section	.cymeta,"a",%progbits
 1669              		.align	2
 1670              		.type	cy_metadata, %object
 1671              		.size	cy_metadata, 12
 1672              	cy_metadata:
 1673 0000 00       		.byte	0
 1674 0001 01       		.byte	1
 1675 0002 2E       		.byte	46
 1676 0003 16       		.byte	22
 1677 0004 10       		.byte	16
 1678 0005 69       		.byte	105
 1679 0006 00       		.byte	0
 1680 0007 01       		.byte	1
 1681 0008 00       		.byte	0
 1682 0009 00       		.byte	0
 1683 000a 00       		.byte	0
 1684 000b 00       		.byte	0
 1685              		.text
 1686              	.Letext0:
 1687              		.file 1 ".\\Generated_Source\\PSoC5\\cymetadata.c"
 1688              		.file 2 ".\\Generated_Source\\PSoC5\\cytypes.h"
 1689              		.section	.debug_info,"",%progbits
 1690              	.Ldebug_info0:
 1691 0000 3A010000 		.4byte	0x13a
 1692 0004 0400     		.2byte	0x4
 1693 0006 00000000 		.4byte	.Ldebug_abbrev0
 1694 000a 04       		.byte	0x4
 1695 000b 01       		.uleb128 0x1
 1696 000c 00000000 		.4byte	.LASF18
 1697 0010 01       		.byte	0x1
 1698 0011 8E000000 		.4byte	.LASF19
 1699 0015 9E010000 		.4byte	.LASF20
 1700 0019 00000000 		.4byte	.Ldebug_line0
 1701 001d 02       		.uleb128 0x2
 1702 001e 01       		.byte	0x1
 1703 001f 06       		.byte	0x6
 1704 0020 E9010000 		.4byte	.LASF0
 1705 0024 02       		.uleb128 0x2
 1706 0025 01       		.byte	0x1
ARM GAS  C:\Users\LUKASC~1\AppData\Local\Temp\ccH3fP8b.s 			page 31


 1707 0026 08       		.byte	0x8
 1708 0027 C6000000 		.4byte	.LASF1
 1709 002b 02       		.uleb128 0x2
 1710 002c 02       		.byte	0x2
 1711 002d 05       		.byte	0x5
 1712 002e 85010000 		.4byte	.LASF2
 1713 0032 02       		.uleb128 0x2
 1714 0033 02       		.byte	0x2
 1715 0034 07       		.byte	0x7
 1716 0035 E6000000 		.4byte	.LASF3
 1717 0039 02       		.uleb128 0x2
 1718 003a 04       		.byte	0x4
 1719 003b 05       		.byte	0x5
 1720 003c 95010000 		.4byte	.LASF4
 1721 0040 02       		.uleb128 0x2
 1722 0041 04       		.byte	0x4
 1723 0042 07       		.byte	0x7
 1724 0043 D4000000 		.4byte	.LASF5
 1725 0047 02       		.uleb128 0x2
 1726 0048 08       		.byte	0x8
 1727 0049 05       		.byte	0x5
 1728 004a 72010000 		.4byte	.LASF6
 1729 004e 02       		.uleb128 0x2
 1730 004f 08       		.byte	0x8
 1731 0050 07       		.byte	0x7
 1732 0051 2F010000 		.4byte	.LASF7
 1733 0055 03       		.uleb128 0x3
 1734 0056 04       		.byte	0x4
 1735 0057 05       		.byte	0x5
 1736 0058 696E7400 		.ascii	"int\000"
 1737 005c 02       		.uleb128 0x2
 1738 005d 04       		.byte	0x4
 1739 005e 07       		.byte	0x7
 1740 005f 22010000 		.4byte	.LASF8
 1741 0063 04       		.uleb128 0x4
 1742 0064 8F010000 		.4byte	.LASF21
 1743 0068 02       		.byte	0x2
 1744 0069 9201     		.2byte	0x192
 1745 006b 24000000 		.4byte	0x24
 1746 006f 02       		.uleb128 0x2
 1747 0070 04       		.byte	0x4
 1748 0071 04       		.byte	0x4
 1749 0072 C0000000 		.4byte	.LASF9
 1750 0076 02       		.uleb128 0x2
 1751 0077 08       		.byte	0x8
 1752 0078 04       		.byte	0x4
 1753 0079 F9000000 		.4byte	.LASF10
 1754 007d 02       		.uleb128 0x2
 1755 007e 01       		.byte	0x1
 1756 007f 08       		.byte	0x8
 1757 0080 80010000 		.4byte	.LASF11
 1758 0084 05       		.uleb128 0x5
 1759 0085 63000000 		.4byte	0x63
 1760 0089 95000000 		.4byte	0x95
 1761 008d 06       		.uleb128 0x6
 1762 008e 95000000 		.4byte	0x95
 1763 0092 4F06     		.2byte	0x64f
ARM GAS  C:\Users\LUKASC~1\AppData\Local\Temp\ccH3fP8b.s 			page 32


 1764 0094 00       		.byte	0
 1765 0095 02       		.uleb128 0x2
 1766 0096 04       		.byte	0x4
 1767 0097 07       		.byte	0x7
 1768 0098 69010000 		.4byte	.LASF12
 1769 009c 07       		.uleb128 0x7
 1770 009d 10010000 		.4byte	.LASF13
 1771 00a1 01       		.byte	0x1
 1772 00a2 1F       		.byte	0x1f
 1773 00a3 AD000000 		.4byte	0xad
 1774 00a7 05       		.uleb128 0x5
 1775 00a8 03       		.byte	0x3
 1776 00a9 00000000 		.4byte	cy_meta_configecc
 1777 00ad 08       		.uleb128 0x8
 1778 00ae 84000000 		.4byte	0x84
 1779 00b2 05       		.uleb128 0x5
 1780 00b3 63000000 		.4byte	0x63
 1781 00b7 C2000000 		.4byte	0xc2
 1782 00bb 09       		.uleb128 0x9
 1783 00bc 95000000 		.4byte	0x95
 1784 00c0 03       		.byte	0x3
 1785 00c1 00       		.byte	0
 1786 00c2 07       		.uleb128 0x7
 1787 00c3 00010000 		.4byte	.LASF14
 1788 00c7 01       		.byte	0x1
 1789 00c8 F6       		.byte	0xf6
 1790 00c9 D3000000 		.4byte	0xd3
 1791 00cd 05       		.uleb128 0x5
 1792 00ce 03       		.byte	0x3
 1793 00cf 00000000 		.4byte	cy_meta_custnvl
 1794 00d3 08       		.uleb128 0x8
 1795 00d4 B2000000 		.4byte	0xb2
 1796 00d8 0A       		.uleb128 0xa
 1797 00d9 5B010000 		.4byte	.LASF15
 1798 00dd 01       		.byte	0x1
 1799 00de 0401     		.2byte	0x104
 1800 00e0 EA000000 		.4byte	0xea
 1801 00e4 05       		.uleb128 0x5
 1802 00e5 03       		.byte	0x3
 1803 00e6 00000000 		.4byte	cy_meta_wonvl
 1804 00ea 08       		.uleb128 0x8
 1805 00eb B2000000 		.4byte	0xb2
 1806 00ef 05       		.uleb128 0x5
 1807 00f0 63000000 		.4byte	0x63
 1808 00f4 FF000000 		.4byte	0xff
 1809 00f8 09       		.uleb128 0x9
 1810 00f9 95000000 		.4byte	0x95
 1811 00fd FF       		.byte	0xff
 1812 00fe 00       		.byte	0
 1813 00ff 0A       		.uleb128 0xa
 1814 0100 46010000 		.4byte	.LASF16
 1815 0104 01       		.byte	0x1
 1816 0105 1201     		.2byte	0x112
 1817 0107 11010000 		.4byte	0x111
 1818 010b 05       		.uleb128 0x5
 1819 010c 03       		.byte	0x3
 1820 010d 00000000 		.4byte	cy_meta_flashprotect
ARM GAS  C:\Users\LUKASC~1\AppData\Local\Temp\ccH3fP8b.s 			page 33


 1821 0111 08       		.uleb128 0x8
 1822 0112 EF000000 		.4byte	0xef
 1823 0116 05       		.uleb128 0x5
 1824 0117 63000000 		.4byte	0x63
 1825 011b 26010000 		.4byte	0x126
 1826 011f 09       		.uleb128 0x9
 1827 0120 95000000 		.4byte	0x95
 1828 0124 0B       		.byte	0xb
 1829 0125 00       		.byte	0
 1830 0126 0A       		.uleb128 0xa
 1831 0127 B4000000 		.4byte	.LASF17
 1832 012b 01       		.byte	0x1
 1833 012c 3F01     		.2byte	0x13f
 1834 012e 38010000 		.4byte	0x138
 1835 0132 05       		.uleb128 0x5
 1836 0133 03       		.byte	0x3
 1837 0134 00000000 		.4byte	cy_metadata
 1838 0138 08       		.uleb128 0x8
 1839 0139 16010000 		.4byte	0x116
 1840 013d 00       		.byte	0
 1841              		.section	.debug_abbrev,"",%progbits
 1842              	.Ldebug_abbrev0:
 1843 0000 01       		.uleb128 0x1
 1844 0001 11       		.uleb128 0x11
 1845 0002 01       		.byte	0x1
 1846 0003 25       		.uleb128 0x25
 1847 0004 0E       		.uleb128 0xe
 1848 0005 13       		.uleb128 0x13
 1849 0006 0B       		.uleb128 0xb
 1850 0007 03       		.uleb128 0x3
 1851 0008 0E       		.uleb128 0xe
 1852 0009 1B       		.uleb128 0x1b
 1853 000a 0E       		.uleb128 0xe
 1854 000b 10       		.uleb128 0x10
 1855 000c 17       		.uleb128 0x17
 1856 000d 00       		.byte	0
 1857 000e 00       		.byte	0
 1858 000f 02       		.uleb128 0x2
 1859 0010 24       		.uleb128 0x24
 1860 0011 00       		.byte	0
 1861 0012 0B       		.uleb128 0xb
 1862 0013 0B       		.uleb128 0xb
 1863 0014 3E       		.uleb128 0x3e
 1864 0015 0B       		.uleb128 0xb
 1865 0016 03       		.uleb128 0x3
 1866 0017 0E       		.uleb128 0xe
 1867 0018 00       		.byte	0
 1868 0019 00       		.byte	0
 1869 001a 03       		.uleb128 0x3
 1870 001b 24       		.uleb128 0x24
 1871 001c 00       		.byte	0
 1872 001d 0B       		.uleb128 0xb
 1873 001e 0B       		.uleb128 0xb
 1874 001f 3E       		.uleb128 0x3e
 1875 0020 0B       		.uleb128 0xb
 1876 0021 03       		.uleb128 0x3
 1877 0022 08       		.uleb128 0x8
ARM GAS  C:\Users\LUKASC~1\AppData\Local\Temp\ccH3fP8b.s 			page 34


 1878 0023 00       		.byte	0
 1879 0024 00       		.byte	0
 1880 0025 04       		.uleb128 0x4
 1881 0026 16       		.uleb128 0x16
 1882 0027 00       		.byte	0
 1883 0028 03       		.uleb128 0x3
 1884 0029 0E       		.uleb128 0xe
 1885 002a 3A       		.uleb128 0x3a
 1886 002b 0B       		.uleb128 0xb
 1887 002c 3B       		.uleb128 0x3b
 1888 002d 05       		.uleb128 0x5
 1889 002e 49       		.uleb128 0x49
 1890 002f 13       		.uleb128 0x13
 1891 0030 00       		.byte	0
 1892 0031 00       		.byte	0
 1893 0032 05       		.uleb128 0x5
 1894 0033 01       		.uleb128 0x1
 1895 0034 01       		.byte	0x1
 1896 0035 49       		.uleb128 0x49
 1897 0036 13       		.uleb128 0x13
 1898 0037 01       		.uleb128 0x1
 1899 0038 13       		.uleb128 0x13
 1900 0039 00       		.byte	0
 1901 003a 00       		.byte	0
 1902 003b 06       		.uleb128 0x6
 1903 003c 21       		.uleb128 0x21
 1904 003d 00       		.byte	0
 1905 003e 49       		.uleb128 0x49
 1906 003f 13       		.uleb128 0x13
 1907 0040 2F       		.uleb128 0x2f
 1908 0041 05       		.uleb128 0x5
 1909 0042 00       		.byte	0
 1910 0043 00       		.byte	0
 1911 0044 07       		.uleb128 0x7
 1912 0045 34       		.uleb128 0x34
 1913 0046 00       		.byte	0
 1914 0047 03       		.uleb128 0x3
 1915 0048 0E       		.uleb128 0xe
 1916 0049 3A       		.uleb128 0x3a
 1917 004a 0B       		.uleb128 0xb
 1918 004b 3B       		.uleb128 0x3b
 1919 004c 0B       		.uleb128 0xb
 1920 004d 49       		.uleb128 0x49
 1921 004e 13       		.uleb128 0x13
 1922 004f 3F       		.uleb128 0x3f
 1923 0050 19       		.uleb128 0x19
 1924 0051 02       		.uleb128 0x2
 1925 0052 18       		.uleb128 0x18
 1926 0053 00       		.byte	0
 1927 0054 00       		.byte	0
 1928 0055 08       		.uleb128 0x8
 1929 0056 26       		.uleb128 0x26
 1930 0057 00       		.byte	0
 1931 0058 49       		.uleb128 0x49
 1932 0059 13       		.uleb128 0x13
 1933 005a 00       		.byte	0
 1934 005b 00       		.byte	0
ARM GAS  C:\Users\LUKASC~1\AppData\Local\Temp\ccH3fP8b.s 			page 35


 1935 005c 09       		.uleb128 0x9
 1936 005d 21       		.uleb128 0x21
 1937 005e 00       		.byte	0
 1938 005f 49       		.uleb128 0x49
 1939 0060 13       		.uleb128 0x13
 1940 0061 2F       		.uleb128 0x2f
 1941 0062 0B       		.uleb128 0xb
 1942 0063 00       		.byte	0
 1943 0064 00       		.byte	0
 1944 0065 0A       		.uleb128 0xa
 1945 0066 34       		.uleb128 0x34
 1946 0067 00       		.byte	0
 1947 0068 03       		.uleb128 0x3
 1948 0069 0E       		.uleb128 0xe
 1949 006a 3A       		.uleb128 0x3a
 1950 006b 0B       		.uleb128 0xb
 1951 006c 3B       		.uleb128 0x3b
 1952 006d 05       		.uleb128 0x5
 1953 006e 49       		.uleb128 0x49
 1954 006f 13       		.uleb128 0x13
 1955 0070 3F       		.uleb128 0x3f
 1956 0071 19       		.uleb128 0x19
 1957 0072 02       		.uleb128 0x2
 1958 0073 18       		.uleb128 0x18
 1959 0074 00       		.byte	0
 1960 0075 00       		.byte	0
 1961 0076 00       		.byte	0
 1962              		.section	.debug_aranges,"",%progbits
 1963 0000 14000000 		.4byte	0x14
 1964 0004 0200     		.2byte	0x2
 1965 0006 00000000 		.4byte	.Ldebug_info0
 1966 000a 04       		.byte	0x4
 1967 000b 00       		.byte	0
 1968 000c 0000     		.2byte	0
 1969 000e 0000     		.2byte	0
 1970 0010 00000000 		.4byte	0
 1971 0014 00000000 		.4byte	0
 1972              		.section	.debug_line,"",%progbits
 1973              	.Ldebug_line0:
 1974 0000 4F000000 		.section	.debug_str,"MS",%progbits,1
 1974      02004900 
 1974      00000201 
 1974      FB0E0D00 
 1974      01010101 
 1975              	.LASF18:
 1976 0000 474E5520 		.ascii	"GNU C 4.9.3 20150303 (release) [ARM/embedded-4_9-br"
 1976      4320342E 
 1976      392E3320 
 1976      32303135 
 1976      30333033 
 1977 0033 616E6368 		.ascii	"anch revision 221220] -mcpu=cortex-m3 -mthumb -g -O"
 1977      20726576 
 1977      6973696F 
 1977      6E203232 
 1977      31323230 
 1978 0066 30202D66 		.ascii	"0 -ffunction-sections -ffat-lto-objects\000"
 1978      66756E63 
ARM GAS  C:\Users\LUKASC~1\AppData\Local\Temp\ccH3fP8b.s 			page 36


 1978      74696F6E 
 1978      2D736563 
 1978      74696F6E 
 1979              	.LASF19:
 1980 008e 2E5C4765 		.ascii	".\\Generated_Source\\PSoC5\\cymetadata.c\000"
 1980      6E657261 
 1980      7465645F 
 1980      536F7572 
 1980      63655C50 
 1981              	.LASF17:
 1982 00b4 63795F6D 		.ascii	"cy_metadata\000"
 1982      65746164 
 1982      61746100 
 1983              	.LASF9:
 1984 00c0 666C6F61 		.ascii	"float\000"
 1984      7400
 1985              	.LASF1:
 1986 00c6 756E7369 		.ascii	"unsigned char\000"
 1986      676E6564 
 1986      20636861 
 1986      7200
 1987              	.LASF5:
 1988 00d4 6C6F6E67 		.ascii	"long unsigned int\000"
 1988      20756E73 
 1988      69676E65 
 1988      6420696E 
 1988      7400
 1989              	.LASF3:
 1990 00e6 73686F72 		.ascii	"short unsigned int\000"
 1990      7420756E 
 1990      7369676E 
 1990      65642069 
 1990      6E7400
 1991              	.LASF10:
 1992 00f9 646F7562 		.ascii	"double\000"
 1992      6C6500
 1993              	.LASF14:
 1994 0100 63795F6D 		.ascii	"cy_meta_custnvl\000"
 1994      6574615F 
 1994      63757374 
 1994      6E766C00 
 1995              	.LASF13:
 1996 0110 63795F6D 		.ascii	"cy_meta_configecc\000"
 1996      6574615F 
 1996      636F6E66 
 1996      69676563 
 1996      6300
 1997              	.LASF8:
 1998 0122 756E7369 		.ascii	"unsigned int\000"
 1998      676E6564 
 1998      20696E74 
 1998      00
 1999              	.LASF7:
 2000 012f 6C6F6E67 		.ascii	"long long unsigned int\000"
 2000      206C6F6E 
 2000      6720756E 
 2000      7369676E 
ARM GAS  C:\Users\LUKASC~1\AppData\Local\Temp\ccH3fP8b.s 			page 37


 2000      65642069 
 2001              	.LASF16:
 2002 0146 63795F6D 		.ascii	"cy_meta_flashprotect\000"
 2002      6574615F 
 2002      666C6173 
 2002      6870726F 
 2002      74656374 
 2003              	.LASF15:
 2004 015b 63795F6D 		.ascii	"cy_meta_wonvl\000"
 2004      6574615F 
 2004      776F6E76 
 2004      6C00
 2005              	.LASF12:
 2006 0169 73697A65 		.ascii	"sizetype\000"
 2006      74797065 
 2006      00
 2007              	.LASF6:
 2008 0172 6C6F6E67 		.ascii	"long long int\000"
 2008      206C6F6E 
 2008      6720696E 
 2008      7400
 2009              	.LASF11:
 2010 0180 63686172 		.ascii	"char\000"
 2010      00
 2011              	.LASF2:
 2012 0185 73686F72 		.ascii	"short int\000"
 2012      7420696E 
 2012      7400
 2013              	.LASF21:
 2014 018f 75696E74 		.ascii	"uint8\000"
 2014      3800
 2015              	.LASF4:
 2016 0195 6C6F6E67 		.ascii	"long int\000"
 2016      20696E74 
 2016      00
 2017              	.LASF20:
 2018 019e 433A5C55 		.ascii	"C:\\Users\\Lukas Creutzburg\\Documents\\PSoC Creato"
 2018      73657273 
 2018      5C4C756B 
 2018      61732043 
 2018      72657574 
 2019 01cd 725C576F 		.ascii	"r\\Workspace01\\Display.cydsn\000"
 2019      726B7370 
 2019      61636530 
 2019      315C4469 
 2019      73706C61 
 2020              	.LASF0:
 2021 01e9 7369676E 		.ascii	"signed char\000"
 2021      65642063 
 2021      68617200 
 2022              		.ident	"GCC: (GNU Tools for ARM Embedded Processors) 4.9.3 20150303 (release) [ARM/embedded-4_9-br
