ARM GAS  C:\Users\LUKASC~1\AppData\Local\Temp\ccCv7lC9.s 			page 1


   1              		.syntax unified
   2              		.cpu cortex-m3
   3              		.fpu softvfp
   4              		.eabi_attribute 20, 1
   5              		.eabi_attribute 21, 1
   6              		.eabi_attribute 23, 3
   7              		.eabi_attribute 24, 1
   8              		.eabi_attribute 25, 1
   9              		.eabi_attribute 26, 1
  10              		.eabi_attribute 30, 6
  11              		.eabi_attribute 34, 1
  12              		.eabi_attribute 18, 4
  13              		.thumb
  14              		.file	"main.c"
  15              		.text
  16              	.Ltext0:
  17              		.cfi_sections	.debug_frame
  18              		.global _printf_float
  19              		.thumb
  20              		.comm	wrBuffer,64,4
  21              		.comm	temp,1,1
  22              		.global _printf_float
  23              		.thumb
  24              		.section	.text.main,"ax",%progbits
  25              		.align	2
  26              		.global	main
  27              		.thumb
  28              		.thumb_func
  29              		.type	main, %function
  30              	main:
  31              	.LFB63:
  32              		.file 1 ".\\main.c"
   1:.\main.c      **** /*******************************************************************************
   2:.\main.c      **** * File Name: main.c
   3:.\main.c      **** *
   4:.\main.c      **** * Version: 0.0
   5:.\main.c      **** *
   6:.\main.c      **** * author: Lukas Creutzburg
   7:.\main.c      **** *
   8:.\main.c      **** *******************************************************************************/
   9:.\main.c      **** 
  10:.\main.c      **** #include "main.h"
  11:.\main.c      **** 
  12:.\main.c      **** 
  13:.\main.c      **** int main()
  14:.\main.c      **** {
  33              		.loc 1 14 0
  34              		.cfi_startproc
  35              		@ args = 0, pretend = 0, frame = 0
  36              		@ frame_needed = 1, uses_anonymous_args = 0
  37 0000 80B5     		push	{r7, lr}
  38              		.cfi_def_cfa_offset 8
  39              		.cfi_offset 7, -8
  40              		.cfi_offset 14, -4
  41 0002 00AF     		add	r7, sp, #0
  42              		.cfi_def_cfa_register 7
  15:.\main.c      ****     ILI9341init();
ARM GAS  C:\Users\LUKASC~1\AppData\Local\Temp\ccCv7lC9.s 			page 2


  43              		.loc 1 15 0
  44 0004 FFF7FEFF 		bl	ILI9341init
  45              	.L2:
  16:.\main.c      **** 
  17:.\main.c      ****     for(;;)
  18:.\main.c      ****     {
  19:.\main.c      ****         ILI9341fillScreen(ILI9341_BLACK);
  46              		.loc 1 19 0 discriminator 1
  47 0008 0020     		movs	r0, #0
  48 000a FFF7FEFF 		bl	ILI9341fillScreen
  20:.\main.c      ****         CyDelay(500);
  49              		.loc 1 20 0 discriminator 1
  50 000e 4FF4FA70 		mov	r0, #500
  51 0012 FFF7FEFF 		bl	CyDelay
  21:.\main.c      ****         ILI9341fillScreen(ILI9341_RED);
  52              		.loc 1 21 0 discriminator 1
  53 0016 4FF47840 		mov	r0, #63488
  54 001a FFF7FEFF 		bl	ILI9341fillScreen
  22:.\main.c      ****         CyDelay(500);
  55              		.loc 1 22 0 discriminator 1
  56 001e 4FF4FA70 		mov	r0, #500
  57 0022 FFF7FEFF 		bl	CyDelay
  23:.\main.c      ****         ILI9341fillScreen(ILI9341_GREEN);
  58              		.loc 1 23 0 discriminator 1
  59 0026 4FF4FC60 		mov	r0, #2016
  60 002a FFF7FEFF 		bl	ILI9341fillScreen
  24:.\main.c      ****         CyDelay(500);
  61              		.loc 1 24 0 discriminator 1
  62 002e 4FF4FA70 		mov	r0, #500
  63 0032 FFF7FEFF 		bl	CyDelay
  25:.\main.c      ****         ILI9341fillScreen(ILI9341_BLUE);
  64              		.loc 1 25 0 discriminator 1
  65 0036 1F20     		movs	r0, #31
  66 0038 FFF7FEFF 		bl	ILI9341fillScreen
  26:.\main.c      ****         CyDelay(500);
  67              		.loc 1 26 0 discriminator 1
  68 003c 4FF4FA70 		mov	r0, #500
  69 0040 FFF7FEFF 		bl	CyDelay
  27:.\main.c      ****         ILI9341fillScreen(ILI9341_BLACK);
  70              		.loc 1 27 0 discriminator 1
  71 0044 0020     		movs	r0, #0
  72 0046 FFF7FEFF 		bl	ILI9341fillScreen
  28:.\main.c      ****         CyDelay(500);
  73              		.loc 1 28 0 discriminator 1
  74 004a 4FF4FA70 		mov	r0, #500
  75 004e FFF7FEFF 		bl	CyDelay
  29:.\main.c      ****     }
  76              		.loc 1 29 0 discriminator 1
  77 0052 D9E7     		b	.L2
  78              		.cfi_endproc
  79              	.LFE63:
  80              		.size	main, .-main
  81              		.text
  82              	.Letext0:
  83              		.file 2 "c:\\program files (x86)\\cypress\\psoc creator\\3.3\\psoc creator\\import\\gnu\\arm\\4.9.
  84              		.file 3 "c:\\program files (x86)\\cypress\\psoc creator\\3.3\\psoc creator\\import\\gnu\\arm\\4.9.
  85              		.file 4 "Generated_Source\\PSoC5/cytypes.h"
ARM GAS  C:\Users\LUKASC~1\AppData\Local\Temp\ccCv7lC9.s 			page 3


  86              		.file 5 "Generated_Source\\PSoC5/core_cm3.h"
  87              		.file 6 ".\\spimaster.h"
  88              		.section	.debug_info,"",%progbits
  89              	.Ldebug_info0:
  90 0000 FE000000 		.4byte	0xfe
  91 0004 0400     		.2byte	0x4
  92 0006 00000000 		.4byte	.Ldebug_abbrev0
  93 000a 04       		.byte	0x4
  94 000b 01       		.uleb128 0x1
  95 000c 8C000000 		.4byte	.LASF19
  96 0010 01       		.byte	0x1
  97 0011 1A010000 		.4byte	.LASF20
  98 0015 4D010000 		.4byte	.LASF21
  99 0019 00000000 		.4byte	.Ldebug_ranges0+0
 100 001d 00000000 		.4byte	0
 101 0021 00000000 		.4byte	.Ldebug_line0
 102 0025 02       		.uleb128 0x2
 103 0026 01       		.byte	0x1
 104 0027 06       		.byte	0x6
 105 0028 37010000 		.4byte	.LASF0
 106 002c 02       		.uleb128 0x2
 107 002d 01       		.byte	0x1
 108 002e 08       		.byte	0x8
 109 002f 70000000 		.4byte	.LASF1
 110 0033 02       		.uleb128 0x2
 111 0034 02       		.byte	0x2
 112 0035 05       		.byte	0x5
 113 0036 9E010000 		.4byte	.LASF2
 114 003a 02       		.uleb128 0x2
 115 003b 02       		.byte	0x2
 116 003c 07       		.byte	0x7
 117 003d 0E000000 		.4byte	.LASF3
 118 0041 03       		.uleb128 0x3
 119 0042 43010000 		.4byte	.LASF9
 120 0046 02       		.byte	0x2
 121 0047 3F       		.byte	0x3f
 122 0048 4C000000 		.4byte	0x4c
 123 004c 02       		.uleb128 0x2
 124 004d 04       		.byte	0x4
 125 004e 05       		.byte	0x5
 126 004f 83000000 		.4byte	.LASF4
 127 0053 02       		.uleb128 0x2
 128 0054 04       		.byte	0x4
 129 0055 07       		.byte	0x7
 130 0056 47000000 		.4byte	.LASF5
 131 005a 02       		.uleb128 0x2
 132 005b 08       		.byte	0x8
 133 005c 05       		.byte	0x5
 134 005d 00000000 		.4byte	.LASF6
 135 0061 02       		.uleb128 0x2
 136 0062 08       		.byte	0x8
 137 0063 07       		.byte	0x7
 138 0064 59000000 		.4byte	.LASF7
 139 0068 04       		.uleb128 0x4
 140 0069 04       		.byte	0x4
 141 006a 05       		.byte	0x5
 142 006b 696E7400 		.ascii	"int\000"
ARM GAS  C:\Users\LUKASC~1\AppData\Local\Temp\ccCv7lC9.s 			page 4


 143 006f 02       		.uleb128 0x2
 144 0070 04       		.byte	0x4
 145 0071 07       		.byte	0x7
 146 0072 21000000 		.4byte	.LASF8
 147 0076 03       		.uleb128 0x3
 148 0077 A8010000 		.4byte	.LASF10
 149 007b 03       		.byte	0x3
 150 007c 2C       		.byte	0x2c
 151 007d 41000000 		.4byte	0x41
 152 0081 05       		.uleb128 0x5
 153 0082 41000000 		.4byte	.LASF11
 154 0086 04       		.byte	0x4
 155 0087 9201     		.2byte	0x192
 156 0089 2C000000 		.4byte	0x2c
 157 008d 02       		.uleb128 0x2
 158 008e 04       		.byte	0x4
 159 008f 04       		.byte	0x4
 160 0090 98010000 		.4byte	.LASF12
 161 0094 02       		.uleb128 0x2
 162 0095 08       		.byte	0x8
 163 0096 04       		.byte	0x4
 164 0097 23010000 		.4byte	.LASF13
 165 009b 02       		.uleb128 0x2
 166 009c 01       		.byte	0x1
 167 009d 08       		.byte	0x8
 168 009e 7E000000 		.4byte	.LASF14
 169 00a2 02       		.uleb128 0x2
 170 00a3 04       		.byte	0x4
 171 00a4 07       		.byte	0x7
 172 00a5 B0010000 		.4byte	.LASF15
 173 00a9 06       		.uleb128 0x6
 174 00aa 33000000 		.4byte	.LASF22
 175 00ae 01       		.byte	0x1
 176 00af 0D       		.byte	0xd
 177 00b0 68000000 		.4byte	0x68
 178 00b4 00000000 		.4byte	.LFB63
 179 00b8 54000000 		.4byte	.LFE63-.LFB63
 180 00bc 01       		.uleb128 0x1
 181 00bd 9C       		.byte	0x9c
 182 00be 07       		.uleb128 0x7
 183 00bf 2A010000 		.4byte	.LASF16
 184 00c3 05       		.byte	0x5
 185 00c4 9606     		.2byte	0x696
 186 00c6 CA000000 		.4byte	0xca
 187 00ca 08       		.uleb128 0x8
 188 00cb 76000000 		.4byte	0x76
 189 00cf 09       		.uleb128 0x9
 190 00d0 81000000 		.4byte	0x81
 191 00d4 DF000000 		.4byte	0xdf
 192 00d8 0A       		.uleb128 0xa
 193 00d9 A2000000 		.4byte	0xa2
 194 00dd 3F       		.byte	0x3f
 195 00de 00       		.byte	0
 196 00df 0B       		.uleb128 0xb
 197 00e0 38000000 		.4byte	.LASF17
 198 00e4 06       		.byte	0x6
 199 00e5 2C       		.byte	0x2c
ARM GAS  C:\Users\LUKASC~1\AppData\Local\Temp\ccCv7lC9.s 			page 5


 200 00e6 CF000000 		.4byte	0xcf
 201 00ea 05       		.uleb128 0x5
 202 00eb 03       		.byte	0x3
 203 00ec 00000000 		.4byte	wrBuffer
 204 00f0 0B       		.uleb128 0xb
 205 00f1 2E000000 		.4byte	.LASF18
 206 00f5 06       		.byte	0x6
 207 00f6 2D       		.byte	0x2d
 208 00f7 81000000 		.4byte	0x81
 209 00fb 05       		.uleb128 0x5
 210 00fc 03       		.byte	0x3
 211 00fd 00000000 		.4byte	temp
 212 0101 00       		.byte	0
 213              		.section	.debug_abbrev,"",%progbits
 214              	.Ldebug_abbrev0:
 215 0000 01       		.uleb128 0x1
 216 0001 11       		.uleb128 0x11
 217 0002 01       		.byte	0x1
 218 0003 25       		.uleb128 0x25
 219 0004 0E       		.uleb128 0xe
 220 0005 13       		.uleb128 0x13
 221 0006 0B       		.uleb128 0xb
 222 0007 03       		.uleb128 0x3
 223 0008 0E       		.uleb128 0xe
 224 0009 1B       		.uleb128 0x1b
 225 000a 0E       		.uleb128 0xe
 226 000b 55       		.uleb128 0x55
 227 000c 17       		.uleb128 0x17
 228 000d 11       		.uleb128 0x11
 229 000e 01       		.uleb128 0x1
 230 000f 10       		.uleb128 0x10
 231 0010 17       		.uleb128 0x17
 232 0011 00       		.byte	0
 233 0012 00       		.byte	0
 234 0013 02       		.uleb128 0x2
 235 0014 24       		.uleb128 0x24
 236 0015 00       		.byte	0
 237 0016 0B       		.uleb128 0xb
 238 0017 0B       		.uleb128 0xb
 239 0018 3E       		.uleb128 0x3e
 240 0019 0B       		.uleb128 0xb
 241 001a 03       		.uleb128 0x3
 242 001b 0E       		.uleb128 0xe
 243 001c 00       		.byte	0
 244 001d 00       		.byte	0
 245 001e 03       		.uleb128 0x3
 246 001f 16       		.uleb128 0x16
 247 0020 00       		.byte	0
 248 0021 03       		.uleb128 0x3
 249 0022 0E       		.uleb128 0xe
 250 0023 3A       		.uleb128 0x3a
 251 0024 0B       		.uleb128 0xb
 252 0025 3B       		.uleb128 0x3b
 253 0026 0B       		.uleb128 0xb
 254 0027 49       		.uleb128 0x49
 255 0028 13       		.uleb128 0x13
 256 0029 00       		.byte	0
ARM GAS  C:\Users\LUKASC~1\AppData\Local\Temp\ccCv7lC9.s 			page 6


 257 002a 00       		.byte	0
 258 002b 04       		.uleb128 0x4
 259 002c 24       		.uleb128 0x24
 260 002d 00       		.byte	0
 261 002e 0B       		.uleb128 0xb
 262 002f 0B       		.uleb128 0xb
 263 0030 3E       		.uleb128 0x3e
 264 0031 0B       		.uleb128 0xb
 265 0032 03       		.uleb128 0x3
 266 0033 08       		.uleb128 0x8
 267 0034 00       		.byte	0
 268 0035 00       		.byte	0
 269 0036 05       		.uleb128 0x5
 270 0037 16       		.uleb128 0x16
 271 0038 00       		.byte	0
 272 0039 03       		.uleb128 0x3
 273 003a 0E       		.uleb128 0xe
 274 003b 3A       		.uleb128 0x3a
 275 003c 0B       		.uleb128 0xb
 276 003d 3B       		.uleb128 0x3b
 277 003e 05       		.uleb128 0x5
 278 003f 49       		.uleb128 0x49
 279 0040 13       		.uleb128 0x13
 280 0041 00       		.byte	0
 281 0042 00       		.byte	0
 282 0043 06       		.uleb128 0x6
 283 0044 2E       		.uleb128 0x2e
 284 0045 00       		.byte	0
 285 0046 3F       		.uleb128 0x3f
 286 0047 19       		.uleb128 0x19
 287 0048 03       		.uleb128 0x3
 288 0049 0E       		.uleb128 0xe
 289 004a 3A       		.uleb128 0x3a
 290 004b 0B       		.uleb128 0xb
 291 004c 3B       		.uleb128 0x3b
 292 004d 0B       		.uleb128 0xb
 293 004e 49       		.uleb128 0x49
 294 004f 13       		.uleb128 0x13
 295 0050 11       		.uleb128 0x11
 296 0051 01       		.uleb128 0x1
 297 0052 12       		.uleb128 0x12
 298 0053 06       		.uleb128 0x6
 299 0054 40       		.uleb128 0x40
 300 0055 18       		.uleb128 0x18
 301 0056 9642     		.uleb128 0x2116
 302 0058 19       		.uleb128 0x19
 303 0059 00       		.byte	0
 304 005a 00       		.byte	0
 305 005b 07       		.uleb128 0x7
 306 005c 34       		.uleb128 0x34
 307 005d 00       		.byte	0
 308 005e 03       		.uleb128 0x3
 309 005f 0E       		.uleb128 0xe
 310 0060 3A       		.uleb128 0x3a
 311 0061 0B       		.uleb128 0xb
 312 0062 3B       		.uleb128 0x3b
 313 0063 05       		.uleb128 0x5
ARM GAS  C:\Users\LUKASC~1\AppData\Local\Temp\ccCv7lC9.s 			page 7


 314 0064 49       		.uleb128 0x49
 315 0065 13       		.uleb128 0x13
 316 0066 3F       		.uleb128 0x3f
 317 0067 19       		.uleb128 0x19
 318 0068 3C       		.uleb128 0x3c
 319 0069 19       		.uleb128 0x19
 320 006a 00       		.byte	0
 321 006b 00       		.byte	0
 322 006c 08       		.uleb128 0x8
 323 006d 35       		.uleb128 0x35
 324 006e 00       		.byte	0
 325 006f 49       		.uleb128 0x49
 326 0070 13       		.uleb128 0x13
 327 0071 00       		.byte	0
 328 0072 00       		.byte	0
 329 0073 09       		.uleb128 0x9
 330 0074 01       		.uleb128 0x1
 331 0075 01       		.byte	0x1
 332 0076 49       		.uleb128 0x49
 333 0077 13       		.uleb128 0x13
 334 0078 01       		.uleb128 0x1
 335 0079 13       		.uleb128 0x13
 336 007a 00       		.byte	0
 337 007b 00       		.byte	0
 338 007c 0A       		.uleb128 0xa
 339 007d 21       		.uleb128 0x21
 340 007e 00       		.byte	0
 341 007f 49       		.uleb128 0x49
 342 0080 13       		.uleb128 0x13
 343 0081 2F       		.uleb128 0x2f
 344 0082 0B       		.uleb128 0xb
 345 0083 00       		.byte	0
 346 0084 00       		.byte	0
 347 0085 0B       		.uleb128 0xb
 348 0086 34       		.uleb128 0x34
 349 0087 00       		.byte	0
 350 0088 03       		.uleb128 0x3
 351 0089 0E       		.uleb128 0xe
 352 008a 3A       		.uleb128 0x3a
 353 008b 0B       		.uleb128 0xb
 354 008c 3B       		.uleb128 0x3b
 355 008d 0B       		.uleb128 0xb
 356 008e 49       		.uleb128 0x49
 357 008f 13       		.uleb128 0x13
 358 0090 3F       		.uleb128 0x3f
 359 0091 19       		.uleb128 0x19
 360 0092 02       		.uleb128 0x2
 361 0093 18       		.uleb128 0x18
 362 0094 00       		.byte	0
 363 0095 00       		.byte	0
 364 0096 00       		.byte	0
 365              		.section	.debug_aranges,"",%progbits
 366 0000 1C000000 		.4byte	0x1c
 367 0004 0200     		.2byte	0x2
 368 0006 00000000 		.4byte	.Ldebug_info0
 369 000a 04       		.byte	0x4
 370 000b 00       		.byte	0
ARM GAS  C:\Users\LUKASC~1\AppData\Local\Temp\ccCv7lC9.s 			page 8


 371 000c 0000     		.2byte	0
 372 000e 0000     		.2byte	0
 373 0010 00000000 		.4byte	.LFB63
 374 0014 54000000 		.4byte	.LFE63-.LFB63
 375 0018 00000000 		.4byte	0
 376 001c 00000000 		.4byte	0
 377              		.section	.debug_ranges,"",%progbits
 378              	.Ldebug_ranges0:
 379 0000 00000000 		.4byte	.LFB63
 380 0004 54000000 		.4byte	.LFE63
 381 0008 00000000 		.4byte	0
 382 000c 00000000 		.4byte	0
 383              		.section	.debug_line,"",%progbits
 384              	.Ldebug_line0:
 385 0000 A7010000 		.section	.debug_str,"MS",%progbits,1
 385      02005A01 
 385      00000201 
 385      FB0E0D00 
 385      01010101 
 386              	.LASF6:
 387 0000 6C6F6E67 		.ascii	"long long int\000"
 387      206C6F6E 
 387      6720696E 
 387      7400
 388              	.LASF3:
 389 000e 73686F72 		.ascii	"short unsigned int\000"
 389      7420756E 
 389      7369676E 
 389      65642069 
 389      6E7400
 390              	.LASF8:
 391 0021 756E7369 		.ascii	"unsigned int\000"
 391      676E6564 
 391      20696E74 
 391      00
 392              	.LASF18:
 393 002e 74656D70 		.ascii	"temp\000"
 393      00
 394              	.LASF22:
 395 0033 6D61696E 		.ascii	"main\000"
 395      00
 396              	.LASF17:
 397 0038 77724275 		.ascii	"wrBuffer\000"
 397      66666572 
 397      00
 398              	.LASF11:
 399 0041 75696E74 		.ascii	"uint8\000"
 399      3800
 400              	.LASF5:
 401 0047 6C6F6E67 		.ascii	"long unsigned int\000"
 401      20756E73 
 401      69676E65 
 401      6420696E 
 401      7400
 402              	.LASF7:
 403 0059 6C6F6E67 		.ascii	"long long unsigned int\000"
 403      206C6F6E 
ARM GAS  C:\Users\LUKASC~1\AppData\Local\Temp\ccCv7lC9.s 			page 9


 403      6720756E 
 403      7369676E 
 403      65642069 
 404              	.LASF1:
 405 0070 756E7369 		.ascii	"unsigned char\000"
 405      676E6564 
 405      20636861 
 405      7200
 406              	.LASF14:
 407 007e 63686172 		.ascii	"char\000"
 407      00
 408              	.LASF4:
 409 0083 6C6F6E67 		.ascii	"long int\000"
 409      20696E74 
 409      00
 410              	.LASF19:
 411 008c 474E5520 		.ascii	"GNU C 4.9.3 20150303 (release) [ARM/embedded-4_9-br"
 411      4320342E 
 411      392E3320 
 411      32303135 
 411      30333033 
 412 00bf 616E6368 		.ascii	"anch revision 221220] -mcpu=cortex-m3 -mthumb -g -O"
 412      20726576 
 412      6973696F 
 412      6E203232 
 412      31323230 
 413 00f2 30202D66 		.ascii	"0 -ffunction-sections -ffat-lto-objects\000"
 413      66756E63 
 413      74696F6E 
 413      2D736563 
 413      74696F6E 
 414              	.LASF20:
 415 011a 2E5C6D61 		.ascii	".\\main.c\000"
 415      696E2E63 
 415      00
 416              	.LASF13:
 417 0123 646F7562 		.ascii	"double\000"
 417      6C6500
 418              	.LASF16:
 419 012a 49544D5F 		.ascii	"ITM_RxBuffer\000"
 419      52784275 
 419      66666572 
 419      00
 420              	.LASF0:
 421 0137 7369676E 		.ascii	"signed char\000"
 421      65642063 
 421      68617200 
 422              	.LASF9:
 423 0143 5F5F696E 		.ascii	"__int32_t\000"
 423      7433325F 
 423      7400
 424              	.LASF21:
 425 014d 433A5C55 		.ascii	"C:\\Users\\Lukas Creutzburg\\Documents\\PSoC Creato"
 425      73657273 
 425      5C4C756B 
 425      61732043 
 425      72657574 
ARM GAS  C:\Users\LUKASC~1\AppData\Local\Temp\ccCv7lC9.s 			page 10


 426 017c 725C576F 		.ascii	"r\\Workspace01\\Display.cydsn\000"
 426      726B7370 
 426      61636530 
 426      315C4469 
 426      73706C61 
 427              	.LASF12:
 428 0198 666C6F61 		.ascii	"float\000"
 428      7400
 429              	.LASF2:
 430 019e 73686F72 		.ascii	"short int\000"
 430      7420696E 
 430      7400
 431              	.LASF10:
 432 01a8 696E7433 		.ascii	"int32_t\000"
 432      325F7400 
 433              	.LASF15:
 434 01b0 73697A65 		.ascii	"sizetype\000"
 434      74797065 
 434      00
 435              		.ident	"GCC: (GNU Tools for ARM Embedded Processors) 4.9.3 20150303 (release) [ARM/embedded-4_9-br
